-999	16	2003846667223680600001_intra_H_migration_5_12
-999	16	2003846667223680600001_intra_H_migration_6_12
-999	15	2003846667223680600001_intra_H_migration_suprafacial_6_12
-999	13	2003846667223680600001_r12_insertion_R_1_2_3
-999	13	2003846667223680600001_r12_insertion_R_1_2_5
-1	13	2003846667223680600001_r12_insertion_R_2_1_9	2004328380979804780401
-1	13	2003846667223680600001_r12_insertion_R_2_5_6	2003716027184320770001
-999	13	2003846667223680600001_r12_insertion_R_2_5_8
-1	13	2003846667223680600001_r12_insertion_R_3_2_1	881242280000000000001 1122362641520200000001
-999	13	2003846667223680600001_r12_insertion_R_3_2_4
-1	13	2003846667223680600001_r12_insertion_R_3_2_5	1201923602880000000001 801440960000000000001
-1	13	2003846667223680600001_r12_insertion_R_5_2_1	2003847066703800600001
-1	13	2003846667223680600001_r12_insertion_R_5_2_3	2003846467324380000001
-999	13	2003846667223680600001_r12_insertion_R_5_8_12
-999	13	2003846667223680600001_r12_insertion_R_6_5_2
-1	13	2003846667223680600001_r12_insertion_R_6_5_7	2004167628425982700001
-999	13	2003846667223680600001_r12_insertion_R_6_5_8
-999	13	2003846667223680600001_r12_insertion_R_8_5_2
-999	13	2003846667223680600001_r12_insertion_R_8_5_6
-1	13	2003846667223680600001_r12_insertion_R_9_1_2	500620380000000000001 1502984803620600000001
-1	13	2003846667223680600001_r12_insertion_R_9_1_10	1001482001520000000001 1002122340540000000001
-999	13	2003846667223680600001_r12_insertion_R_9_1_11
-999	13	2003846667223680600001_r12_insertion_R_12_8_5
-1	23	2003846667223680600001_r13_insertion_ROR_1_2_5_6	1502823922432230600001 500620380000000000001
-999	23	2003846667223680600001_r13_insertion_ROR_1_2_5_8
-1	23	2003846667223680600001_r13_insertion_ROR_3_2_5_6	2003885976044371740001
-999	23	2003846667223680600001_r13_insertion_ROR_3_2_5_8
-1	23	2003846667223680600001_r13_insertion_ROR_12_8_5_6	2003686066703381580601
-999	23	2003846667223680600001_Intra_Diels_alder_R_6_7
-999	13	2003846667223680600001_R_Addition_MultipleBond_5_2_1
-999	13	2003846667223680600001_R_Addition_MultipleBond_5_2_3
-999	13	2003846667223680600001_R_Addition_MultipleBond_5_8_12
-1	23	2003846667223680600001_r13_insertion_RSR_9_1_2_5	1001482001520000000001 1002122340540000000001
-1	0	2003846667223680600001_hom_sci_1_2	690931140000000000002 1312673532570400000002
-1	0	2003846667223680600001_hom_sci_1_9	1813535595952630400002 190000000000000000002
-1	0	2003846667223680600001_hom_sci_2_3	1813535465033480600002 190000000000000000002
-1	0	2003846667223680600001_hom_sci_2_5	1191793072280000000002 811611290340000000002
-1	0	2003846667223680600001_hom_sci_5_6	1843365746072630600001 160000000000000000003
-1	0	2003846667223680600001_hom_sci_5_8	1833195415772100000002 170170000000000000002
-1	0	2003846667223680600001_hom_sci_8_12	1993676336753150000002 10000000000000000002
