
Copyright 2018 National Technology & Engineering Solutions of Sandia,
LLC (NTESS). Under the terms of Contract DE-NA0003525 with NTESS, 
the U.S. Government retains certain rights in this software.

FAILED            2003846667223680600001_intra_H_migration_5_12             
FAILED            2003846667223680600001_intra_H_migration_6_12             
FAILED            2003846667223680600001_intra_H_migration_suprafacial_6_12 
FAILED            2003846667223680600001_r12_insertion_R_1_2_3              
FAILED            2003846667223680600001_r12_insertion_R_1_2_5              
SUCCESS   104.25  2003846667223680600001_r12_insertion_R_2_1_9               2004328380979804780401
SUCCESS   140.93  2003846667223680600001_r12_insertion_R_2_5_6               2003716027184320770001
FAILED            2003846667223680600001_r12_insertion_R_2_5_8              
SUCCESS   115.78  2003846667223680600001_r12_insertion_R_3_2_1               1122362641520200000001 881242280000000000001   65.37  vdW_IRC_R_prod
FAILED            2003846667223680600001_r12_insertion_R_3_2_4              
SUCCESS    71.67  2003846667223680600001_r12_insertion_R_3_2_5               1201923602880000000001 801440960000000000001    7.11  vdW_IRC_F_prod
SUCCESS   105.35  2003846667223680600001_r12_insertion_R_5_2_1               2003847066703800600001
SUCCESS    83.20  2003846667223680600001_r12_insertion_R_5_2_3               2003846467324380000001
FAILED            2003846667223680600001_r12_insertion_R_5_8_12             
FAILED            2003846667223680600001_r12_insertion_R_6_5_2              
SUCCESS   110.34  2003846667223680600001_r12_insertion_R_6_5_7               2004167628425982700001
FAILED            2003846667223680600001_r12_insertion_R_6_5_8              
FAILED            2003846667223680600001_r12_insertion_R_8_5_2              
FAILED            2003846667223680600001_r12_insertion_R_8_5_6              
SUCCESS   112.06  2003846667223680600001_r12_insertion_R_9_1_2               1502984803620600000001 500620380000000000001   51.91  vdW_IRC_F_prod
SUCCESS    99.67  2003846667223680600001_r12_insertion_R_9_1_10              1001482001520000000001 1002122340540000000001   33.18  vdW_IRC_F_prod
FAILED            2003846667223680600001_r12_insertion_R_9_1_11             
FAILED            2003846667223680600001_r12_insertion_R_12_8_5             
SUCCESS   101.20  2003846667223680600001_r13_insertion_ROR_1_2_5_6           1502823922432230600001 500620380000000000001   28.70  vdW_IRC_F_prod
FAILED            2003846667223680600001_r13_insertion_ROR_1_2_5_8          
SUCCESS   148.66  2003846667223680600001_r13_insertion_ROR_3_2_5_6           2003885976044371740001
FAILED            2003846667223680600001_r13_insertion_ROR_3_2_5_8          
SUCCESS   101.63  2003846667223680600001_r13_insertion_ROR_12_8_5_6          2003686066703381580601
FAILED            2003846667223680600001_Intra_Diels_alder_R_6_7            
FAILED            2003846667223680600001_R_Addition_MultipleBond_5_2_1      
FAILED            2003846667223680600001_R_Addition_MultipleBond_5_2_3      
FAILED            2003846667223680600001_R_Addition_MultipleBond_5_8_12     
SUCCESS    92.94  2003846667223680600001_r13_insertion_RSR_9_1_2_5           1001482001520000000001 1002122340540000000001   33.81  vdW_IRC_R_prod
SUCCESS    86.58  2003846667223680600001_hom_sci_1_2                         1312673532570400000002 690931140000000000002
SUCCESS   117.13  2003846667223680600001_hom_sci_1_9                         1813535595952630400002 190000000000000000002
SUCCESS   108.82  2003846667223680600001_hom_sci_2_3                         1813535465033480600002 190000000000000000002
SUCCESS    54.93  2003846667223680600001_hom_sci_2_5                         1191793072280000000002 811611290340000000002
SUCCESS    85.04  2003846667223680600001_hom_sci_5_6                         160000000000000000003 1843365746072630600001
SUCCESS    71.12  2003846667223680600001_hom_sci_5_8                         170170000000000000002 1833195415772100000002
SUCCESS   106.81  2003846667223680600001_hom_sci_8_12                        10000000000000000002 1993676336753150000002