Arkane execution initiated at Mon May 19 20:03:19 2025

################################################################
#                                                              #
# Automated Reaction Kinetics and Network Exploration (Arkane) #
#                                                              #
#   Version: 3.1.0                                             #
#   Authors: RMG Developers (rmg_dev@mit.edu)                  #
#   P.I.s:   William H. Green (whgreen@mit.edu)                #
#            Richard H. West (r.west@neu.edu)                  #
#   Website: http://reactionmechanismgenerator.github.io/      #
#                                                              #
################################################################

Databases not found. Making databases
Loading frequencies group database from /home/akhalilov/.conda/envs/prepackaged_rmg_env/share/rmgdatabase/statmech/groups...
Loading transport library from GRI-Mech.py in /home/akhalilov/.conda/envs/prepackaged_rmg_env/share/rmgdatabase/transport/libraries...
Loading transport library from NOx2018.py in /home/akhalilov/.conda/envs/prepackaged_rmg_env/share/rmgdatabase/transport/libraries...
Loading transport library from OneDMinN2.py in /home/akhalilov/.conda/envs/prepackaged_rmg_env/share/rmgdatabase/transport/libraries...
Loading transport library from PrimaryTransportLibrary.py in /home/akhalilov/.conda/envs/prepackaged_rmg_env/share/rmgdatabase/transport/libraries...
Loading transport group database from /home/akhalilov/.conda/envs/prepackaged_rmg_env/share/rmgdatabase/transport/groups...
Loading species 160000000000000000003...
Loading species 190000000000000000002...
Loading species 280280000000000000001...
Loading species 470590350000000000002...
Loading species 660901080000000000001...
Loading species 751111220670000000002...
Loading species 781141250730000000001...
Loading species 941421881400000000001...
Loading species 941421881400000000001_ketoenol_2_1_3_4...
Loading species 941461610900730000001...
Loading species 941742762340700000001...
Loading transition state 941421881400000000001_r12_insertion_R_1_3_5...
Loading transition state 941421881400000000001_r12_insertion_R_4_3_1...
Loading transition state 941421881400000000001_r12_insertion_R_5_3_1...
Loading transition state 941421881400000000001_ketoenol_2_1_3_4...
Loading reaction 941421881400000000001 <=> 280280000000000000001 + 660901080000000000001...
Loading reaction 941421881400000000001 <=> 941461610900730000001...
Loading reaction 941421881400000000001 <=> 280280000000000000001 + 660901080000000000001941421881400000000001_r12_insertion_R_5_3_1...
Loading reaction 941421881400000000001 <=> 941742762340700000001...
Warning: No frequency scaling factor found for LevelOfTheory(method='b97d3',basis='def2msvp',software='gaussian'). Assuming a value of unity. This will affect the partition function and all quantities derived from it  (thermo quantities and rate coefficients).


Warning: Species label is longer than 15 characters and will break CHEMKIN 2.0
Warning: Species label is longer than 15 characters and will break CHEMKIN 2.0
Warning: Species label is longer than 15 characters and will break CHEMKIN 2.0
Warning: Species label is longer than 15 characters and will break CHEMKIN 2.0
Warning: Species label is longer than 15 characters and will break CHEMKIN 2.0
Warning: Species label is longer than 15 characters and will break CHEMKIN 2.0
Warning: Species label is longer than 15 characters and will break CHEMKIN 2.0
Warning: Species label is longer than 15 characters and will break CHEMKIN 2.0
Warning: Species label is longer than 15 characters and will break CHEMKIN 2.0
Warning: Species label is longer than 15 characters and will break CHEMKIN 2.0
Warning: Species label is longer than 15 characters and will break CHEMKIN 2.0
Loading statistical mechanics parameters for 160000000000000000003...
Warning: gaussian was specified as energy software but does not match detected software. Software will be updated to Gaussian.
Warning: gaussian was specified as frequency software but does not match detected software. Software will be updated to Gaussian.
Symmetry input file written to /home/akhalilov/GaussianJobCreator/AUTOMATION-CENTER/connect_kinbot_to_arkane/arkane_files/scratch/0.symm
Point group: Kh
Symmetry input file written to /home/akhalilov/GaussianJobCreator/AUTOMATION-CENTER/connect_kinbot_to_arkane/arkane_files/scratch/0.symm
Point group: Kh
Saving statistical mechanics parameters for 160000000000000000003...
Loading statistical mechanics parameters for 190000000000000000002...
Warning: gaussian was specified as energy software but does not match detected software. Software will be updated to Gaussian.
Warning: gaussian was specified as frequency software but does not match detected software. Software will be updated to Gaussian.
Symmetry input file written to /home/akhalilov/GaussianJobCreator/AUTOMATION-CENTER/connect_kinbot_to_arkane/arkane_files/scratch/0.symm
Point group: Kh
Symmetry input file written to /home/akhalilov/GaussianJobCreator/AUTOMATION-CENTER/connect_kinbot_to_arkane/arkane_files/scratch/0.symm
Point group: Kh
Saving statistical mechanics parameters for 190000000000000000002...
Loading statistical mechanics parameters for 280280000000000000001...
Warning: gaussian was specified as energy software but does not match detected software. Software will be updated to Gaussian.
Warning: gaussian was specified as frequency software but does not match detected software. Software will be updated to Gaussian.
Symmetry input file written to /home/akhalilov/GaussianJobCreator/AUTOMATION-CENTER/connect_kinbot_to_arkane/arkane_files/scratch/0.symm
Point group: Cinfv
Symmetry input file written to /home/akhalilov/GaussianJobCreator/AUTOMATION-CENTER/connect_kinbot_to_arkane/arkane_files/scratch/0.symm
Point group: Cinfv
Saving statistical mechanics parameters for 280280000000000000001...
Loading statistical mechanics parameters for 470590350000000000002...
Warning: gaussian was specified as energy software but does not match detected software. Software will be updated to Gaussian.
Warning: gaussian was specified as frequency software but does not match detected software. Software will be updated to Gaussian.
Symmetry input file written to /home/akhalilov/GaussianJobCreator/AUTOMATION-CENTER/connect_kinbot_to_arkane/arkane_files/scratch/0.symm
Point group: Cs
Symmetry input file written to /home/akhalilov/GaussianJobCreator/AUTOMATION-CENTER/connect_kinbot_to_arkane/arkane_files/scratch/0.symm
Point group: Cs
Saving statistical mechanics parameters for 470590350000000000002...
Loading statistical mechanics parameters for 660901080000000000001...
Warning: gaussian was specified as energy software but does not match detected software. Software will be updated to Gaussian.
Warning: gaussian was specified as frequency software but does not match detected software. Software will be updated to Gaussian.
Symmetry input file written to /home/akhalilov/GaussianJobCreator/AUTOMATION-CENTER/connect_kinbot_to_arkane/arkane_files/scratch/0.symm
Point group: C2v
Symmetry input file written to /home/akhalilov/GaussianJobCreator/AUTOMATION-CENTER/connect_kinbot_to_arkane/arkane_files/scratch/0.symm
Point group: C2v
Saving statistical mechanics parameters for 660901080000000000001...
Loading statistical mechanics parameters for 751111220670000000002...
Warning: gaussian was specified as energy software but does not match detected software. Software will be updated to Gaussian.
Warning: gaussian was specified as frequency software but does not match detected software. Software will be updated to Gaussian.
Symmetry input file written to /home/akhalilov/GaussianJobCreator/AUTOMATION-CENTER/connect_kinbot_to_arkane/arkane_files/scratch/0.symm
Point group: C1
Symmetry input file written to /home/akhalilov/GaussianJobCreator/AUTOMATION-CENTER/connect_kinbot_to_arkane/arkane_files/scratch/0.symm
Point group: C1
Saving statistical mechanics parameters for 751111220670000000002...
Loading statistical mechanics parameters for 781141250730000000001...
Warning: gaussian was specified as energy software but does not match detected software. Software will be updated to Gaussian.
Warning: gaussian was specified as frequency software but does not match detected software. Software will be updated to Gaussian.
Symmetry input file written to /home/akhalilov/GaussianJobCreator/AUTOMATION-CENTER/connect_kinbot_to_arkane/arkane_files/scratch/0.symm
Point group: C1
Symmetry input file written to /home/akhalilov/GaussianJobCreator/AUTOMATION-CENTER/connect_kinbot_to_arkane/arkane_files/scratch/0.symm
Point group: C1
Saving statistical mechanics parameters for 781141250730000000001...
Loading statistical mechanics parameters for 941421881400000000001...
Warning: gaussian was specified as energy software but does not match detected software. Software will be updated to Gaussian.
Warning: gaussian was specified as frequency software but does not match detected software. Software will be updated to Gaussian.
Symmetry input file written to /home/akhalilov/GaussianJobCreator/AUTOMATION-CENTER/connect_kinbot_to_arkane/arkane_files/scratch/0.symm
Point group: C2h
Symmetry input file written to /home/akhalilov/GaussianJobCreator/AUTOMATION-CENTER/connect_kinbot_to_arkane/arkane_files/scratch/0.symm
Point group: C2h
Saving statistical mechanics parameters for 941421881400000000001...
Loading statistical mechanics parameters for 941421881400000000001_ketoenol_2_1_3_4...
Warning: gaussian was specified as energy software but does not match detected software. Software will be updated to Gaussian.
Warning: gaussian was specified as frequency software but does not match detected software. Software will be updated to Gaussian.
Symmetry input file written to /home/akhalilov/GaussianJobCreator/AUTOMATION-CENTER/connect_kinbot_to_arkane/arkane_files/scratch/0.symm
Point group: C1
Symmetry input file written to /home/akhalilov/GaussianJobCreator/AUTOMATION-CENTER/connect_kinbot_to_arkane/arkane_files/scratch/0.symm
Point group: C1
Saving statistical mechanics parameters for 941421881400000000001_ketoenol_2_1_3_4...
Loading statistical mechanics parameters for 941461610900730000001...
Warning: gaussian was specified as energy software but does not match detected software. Software will be updated to Gaussian.
Warning: gaussian was specified as frequency software but does not match detected software. Software will be updated to Gaussian.
Symmetry input file written to /home/akhalilov/GaussianJobCreator/AUTOMATION-CENTER/connect_kinbot_to_arkane/arkane_files/scratch/0.symm
Point group: C1
Symmetry input file written to /home/akhalilov/GaussianJobCreator/AUTOMATION-CENTER/connect_kinbot_to_arkane/arkane_files/scratch/0.symm
Point group: C1
Saving statistical mechanics parameters for 941461610900730000001...
Loading statistical mechanics parameters for 941742762340700000001...
Warning: gaussian was specified as energy software but does not match detected software. Software will be updated to Gaussian.
Warning: gaussian was specified as frequency software but does not match detected software. Software will be updated to Gaussian.
Symmetry input file written to /home/akhalilov/GaussianJobCreator/AUTOMATION-CENTER/connect_kinbot_to_arkane/arkane_files/scratch/0.symm
Point group: C1
Symmetry input file written to /home/akhalilov/GaussianJobCreator/AUTOMATION-CENTER/connect_kinbot_to_arkane/arkane_files/scratch/0.symm
Point group: C1
Saving statistical mechanics parameters for 941742762340700000001...
Loading statistical mechanics parameters for 941421881400000000001_r12_insertion_R_1_3_5...
Warning: gaussian was specified as energy software but does not match detected software. Software will be updated to Gaussian.
Warning: gaussian was specified as frequency software but does not match detected software. Software will be updated to Gaussian.
Symmetry input file written to /home/akhalilov/GaussianJobCreator/AUTOMATION-CENTER/connect_kinbot_to_arkane/arkane_files/scratch/0.symm
Point group: C1
Symmetry input file written to /home/akhalilov/GaussianJobCreator/AUTOMATION-CENTER/connect_kinbot_to_arkane/arkane_files/scratch/0.symm
Point group: C1
Saving statistical mechanics parameters for 941421881400000000001_r12_insertion_R_1_3_5...
Loading statistical mechanics parameters for 941421881400000000001_r12_insertion_R_4_3_1...
Warning: gaussian was specified as energy software but does not match detected software. Software will be updated to Gaussian.
Warning: gaussian was specified as frequency software but does not match detected software. Software will be updated to Gaussian.
Symmetry input file written to /home/akhalilov/GaussianJobCreator/AUTOMATION-CENTER/connect_kinbot_to_arkane/arkane_files/scratch/0.symm
Point group: C1
Symmetry input file written to /home/akhalilov/GaussianJobCreator/AUTOMATION-CENTER/connect_kinbot_to_arkane/arkane_files/scratch/0.symm
Point group: C1
Saving statistical mechanics parameters for 941421881400000000001_r12_insertion_R_4_3_1...
Loading statistical mechanics parameters for 941421881400000000001_r12_insertion_R_5_3_1...
Warning: gaussian was specified as energy software but does not match detected software. Software will be updated to Gaussian.
Warning: gaussian was specified as frequency software but does not match detected software. Software will be updated to Gaussian.
Symmetry input file written to /home/akhalilov/GaussianJobCreator/AUTOMATION-CENTER/connect_kinbot_to_arkane/arkane_files/scratch/0.symm
Point group: C1
Symmetry input file written to /home/akhalilov/GaussianJobCreator/AUTOMATION-CENTER/connect_kinbot_to_arkane/arkane_files/scratch/0.symm
Point group: C1
Saving statistical mechanics parameters for 941421881400000000001_r12_insertion_R_5_3_1...
Loading statistical mechanics parameters for 941421881400000000001_ketoenol_2_1_3_4...
Warning: gaussian was specified as energy software but does not match detected software. Software will be updated to Gaussian.
Warning: gaussian was specified as frequency software but does not match detected software. Software will be updated to Gaussian.
Symmetry input file written to /home/akhalilov/GaussianJobCreator/AUTOMATION-CENTER/connect_kinbot_to_arkane/arkane_files/scratch/0.symm
Point group: C1
Symmetry input file written to /home/akhalilov/GaussianJobCreator/AUTOMATION-CENTER/connect_kinbot_to_arkane/arkane_files/scratch/0.symm
Point group: C1
Saving statistical mechanics parameters for 941421881400000000001_ketoenol_2_1_3_4...
Saving thermo for 160000000000000000003...
Warning: Species label is longer than 15 characters and will break CHEMKIN 2.0
Saving thermo for 190000000000000000002...
Warning: Species label is longer than 15 characters and will break CHEMKIN 2.0
Saving thermo for 280280000000000000001...
Warning: Species label is longer than 15 characters and will break CHEMKIN 2.0
Saving thermo for 470590350000000000002...
Warning: Species label is longer than 15 characters and will break CHEMKIN 2.0
Saving thermo for 660901080000000000001...
Warning: Species label is longer than 15 characters and will break CHEMKIN 2.0
Saving thermo for 751111220670000000002...
Warning: Species label is longer than 15 characters and will break CHEMKIN 2.0
Saving thermo for 781141250730000000001...
Warning: Species label is longer than 15 characters and will break CHEMKIN 2.0
Saving thermo for 941421881400000000001...
Warning: Species label is longer than 15 characters and will break CHEMKIN 2.0
Saving thermo for 941421881400000000001_ketoenol_2_1_3_4...
Warning: Species label is longer than 15 characters and will break CHEMKIN 2.0
Saving thermo for 941461610900730000001...
Warning: Species label is longer than 15 characters and will break CHEMKIN 2.0
Saving thermo for 941742762340700000001...
Warning: Species label is longer than 15 characters and will break CHEMKIN 2.0
Saving kinetics for 941421881400000000001 <=> 280280000000000000001 + 660901080000000000001...
Saving kinetics for 941421881400000000001 <=> 280280000000000000001 + 660901080000000000001...

Arkane execution terminated at Mon May 19 20:03:26 2025
Arkane execution initiated at Mon May 19 21:07:20 2025

################################################################
#                                                              #
# Automated Reaction Kinetics and Network Exploration (Arkane) #
#                                                              #
#   Version: 3.1.0                                             #
#   Authors: RMG Developers (rmg_dev@mit.edu)                  #
#   P.I.s:   William H. Green (whgreen@mit.edu)                #
#            Richard H. West (r.west@neu.edu)                  #
#   Website: http://reactionmechanismgenerator.github.io/      #
#                                                              #
################################################################

Databases not found. Making databases
Loading frequencies group database from /home/akhalilov/.conda/envs/prepackaged_rmg_env/share/rmgdatabase/statmech/groups...
Loading transport library from GRI-Mech.py in /home/akhalilov/.conda/envs/prepackaged_rmg_env/share/rmgdatabase/transport/libraries...
Loading transport library from NOx2018.py in /home/akhalilov/.conda/envs/prepackaged_rmg_env/share/rmgdatabase/transport/libraries...
Loading transport library from OneDMinN2.py in /home/akhalilov/.conda/envs/prepackaged_rmg_env/share/rmgdatabase/transport/libraries...
Loading transport library from PrimaryTransportLibrary.py in /home/akhalilov/.conda/envs/prepackaged_rmg_env/share/rmgdatabase/transport/libraries...
Loading transport group database from /home/akhalilov/.conda/envs/prepackaged_rmg_env/share/rmgdatabase/transport/groups...
Loading species 160000000000000000003...
Loading species 190000000000000000002...
Loading species 280280000000000000001...
Loading species 470590350000000000002...
Loading species 660901080000000000001...
Loading species 751111220670000000002...
Loading species 781141250730000000001...
Loading species 941421881400000000001...
Loading species 941461610900730000001...
Loading species 941742762340700000001...
Loading transition state 941421881400000000001_r12_insertion_R_1_3_5...
Loading transition state 941421881400000000001_r12_insertion_R_4_3_1...
Loading transition state 941421881400000000001_r12_insertion_R_5_3_1...
Loading transition state 941421881400000000001_ketoenol_2_1_3_4...
Loading reaction 941421881400000000001 <=> 280280000000000000001 + 660901080000000000001...
Loading reaction 941421881400000000001 <=> 941461610900730000001...
Loading reaction 941421881400000000001 <=> 280280000000000000001 + 660901080000000000001941421881400000000001_r12_insertion_R_5_3_1...
Loading reaction 941421881400000000001 <=> 941742762340700000001...
Warning: No frequency scaling factor found for LevelOfTheory(method='b97d3',basis='def2msvp',software='gaussian'). Assuming a value of unity. This will affect the partition function and all quantities derived from it  (thermo quantities and rate coefficients).


Warning: Species label is longer than 15 characters and will break CHEMKIN 2.0
Warning: Species label is longer than 15 characters and will break CHEMKIN 2.0
Warning: Species label is longer than 15 characters and will break CHEMKIN 2.0
Warning: Species label is longer than 15 characters and will break CHEMKIN 2.0
Warning: Species label is longer than 15 characters and will break CHEMKIN 2.0
Warning: Species label is longer than 15 characters and will break CHEMKIN 2.0
Warning: Species label is longer than 15 characters and will break CHEMKIN 2.0
Warning: Species label is longer than 15 characters and will break CHEMKIN 2.0
Warning: Species label is longer than 15 characters and will break CHEMKIN 2.0
Warning: Species label is longer than 15 characters and will break CHEMKIN 2.0
Loading statistical mechanics parameters for 160000000000000000003...
Warning: gaussian was specified as energy software but does not match detected software. Software will be updated to Gaussian.
Warning: gaussian was specified as frequency software but does not match detected software. Software will be updated to Gaussian.
Symmetry input file written to /home/akhalilov/GaussianJobCreator/AUTOMATION-CENTER/connect_kinbot_to_arkane/arkane_files/scratch/0.symm
Point group: Kh
Symmetry input file written to /home/akhalilov/GaussianJobCreator/AUTOMATION-CENTER/connect_kinbot_to_arkane/arkane_files/scratch/0.symm
Point group: Kh
Saving statistical mechanics parameters for 160000000000000000003...
Loading statistical mechanics parameters for 190000000000000000002...
Warning: gaussian was specified as energy software but does not match detected software. Software will be updated to Gaussian.
Warning: gaussian was specified as frequency software but does not match detected software. Software will be updated to Gaussian.
Symmetry input file written to /home/akhalilov/GaussianJobCreator/AUTOMATION-CENTER/connect_kinbot_to_arkane/arkane_files/scratch/0.symm
Point group: Kh
Symmetry input file written to /home/akhalilov/GaussianJobCreator/AUTOMATION-CENTER/connect_kinbot_to_arkane/arkane_files/scratch/0.symm
Point group: Kh
Saving statistical mechanics parameters for 190000000000000000002...
Loading statistical mechanics parameters for 280280000000000000001...
Warning: gaussian was specified as energy software but does not match detected software. Software will be updated to Gaussian.
Warning: gaussian was specified as frequency software but does not match detected software. Software will be updated to Gaussian.
Symmetry input file written to /home/akhalilov/GaussianJobCreator/AUTOMATION-CENTER/connect_kinbot_to_arkane/arkane_files/scratch/0.symm
Point group: Cinfv
Symmetry input file written to /home/akhalilov/GaussianJobCreator/AUTOMATION-CENTER/connect_kinbot_to_arkane/arkane_files/scratch/0.symm
Point group: Cinfv
Saving statistical mechanics parameters for 280280000000000000001...
Loading statistical mechanics parameters for 470590350000000000002...
Warning: gaussian was specified as energy software but does not match detected software. Software will be updated to Gaussian.
Warning: gaussian was specified as frequency software but does not match detected software. Software will be updated to Gaussian.
Symmetry input file written to /home/akhalilov/GaussianJobCreator/AUTOMATION-CENTER/connect_kinbot_to_arkane/arkane_files/scratch/0.symm
Point group: Cs
Symmetry input file written to /home/akhalilov/GaussianJobCreator/AUTOMATION-CENTER/connect_kinbot_to_arkane/arkane_files/scratch/0.symm
Point group: Cs
Saving statistical mechanics parameters for 470590350000000000002...
Loading statistical mechanics parameters for 660901080000000000001...
Warning: gaussian was specified as energy software but does not match detected software. Software will be updated to Gaussian.
Warning: gaussian was specified as frequency software but does not match detected software. Software will be updated to Gaussian.
Symmetry input file written to /home/akhalilov/GaussianJobCreator/AUTOMATION-CENTER/connect_kinbot_to_arkane/arkane_files/scratch/0.symm
Point group: C2v
Symmetry input file written to /home/akhalilov/GaussianJobCreator/AUTOMATION-CENTER/connect_kinbot_to_arkane/arkane_files/scratch/0.symm
Point group: C2v
Saving statistical mechanics parameters for 660901080000000000001...
Loading statistical mechanics parameters for 751111220670000000002...
Warning: gaussian was specified as energy software but does not match detected software. Software will be updated to Gaussian.
Warning: gaussian was specified as frequency software but does not match detected software. Software will be updated to Gaussian.
Symmetry input file written to /home/akhalilov/GaussianJobCreator/AUTOMATION-CENTER/connect_kinbot_to_arkane/arkane_files/scratch/0.symm
Point group: C1
Symmetry input file written to /home/akhalilov/GaussianJobCreator/AUTOMATION-CENTER/connect_kinbot_to_arkane/arkane_files/scratch/0.symm
Point group: C1
Saving statistical mechanics parameters for 751111220670000000002...
Loading statistical mechanics parameters for 781141250730000000001...
Warning: gaussian was specified as energy software but does not match detected software. Software will be updated to Gaussian.
Warning: gaussian was specified as frequency software but does not match detected software. Software will be updated to Gaussian.
Symmetry input file written to /home/akhalilov/GaussianJobCreator/AUTOMATION-CENTER/connect_kinbot_to_arkane/arkane_files/scratch/0.symm
Point group: C1
Symmetry input file written to /home/akhalilov/GaussianJobCreator/AUTOMATION-CENTER/connect_kinbot_to_arkane/arkane_files/scratch/0.symm
Point group: C1
Saving statistical mechanics parameters for 781141250730000000001...
Loading statistical mechanics parameters for 941421881400000000001...
Warning: gaussian was specified as energy software but does not match detected software. Software will be updated to Gaussian.
Warning: gaussian was specified as frequency software but does not match detected software. Software will be updated to Gaussian.
Symmetry input file written to /home/akhalilov/GaussianJobCreator/AUTOMATION-CENTER/connect_kinbot_to_arkane/arkane_files/scratch/0.symm
Point group: C2h
Symmetry input file written to /home/akhalilov/GaussianJobCreator/AUTOMATION-CENTER/connect_kinbot_to_arkane/arkane_files/scratch/0.symm
Point group: C2h
Saving statistical mechanics parameters for 941421881400000000001...
Loading statistical mechanics parameters for 941461610900730000001...
Warning: gaussian was specified as energy software but does not match detected software. Software will be updated to Gaussian.
Warning: gaussian was specified as frequency software but does not match detected software. Software will be updated to Gaussian.
Symmetry input file written to /home/akhalilov/GaussianJobCreator/AUTOMATION-CENTER/connect_kinbot_to_arkane/arkane_files/scratch/0.symm
Point group: C1
Symmetry input file written to /home/akhalilov/GaussianJobCreator/AUTOMATION-CENTER/connect_kinbot_to_arkane/arkane_files/scratch/0.symm
Point group: C1
Saving statistical mechanics parameters for 941461610900730000001...
Loading statistical mechanics parameters for 941742762340700000001...
Warning: gaussian was specified as energy software but does not match detected software. Software will be updated to Gaussian.
Warning: gaussian was specified as frequency software but does not match detected software. Software will be updated to Gaussian.
Symmetry input file written to /home/akhalilov/GaussianJobCreator/AUTOMATION-CENTER/connect_kinbot_to_arkane/arkane_files/scratch/0.symm
Point group: C1
Symmetry input file written to /home/akhalilov/GaussianJobCreator/AUTOMATION-CENTER/connect_kinbot_to_arkane/arkane_files/scratch/0.symm
Point group: C1
Saving statistical mechanics parameters for 941742762340700000001...
Loading statistical mechanics parameters for 941421881400000000001_r12_insertion_R_1_3_5...
Warning: gaussian was specified as energy software but does not match detected software. Software will be updated to Gaussian.
Warning: gaussian was specified as frequency software but does not match detected software. Software will be updated to Gaussian.
Symmetry input file written to /home/akhalilov/GaussianJobCreator/AUTOMATION-CENTER/connect_kinbot_to_arkane/arkane_files/scratch/0.symm
Point group: C1
Symmetry input file written to /home/akhalilov/GaussianJobCreator/AUTOMATION-CENTER/connect_kinbot_to_arkane/arkane_files/scratch/0.symm
Point group: C1
Saving statistical mechanics parameters for 941421881400000000001_r12_insertion_R_1_3_5...
Loading statistical mechanics parameters for 941421881400000000001_r12_insertion_R_4_3_1...
Warning: gaussian was specified as energy software but does not match detected software. Software will be updated to Gaussian.
Warning: gaussian was specified as frequency software but does not match detected software. Software will be updated to Gaussian.
Symmetry input file written to /home/akhalilov/GaussianJobCreator/AUTOMATION-CENTER/connect_kinbot_to_arkane/arkane_files/scratch/0.symm
Point group: C1
Symmetry input file written to /home/akhalilov/GaussianJobCreator/AUTOMATION-CENTER/connect_kinbot_to_arkane/arkane_files/scratch/0.symm
Point group: C1
Saving statistical mechanics parameters for 941421881400000000001_r12_insertion_R_4_3_1...
Loading statistical mechanics parameters for 941421881400000000001_r12_insertion_R_5_3_1...
Warning: gaussian was specified as energy software but does not match detected software. Software will be updated to Gaussian.
Warning: gaussian was specified as frequency software but does not match detected software. Software will be updated to Gaussian.
Symmetry input file written to /home/akhalilov/GaussianJobCreator/AUTOMATION-CENTER/connect_kinbot_to_arkane/arkane_files/scratch/0.symm
Point group: C1
Symmetry input file written to /home/akhalilov/GaussianJobCreator/AUTOMATION-CENTER/connect_kinbot_to_arkane/arkane_files/scratch/0.symm
Point group: C1
Saving statistical mechanics parameters for 941421881400000000001_r12_insertion_R_5_3_1...
Loading statistical mechanics parameters for 941421881400000000001_ketoenol_2_1_3_4...
Warning: gaussian was specified as energy software but does not match detected software. Software will be updated to Gaussian.
Warning: gaussian was specified as frequency software but does not match detected software. Software will be updated to Gaussian.
Symmetry input file written to /home/akhalilov/GaussianJobCreator/AUTOMATION-CENTER/connect_kinbot_to_arkane/arkane_files/scratch/0.symm
Point group: C1
Symmetry input file written to /home/akhalilov/GaussianJobCreator/AUTOMATION-CENTER/connect_kinbot_to_arkane/arkane_files/scratch/0.symm
Point group: C1
Saving statistical mechanics parameters for 941421881400000000001_ketoenol_2_1_3_4...
Saving thermo for 160000000000000000003...
Warning: Species label is longer than 15 characters and will break CHEMKIN 2.0
Saving thermo for 190000000000000000002...
Warning: Species label is longer than 15 characters and will break CHEMKIN 2.0
Saving thermo for 280280000000000000001...
Warning: Species label is longer than 15 characters and will break CHEMKIN 2.0
Saving thermo for 470590350000000000002...
Warning: Species label is longer than 15 characters and will break CHEMKIN 2.0
Saving thermo for 660901080000000000001...
Warning: Species label is longer than 15 characters and will break CHEMKIN 2.0
Saving thermo for 751111220670000000002...
Warning: Species label is longer than 15 characters and will break CHEMKIN 2.0
Saving thermo for 781141250730000000001...
Warning: Species label is longer than 15 characters and will break CHEMKIN 2.0
Saving thermo for 941421881400000000001...
Warning: Species label is longer than 15 characters and will break CHEMKIN 2.0
Saving thermo for 941461610900730000001...
Warning: Species label is longer than 15 characters and will break CHEMKIN 2.0
Saving thermo for 941742762340700000001...
Warning: Species label is longer than 15 characters and will break CHEMKIN 2.0
Saving kinetics for 941421881400000000001 <=> 280280000000000000001 + 660901080000000000001...
Saving kinetics for 941421881400000000001 <=> 280280000000000000001 + 660901080000000000001...

Arkane execution terminated at Mon May 19 21:07:25 2025
Memory used: 376.84 MB
Arkane execution initiated at Mon May 19 21:08:57 2025

################################################################
#                                                              #
# Automated Reaction Kinetics and Network Exploration (Arkane) #
#                                                              #
#   Version: 3.1.0                                             #
#   Authors: RMG Developers (rmg_dev@mit.edu)                  #
#   P.I.s:   William H. Green (whgreen@mit.edu)                #
#            Richard H. West (r.west@neu.edu)                  #
#   Website: http://reactionmechanismgenerator.github.io/      #
#                                                              #
################################################################

Databases not found. Making databases
Loading frequencies group database from /home/akhalilov/.conda/envs/prepackaged_rmg_env/share/rmgdatabase/statmech/groups...
Loading transport library from GRI-Mech.py in /home/akhalilov/.conda/envs/prepackaged_rmg_env/share/rmgdatabase/transport/libraries...
Loading transport library from NOx2018.py in /home/akhalilov/.conda/envs/prepackaged_rmg_env/share/rmgdatabase/transport/libraries...
Loading transport library from OneDMinN2.py in /home/akhalilov/.conda/envs/prepackaged_rmg_env/share/rmgdatabase/transport/libraries...
Loading transport library from PrimaryTransportLibrary.py in /home/akhalilov/.conda/envs/prepackaged_rmg_env/share/rmgdatabase/transport/libraries...
Loading transport group database from /home/akhalilov/.conda/envs/prepackaged_rmg_env/share/rmgdatabase/transport/groups...
Loading species 160000000000000000003...
Loading species 190000000000000000002...
Loading species 280280000000000000001...
Loading species 470590350000000000002...
Loading species 660901080000000000001...
Loading species 751111220670000000002...
Loading species 781141250730000000001...
Loading species 941421881400000000001...
Loading species 941461610900730000001...
Loading species 941742762340700000001...
Loading transition state 941421881400000000001_r12_insertion_R_1_3_5...
Loading transition state 941421881400000000001_r12_insertion_R_4_3_1...
Loading transition state 941421881400000000001_r12_insertion_R_5_3_1...
Loading transition state 941421881400000000001_ketoenol_2_1_3_4...
Loading reaction 941421881400000000001 <=> 280280000000000000001 + 660901080000000000001...
Loading reaction 941421881400000000001 <=> 941461610900730000001...
Loading reaction 941421881400000000001 <=> 280280000000000000001 + 660901080000000000001941421881400000000001_r12_insertion_R_5_3_1...
Loading reaction 941421881400000000001 <=> 941742762340700000001...
Warning: No frequency scaling factor found for LevelOfTheory(method='b97d3',basis='def2msvp',software='gaussian'). Assuming a value of unity. This will affect the partition function and all quantities derived from it  (thermo quantities and rate coefficients).


Warning: Species label is longer than 15 characters and will break CHEMKIN 2.0
Warning: Species label is longer than 15 characters and will break CHEMKIN 2.0
Warning: Species label is longer than 15 characters and will break CHEMKIN 2.0
Warning: Species label is longer than 15 characters and will break CHEMKIN 2.0
Warning: Species label is longer than 15 characters and will break CHEMKIN 2.0
Warning: Species label is longer than 15 characters and will break CHEMKIN 2.0
Warning: Species label is longer than 15 characters and will break CHEMKIN 2.0
Warning: Species label is longer than 15 characters and will break CHEMKIN 2.0
Warning: Species label is longer than 15 characters and will break CHEMKIN 2.0
Warning: Species label is longer than 15 characters and will break CHEMKIN 2.0
Loading statistical mechanics parameters for 160000000000000000003...
Warning: gaussian was specified as energy software but does not match detected software. Software will be updated to Gaussian.
Warning: gaussian was specified as frequency software but does not match detected software. Software will be updated to Gaussian.
Symmetry input file written to /home/akhalilov/GaussianJobCreator/AUTOMATION-CENTER/connect_kinbot_to_arkane/arkane_files/scratch/0.symm
Point group: Kh
Symmetry input file written to /home/akhalilov/GaussianJobCreator/AUTOMATION-CENTER/connect_kinbot_to_arkane/arkane_files/scratch/0.symm
Point group: Kh
Saving statistical mechanics parameters for 160000000000000000003...
Loading statistical mechanics parameters for 190000000000000000002...
Warning: gaussian was specified as energy software but does not match detected software. Software will be updated to Gaussian.
Warning: gaussian was specified as frequency software but does not match detected software. Software will be updated to Gaussian.
Symmetry input file written to /home/akhalilov/GaussianJobCreator/AUTOMATION-CENTER/connect_kinbot_to_arkane/arkane_files/scratch/0.symm
Point group: Kh
Symmetry input file written to /home/akhalilov/GaussianJobCreator/AUTOMATION-CENTER/connect_kinbot_to_arkane/arkane_files/scratch/0.symm
Point group: Kh
Saving statistical mechanics parameters for 190000000000000000002...
Loading statistical mechanics parameters for 280280000000000000001...
Warning: gaussian was specified as energy software but does not match detected software. Software will be updated to Gaussian.
Warning: gaussian was specified as frequency software but does not match detected software. Software will be updated to Gaussian.
Symmetry input file written to /home/akhalilov/GaussianJobCreator/AUTOMATION-CENTER/connect_kinbot_to_arkane/arkane_files/scratch/0.symm
Point group: Cinfv
Symmetry input file written to /home/akhalilov/GaussianJobCreator/AUTOMATION-CENTER/connect_kinbot_to_arkane/arkane_files/scratch/0.symm
Point group: Cinfv
Saving statistical mechanics parameters for 280280000000000000001...
Loading statistical mechanics parameters for 470590350000000000002...
Warning: gaussian was specified as energy software but does not match detected software. Software will be updated to Gaussian.
Warning: gaussian was specified as frequency software but does not match detected software. Software will be updated to Gaussian.
Symmetry input file written to /home/akhalilov/GaussianJobCreator/AUTOMATION-CENTER/connect_kinbot_to_arkane/arkane_files/scratch/0.symm
Point group: Cs
Symmetry input file written to /home/akhalilov/GaussianJobCreator/AUTOMATION-CENTER/connect_kinbot_to_arkane/arkane_files/scratch/0.symm
Point group: Cs
Saving statistical mechanics parameters for 470590350000000000002...
Loading statistical mechanics parameters for 660901080000000000001...
Warning: gaussian was specified as energy software but does not match detected software. Software will be updated to Gaussian.
Warning: gaussian was specified as frequency software but does not match detected software. Software will be updated to Gaussian.
Symmetry input file written to /home/akhalilov/GaussianJobCreator/AUTOMATION-CENTER/connect_kinbot_to_arkane/arkane_files/scratch/0.symm
Point group: C2v
Symmetry input file written to /home/akhalilov/GaussianJobCreator/AUTOMATION-CENTER/connect_kinbot_to_arkane/arkane_files/scratch/0.symm
Point group: C2v
Saving statistical mechanics parameters for 660901080000000000001...
Loading statistical mechanics parameters for 751111220670000000002...
Warning: gaussian was specified as energy software but does not match detected software. Software will be updated to Gaussian.
Warning: gaussian was specified as frequency software but does not match detected software. Software will be updated to Gaussian.
Symmetry input file written to /home/akhalilov/GaussianJobCreator/AUTOMATION-CENTER/connect_kinbot_to_arkane/arkane_files/scratch/0.symm
Point group: C1
Symmetry input file written to /home/akhalilov/GaussianJobCreator/AUTOMATION-CENTER/connect_kinbot_to_arkane/arkane_files/scratch/0.symm
Point group: C1
Saving statistical mechanics parameters for 751111220670000000002...
Loading statistical mechanics parameters for 781141250730000000001...
Warning: gaussian was specified as energy software but does not match detected software. Software will be updated to Gaussian.
Warning: gaussian was specified as frequency software but does not match detected software. Software will be updated to Gaussian.
Symmetry input file written to /home/akhalilov/GaussianJobCreator/AUTOMATION-CENTER/connect_kinbot_to_arkane/arkane_files/scratch/0.symm
Point group: C1
Symmetry input file written to /home/akhalilov/GaussianJobCreator/AUTOMATION-CENTER/connect_kinbot_to_arkane/arkane_files/scratch/0.symm
Point group: C1
Saving statistical mechanics parameters for 781141250730000000001...
Loading statistical mechanics parameters for 941421881400000000001...
Warning: gaussian was specified as energy software but does not match detected software. Software will be updated to Gaussian.
Warning: gaussian was specified as frequency software but does not match detected software. Software will be updated to Gaussian.
Symmetry input file written to /home/akhalilov/GaussianJobCreator/AUTOMATION-CENTER/connect_kinbot_to_arkane/arkane_files/scratch/0.symm
Point group: C2h
Symmetry input file written to /home/akhalilov/GaussianJobCreator/AUTOMATION-CENTER/connect_kinbot_to_arkane/arkane_files/scratch/0.symm
Point group: C2h
Saving statistical mechanics parameters for 941421881400000000001...
Loading statistical mechanics parameters for 941461610900730000001...
Warning: gaussian was specified as energy software but does not match detected software. Software will be updated to Gaussian.
Warning: gaussian was specified as frequency software but does not match detected software. Software will be updated to Gaussian.
Symmetry input file written to /home/akhalilov/GaussianJobCreator/AUTOMATION-CENTER/connect_kinbot_to_arkane/arkane_files/scratch/0.symm
Point group: C1
Symmetry input file written to /home/akhalilov/GaussianJobCreator/AUTOMATION-CENTER/connect_kinbot_to_arkane/arkane_files/scratch/0.symm
Point group: C1
Saving statistical mechanics parameters for 941461610900730000001...
Loading statistical mechanics parameters for 941742762340700000001...
Warning: gaussian was specified as energy software but does not match detected software. Software will be updated to Gaussian.
Warning: gaussian was specified as frequency software but does not match detected software. Software will be updated to Gaussian.
Symmetry input file written to /home/akhalilov/GaussianJobCreator/AUTOMATION-CENTER/connect_kinbot_to_arkane/arkane_files/scratch/0.symm
Point group: C1
Symmetry input file written to /home/akhalilov/GaussianJobCreator/AUTOMATION-CENTER/connect_kinbot_to_arkane/arkane_files/scratch/0.symm
Point group: C1
Saving statistical mechanics parameters for 941742762340700000001...
Loading statistical mechanics parameters for 941421881400000000001_r12_insertion_R_1_3_5...
Warning: gaussian was specified as energy software but does not match detected software. Software will be updated to Gaussian.
Warning: gaussian was specified as frequency software but does not match detected software. Software will be updated to Gaussian.
Symmetry input file written to /home/akhalilov/GaussianJobCreator/AUTOMATION-CENTER/connect_kinbot_to_arkane/arkane_files/scratch/0.symm
Point group: C1
Symmetry input file written to /home/akhalilov/GaussianJobCreator/AUTOMATION-CENTER/connect_kinbot_to_arkane/arkane_files/scratch/0.symm
Point group: C1
Saving statistical mechanics parameters for 941421881400000000001_r12_insertion_R_1_3_5...
Loading statistical mechanics parameters for 941421881400000000001_r12_insertion_R_4_3_1...
Warning: gaussian was specified as energy software but does not match detected software. Software will be updated to Gaussian.
Warning: gaussian was specified as frequency software but does not match detected software. Software will be updated to Gaussian.
Symmetry input file written to /home/akhalilov/GaussianJobCreator/AUTOMATION-CENTER/connect_kinbot_to_arkane/arkane_files/scratch/0.symm
Point group: C1
Symmetry input file written to /home/akhalilov/GaussianJobCreator/AUTOMATION-CENTER/connect_kinbot_to_arkane/arkane_files/scratch/0.symm
Point group: C1
Saving statistical mechanics parameters for 941421881400000000001_r12_insertion_R_4_3_1...
Loading statistical mechanics parameters for 941421881400000000001_r12_insertion_R_5_3_1...
Warning: gaussian was specified as energy software but does not match detected software. Software will be updated to Gaussian.
Warning: gaussian was specified as frequency software but does not match detected software. Software will be updated to Gaussian.
Symmetry input file written to /home/akhalilov/GaussianJobCreator/AUTOMATION-CENTER/connect_kinbot_to_arkane/arkane_files/scratch/0.symm
Point group: C1
Symmetry input file written to /home/akhalilov/GaussianJobCreator/AUTOMATION-CENTER/connect_kinbot_to_arkane/arkane_files/scratch/0.symm
Point group: C1
Saving statistical mechanics parameters for 941421881400000000001_r12_insertion_R_5_3_1...
Loading statistical mechanics parameters for 941421881400000000001_ketoenol_2_1_3_4...
Warning: gaussian was specified as energy software but does not match detected software. Software will be updated to Gaussian.
Warning: gaussian was specified as frequency software but does not match detected software. Software will be updated to Gaussian.
Symmetry input file written to /home/akhalilov/GaussianJobCreator/AUTOMATION-CENTER/connect_kinbot_to_arkane/arkane_files/scratch/0.symm
Point group: C1
Symmetry input file written to /home/akhalilov/GaussianJobCreator/AUTOMATION-CENTER/connect_kinbot_to_arkane/arkane_files/scratch/0.symm
Point group: C1
Saving statistical mechanics parameters for 941421881400000000001_ketoenol_2_1_3_4...
Saving thermo for 160000000000000000003...
Warning: Species label is longer than 15 characters and will break CHEMKIN 2.0
Saving thermo for 190000000000000000002...
Warning: Species label is longer than 15 characters and will break CHEMKIN 2.0
Saving thermo for 280280000000000000001...
Warning: Species label is longer than 15 characters and will break CHEMKIN 2.0
Saving thermo for 470590350000000000002...
Warning: Species label is longer than 15 characters and will break CHEMKIN 2.0
Saving thermo for 660901080000000000001...
Warning: Species label is longer than 15 characters and will break CHEMKIN 2.0
Saving thermo for 751111220670000000002...
Warning: Species label is longer than 15 characters and will break CHEMKIN 2.0
Saving thermo for 781141250730000000001...
Warning: Species label is longer than 15 characters and will break CHEMKIN 2.0
Saving thermo for 941421881400000000001...
Warning: Species label is longer than 15 characters and will break CHEMKIN 2.0
Saving thermo for 941461610900730000001...
Warning: Species label is longer than 15 characters and will break CHEMKIN 2.0
Saving thermo for 941742762340700000001...
Warning: Species label is longer than 15 characters and will break CHEMKIN 2.0
Saving kinetics for 941421881400000000001 <=> 280280000000000000001 + 660901080000000000001...
Saving kinetics for 941421881400000000001 <=> 280280000000000000001 + 660901080000000000001...

Arkane execution terminated at Mon May 19 21:09:02 2025
Memory used: 375.71 MB
Arkane execution initiated at Mon May 19 21:09:39 2025

################################################################
#                                                              #
# Automated Reaction Kinetics and Network Exploration (Arkane) #
#                                                              #
#   Version: 3.1.0                                             #
#   Authors: RMG Developers (rmg_dev@mit.edu)                  #
#   P.I.s:   William H. Green (whgreen@mit.edu)                #
#            Richard H. West (r.west@neu.edu)                  #
#   Website: http://reactionmechanismgenerator.github.io/      #
#                                                              #
################################################################

Databases not found. Making databases
Loading frequencies group database from /home/akhalilov/.conda/envs/prepackaged_rmg_env/share/rmgdatabase/statmech/groups...
Loading transport library from GRI-Mech.py in /home/akhalilov/.conda/envs/prepackaged_rmg_env/share/rmgdatabase/transport/libraries...
Loading transport library from NOx2018.py in /home/akhalilov/.conda/envs/prepackaged_rmg_env/share/rmgdatabase/transport/libraries...
Loading transport library from OneDMinN2.py in /home/akhalilov/.conda/envs/prepackaged_rmg_env/share/rmgdatabase/transport/libraries...
Loading transport library from PrimaryTransportLibrary.py in /home/akhalilov/.conda/envs/prepackaged_rmg_env/share/rmgdatabase/transport/libraries...
Loading transport group database from /home/akhalilov/.conda/envs/prepackaged_rmg_env/share/rmgdatabase/transport/groups...
Loading species 160000000000000000003...
Loading species 190000000000000000002...
Loading species 280280000000000000001...
Loading species 470590350000000000002...
Loading species 660901080000000000001...
Loading species 751111220670000000002...
Loading species 781141250730000000001...
Loading species 941421881400000000001...
Loading species 941461610900730000001...
Loading species 941742762340700000001...
Loading transition state 941421881400000000001_r12_insertion_R_1_3_5...
Loading transition state 941421881400000000001_r12_insertion_R_4_3_1...
Loading transition state 941421881400000000001_r12_insertion_R_5_3_1...
Loading transition state 941421881400000000001_ketoenol_2_1_3_4...
Loading reaction 941421881400000000001_R1 <=> 280280000000000000001 + 660901080000000000001...
Loading reaction 941421881400000000001_R2 <=> 941461610900730000001...
Loading reaction 941421881400000000001_R3 <=> 280280000000000000001 + 660901080000000000001...
Loading reaction 941421881400000000001_R4 <=> 941742762340700000001...
Warning: No frequency scaling factor found for LevelOfTheory(method='b97d3',basis='def2msvp',software='gaussian'). Assuming a value of unity. This will affect the partition function and all quantities derived from it  (thermo quantities and rate coefficients).


Warning: Species label is longer than 15 characters and will break CHEMKIN 2.0
Warning: Species label is longer than 15 characters and will break CHEMKIN 2.0
Warning: Species label is longer than 15 characters and will break CHEMKIN 2.0
Warning: Species label is longer than 15 characters and will break CHEMKIN 2.0
Warning: Species label is longer than 15 characters and will break CHEMKIN 2.0
Warning: Species label is longer than 15 characters and will break CHEMKIN 2.0
Warning: Species label is longer than 15 characters and will break CHEMKIN 2.0
Warning: Species label is longer than 15 characters and will break CHEMKIN 2.0
Warning: Species label is longer than 15 characters and will break CHEMKIN 2.0
Warning: Species label is longer than 15 characters and will break CHEMKIN 2.0
Loading statistical mechanics parameters for 160000000000000000003...
Warning: gaussian was specified as energy software but does not match detected software. Software will be updated to Gaussian.
Warning: gaussian was specified as frequency software but does not match detected software. Software will be updated to Gaussian.
Symmetry input file written to /home/akhalilov/GaussianJobCreator/AUTOMATION-CENTER/connect_kinbot_to_arkane/arkane_files/scratch/0.symm
Point group: Kh
Symmetry input file written to /home/akhalilov/GaussianJobCreator/AUTOMATION-CENTER/connect_kinbot_to_arkane/arkane_files/scratch/0.symm
Point group: Kh
Saving statistical mechanics parameters for 160000000000000000003...
Loading statistical mechanics parameters for 190000000000000000002...
Warning: gaussian was specified as energy software but does not match detected software. Software will be updated to Gaussian.
Warning: gaussian was specified as frequency software but does not match detected software. Software will be updated to Gaussian.
Symmetry input file written to /home/akhalilov/GaussianJobCreator/AUTOMATION-CENTER/connect_kinbot_to_arkane/arkane_files/scratch/0.symm
Point group: Kh
Symmetry input file written to /home/akhalilov/GaussianJobCreator/AUTOMATION-CENTER/connect_kinbot_to_arkane/arkane_files/scratch/0.symm
Point group: Kh
Saving statistical mechanics parameters for 190000000000000000002...
Loading statistical mechanics parameters for 280280000000000000001...
Warning: gaussian was specified as energy software but does not match detected software. Software will be updated to Gaussian.
Warning: gaussian was specified as frequency software but does not match detected software. Software will be updated to Gaussian.
Symmetry input file written to /home/akhalilov/GaussianJobCreator/AUTOMATION-CENTER/connect_kinbot_to_arkane/arkane_files/scratch/0.symm
Point group: Cinfv
Symmetry input file written to /home/akhalilov/GaussianJobCreator/AUTOMATION-CENTER/connect_kinbot_to_arkane/arkane_files/scratch/0.symm
Point group: Cinfv
Saving statistical mechanics parameters for 280280000000000000001...
Loading statistical mechanics parameters for 470590350000000000002...
Warning: gaussian was specified as energy software but does not match detected software. Software will be updated to Gaussian.
Warning: gaussian was specified as frequency software but does not match detected software. Software will be updated to Gaussian.
Symmetry input file written to /home/akhalilov/GaussianJobCreator/AUTOMATION-CENTER/connect_kinbot_to_arkane/arkane_files/scratch/0.symm
Point group: Cs
Symmetry input file written to /home/akhalilov/GaussianJobCreator/AUTOMATION-CENTER/connect_kinbot_to_arkane/arkane_files/scratch/0.symm
Point group: Cs
Saving statistical mechanics parameters for 470590350000000000002...
Loading statistical mechanics parameters for 660901080000000000001...
Warning: gaussian was specified as energy software but does not match detected software. Software will be updated to Gaussian.
Warning: gaussian was specified as frequency software but does not match detected software. Software will be updated to Gaussian.
Symmetry input file written to /home/akhalilov/GaussianJobCreator/AUTOMATION-CENTER/connect_kinbot_to_arkane/arkane_files/scratch/0.symm
Point group: C2v
Symmetry input file written to /home/akhalilov/GaussianJobCreator/AUTOMATION-CENTER/connect_kinbot_to_arkane/arkane_files/scratch/0.symm
Point group: C2v
Saving statistical mechanics parameters for 660901080000000000001...
Loading statistical mechanics parameters for 751111220670000000002...
Warning: gaussian was specified as energy software but does not match detected software. Software will be updated to Gaussian.
Warning: gaussian was specified as frequency software but does not match detected software. Software will be updated to Gaussian.
Symmetry input file written to /home/akhalilov/GaussianJobCreator/AUTOMATION-CENTER/connect_kinbot_to_arkane/arkane_files/scratch/0.symm
Point group: C1
Symmetry input file written to /home/akhalilov/GaussianJobCreator/AUTOMATION-CENTER/connect_kinbot_to_arkane/arkane_files/scratch/0.symm
Point group: C1
Saving statistical mechanics parameters for 751111220670000000002...
Loading statistical mechanics parameters for 781141250730000000001...
Warning: gaussian was specified as energy software but does not match detected software. Software will be updated to Gaussian.
Warning: gaussian was specified as frequency software but does not match detected software. Software will be updated to Gaussian.
Symmetry input file written to /home/akhalilov/GaussianJobCreator/AUTOMATION-CENTER/connect_kinbot_to_arkane/arkane_files/scratch/0.symm
Point group: C1
Symmetry input file written to /home/akhalilov/GaussianJobCreator/AUTOMATION-CENTER/connect_kinbot_to_arkane/arkane_files/scratch/0.symm
Point group: C1
Saving statistical mechanics parameters for 781141250730000000001...
Loading statistical mechanics parameters for 941421881400000000001...
Warning: gaussian was specified as energy software but does not match detected software. Software will be updated to Gaussian.
Warning: gaussian was specified as frequency software but does not match detected software. Software will be updated to Gaussian.
Symmetry input file written to /home/akhalilov/GaussianJobCreator/AUTOMATION-CENTER/connect_kinbot_to_arkane/arkane_files/scratch/0.symm
Point group: C2h
Symmetry input file written to /home/akhalilov/GaussianJobCreator/AUTOMATION-CENTER/connect_kinbot_to_arkane/arkane_files/scratch/0.symm
Point group: C2h
Saving statistical mechanics parameters for 941421881400000000001...
Loading statistical mechanics parameters for 941461610900730000001...
Warning: gaussian was specified as energy software but does not match detected software. Software will be updated to Gaussian.
Warning: gaussian was specified as frequency software but does not match detected software. Software will be updated to Gaussian.
Symmetry input file written to /home/akhalilov/GaussianJobCreator/AUTOMATION-CENTER/connect_kinbot_to_arkane/arkane_files/scratch/0.symm
Point group: C1
Symmetry input file written to /home/akhalilov/GaussianJobCreator/AUTOMATION-CENTER/connect_kinbot_to_arkane/arkane_files/scratch/0.symm
Point group: C1
Saving statistical mechanics parameters for 941461610900730000001...
Loading statistical mechanics parameters for 941742762340700000001...
Warning: gaussian was specified as energy software but does not match detected software. Software will be updated to Gaussian.
Warning: gaussian was specified as frequency software but does not match detected software. Software will be updated to Gaussian.
Symmetry input file written to /home/akhalilov/GaussianJobCreator/AUTOMATION-CENTER/connect_kinbot_to_arkane/arkane_files/scratch/0.symm
Point group: C1
Symmetry input file written to /home/akhalilov/GaussianJobCreator/AUTOMATION-CENTER/connect_kinbot_to_arkane/arkane_files/scratch/0.symm
Point group: C1
Saving statistical mechanics parameters for 941742762340700000001...
Loading statistical mechanics parameters for 941421881400000000001_r12_insertion_R_1_3_5...
Warning: gaussian was specified as energy software but does not match detected software. Software will be updated to Gaussian.
Warning: gaussian was specified as frequency software but does not match detected software. Software will be updated to Gaussian.
Symmetry input file written to /home/akhalilov/GaussianJobCreator/AUTOMATION-CENTER/connect_kinbot_to_arkane/arkane_files/scratch/0.symm
Point group: C1
Symmetry input file written to /home/akhalilov/GaussianJobCreator/AUTOMATION-CENTER/connect_kinbot_to_arkane/arkane_files/scratch/0.symm
Point group: C1
Saving statistical mechanics parameters for 941421881400000000001_r12_insertion_R_1_3_5...
Loading statistical mechanics parameters for 941421881400000000001_r12_insertion_R_4_3_1...
Warning: gaussian was specified as energy software but does not match detected software. Software will be updated to Gaussian.
Warning: gaussian was specified as frequency software but does not match detected software. Software will be updated to Gaussian.
Symmetry input file written to /home/akhalilov/GaussianJobCreator/AUTOMATION-CENTER/connect_kinbot_to_arkane/arkane_files/scratch/0.symm
Point group: C1
Symmetry input file written to /home/akhalilov/GaussianJobCreator/AUTOMATION-CENTER/connect_kinbot_to_arkane/arkane_files/scratch/0.symm
Point group: C1
Saving statistical mechanics parameters for 941421881400000000001_r12_insertion_R_4_3_1...
Loading statistical mechanics parameters for 941421881400000000001_r12_insertion_R_5_3_1...
Warning: gaussian was specified as energy software but does not match detected software. Software will be updated to Gaussian.
Warning: gaussian was specified as frequency software but does not match detected software. Software will be updated to Gaussian.
Symmetry input file written to /home/akhalilov/GaussianJobCreator/AUTOMATION-CENTER/connect_kinbot_to_arkane/arkane_files/scratch/0.symm
Point group: C1
Symmetry input file written to /home/akhalilov/GaussianJobCreator/AUTOMATION-CENTER/connect_kinbot_to_arkane/arkane_files/scratch/0.symm
Point group: C1
Saving statistical mechanics parameters for 941421881400000000001_r12_insertion_R_5_3_1...
Loading statistical mechanics parameters for 941421881400000000001_ketoenol_2_1_3_4...
Warning: gaussian was specified as energy software but does not match detected software. Software will be updated to Gaussian.
Warning: gaussian was specified as frequency software but does not match detected software. Software will be updated to Gaussian.
Symmetry input file written to /home/akhalilov/GaussianJobCreator/AUTOMATION-CENTER/connect_kinbot_to_arkane/arkane_files/scratch/0.symm
Point group: C1
Symmetry input file written to /home/akhalilov/GaussianJobCreator/AUTOMATION-CENTER/connect_kinbot_to_arkane/arkane_files/scratch/0.symm
Point group: C1
Saving statistical mechanics parameters for 941421881400000000001_ketoenol_2_1_3_4...
Saving thermo for 160000000000000000003...
Warning: Species label is longer than 15 characters and will break CHEMKIN 2.0
Saving thermo for 190000000000000000002...
Warning: Species label is longer than 15 characters and will break CHEMKIN 2.0
Saving thermo for 280280000000000000001...
Warning: Species label is longer than 15 characters and will break CHEMKIN 2.0
Saving thermo for 470590350000000000002...
Warning: Species label is longer than 15 characters and will break CHEMKIN 2.0
Saving thermo for 660901080000000000001...
Warning: Species label is longer than 15 characters and will break CHEMKIN 2.0
Saving thermo for 751111220670000000002...
Warning: Species label is longer than 15 characters and will break CHEMKIN 2.0
Saving thermo for 781141250730000000001...
Warning: Species label is longer than 15 characters and will break CHEMKIN 2.0
Saving thermo for 941421881400000000001...
Warning: Species label is longer than 15 characters and will break CHEMKIN 2.0
Saving thermo for 941461610900730000001...
Warning: Species label is longer than 15 characters and will break CHEMKIN 2.0
Saving thermo for 941742762340700000001...
Warning: Species label is longer than 15 characters and will break CHEMKIN 2.0
Saving kinetics for 941421881400000000001 <=> 280280000000000000001 + 660901080000000000001...
Saving kinetics for 941421881400000000001 <=> 941461610900730000001...
Saving kinetics for 941421881400000000001 <=> 280280000000000000001 + 660901080000000000001...
Saving kinetics for 941421881400000000001 <=> 941742762340700000001...
Warning: The energy differences between the stationary points of reaction 941421881400000000001 <=> 941742762340700000001 seems too large.
Warning: Got the following energies:
Well 1: 25279.54780288694 kJ/mol
TS: 25951.59751137289 kJ/mol
Well 2: 26004.72670709989 kJ/mol

Arkane execution terminated at Mon May 19 21:09:44 2025
Memory used: 375.39 MB
Arkane execution initiated at Mon May 19 21:10:54 2025

################################################################
#                                                              #
# Automated Reaction Kinetics and Network Exploration (Arkane) #
#                                                              #
#   Version: 3.1.0                                             #
#   Authors: RMG Developers (rmg_dev@mit.edu)                  #
#   P.I.s:   William H. Green (whgreen@mit.edu)                #
#            Richard H. West (r.west@neu.edu)                  #
#   Website: http://reactionmechanismgenerator.github.io/      #
#                                                              #
################################################################

Databases not found. Making databases
Loading frequencies group database from /home/akhalilov/.conda/envs/prepackaged_rmg_env/share/rmgdatabase/statmech/groups...
Loading transport library from GRI-Mech.py in /home/akhalilov/.conda/envs/prepackaged_rmg_env/share/rmgdatabase/transport/libraries...
Loading transport library from NOx2018.py in /home/akhalilov/.conda/envs/prepackaged_rmg_env/share/rmgdatabase/transport/libraries...
Loading transport library from OneDMinN2.py in /home/akhalilov/.conda/envs/prepackaged_rmg_env/share/rmgdatabase/transport/libraries...
Loading transport library from PrimaryTransportLibrary.py in /home/akhalilov/.conda/envs/prepackaged_rmg_env/share/rmgdatabase/transport/libraries...
Loading transport group database from /home/akhalilov/.conda/envs/prepackaged_rmg_env/share/rmgdatabase/transport/groups...
Loading species 160000000000000000003...
Loading species 190000000000000000002...
Loading species 280280000000000000001...
Loading species 470590350000000000002...
Loading species 660901080000000000001...
Loading species 751111220670000000002...
Loading species 781141250730000000001...
Loading species 941421881400000000001...
Loading species 941461610900730000001...
Loading species 941742762340700000001...
Loading transition state 941421881400000000001_r12_insertion_R_1_3_5...
Loading transition state 941421881400000000001_r12_insertion_R_4_3_1...
Loading transition state 941421881400000000001_r12_insertion_R_5_3_1...
Loading transition state 941421881400000000001_ketoenol_2_1_3_4...
Loading reaction 941421881400000000001_R1 <=> 280280000000000000001 + 660901080000000000001...
Loading reaction 941421881400000000001_R2 <=> 941461610900730000001...
Loading reaction 941421881400000000001_R3 <=> 280280000000000000001 + 660901080000000000001...
Loading reaction 941421881400000000001_R4 <=> 941742762340700000001...
Warning: No frequency scaling factor found for LevelOfTheory(method='b97d3',basis='def2msvp',software='gaussian'). Assuming a value of unity. This will affect the partition function and all quantities derived from it  (thermo quantities and rate coefficients).


Warning: Species label is longer than 15 characters and will break CHEMKIN 2.0
Warning: Species label is longer than 15 characters and will break CHEMKIN 2.0
Warning: Species label is longer than 15 characters and will break CHEMKIN 2.0
Warning: Species label is longer than 15 characters and will break CHEMKIN 2.0
Warning: Species label is longer than 15 characters and will break CHEMKIN 2.0
Warning: Species label is longer than 15 characters and will break CHEMKIN 2.0
Warning: Species label is longer than 15 characters and will break CHEMKIN 2.0
Warning: Species label is longer than 15 characters and will break CHEMKIN 2.0
Warning: Species label is longer than 15 characters and will break CHEMKIN 2.0
Warning: Species label is longer than 15 characters and will break CHEMKIN 2.0
Loading statistical mechanics parameters for 160000000000000000003...
Warning: gaussian was specified as energy software but does not match detected software. Software will be updated to Gaussian.
Warning: gaussian was specified as frequency software but does not match detected software. Software will be updated to Gaussian.
Symmetry input file written to /home/akhalilov/GaussianJobCreator/AUTOMATION-CENTER/connect_kinbot_to_arkane/arkane_files/scratch/0.symm
Point group: Kh
Symmetry input file written to /home/akhalilov/GaussianJobCreator/AUTOMATION-CENTER/connect_kinbot_to_arkane/arkane_files/scratch/0.symm
Point group: Kh
Saving statistical mechanics parameters for 160000000000000000003...
Loading statistical mechanics parameters for 190000000000000000002...
Warning: gaussian was specified as energy software but does not match detected software. Software will be updated to Gaussian.
Warning: gaussian was specified as frequency software but does not match detected software. Software will be updated to Gaussian.
Symmetry input file written to /home/akhalilov/GaussianJobCreator/AUTOMATION-CENTER/connect_kinbot_to_arkane/arkane_files/scratch/0.symm
Point group: Kh
Symmetry input file written to /home/akhalilov/GaussianJobCreator/AUTOMATION-CENTER/connect_kinbot_to_arkane/arkane_files/scratch/0.symm
Point group: Kh
Saving statistical mechanics parameters for 190000000000000000002...
Loading statistical mechanics parameters for 280280000000000000001...
Warning: gaussian was specified as energy software but does not match detected software. Software will be updated to Gaussian.
Warning: gaussian was specified as frequency software but does not match detected software. Software will be updated to Gaussian.
Symmetry input file written to /home/akhalilov/GaussianJobCreator/AUTOMATION-CENTER/connect_kinbot_to_arkane/arkane_files/scratch/0.symm
Point group: Cinfv
Symmetry input file written to /home/akhalilov/GaussianJobCreator/AUTOMATION-CENTER/connect_kinbot_to_arkane/arkane_files/scratch/0.symm
Point group: Cinfv
Saving statistical mechanics parameters for 280280000000000000001...
Loading statistical mechanics parameters for 470590350000000000002...
Warning: gaussian was specified as energy software but does not match detected software. Software will be updated to Gaussian.
Warning: gaussian was specified as frequency software but does not match detected software. Software will be updated to Gaussian.
Symmetry input file written to /home/akhalilov/GaussianJobCreator/AUTOMATION-CENTER/connect_kinbot_to_arkane/arkane_files/scratch/0.symm
Point group: Cs
Symmetry input file written to /home/akhalilov/GaussianJobCreator/AUTOMATION-CENTER/connect_kinbot_to_arkane/arkane_files/scratch/0.symm
Point group: Cs
Saving statistical mechanics parameters for 470590350000000000002...
Loading statistical mechanics parameters for 660901080000000000001...
Warning: gaussian was specified as energy software but does not match detected software. Software will be updated to Gaussian.
Warning: gaussian was specified as frequency software but does not match detected software. Software will be updated to Gaussian.
Symmetry input file written to /home/akhalilov/GaussianJobCreator/AUTOMATION-CENTER/connect_kinbot_to_arkane/arkane_files/scratch/0.symm
Point group: C2v
Symmetry input file written to /home/akhalilov/GaussianJobCreator/AUTOMATION-CENTER/connect_kinbot_to_arkane/arkane_files/scratch/0.symm
Point group: C2v
Saving statistical mechanics parameters for 660901080000000000001...
Loading statistical mechanics parameters for 751111220670000000002...
Warning: gaussian was specified as energy software but does not match detected software. Software will be updated to Gaussian.
Warning: gaussian was specified as frequency software but does not match detected software. Software will be updated to Gaussian.
Symmetry input file written to /home/akhalilov/GaussianJobCreator/AUTOMATION-CENTER/connect_kinbot_to_arkane/arkane_files/scratch/0.symm
Point group: C1
Symmetry input file written to /home/akhalilov/GaussianJobCreator/AUTOMATION-CENTER/connect_kinbot_to_arkane/arkane_files/scratch/0.symm
Point group: C1
Saving statistical mechanics parameters for 751111220670000000002...
Loading statistical mechanics parameters for 781141250730000000001...
Warning: gaussian was specified as energy software but does not match detected software. Software will be updated to Gaussian.
Warning: gaussian was specified as frequency software but does not match detected software. Software will be updated to Gaussian.
Symmetry input file written to /home/akhalilov/GaussianJobCreator/AUTOMATION-CENTER/connect_kinbot_to_arkane/arkane_files/scratch/0.symm
Point group: C1
Symmetry input file written to /home/akhalilov/GaussianJobCreator/AUTOMATION-CENTER/connect_kinbot_to_arkane/arkane_files/scratch/0.symm
Point group: C1
Saving statistical mechanics parameters for 781141250730000000001...
Loading statistical mechanics parameters for 941421881400000000001...
Warning: gaussian was specified as energy software but does not match detected software. Software will be updated to Gaussian.
Warning: gaussian was specified as frequency software but does not match detected software. Software will be updated to Gaussian.
Symmetry input file written to /home/akhalilov/GaussianJobCreator/AUTOMATION-CENTER/connect_kinbot_to_arkane/arkane_files/scratch/0.symm
Point group: C2h
Symmetry input file written to /home/akhalilov/GaussianJobCreator/AUTOMATION-CENTER/connect_kinbot_to_arkane/arkane_files/scratch/0.symm
Point group: C2h
Saving statistical mechanics parameters for 941421881400000000001...
Loading statistical mechanics parameters for 941461610900730000001...
Warning: gaussian was specified as energy software but does not match detected software. Software will be updated to Gaussian.
Warning: gaussian was specified as frequency software but does not match detected software. Software will be updated to Gaussian.
Symmetry input file written to /home/akhalilov/GaussianJobCreator/AUTOMATION-CENTER/connect_kinbot_to_arkane/arkane_files/scratch/0.symm
Point group: C1
Symmetry input file written to /home/akhalilov/GaussianJobCreator/AUTOMATION-CENTER/connect_kinbot_to_arkane/arkane_files/scratch/0.symm
Point group: C1
Saving statistical mechanics parameters for 941461610900730000001...
Loading statistical mechanics parameters for 941742762340700000001...
Warning: gaussian was specified as energy software but does not match detected software. Software will be updated to Gaussian.
Warning: gaussian was specified as frequency software but does not match detected software. Software will be updated to Gaussian.
Symmetry input file written to /home/akhalilov/GaussianJobCreator/AUTOMATION-CENTER/connect_kinbot_to_arkane/arkane_files/scratch/0.symm
Point group: C1
Symmetry input file written to /home/akhalilov/GaussianJobCreator/AUTOMATION-CENTER/connect_kinbot_to_arkane/arkane_files/scratch/0.symm
Point group: C1
Saving statistical mechanics parameters for 941742762340700000001...
Loading statistical mechanics parameters for 941421881400000000001_r12_insertion_R_1_3_5...
Warning: gaussian was specified as energy software but does not match detected software. Software will be updated to Gaussian.
Warning: gaussian was specified as frequency software but does not match detected software. Software will be updated to Gaussian.
Symmetry input file written to /home/akhalilov/GaussianJobCreator/AUTOMATION-CENTER/connect_kinbot_to_arkane/arkane_files/scratch/0.symm
Point group: C1
Symmetry input file written to /home/akhalilov/GaussianJobCreator/AUTOMATION-CENTER/connect_kinbot_to_arkane/arkane_files/scratch/0.symm
Point group: C1
Saving statistical mechanics parameters for 941421881400000000001_r12_insertion_R_1_3_5...
Loading statistical mechanics parameters for 941421881400000000001_r12_insertion_R_4_3_1...
Warning: gaussian was specified as energy software but does not match detected software. Software will be updated to Gaussian.
Warning: gaussian was specified as frequency software but does not match detected software. Software will be updated to Gaussian.
Symmetry input file written to /home/akhalilov/GaussianJobCreator/AUTOMATION-CENTER/connect_kinbot_to_arkane/arkane_files/scratch/0.symm
Point group: C1
Symmetry input file written to /home/akhalilov/GaussianJobCreator/AUTOMATION-CENTER/connect_kinbot_to_arkane/arkane_files/scratch/0.symm
Point group: C1
Saving statistical mechanics parameters for 941421881400000000001_r12_insertion_R_4_3_1...
Loading statistical mechanics parameters for 941421881400000000001_r12_insertion_R_5_3_1...
Warning: gaussian was specified as energy software but does not match detected software. Software will be updated to Gaussian.
Warning: gaussian was specified as frequency software but does not match detected software. Software will be updated to Gaussian.
Symmetry input file written to /home/akhalilov/GaussianJobCreator/AUTOMATION-CENTER/connect_kinbot_to_arkane/arkane_files/scratch/0.symm
Point group: C1
Symmetry input file written to /home/akhalilov/GaussianJobCreator/AUTOMATION-CENTER/connect_kinbot_to_arkane/arkane_files/scratch/0.symm
Point group: C1
Saving statistical mechanics parameters for 941421881400000000001_r12_insertion_R_5_3_1...
Loading statistical mechanics parameters for 941421881400000000001_ketoenol_2_1_3_4...
Warning: gaussian was specified as energy software but does not match detected software. Software will be updated to Gaussian.
Warning: gaussian was specified as frequency software but does not match detected software. Software will be updated to Gaussian.
Symmetry input file written to /home/akhalilov/GaussianJobCreator/AUTOMATION-CENTER/connect_kinbot_to_arkane/arkane_files/scratch/0.symm
Point group: C1
Symmetry input file written to /home/akhalilov/GaussianJobCreator/AUTOMATION-CENTER/connect_kinbot_to_arkane/arkane_files/scratch/0.symm
Point group: C1
Saving statistical mechanics parameters for 941421881400000000001_ketoenol_2_1_3_4...
Saving thermo for 160000000000000000003...
Warning: Species label is longer than 15 characters and will break CHEMKIN 2.0
Saving thermo for 190000000000000000002...
Warning: Species label is longer than 15 characters and will break CHEMKIN 2.0
Saving thermo for 280280000000000000001...
Warning: Species label is longer than 15 characters and will break CHEMKIN 2.0
Saving thermo for 470590350000000000002...
Warning: Species label is longer than 15 characters and will break CHEMKIN 2.0
Saving thermo for 660901080000000000001...
Warning: Species label is longer than 15 characters and will break CHEMKIN 2.0
Saving thermo for 751111220670000000002...
Warning: Species label is longer than 15 characters and will break CHEMKIN 2.0
Saving thermo for 781141250730000000001...
Warning: Species label is longer than 15 characters and will break CHEMKIN 2.0
Saving thermo for 941421881400000000001...
Warning: Species label is longer than 15 characters and will break CHEMKIN 2.0
Saving thermo for 941461610900730000001...
Warning: Species label is longer than 15 characters and will break CHEMKIN 2.0
Saving thermo for 941742762340700000001...
Warning: Species label is longer than 15 characters and will break CHEMKIN 2.0
Saving kinetics for 941421881400000000001 <=> 280280000000000000001 + 660901080000000000001...
Saving kinetics for 941421881400000000001 <=> 941461610900730000001...
Saving kinetics for 941421881400000000001 <=> 280280000000000000001 + 660901080000000000001...
Saving kinetics for 941421881400000000001 <=> 941742762340700000001...
Warning: The energy differences between the stationary points of reaction 941421881400000000001 <=> 941742762340700000001 seems too large.
Warning: Got the following energies:
Well 1: 25279.54780288694 kJ/mol
TS: 25951.59751137289 kJ/mol
Well 2: 26004.72670709989 kJ/mol

Arkane execution terminated at Mon May 19 21:11:00 2025
Memory used: 376.16 MB
