25-May-25 03:06:00-INFO: 
Copyright 2018 National Technology & Engineering Solutions of Sandia,
LLC (NTESS). Under the terms of Contract DE-NA0003525 with NTESS, 
the U.S. Government retains certain rights in this software.

25-May-25 03:06:00-INFO: Input parameters
25-May-25 03:06:00-INFO: input_file: species_1.json
	title: species_1
	verbose: 0
	smiles: C(F)(F)(F)S(=O)(=O)O
	structure: ['C', -1.0290655991406772, -0.05934541548103695, -0.03813549334754986, 'F', -1.4917098492750673, 0.5005214759971736, -1.2073931098989734, 'F', -1.2646667320982445, 0.7999071449591523, 1.0214346396813476, 'F', -1.7702740471156593, -1.1996743053767587, 0.19461962224437912, 'S', 0.7098746252878322, -0.40162158212947585, -0.07384644423656045, 'O', 1.0604061921499548, -0.9066508448330469, 1.3113982725362632, 'O', 1.0684548356790975, -1.4457003598166573, -1.082714683621318, 'O', 1.5984154165432092, 0.9978162563839597, -0.3225582384409724, 'H', 1.1185651579695564, 1.714747630296696, 0.19719543508337642]
	charge: 0
	mult: 1
	bimol: 0
	cluster: 0
	solute: []
	hbond: 0
	reaction_search: 1
	families: ['all']
	bimol_families: ['all']
	skip_families: ['none']
	skip_chemids: ['none']
	keep_chemids: ['none']
	skip_reactions: ['none']
	variational: 0
	barrierless_saddle: {}
	barrierless_saddle_start: 2.0
	barrierless_saddle_step: 0.2
	homolytic_bonds: {}
	specific_reaction: 0
	break_bonds: []
	form_bonds: []
	barrier_threshold: 1000
	barrier_threshold_L2: None
	barrier_threshold_add: 10.0
	hom_sci_threshold_add: 5.0
	scan_step: 30
	rigid_reaction_cutoff: 3.0
	pes: 0
	simultaneous_kinbot: 5
	high_level: 0
	calc_aie: 0
	vdW_detection: 0.5
	conformer_search: 1
	difference_threshold: 0.1
	conf_grid: 3
	semi_emp_conformer_search: 0
	rotor_scan: 0
	free_rotor_thrs: 0.1
	nrotation: 12
	plot_hir_profiles: 0
	rotation_restart: 3
	rotation_restart_threshold: 5.0
	max_dihed: 5
	random_conf: 500
	flat_ring_dih_angle: 5.0
	max_dihed_semi_emp: 5
	random_conf_semi_emp: 500
	semi_emp_confomer_threshold: 5
	multi_conf_tst: 1
	multi_conf_tst_temp: 300.0
	multi_conf_tst_boltz: 0.05
	print_conf: 0
	min_bond_break: 2
	max_bond_break: 3
	comb_molec: 1
	comb_rad: 1
	comb_lone: 1
	comb_pi: 1
	break_valence: 1
	one_reaction_comb: 0
	one_reaction_fam: 0
	ringrange: [3, 9]
	qc: gauss
	methodclass: dft
	qc_command: g16
	method: M062X
	basis: Def2TZVPP
	scan_method: mp2
	scan_basis: 6-31G
	barrierless_saddle_method: b3lyp
	barrierless_saddle_basis: 6-31G
	barrierless_saddle_method_high: b3lyp
	barrierless_saddle_basis_high: 6-31G
	calcall_ts: 1
	high_level_method: M062X
	high_level_basis: Def2TZVPP
	semi_emp_method: am1
	integral: fine
	opt: VeryTight
	irc_maxpoints: 100
	irc_stepsize: 2
	guessmix: 0
	L3_calc: 0
	single_point_qc: molpro
	single_point_template: 
	single_point_key: mytza
	barrierless_saddle_single_point_template: 
	barrierless_saddle_prod_single_point_template: 
	barrierless_saddle_norbital: 0
	barrierless_saddle_nelectron: 0
	barrierless_saddle_nstate: 0
	barrierless_saddle_single_point_key: 
	single_point_command: 
	hir_maxcycle: None
	rigid_hir: 0
	use_sella: False
	sella_kwargs: {}
	calc_kwargs: {}
	imagfreq_threshold: 50.0
	nn_model: None
	rotdPy_mem: 300
	vrc_tst_scan: {}
	vrc_tst_noscan: {}
	vrc_tst_scan_sella: 0
	vrc_tst_scan_method: ub3lyp
	vrc_tst_scan_basis: 6-31+G(d)
	vrc_tst_sample_method: caspt2(2,2)
	vrc_tst_high_method: caspt2(2,2)
	vrc_tst_sample_basis: vdz
	vrc_tst_high_basis: avtz
	vrc_tst_scan_points: [np.float64(2.5), np.float64(2.7), np.float64(2.9000000000000004), np.float64(3.1000000000000005), np.float64(3.3000000000000007), np.float64(3.500000000000001), np.float64(3.700000000000001), np.float64(3.9000000000000012), np.float64(4.100000000000001), np.float64(4.300000000000002), np.float64(4.500000000000002), np.float64(4.700000000000002), np.float64(4.900000000000002), np.float64(5.100000000000002), np.float64(5.3000000000000025), np.float64(5.500000000000003), np.float64(5.700000000000003), np.float64(5.900000000000003), np.float64(6.100000000000003), np.float64(6.300000000000003), np.float64(6.5000000000000036), np.float64(6.700000000000004), np.float64(6.900000000000004), np.float64(7.100000000000004), np.float64(7.300000000000004), np.float64(7.500000000000004), np.float64(7.700000000000005), np.float64(7.900000000000005), np.float64(8.100000000000005), np.float64(8.300000000000004), np.float64(8.500000000000005), np.float64(8.700000000000006), np.float64(8.900000000000006), np.float64(9.100000000000005), np.float64(9.300000000000006), np.float64(9.500000000000007), np.float64(9.700000000000006), np.float64(9.900000000000006), np.float64(10.100000000000007), np.float64(10.300000000000008), np.float64(10.500000000000007), np.float64(10.700000000000006), np.float64(10.900000000000007), np.float64(11.100000000000009), np.float64(11.300000000000008), np.float64(11.500000000000007), np.float64(11.700000000000008), np.float64(11.90000000000001), np.float64(12.100000000000009), np.float64(12.300000000000008), np.float64(12.500000000000009), np.float64(12.70000000000001), np.float64(12.90000000000001), np.float64(13.100000000000009), np.float64(13.30000000000001), np.float64(13.50000000000001), np.float64(13.70000000000001), np.float64(13.90000000000001), np.float64(14.10000000000001), np.float64(14.300000000000011), np.float64(14.50000000000001), np.float64(14.70000000000001), np.float64(14.900000000000011), np.float64(15.100000000000012), np.float64(15.300000000000011), np.float64(15.50000000000001), np.float64(15.700000000000012), np.float64(15.900000000000013), np.float64(16.100000000000012), np.float64(16.30000000000001), np.float64(16.500000000000014), np.float64(16.700000000000014), np.float64(16.900000000000013), np.float64(17.100000000000012), np.float64(17.30000000000001), np.float64(17.500000000000014), np.float64(17.700000000000014), np.float64(17.900000000000013), np.float64(18.100000000000016), np.float64(18.300000000000015), np.float64(18.500000000000014), np.float64(18.700000000000014), np.float64(18.900000000000013), np.float64(19.100000000000016), np.float64(19.300000000000015), np.float64(19.500000000000014), np.float64(19.700000000000017), np.float64(19.900000000000016)]
	vrc_tst_scan_molpro_key: MYENERGY
	vrc_tst_scan_molpro_tpl: 
	vrc_tst_scan_deviation: 100.0
	vts_ang_dev: 10
	vrc_tst_scan_reac_cent: {}
	pp_length: {'H': [0.125, 0.25, 0.375, 0.5], 'C': [0.25, 0.5, 0.75, 1.0], 'N': [0.25, 0.5, 0.75, 1.0], 'O': [0.25, 0.5, 0.75, 1.0], 'S': [0.25, 0.5, 0.75, 1.0], 'X': [0.25, 0.5, 0.75, 1.0]}
	pp_oriented: [1.5, 6]
	pp_on_atom: [5.0, 12.0]
	pp_on_COM: 10.0
	pp_orient: homo
	rotdpy_dist: [np.float64(3.0), np.float64(3.2), np.float64(3.4000000000000004), np.float64(3.6000000000000005), np.float64(3.8000000000000007), np.float64(4.000000000000001), np.float64(4.200000000000001), np.float64(4.400000000000001), np.float64(4.600000000000001), np.float64(4.800000000000002), np.float64(5.000000000000002), np.float64(5.200000000000002), np.float64(5.400000000000002), np.float64(5.600000000000002), np.float64(5.8000000000000025), np.float64(6.000000000000003), np.float64(6.200000000000003), np.float64(6.400000000000003), np.float64(6.600000000000003), np.float64(6.800000000000003), np.float64(7.0000000000000036), np.float64(7.200000000000004), np.float64(7.400000000000004), np.float64(7.600000000000004), np.float64(7.800000000000004), np.float64(8.000000000000004), np.float64(8.200000000000005), np.float64(8.400000000000006), np.float64(8.600000000000005), np.float64(8.800000000000004), np.float64(9.000000000000005), np.float64(9.200000000000006), np.float64(9.400000000000006), np.float64(9.600000000000005), np.float64(9.800000000000006), np.float64(10.000000000000007), np.float64(10.200000000000006), np.float64(10.400000000000006), np.float64(10.600000000000007), np.float64(10.800000000000008), np.float64(11.000000000000007), np.float64(11.200000000000006), np.float64(11.400000000000007), np.float64(11.600000000000009), np.float64(11.800000000000008), np.float64(12.000000000000007), np.float64(12.200000000000008), np.float64(12.40000000000001), np.float64(12.600000000000009), np.float64(12.800000000000008), np.float64(13.000000000000009), np.float64(13.20000000000001), np.float64(13.40000000000001), np.float64(13.600000000000009), np.float64(13.80000000000001), np.float64(14.00000000000001), np.float64(14.20000000000001), np.float64(14.40000000000001), np.float64(14.60000000000001), np.float64(14.800000000000011), np.float64(15.00000000000001), np.float64(15.20000000000001), np.float64(15.400000000000011), np.float64(15.600000000000012), np.float64(15.800000000000011), np.float64(16.00000000000001), np.float64(16.20000000000001), np.float64(16.400000000000013), np.float64(16.600000000000012), np.float64(16.80000000000001), np.float64(17.000000000000014), np.float64(17.200000000000014), np.float64(17.400000000000013), np.float64(17.600000000000012), np.float64(17.80000000000001), np.float64(18.000000000000014), np.float64(18.200000000000014), np.float64(18.400000000000013), np.float64(18.600000000000016), np.float64(18.800000000000015), np.float64(19.000000000000014), np.float64(19.200000000000014), np.float64(19.400000000000013), np.float64(19.600000000000016), np.float64(19.800000000000015)]
	queuing: slurm
	queue_template: defaultqueue.sbatch
	q_temp_am1: defaultqueue.sbatch
	q_temp_hi: defaultqueue.sbatch
	q_temp_mp2: defaultqueue.sbatch
	q_temp_l3: defaultqueue.sbatch
	queue_name: medium
	slurm_feature: 
	ppn: 8
	single_point_ppn: 4
	zf: 4
	delete_intermediate_files: 0
	scratch: 
	username: akhalilov
	queue_job_limit: 100
	error_missing_local: True
	do_clean: True
	me: 1
	run_me: 0
	me_code: mesmer
	collider: He
	epsilon: 278.01382815474597
	epsilon_unit: K
	sigma: 5.5
	correct_submerged: 0
	mess_command: mess
	TemperatureList: [300.0, 400.0, 500.0, 600.0, 700.0, 800.0, 900.0, 1000.0, 1100.0, 1200.0, 1300.0, 1400.0, 1500.0, 1600.0, 1700.0, 1800.0, 1900.0, 2000.0]
	PressureList: [7.6, 76.0, 760.0, 7600.0, 76000.0]
	EnergyStepOverTemperature: 0.2
	ExcessEnergyOverTemperature: 30
	ModelEnergyLimit: 400
	CalculationMethod: direct
	ChemicalEigenvalueMax: 0.2
	EnergyRelaxationFactor: 200
	EnergyRelaxationPower: 0.85
	EnergyRelaxationExponentCutoff: 15
	mesmer_command: mesmer
	uq: 0
	uq_n: 1
	uq_max_runs: 5
	well_uq: 0.5
	barrier_uq: 1.0
	freq_uq: 1.2
	imagfreq_uq: 1.1
	epsilon_uq: 1.2
	sigma_uq: 1.2
	enrelfact_uq: 1.2
	enrelpow_uq: 1.2
	pstsymm_uq: 2.0
25-May-25 03:06:00-INFO: Starting KinBot
25-May-25 03:06:00-INFO: Empty file kinbot_10256663.log is deleted.
25-May-25 03:06:00-INFO: Starting optimization of initial well...
25-May-25 03:14:18-INFO: 	Starting conformational search of 1502984803620600000001
25-May-25 03:21:31-INFO: 	Lowest energy conformer for species 1502984803620600000001 is number 0001
25-May-25 03:21:31-INFO: 	At 300.0 K with 5.0% cutoff the unique conformers for species 1502984803620600000001 are [0, 2]
25-May-25 03:21:35-INFO: Starting reaction search...
25-May-25 03:21:35-INFO: 	Found the following reactions:
25-May-25 03:21:35-INFO: 		1502984803620600000001_intra_H_migration_5_9
25-May-25 03:21:35-INFO: 		1502984803620600000001_intra_H_migration_6_9
25-May-25 03:21:35-INFO: 		1502984803620600000001_intra_H_migration_suprafacial_6_9
25-May-25 03:21:35-INFO: 		1502984803620600000001_r12_insertion_R_1_5_6
25-May-25 03:21:35-INFO: 		1502984803620600000001_r12_insertion_R_1_5_8
25-May-25 03:21:35-INFO: 		1502984803620600000001_r12_insertion_R_2_1_3
25-May-25 03:21:35-INFO: 		1502984803620600000001_r12_insertion_R_2_1_4
25-May-25 03:21:35-INFO: 		1502984803620600000001_r12_insertion_R_2_1_5
25-May-25 03:21:35-INFO: 		1502984803620600000001_r12_insertion_R_5_1_3
25-May-25 03:21:35-INFO: 		1502984803620600000001_r12_insertion_R_5_8_9
25-May-25 03:21:35-INFO: 		1502984803620600000001_r12_insertion_R_6_5_1
25-May-25 03:21:35-INFO: 		1502984803620600000001_r12_insertion_R_6_5_7
25-May-25 03:21:35-INFO: 		1502984803620600000001_r12_insertion_R_6_5_8
25-May-25 03:21:35-INFO: 		1502984803620600000001_r12_insertion_R_8_5_1
25-May-25 03:21:35-INFO: 		1502984803620600000001_r12_insertion_R_8_5_6
25-May-25 03:21:35-INFO: 		1502984803620600000001_r12_insertion_R_9_8_5
25-May-25 03:21:35-INFO: 		1502984803620600000001_r13_insertion_ROR_2_1_5_6
25-May-25 03:21:35-INFO: 		1502984803620600000001_r13_insertion_ROR_2_1_5_8
25-May-25 03:21:35-INFO: 		1502984803620600000001_r13_insertion_ROR_9_8_5_6
25-May-25 03:21:35-INFO: 		1502984803620600000001_Intra_Diels_alder_R_6_7
25-May-25 03:21:35-INFO: 		1502984803620600000001_R_Addition_MultipleBond_5_1_2
25-May-25 03:21:35-INFO: 		1502984803620600000001_R_Addition_MultipleBond_5_8_9
25-May-25 03:21:35-INFO: 		1502984803620600000001_hom_sci_1_2
25-May-25 03:21:35-INFO: 		1502984803620600000001_hom_sci_1_5
25-May-25 03:21:35-INFO: 		1502984803620600000001_hom_sci_5_6
25-May-25 03:21:35-INFO: 		1502984803620600000001_hom_sci_5_8
25-May-25 03:21:35-INFO: 		1502984803620600000001_hom_sci_8_9
25-May-25 03:21:44-INFO: 	Based on the end of IRC, reaction 1502984803620600000001_hom_sci_1_2 leads to products [1312673532570400000002, 190000000000000000002] [array(['C', 'F', 'F', 'S', 'O', 'O', 'O', 'H'], dtype='<U32'), array(['F'], dtype='<U32')]
25-May-25 03:21:44-INFO: 	Based on the end of IRC, reaction 1502984803620600000001_hom_sci_1_5 leads to products [690931140000000000002, 811611290340000000002] [array(['C', 'F', 'F', 'F'], dtype='<U32'), array(['S', 'O', 'O', 'O', 'H'], dtype='<U32')]
25-May-25 03:21:45-INFO: 	Based on the end of IRC, reaction 1502984803620600000001_hom_sci_5_6 leads to products [1342503882400600000001, 160000000000000000003] [array(['C', 'F', 'F', 'F', 'S', 'O', 'O', 'H'], dtype='<U32'), array(['O'], dtype='<U32')]
25-May-25 03:21:45-INFO: 	Based on the end of IRC, reaction 1502984803620600000001_hom_sci_5_8 leads to products [1332333552100000000002, 170170000000000000002] [array(['C', 'F', 'F', 'F', 'S', 'O', 'O'], dtype='<U32'), array(['O', 'H'], dtype='<U32')]
25-May-25 03:21:46-INFO: 	Based on the end of IRC, reaction 1502984803620600000001_hom_sci_8_9 leads to products [1492814473150000000002, 10000000000000000002] [array(['C', 'F', 'F', 'F', 'S', 'O', 'O', 'O'], dtype='<U32'), array(['H'], dtype='<U32')]
25-May-25 03:24:33-INFO: 	Starting conformational search of 690931140000000000002
25-May-25 03:24:33-INFO: 	Starting conformational search of 811611290340000000002
25-May-25 03:25:48-INFO: 	Lowest energy conformer for species 690931140000000000002 is number 0000
25-May-25 03:25:48-INFO: 	At 300.0 K with 5.0% cutoff the unique conformers for species 690931140000000000002 are [0]
25-May-25 03:26:43-INFO: 	Lowest energy conformer for species 811611290340000000002 is number 0000
25-May-25 03:26:43-INFO: 	At 300.0 K with 5.0% cutoff the unique conformers for species 811611290340000000002 are [0]
25-May-25 03:26:45-INFO: 	Starting conformational search of 1342503882400600000001
25-May-25 03:26:45-INFO: 	Starting conformational search of 160000000000000000003
25-May-25 03:26:46-INFO: 	Starting conformational search of 1332333552100000000002
25-May-25 03:26:46-INFO: 	Starting conformational search of 170170000000000000002
25-May-25 03:27:27-INFO: 	Lowest energy conformer for species 160000000000000000003 is number 0000
25-May-25 03:27:27-INFO: 	At 300.0 K with 5.0% cutoff the unique conformers for species 160000000000000000003 are [0]
25-May-25 03:27:31-INFO: 	Lowest energy conformer for species 170170000000000000002 is number 0000
25-May-25 03:27:31-INFO: 	At 300.0 K with 5.0% cutoff the unique conformers for species 170170000000000000002 are [0]
25-May-25 03:28:57-INFO: 	Starting conformational search of 1312673532570400000002
25-May-25 03:28:58-INFO: 	Starting conformational search of 190000000000000000002
25-May-25 03:30:17-INFO: 	Lowest energy conformer for species 1332333552100000000002 is number 0000
25-May-25 03:30:17-INFO: 	At 300.0 K with 5.0% cutoff the unique conformers for species 1332333552100000000002 are [0]
25-May-25 03:30:28-INFO: 	Lowest energy conformer for species 190000000000000000002 is number 0000
25-May-25 03:30:28-INFO: 	At 300.0 K with 5.0% cutoff the unique conformers for species 190000000000000000002 are [0]
25-May-25 03:30:36-INFO: 	Starting conformational search of 1492814473150000000002
25-May-25 03:30:36-INFO: 	Starting conformational search of 10000000000000000002
25-May-25 03:31:14-INFO: 	Rxn barrier is (32.34 kcal/mol) at L1 for 1502984803620600000001_R_Addition_MultipleBond_5_8_9
25-May-25 03:31:14-INFO: 	Starting IRC calculations for 1502984803620600000001_R_Addition_MultipleBond_5_8_9
25-May-25 03:32:42-INFO: 	Rxn barrier is (1.68 kcal/mol) at L1 for 1502984803620600000001_R_Addition_MultipleBond_5_1_2
25-May-25 03:32:42-INFO: 	Starting IRC calculations for 1502984803620600000001_R_Addition_MultipleBond_5_1_2
25-May-25 03:34:22-INFO: 	Lowest energy conformer for species 1342503882400600000001 is number 0002
25-May-25 03:34:22-INFO: 	At 300.0 K with 5.0% cutoff the unique conformers for species 1342503882400600000001 are [2]
25-May-25 03:34:39-INFO: 	Lowest energy conformer for species 10000000000000000002 is number 0000
25-May-25 03:34:39-INFO: 	At 300.0 K with 5.0% cutoff the unique conformers for species 10000000000000000002 are [0]
25-May-25 03:35:34-INFO: 	Rxn barrier is (32.52 kcal/mol) at L1 for 1502984803620600000001_intra_H_migration_5_9
25-May-25 03:35:34-INFO: 	Starting IRC calculations for 1502984803620600000001_intra_H_migration_5_9
25-May-25 03:37:48-INFO: 	Rxn barrier is 1.68 kcal/mol for 1502984803620600000001_R_Addition_MultipleBond_5_1_2
25-May-25 03:37:49-INFO: 	Both IRCs lead to the initial well, identical reaction found: 1502984803620600000001_R_Addition_MultipleBond_5_1_2
25-May-25 03:37:49-INFO: 	No product found for 1502984803620600000001_R_Addition_MultipleBond_5_1_2
25-May-25 03:38:09-INFO: 	Lowest energy conformer for species 1312673532570400000002 is number 0000
25-May-25 03:38:09-INFO: 	At 300.0 K with 5.0% cutoff the unique conformers for species 1312673532570400000002 are [0, 2]
25-May-25 03:39:52-INFO: 	Rxn barrier is (83.59 kcal/mol) at L1 for 1502984803620600000001_r12_insertion_R_2_1_5
25-May-25 03:39:52-INFO: 	Starting IRC calculations for 1502984803620600000001_r12_insertion_R_2_1_5
25-May-25 03:39:57-INFO: 	Rxn barrier is (2.16 kcal/mol) at L1 for 1502984803620600000001_r12_insertion_R_8_5_1
25-May-25 03:39:57-INFO: 	Starting IRC calculations for 1502984803620600000001_r12_insertion_R_8_5_1
25-May-25 03:40:02-INFO: 	Rxn barrier is 32.34 kcal/mol for 1502984803620600000001_R_Addition_MultipleBond_5_8_9
25-May-25 03:40:03-INFO: 	Both IRCs lead to the initial well, identical reaction found: 1502984803620600000001_R_Addition_MultipleBond_5_8_9
25-May-25 03:40:03-INFO: 	No product found for 1502984803620600000001_R_Addition_MultipleBond_5_8_9
25-May-25 03:41:52-INFO: 	Rxn barrier is (2.16 kcal/mol) at L1 for 1502984803620600000001_r12_insertion_R_1_5_8
25-May-25 03:41:52-INFO: 	Starting IRC calculations for 1502984803620600000001_r12_insertion_R_1_5_8
25-May-25 03:43:49-INFO: 	Rxn barrier is (32.53 kcal/mol) at L1 for 1502984803620600000001_r12_insertion_R_9_8_5
25-May-25 03:43:49-INFO: 	Starting IRC calculations for 1502984803620600000001_r12_insertion_R_9_8_5
25-May-25 03:43:53-INFO: 	Lowest energy conformer for species 1492814473150000000002 is number 0000
25-May-25 03:43:53-INFO: 	At 300.0 K with 5.0% cutoff the unique conformers for species 1492814473150000000002 are [0]
25-May-25 03:45:38-INFO: 	Rxn barrier is (83.62 kcal/mol) at L1 for 1502984803620600000001_r12_insertion_R_5_1_3
25-May-25 03:45:38-INFO: 	Starting IRC calculations for 1502984803620600000001_r12_insertion_R_5_1_3
25-May-25 03:47:50-INFO: 	Rxn barrier is 2.16 kcal/mol for 1502984803620600000001_r12_insertion_R_8_5_1
25-May-25 03:47:51-INFO: 	Both IRCs lead to the initial well, identical reaction found: 1502984803620600000001_r12_insertion_R_8_5_1
25-May-25 03:47:51-INFO: 	No product found for 1502984803620600000001_r12_insertion_R_8_5_1
25-May-25 03:48:55-INFO: 	Rxn barrier is 2.16 kcal/mol for 1502984803620600000001_r12_insertion_R_1_5_8
25-May-25 03:48:56-INFO: 	Both IRCs lead to the initial well, identical reaction found: 1502984803620600000001_r12_insertion_R_1_5_8
25-May-25 03:48:56-INFO: 	No product found for 1502984803620600000001_r12_insertion_R_1_5_8
25-May-25 03:49:38-INFO: 	Rxn barrier is (5.62 kcal/mol) at L1 for 1502984803620600000001_r12_insertion_R_6_5_1
25-May-25 03:49:38-INFO: 	Starting IRC calculations for 1502984803620600000001_r12_insertion_R_6_5_1
25-May-25 03:51:42-INFO: 	Reaction search failed for 1502984803620600000001_r12_insertion_R_5_8_9: Wrong number of imaginary frequencies.
25-May-25 03:59:07-INFO: 	Rxn barrier is (3.18 kcal/mol) at L1 for 1502984803620600000001_Intra_Diels_alder_R_6_7
25-May-25 03:59:07-INFO: 	Starting IRC calculations for 1502984803620600000001_Intra_Diels_alder_R_6_7
25-May-25 04:02:49-INFO: 	Rxn barrier is (124.45 kcal/mol) at L1 for 1502984803620600000001_r12_insertion_R_6_5_7
25-May-25 04:02:49-INFO: 	Starting IRC calculations for 1502984803620600000001_r12_insertion_R_6_5_7
25-May-25 04:04:12-INFO: 	Rxn barrier is (3.16 kcal/mol) at L1 for 1502984803620600000001_r12_insertion_R_6_5_8
25-May-25 04:04:12-INFO: 	Starting IRC calculations for 1502984803620600000001_r12_insertion_R_6_5_8
25-May-25 04:08:44-INFO: 	Reaction search failed for 1502984803620600000001_intra_H_migration_6_9: Wrong number of imaginary frequencies.
25-May-25 04:10:38-INFO: 	Reaction search failed for 1502984803620600000001_r12_insertion_R_2_1_3: Wrong number of imaginary frequencies.
25-May-25 04:12:05-INFO: 	Rxn barrier is (175.59 kcal/mol) at L1 for 1502984803620600000001_r13_insertion_ROR_2_1_5_6
25-May-25 04:12:05-INFO: 	Starting IRC calculations for 1502984803620600000001_r13_insertion_ROR_2_1_5_6
25-May-25 04:12:48-INFO: 	Rxn barrier is 32.52 kcal/mol for 1502984803620600000001_intra_H_migration_5_9
25-May-25 04:12:49-INFO: 	Both IRCs lead to the initial well, identical reaction found: 1502984803620600000001_intra_H_migration_5_9
25-May-25 04:12:49-INFO: 	No product found for 1502984803620600000001_intra_H_migration_5_9
25-May-25 04:15:58-INFO: 	Rxn barrier is 3.18 kcal/mol for 1502984803620600000001_Intra_Diels_alder_R_6_7
25-May-25 04:15:58-INFO: 	Both IRCs lead to the initial well, identical reaction found: 1502984803620600000001_Intra_Diels_alder_R_6_7
25-May-25 04:15:58-INFO: 	No product found for 1502984803620600000001_Intra_Diels_alder_R_6_7
25-May-25 04:22:17-INFO: 	Rxn barrier is (35.63 kcal/mol) at L1 for 1502984803620600000001_intra_H_migration_suprafacial_6_9
25-May-25 04:22:17-INFO: 	Starting IRC calculations for 1502984803620600000001_intra_H_migration_suprafacial_6_9
25-May-25 04:22:36-INFO: 	Rxn barrier is 3.16 kcal/mol for 1502984803620600000001_r12_insertion_R_6_5_8
25-May-25 04:22:37-INFO: 	Both IRCs lead to the initial well, identical reaction found: 1502984803620600000001_r12_insertion_R_6_5_8
25-May-25 04:22:37-INFO: 	No product found for 1502984803620600000001_r12_insertion_R_6_5_8
25-May-25 04:24:56-INFO: 	Rxn barrier is 32.53 kcal/mol for 1502984803620600000001_r12_insertion_R_9_8_5
25-May-25 04:24:56-INFO: 	Both IRCs lead to the initial well, identical reaction found: 1502984803620600000001_r12_insertion_R_9_8_5
25-May-25 04:24:56-INFO: 	No product found for 1502984803620600000001_r12_insertion_R_9_8_5
25-May-25 04:29:52-INFO: 	Rxn barrier is 83.59 kcal/mol for 1502984803620600000001_r12_insertion_R_2_1_5
25-May-25 04:29:53-INFO: 	IRCs successful for 1502984803620600000001_r12_insertion_R_2_1_5
25-May-25 04:30:00-INFO: 	Rxn barrier is 5.62 kcal/mol for 1502984803620600000001_r12_insertion_R_6_5_1
25-May-25 04:30:00-INFO: 	Both IRCs lead to the initial well, identical reaction found: 1502984803620600000001_r12_insertion_R_6_5_1
25-May-25 04:30:00-INFO: 	No product found for 1502984803620600000001_r12_insertion_R_6_5_1
25-May-25 04:30:14-INFO: 	Based on the end of IRC, reaction 1502984803620600000001_r12_insertion_R_2_1_5 leads to products [500620380000000000001, 1002122340540000000001] [array(['C', 'F', 'F'], dtype='<U32'), array(['F', 'S', 'O', 'O', 'O', 'H'], dtype='<U32')]
25-May-25 04:31:26-INFO: 	Checking vdW well for 1502984803620600000001_r12_insertion_R_2_1_5.
25-May-25 04:31:28-INFO: 	vdW well detected for 1502984803620600000001_r12_insertion_R_2_1_5_IRC_F_prod. Depth: 1.53 kcal/mol.
25-May-25 04:31:49-INFO: 	Starting conformational search of 1502984803620600000001_r12_insertion_R_2_1_5
25-May-25 04:31:50-INFO: 	Starting conformational search of 500620380000000000001
25-May-25 04:31:50-INFO: 	Starting conformational search of 1002122340540000000001
25-May-25 04:32:27-INFO: 	Lowest energy conformer for species 500620380000000000001 is number 0000
25-May-25 04:32:27-INFO: 	At 300.0 K with 5.0% cutoff the unique conformers for species 500620380000000000001 are [0]
25-May-25 04:34:20-INFO: 	Lowest energy conformer for species 1002122340540000000001 is number 0000
25-May-25 04:34:20-INFO: 	At 300.0 K with 5.0% cutoff the unique conformers for species 1002122340540000000001 are [0, 2]
25-May-25 04:36:14-INFO: 	Rxn barrier is 83.62 kcal/mol for 1502984803620600000001_r12_insertion_R_5_1_3
25-May-25 04:36:15-INFO: 	IRCs successful for 1502984803620600000001_r12_insertion_R_5_1_3
25-May-25 04:36:28-INFO: 	Based on the end of IRC, reaction 1502984803620600000001_r12_insertion_R_5_1_3 leads to products [500620380000000000001, 1002122340540000000001] [array(['C', 'F', 'F'], dtype='<U32'), array(['F', 'S', 'O', 'O', 'O', 'H'], dtype='<U32')]
25-May-25 04:36:30-INFO: 	Checking vdW well for 1502984803620600000001_r12_insertion_R_5_1_3.
25-May-25 04:36:32-INFO: 	vdW well detected for 1502984803620600000001_r12_insertion_R_5_1_3_IRC_R_prod. Depth: 1.54 kcal/mol.
25-May-25 04:36:51-INFO: 	Starting conformational search of 1502984803620600000001_r12_insertion_R_5_1_3
25-May-25 04:39:14-INFO: 	Rxn barrier is (125.27 kcal/mol) at L1 for 1502984803620600000001_r13_insertion_ROR_9_8_5_6
25-May-25 04:39:14-INFO: 	Starting IRC calculations for 1502984803620600000001_r13_insertion_ROR_9_8_5_6
25-May-25 04:46:36-INFO: 	Lowest energy conformer for species 1502984803620600000001_r12_insertion_R_2_1_5 is number 0001
25-May-25 04:46:36-INFO: 	At 300.0 K with 5.0% cutoff the unique conformers for species 1502984803620600000001_r12_insertion_R_2_1_5 are [0, 2]
25-May-25 04:50:05-INFO: 	Lowest energy conformer for species 1502984803620600000001_r12_insertion_R_5_1_3 is number 0001
25-May-25 04:50:05-INFO: 	At 300.0 K with 5.0% cutoff the unique conformers for species 1502984803620600000001_r12_insertion_R_5_1_3 are [0, 2]
25-May-25 05:10:52-INFO: 	Rxn barrier is (47.09 kcal/mol) at L1 for 1502984803620600000001_r13_insertion_ROR_2_1_5_8
25-May-25 05:10:52-INFO: 	Starting IRC calculations for 1502984803620600000001_r13_insertion_ROR_2_1_5_8
25-May-25 05:19:00-INFO: 	Rxn barrier is 125.27 kcal/mol for 1502984803620600000001_r13_insertion_ROR_9_8_5_6
25-May-25 05:19:00-INFO: 	Neither IRC leads to the initial well for 1502984803620600000001_r13_insertion_ROR_9_8_5_6
25-May-25 05:19:00-INFO: 	No product found for 1502984803620600000001_r13_insertion_ROR_9_8_5_6
25-May-25 05:27:06-INFO: 	Rxn barrier is 124.45 kcal/mol for 1502984803620600000001_r12_insertion_R_6_5_7
25-May-25 05:27:07-INFO: 	IRCs successful for 1502984803620600000001_r12_insertion_R_6_5_7
25-May-25 05:27:23-INFO: 	Based on the end of IRC, reaction 1502984803620600000001_r12_insertion_R_6_5_7 leads to products [1503305764823040000001] [array(['C', 'F', 'F', 'F', 'S', 'O', 'O', 'O', 'H'], dtype='<U32')]
25-May-25 05:28:20-INFO: 	Rxn barrier is 47.09 kcal/mol for 1502984803620600000001_r13_insertion_ROR_2_1_5_8
25-May-25 05:28:21-INFO: 	IRCs successful for 1502984803620600000001_r13_insertion_ROR_2_1_5_8
25-May-25 05:28:31-INFO: 	Based on the end of IRC, reaction 1502984803620600000001_r13_insertion_ROR_2_1_5_8 leads to products [1302503202100000000001, 200200000000000000001] [array(['C', 'F', 'F', 'S', 'O', 'O', 'O'], dtype='<U32'), array(['F', 'H'], dtype='<U32')]
25-May-25 05:31:37-INFO: 	Starting conformational search of 1502984803620600000001_r12_insertion_R_6_5_7
25-May-25 05:31:37-INFO: 	Starting conformational search of 1503305764823040000001
25-May-25 05:35:46-WARNING: Product 1302503202100000000001 optimized to [1302784824321400000001] in reaction 1502984803620600000001_r13_insertion_ROR_2_1_5_8
25-May-25 05:38:37-INFO: 	Checking vdW well for 1502984803620600000001_r13_insertion_ROR_2_1_5_8.
25-May-25 05:38:39-INFO: 	1502984803620600000001_r13_insertion_ROR_2_1_5_8_IRC_F_prod was not succesfully identified as a vdW well. Well depth is -6.53 kcal/mol.
25-May-25 05:38:56-INFO: 	Starting conformational search of 1502984803620600000001_r13_insertion_ROR_2_1_5_8
25-May-25 05:38:57-INFO: 	Starting conformational search of 200200000000000000001
25-May-25 05:38:57-INFO: 	Starting conformational search of 1302784824321400000001
25-May-25 05:39:20-INFO: 	Lowest energy conformer for species 200200000000000000001 is number 0000
25-May-25 05:39:20-INFO: 	At 300.0 K with 5.0% cutoff the unique conformers for species 200200000000000000001 are [0]
25-May-25 05:41:07-INFO: 	Lowest energy conformer for species 1503305764823040000001 is number 0002
25-May-25 05:41:07-INFO: 	At 300.0 K with 5.0% cutoff the unique conformers for species 1503305764823040000001 are [2]
25-May-25 05:41:28-INFO: 	Lowest energy conformer for species 1302784824321400000001 is number 0000
25-May-25 05:41:28-INFO: 	At 300.0 K with 5.0% cutoff the unique conformers for species 1302784824321400000001 are [0]
25-May-25 05:45:36-INFO: 	Lowest energy conformer for species 1502984803620600000001_r12_insertion_R_6_5_7 is number 0001
25-May-25 05:45:36-INFO: 	At 300.0 K with 5.0% cutoff the unique conformers for species 1502984803620600000001_r12_insertion_R_6_5_7 are [0, 1]
25-May-25 05:54:32-INFO: 	Rxn barrier is 35.63 kcal/mol for 1502984803620600000001_intra_H_migration_suprafacial_6_9
25-May-25 05:54:32-INFO: 	No product found for 1502984803620600000001_intra_H_migration_suprafacial_6_9
25-May-25 06:03:34-INFO: 	Rxn barrier is 175.59 kcal/mol for 1502984803620600000001_r13_insertion_ROR_2_1_5_6
25-May-25 06:03:34-INFO: 	No product found for 1502984803620600000001_r13_insertion_ROR_2_1_5_6
25-May-25 06:16:13-INFO: 	Lowest energy conformer for species 1502984803620600000001_r13_insertion_ROR_2_1_5_8 is number 0002
25-May-25 06:16:13-INFO: 	At 300.0 K with 5.0% cutoff the unique conformers for species 1502984803620600000001_r13_insertion_ROR_2_1_5_8 are [0, 3]
25-May-25 09:00:08-INFO: 	Reaction search failed for 1502984803620600000001_r12_insertion_R_2_1_4.
25-May-25 13:34:05-INFO: 	Reaction search failed for 1502984803620600000001_r12_insertion_R_8_5_6.
25-May-25 17:20:18-INFO: 	Reaction search failed for 1502984803620600000001_r12_insertion_R_1_5_6.
25-May-25 17:20:19-INFO: Reaction generation done!
25-May-25 17:20:20-INFO: Starting Master Equation calculations
25-May-25 17:20:20-INFO: KinBot finished.
