-999	16	1502984803620600000001_intra_H_migration_5_9
-999	16	1502984803620600000001_intra_H_migration_6_9
-999	15	1502984803620600000001_intra_H_migration_suprafacial_6_9
-999	13	1502984803620600000001_r12_insertion_R_1_5_6
-999	13	1502984803620600000001_r12_insertion_R_1_5_8
-999	13	1502984803620600000001_r12_insertion_R_2_1_3
-999	13	1502984803620600000001_r12_insertion_R_2_1_4
-1	13	1502984803620600000001_r12_insertion_R_2_1_5	500620380000000000001 1002122340540000000001
-1	13	1502984803620600000001_r12_insertion_R_5_1_3	500620380000000000001 1002122340540000000001
-999	13	1502984803620600000001_r12_insertion_R_5_8_9
-999	13	1502984803620600000001_r12_insertion_R_6_5_1
-1	13	1502984803620600000001_r12_insertion_R_6_5_7	1503305764823040000001
-999	13	1502984803620600000001_r12_insertion_R_6_5_8
-999	13	1502984803620600000001_r12_insertion_R_8_5_1
-999	13	1502984803620600000001_r12_insertion_R_8_5_6
-999	13	1502984803620600000001_r12_insertion_R_9_8_5
-999	23	1502984803620600000001_r13_insertion_ROR_2_1_5_6
-1	23	1502984803620600000001_r13_insertion_ROR_2_1_5_8	200200000000000000001 1302784824321400000001
-999	23	1502984803620600000001_r13_insertion_ROR_9_8_5_6
-999	23	1502984803620600000001_Intra_Diels_alder_R_6_7
-999	13	1502984803620600000001_R_Addition_MultipleBond_5_1_2
-999	13	1502984803620600000001_R_Addition_MultipleBond_5_8_9
-1	0	1502984803620600000001_hom_sci_1_2	1312673532570400000002 190000000000000000002
-1	0	1502984803620600000001_hom_sci_1_5	690931140000000000002 811611290340000000002
-1	0	1502984803620600000001_hom_sci_5_6	1342503882400600000001 160000000000000000003
-1	0	1502984803620600000001_hom_sci_5_8	1332333552100000000002 170170000000000000002
-1	0	1502984803620600000001_hom_sci_8_9	1492814473150000000002 10000000000000000002
