
Copyright 2018 National Technology & Engineering Solutions of Sandia,
LLC (NTESS). Under the terms of Contract DE-NA0003525 with NTESS, 
the U.S. Government retains certain rights in this software.

FAILED            1502984803620600000001_intra_H_migration_5_9             
FAILED            1502984803620600000001_intra_H_migration_6_9             
FAILED            1502984803620600000001_intra_H_migration_suprafacial_6_9 
FAILED            1502984803620600000001_r12_insertion_R_1_5_6             
FAILED            1502984803620600000001_r12_insertion_R_1_5_8             
FAILED            1502984803620600000001_r12_insertion_R_2_1_3             
FAILED            1502984803620600000001_r12_insertion_R_2_1_4             
SUCCESS    83.59  1502984803620600000001_r12_insertion_R_2_1_5              1002122340540000000001 500620380000000000001   45.01  vdW_IRC_F_prod
SUCCESS    83.62  1502984803620600000001_r12_insertion_R_5_1_3              1002122340540000000001 500620380000000000001   45.00  vdW_IRC_R_prod
FAILED            1502984803620600000001_r12_insertion_R_5_8_9             
FAILED            1502984803620600000001_r12_insertion_R_6_5_1             
SUCCESS   124.46  1502984803620600000001_r12_insertion_R_6_5_7              1503305764823040000001
FAILED            1502984803620600000001_r12_insertion_R_6_5_8             
FAILED            1502984803620600000001_r12_insertion_R_8_5_1             
FAILED            1502984803620600000001_r12_insertion_R_8_5_6             
FAILED            1502984803620600000001_r12_insertion_R_9_8_5             
FAILED            1502984803620600000001_r13_insertion_ROR_2_1_5_6         
SUCCESS    47.10  1502984803620600000001_r13_insertion_ROR_2_1_5_8          1302784824321400000001 200200000000000000001
FAILED            1502984803620600000001_r13_insertion_ROR_9_8_5_6         
FAILED            1502984803620600000001_Intra_Diels_alder_R_6_7           
FAILED            1502984803620600000001_R_Addition_MultipleBond_5_1_2     
FAILED            1502984803620600000001_R_Addition_MultipleBond_5_8_9     
SUCCESS   122.18  1502984803620600000001_hom_sci_1_2                        1312673532570400000002 190000000000000000002
SUCCESS    67.49  1502984803620600000001_hom_sci_1_5                        690931140000000000002 811611290340000000002
SUCCESS   104.09  1502984803620600000001_hom_sci_5_6                        1342503882400600000001 160000000000000000003
SUCCESS    88.72  1502984803620600000001_hom_sci_5_8                        1332333552100000000002 170170000000000000002
SUCCESS   112.28  1502984803620600000001_hom_sci_8_9                        10000000000000000002 1492814473150000000002