Arkane execution initiated at Sun May 25 19:13:42 2025

################################################################
#                                                              #
# Automated Reaction Kinetics and Network Exploration (Arkane) #
#                                                              #
#   Version: 3.1.0                                             #
#   Authors: RMG Developers (rmg_dev@mit.edu)                  #
#   P.I.s:   William H. Green (whgreen@mit.edu)                #
#            Richard H. West (r.west@neu.edu)                  #
#   Website: http://reactionmechanismgenerator.github.io/      #
#                                                              #
################################################################

Databases not found. Making databases
Loading frequencies group database from /home/akhalilov/.conda/envs/prepackaged_rmg_env/share/rmgdatabase/statmech/groups...
Loading transport library from GRI-Mech.py in /home/akhalilov/.conda/envs/prepackaged_rmg_env/share/rmgdatabase/transport/libraries...
Loading transport library from NOx2018.py in /home/akhalilov/.conda/envs/prepackaged_rmg_env/share/rmgdatabase/transport/libraries...
Loading transport library from OneDMinN2.py in /home/akhalilov/.conda/envs/prepackaged_rmg_env/share/rmgdatabase/transport/libraries...
Loading transport library from PrimaryTransportLibrary.py in /home/akhalilov/.conda/envs/prepackaged_rmg_env/share/rmgdatabase/transport/libraries...
Loading transport group database from /home/akhalilov/.conda/envs/prepackaged_rmg_env/share/rmgdatabase/transport/groups...
Loading species 10000000000000000002...
Loading species 1001961801040200000001...
Loading species 1002122340540000000001...
Loading species 1312673532570400000002...
Loading species 1332333552100000000002...
Loading species 1342503882400600000001...
Loading species 1492814473150000000002...
Loading species 1502824203031350600001...
Error: Could not update atomtypes for this molecule:
multiplicity -187
1 H u0 p0 c0 {2,S}
2 O u0 p2 c0 {1,S} {3,S}
3 S u0 p1 c0 {2,S} {4,D} {5,S}
4 O u0 p2 c0 {3,D}
5 C u0 p0 c0 {3,S} {6,S} {7,S} {8,S}
6 F u0 p3 c0 {5,S}
7 F u0 p3 c0 {5,S}
8 F u0 p2 c0 {5,S} {9,S}
9 O u1 p2 c0 {8,S}

Arkane execution initiated at Sun May 25 19:14:22 2025

################################################################
#                                                              #
# Automated Reaction Kinetics and Network Exploration (Arkane) #
#                                                              #
#   Version: 3.1.0                                             #
#   Authors: RMG Developers (rmg_dev@mit.edu)                  #
#   P.I.s:   William H. Green (whgreen@mit.edu)                #
#            Richard H. West (r.west@neu.edu)                  #
#   Website: http://reactionmechanismgenerator.github.io/      #
#                                                              #
################################################################

Databases not found. Making databases
Loading frequencies group database from /home/akhalilov/.conda/envs/prepackaged_rmg_env/share/rmgdatabase/statmech/groups...
Loading transport library from GRI-Mech.py in /home/akhalilov/.conda/envs/prepackaged_rmg_env/share/rmgdatabase/transport/libraries...
Loading transport library from NOx2018.py in /home/akhalilov/.conda/envs/prepackaged_rmg_env/share/rmgdatabase/transport/libraries...
Loading transport library from OneDMinN2.py in /home/akhalilov/.conda/envs/prepackaged_rmg_env/share/rmgdatabase/transport/libraries...
Loading transport library from PrimaryTransportLibrary.py in /home/akhalilov/.conda/envs/prepackaged_rmg_env/share/rmgdatabase/transport/libraries...
Loading transport group database from /home/akhalilov/.conda/envs/prepackaged_rmg_env/share/rmgdatabase/transport/groups...
Loading species 10000000000000000002...
Loading species 1001961801040200000001...
Loading species 1002122340540000000001...
Loading species 1312673532570400000002...
Loading species 1332333552100000000002...
Loading species 1342503882400600000001...
Loading species 1492814473150000000002...
Loading species 1502824203031350600001...
Loading species 1502984803620600000001...
Loading species 1503305764823040000001...
Loading species 160000000000000000003...
Loading species 170170000000000000002...
Loading species 190000000000000000002...
Loading species 500620380000000000001...
Loading species 690931140000000000002...
Loading species 811611290340000000002...
Loading transition state 1502984803620600000001_r13_insertion_ROR_2_1_5_6...
Loading transition state 1502984803620600000001_r13_insertion_ROR_9_8_5_6...
Loading reaction 1502984803620600000001 <=> 1001961801040200000001 + 500620380000000000001...
Loading reaction 1502984803620600000001 <=> 1502824203031350600001...
Warning: No frequency scaling factor found for LevelOfTheory(method='b97d3',basis='def2msvp',software='gaussian'). Assuming a value of unity. This will affect the partition function and all quantities derived from it  (thermo quantities and rate coefficients).


Warning: Species label is longer than 15 characters and will break CHEMKIN 2.0
Warning: Species label is longer than 15 characters and will break CHEMKIN 2.0
Warning: Species label is longer than 15 characters and will break CHEMKIN 2.0
Warning: Species label is longer than 15 characters and will break CHEMKIN 2.0
Warning: Species label is longer than 15 characters and will break CHEMKIN 2.0
Warning: Species label is longer than 15 characters and will break CHEMKIN 2.0
Warning: Species label is longer than 15 characters and will break CHEMKIN 2.0
Warning: Species label is longer than 15 characters and will break CHEMKIN 2.0
Warning: Species label is longer than 15 characters and will break CHEMKIN 2.0
Warning: Species label is longer than 15 characters and will break CHEMKIN 2.0
Warning: Species label is longer than 15 characters and will break CHEMKIN 2.0
Warning: Species label is longer than 15 characters and will break CHEMKIN 2.0
Warning: Species label is longer than 15 characters and will break CHEMKIN 2.0
Warning: Species label is longer than 15 characters and will break CHEMKIN 2.0
Warning: Species label is longer than 15 characters and will break CHEMKIN 2.0
Warning: Species label is longer than 15 characters and will break CHEMKIN 2.0
Loading statistical mechanics parameters for 10000000000000000002...
Warning: gaussian was specified as energy software but does not match detected software. Software will be updated to Gaussian.
Warning: gaussian was specified as frequency software but does not match detected software. Software will be updated to Gaussian.
Symmetry input file written to /home/akhalilov/GaussianJobCreator/AUTOMATION-CENTER/connect_kinbot_to_arkane/arkane_files_PFMS-HIR/scratch/0.symm
Point group: Kh
Symmetry input file written to /home/akhalilov/GaussianJobCreator/AUTOMATION-CENTER/connect_kinbot_to_arkane/arkane_files_PFMS-HIR/scratch/0.symm
Point group: Kh
Saving statistical mechanics parameters for 10000000000000000002...
Loading statistical mechanics parameters for 1001961801040200000001...
Warning: gaussian was specified as energy software but does not match detected software. Software will be updated to Gaussian.
Warning: gaussian was specified as frequency software but does not match detected software. Software will be updated to Gaussian.
Symmetry input file written to /home/akhalilov/GaussianJobCreator/AUTOMATION-CENTER/connect_kinbot_to_arkane/arkane_files_PFMS-HIR/scratch/0.symm
Point group: C1
Symmetry input file written to /home/akhalilov/GaussianJobCreator/AUTOMATION-CENTER/connect_kinbot_to_arkane/arkane_files_PFMS-HIR/scratch/0.symm
Point group: C1
Saving statistical mechanics parameters for 1001961801040200000001...
Loading statistical mechanics parameters for 1002122340540000000001...
Warning: gaussian was specified as energy software but does not match detected software. Software will be updated to Gaussian.
Warning: gaussian was specified as frequency software but does not match detected software. Software will be updated to Gaussian.
Symmetry input file written to /home/akhalilov/GaussianJobCreator/AUTOMATION-CENTER/connect_kinbot_to_arkane/arkane_files_PFMS-HIR/scratch/0.symm
Point group: C1
Symmetry input file written to /home/akhalilov/GaussianJobCreator/AUTOMATION-CENTER/connect_kinbot_to_arkane/arkane_files_PFMS-HIR/scratch/0.symm
Point group: C1
Saving statistical mechanics parameters for 1002122340540000000001...
Loading statistical mechanics parameters for 1312673532570400000002...
Warning: gaussian was specified as energy software but does not match detected software. Software will be updated to Gaussian.
Warning: gaussian was specified as frequency software but does not match detected software. Software will be updated to Gaussian.
Symmetry input file written to /home/akhalilov/GaussianJobCreator/AUTOMATION-CENTER/connect_kinbot_to_arkane/arkane_files_PFMS-HIR/scratch/0.symm
Point group: C1
Symmetry input file written to /home/akhalilov/GaussianJobCreator/AUTOMATION-CENTER/connect_kinbot_to_arkane/arkane_files_PFMS-HIR/scratch/0.symm
Point group: C1
Saving statistical mechanics parameters for 1312673532570400000002...
Loading statistical mechanics parameters for 1332333552100000000002...
Warning: gaussian was specified as energy software but does not match detected software. Software will be updated to Gaussian.
Warning: gaussian was specified as frequency software but does not match detected software. Software will be updated to Gaussian.
Symmetry input file written to /home/akhalilov/GaussianJobCreator/AUTOMATION-CENTER/connect_kinbot_to_arkane/arkane_files_PFMS-HIR/scratch/0.symm
Point group: Cs
Symmetry input file written to /home/akhalilov/GaussianJobCreator/AUTOMATION-CENTER/connect_kinbot_to_arkane/arkane_files_PFMS-HIR/scratch/0.symm
Point group: Cs
Saving statistical mechanics parameters for 1332333552100000000002...
Loading statistical mechanics parameters for 1342503882400600000001...
Warning: gaussian was specified as energy software but does not match detected software. Software will be updated to Gaussian.
Warning: gaussian was specified as frequency software but does not match detected software. Software will be updated to Gaussian.
Symmetry input file written to /home/akhalilov/GaussianJobCreator/AUTOMATION-CENTER/connect_kinbot_to_arkane/arkane_files_PFMS-HIR/scratch/0.symm
Point group: C1
Symmetry input file written to /home/akhalilov/GaussianJobCreator/AUTOMATION-CENTER/connect_kinbot_to_arkane/arkane_files_PFMS-HIR/scratch/0.symm
Point group: C1
Saving statistical mechanics parameters for 1342503882400600000001...
Loading statistical mechanics parameters for 1492814473150000000002...
Warning: gaussian was specified as energy software but does not match detected software. Software will be updated to Gaussian.
Warning: gaussian was specified as frequency software but does not match detected software. Software will be updated to Gaussian.
Symmetry input file written to /home/akhalilov/GaussianJobCreator/AUTOMATION-CENTER/connect_kinbot_to_arkane/arkane_files_PFMS-HIR/scratch/0.symm
Point group: Cs
Symmetry input file written to /home/akhalilov/GaussianJobCreator/AUTOMATION-CENTER/connect_kinbot_to_arkane/arkane_files_PFMS-HIR/scratch/0.symm
Point group: Cs
Saving statistical mechanics parameters for 1492814473150000000002...
Loading statistical mechanics parameters for 1502824203031350600001...
Warning: gaussian was specified as energy software but does not match detected software. Software will be updated to Gaussian.
Warning: gaussian was specified as frequency software but does not match detected software. Software will be updated to Gaussian.
Symmetry input file written to /home/akhalilov/GaussianJobCreator/AUTOMATION-CENTER/connect_kinbot_to_arkane/arkane_files_PFMS-HIR/scratch/0.symm
Point group: C1
Symmetry input file written to /home/akhalilov/GaussianJobCreator/AUTOMATION-CENTER/connect_kinbot_to_arkane/arkane_files_PFMS-HIR/scratch/0.symm
Point group: C1
Saving statistical mechanics parameters for 1502824203031350600001...
Loading statistical mechanics parameters for 1502984803620600000001...
Warning: gaussian was specified as energy software but does not match detected software. Software will be updated to Gaussian.
Warning: gaussian was specified as frequency software but does not match detected software. Software will be updated to Gaussian.
Symmetry input file written to /home/akhalilov/GaussianJobCreator/AUTOMATION-CENTER/connect_kinbot_to_arkane/arkane_files_PFMS-HIR/scratch/0.symm
Point group: C1
Symmetry input file written to /home/akhalilov/GaussianJobCreator/AUTOMATION-CENTER/connect_kinbot_to_arkane/arkane_files_PFMS-HIR/scratch/0.symm
Point group: C1
Saving statistical mechanics parameters for 1502984803620600000001...
Loading statistical mechanics parameters for 1503305764823040000001...
Warning: gaussian was specified as energy software but does not match detected software. Software will be updated to Gaussian.
Warning: gaussian was specified as frequency software but does not match detected software. Software will be updated to Gaussian.
Symmetry input file written to /home/akhalilov/GaussianJobCreator/AUTOMATION-CENTER/connect_kinbot_to_arkane/arkane_files_PFMS-HIR/scratch/0.symm
Point group: C1
Symmetry input file written to /home/akhalilov/GaussianJobCreator/AUTOMATION-CENTER/connect_kinbot_to_arkane/arkane_files_PFMS-HIR/scratch/0.symm
Point group: C1
Saving statistical mechanics parameters for 1503305764823040000001...
Loading statistical mechanics parameters for 160000000000000000003...
Warning: gaussian was specified as energy software but does not match detected software. Software will be updated to Gaussian.
Warning: gaussian was specified as frequency software but does not match detected software. Software will be updated to Gaussian.
Symmetry input file written to /home/akhalilov/GaussianJobCreator/AUTOMATION-CENTER/connect_kinbot_to_arkane/arkane_files_PFMS-HIR/scratch/0.symm
Point group: Kh
Symmetry input file written to /home/akhalilov/GaussianJobCreator/AUTOMATION-CENTER/connect_kinbot_to_arkane/arkane_files_PFMS-HIR/scratch/0.symm
Point group: Kh
Saving statistical mechanics parameters for 160000000000000000003...
Loading statistical mechanics parameters for 170170000000000000002...
Warning: gaussian was specified as energy software but does not match detected software. Software will be updated to Gaussian.
Warning: gaussian was specified as frequency software but does not match detected software. Software will be updated to Gaussian.
Symmetry input file written to /home/akhalilov/GaussianJobCreator/AUTOMATION-CENTER/connect_kinbot_to_arkane/arkane_files_PFMS-HIR/scratch/0.symm
Point group: Cinfv
Symmetry input file written to /home/akhalilov/GaussianJobCreator/AUTOMATION-CENTER/connect_kinbot_to_arkane/arkane_files_PFMS-HIR/scratch/0.symm
Point group: Cinfv
Saving statistical mechanics parameters for 170170000000000000002...
Loading statistical mechanics parameters for 190000000000000000002...
Warning: gaussian was specified as energy software but does not match detected software. Software will be updated to Gaussian.
Warning: gaussian was specified as frequency software but does not match detected software. Software will be updated to Gaussian.
Symmetry input file written to /home/akhalilov/GaussianJobCreator/AUTOMATION-CENTER/connect_kinbot_to_arkane/arkane_files_PFMS-HIR/scratch/0.symm
Point group: Kh
Symmetry input file written to /home/akhalilov/GaussianJobCreator/AUTOMATION-CENTER/connect_kinbot_to_arkane/arkane_files_PFMS-HIR/scratch/0.symm
Point group: Kh
Saving statistical mechanics parameters for 190000000000000000002...
Loading statistical mechanics parameters for 500620380000000000001...
Warning: gaussian was specified as energy software but does not match detected software. Software will be updated to Gaussian.
Warning: gaussian was specified as frequency software but does not match detected software. Software will be updated to Gaussian.
Symmetry input file written to /home/akhalilov/GaussianJobCreator/AUTOMATION-CENTER/connect_kinbot_to_arkane/arkane_files_PFMS-HIR/scratch/0.symm
Point group: C2v
Symmetry input file written to /home/akhalilov/GaussianJobCreator/AUTOMATION-CENTER/connect_kinbot_to_arkane/arkane_files_PFMS-HIR/scratch/0.symm
Point group: C2v
Saving statistical mechanics parameters for 500620380000000000001...
Loading statistical mechanics parameters for 690931140000000000002...
Warning: gaussian was specified as energy software but does not match detected software. Software will be updated to Gaussian.
Warning: gaussian was specified as frequency software but does not match detected software. Software will be updated to Gaussian.
Symmetry input file written to /home/akhalilov/GaussianJobCreator/AUTOMATION-CENTER/connect_kinbot_to_arkane/arkane_files_PFMS-HIR/scratch/0.symm
Point group: C3v
Symmetry input file written to /home/akhalilov/GaussianJobCreator/AUTOMATION-CENTER/connect_kinbot_to_arkane/arkane_files_PFMS-HIR/scratch/0.symm
Point group: C3v
Saving statistical mechanics parameters for 690931140000000000002...
Loading statistical mechanics parameters for 811611290340000000002...
Warning: gaussian was specified as energy software but does not match detected software. Software will be updated to Gaussian.
Warning: gaussian was specified as frequency software but does not match detected software. Software will be updated to Gaussian.
Symmetry input file written to /home/akhalilov/GaussianJobCreator/AUTOMATION-CENTER/connect_kinbot_to_arkane/arkane_files_PFMS-HIR/scratch/0.symm
Point group: C1
Symmetry input file written to /home/akhalilov/GaussianJobCreator/AUTOMATION-CENTER/connect_kinbot_to_arkane/arkane_files_PFMS-HIR/scratch/0.symm
Point group: C1
Saving statistical mechanics parameters for 811611290340000000002...
Loading statistical mechanics parameters for 1502984803620600000001_r13_insertion_ROR_2_1_5_6...
Warning: gaussian was specified as energy software but does not match detected software. Software will be updated to Gaussian.
Warning: gaussian was specified as frequency software but does not match detected software. Software will be updated to Gaussian.
Symmetry input file written to /home/akhalilov/GaussianJobCreator/AUTOMATION-CENTER/connect_kinbot_to_arkane/arkane_files_PFMS-HIR/scratch/0.symm
Point group: C1
Symmetry input file written to /home/akhalilov/GaussianJobCreator/AUTOMATION-CENTER/connect_kinbot_to_arkane/arkane_files_PFMS-HIR/scratch/0.symm
Point group: C1
Saving statistical mechanics parameters for 1502984803620600000001_r13_insertion_ROR_2_1_5_6...
Loading statistical mechanics parameters for 1502984803620600000001_r13_insertion_ROR_9_8_5_6...
Warning: gaussian was specified as energy software but does not match detected software. Software will be updated to Gaussian.
Warning: gaussian was specified as frequency software but does not match detected software. Software will be updated to Gaussian.
Symmetry input file written to /home/akhalilov/GaussianJobCreator/AUTOMATION-CENTER/connect_kinbot_to_arkane/arkane_files_PFMS-HIR/scratch/0.symm
Point group: C1
Symmetry input file written to /home/akhalilov/GaussianJobCreator/AUTOMATION-CENTER/connect_kinbot_to_arkane/arkane_files_PFMS-HIR/scratch/0.symm
Point group: C1
Saving statistical mechanics parameters for 1502984803620600000001_r13_insertion_ROR_9_8_5_6...
Saving thermo for 10000000000000000002...
Warning: Species label is longer than 15 characters and will break CHEMKIN 2.0
Saving thermo for 1001961801040200000001...
Warning: Species label is longer than 15 characters and will break CHEMKIN 2.0
Saving thermo for 1002122340540000000001...
Warning: Species label is longer than 15 characters and will break CHEMKIN 2.0
Saving thermo for 1312673532570400000002...
Warning: Species label is longer than 15 characters and will break CHEMKIN 2.0
Saving thermo for 1332333552100000000002...
Warning: Species label is longer than 15 characters and will break CHEMKIN 2.0
Saving thermo for 1342503882400600000001...
Warning: Species label is longer than 15 characters and will break CHEMKIN 2.0
Saving thermo for 1492814473150000000002...
Warning: Species label is longer than 15 characters and will break CHEMKIN 2.0
Saving thermo for 1502824203031350600001...
Warning: Species label is longer than 15 characters and will break CHEMKIN 2.0
Saving thermo for 1502984803620600000001...
Warning: Species label is longer than 15 characters and will break CHEMKIN 2.0
Saving thermo for 1503305764823040000001...
Warning: Species label is longer than 15 characters and will break CHEMKIN 2.0
Saving thermo for 160000000000000000003...
Warning: Species label is longer than 15 characters and will break CHEMKIN 2.0
Saving thermo for 170170000000000000002...
Warning: Species label is longer than 15 characters and will break CHEMKIN 2.0
Saving thermo for 190000000000000000002...
Warning: Species label is longer than 15 characters and will break CHEMKIN 2.0
Saving thermo for 500620380000000000001...
Warning: Species label is longer than 15 characters and will break CHEMKIN 2.0
Saving thermo for 690931140000000000002...
Warning: Species label is longer than 15 characters and will break CHEMKIN 2.0
Saving thermo for 811611290340000000002...
Warning: Species label is longer than 15 characters and will break CHEMKIN 2.0
Saving kinetics for 1502984803620600000001 <=> 1001961801040200000001 + 500620380000000000001...
Warning: The energy differences between the stationary points of reaction 1502984803620600000001 <=> 1001961801040200000001 + 500620380000000000001 seems too large.
Warning: Got the following energies:
Well 1: -744690.6934549772 kJ/mol
TS: -744161.0623862966 kJ/mol
Well 2: -744017.9423365558 kJ/mol

Arkane execution terminated at Sun May 25 19:14:28 2025
Memory used: 374.07 MB
