Arkane execution initiated at Fri May  2 16:06:34 2025

################################################################
#                                                              #
# Automated Reaction Kinetics and Network Exploration (Arkane) #
#                                                              #
#   Version: 3.1.0                                             #
#   Authors: RMG Developers (rmg_dev@mit.edu)                  #
#   P.I.s:   William H. Green (whgreen@mit.edu)                #
#            Richard H. West (r.west@neu.edu)                  #
#   Website: http://reactionmechanismgenerator.github.io/      #
#                                                              #
################################################################

Databases not found. Making databases
Loading frequencies group database from /home/akhalilov/.conda/envs/prepackaged_rmg_env/share/rmgdatabase/statmech/groups...
Loading transport library from GRI-Mech.py in /home/akhalilov/.conda/envs/prepackaged_rmg_env/share/rmgdatabase/transport/libraries...
Loading transport library from NOx2018.py in /home/akhalilov/.conda/envs/prepackaged_rmg_env/share/rmgdatabase/transport/libraries...
Loading transport library from OneDMinN2.py in /home/akhalilov/.conda/envs/prepackaged_rmg_env/share/rmgdatabase/transport/libraries...
Loading transport library from PrimaryTransportLibrary.py in /home/akhalilov/.conda/envs/prepackaged_rmg_env/share/rmgdatabase/transport/libraries...
Loading transport group database from /home/akhalilov/.conda/envs/prepackaged_rmg_env/share/rmgdatabase/transport/groups...
Loading species 10000000000000000002...
Loading species 130130000000000000002...
Loading species 140260020000000000003...
Loading species 190000000000000000002...
Loading species 200200000000000000001...
Loading species 320440200000000000001...
Loading species 330570420000000000002...
Loading transition state 330570420000000000002_r12_insertion_R_2_1_3...
Loading transition state 330570420000000000002_r12_insertion_R_3_1_2...
Loading reaction 330570420000000000002 <=> 130130000000000000002 + 200200000000000000001...
Loading reaction 330570420000000000002 <=> 10000000000000000002 + 320440200000000000001...
Warning: No frequency scaling factor found for LevelOfTheory(method='b97d3',basis='def2msvp',software='gaussian'). Assuming a value of unity. This will affect the partition function and all quantities derived from it  (thermo quantities and rate coefficients).


Warning: Species label is longer than 15 characters and will break CHEMKIN 2.0
Warning: Species label is longer than 15 characters and will break CHEMKIN 2.0
Warning: Species label is longer than 15 characters and will break CHEMKIN 2.0
Warning: Species label is longer than 15 characters and will break CHEMKIN 2.0
Warning: Species label is longer than 15 characters and will break CHEMKIN 2.0
Warning: Species label is longer than 15 characters and will break CHEMKIN 2.0
Warning: Species label is longer than 15 characters and will break CHEMKIN 2.0
Loading statistical mechanics parameters for 10000000000000000002...
Warning: gaussian was specified as energy software but does not match detected software. Software will be updated to Gaussian.
Warning: gaussian was specified as frequency software but does not match detected software. Software will be updated to Gaussian.
Symmetry input file written to /home/akhalilov/GaussianJobCreator/AUTOMATION-CENTER/connect_kinbot_to_arkane/arkane_files/scratch/0.symm
Point group: Kh
Symmetry input file written to /home/akhalilov/GaussianJobCreator/AUTOMATION-CENTER/connect_kinbot_to_arkane/arkane_files/scratch/0.symm
Point group: Kh
Saving statistical mechanics parameters for 10000000000000000002...
Loading statistical mechanics parameters for 130130000000000000002...
Warning: gaussian was specified as energy software but does not match detected software. Software will be updated to Gaussian.
Warning: gaussian was specified as frequency software but does not match detected software. Software will be updated to Gaussian.
Symmetry input file written to /home/akhalilov/GaussianJobCreator/AUTOMATION-CENTER/connect_kinbot_to_arkane/arkane_files/scratch/0.symm
Point group: Cinfv
Symmetry input file written to /home/akhalilov/GaussianJobCreator/AUTOMATION-CENTER/connect_kinbot_to_arkane/arkane_files/scratch/0.symm
Point group: Cinfv
Saving statistical mechanics parameters for 130130000000000000002...
Loading statistical mechanics parameters for 140260020000000000003...
Warning: gaussian was specified as energy software but does not match detected software. Software will be updated to Gaussian.
Warning: gaussian was specified as frequency software but does not match detected software. Software will be updated to Gaussian.
Symmetry input file written to /home/akhalilov/GaussianJobCreator/AUTOMATION-CENTER/connect_kinbot_to_arkane/arkane_files/scratch/0.symm
Point group: C2v
Symmetry input file written to /home/akhalilov/GaussianJobCreator/AUTOMATION-CENTER/connect_kinbot_to_arkane/arkane_files/scratch/0.symm
Point group: C2v
Saving statistical mechanics parameters for 140260020000000000003...
Loading statistical mechanics parameters for 190000000000000000002...
Warning: gaussian was specified as energy software but does not match detected software. Software will be updated to Gaussian.
Warning: gaussian was specified as frequency software but does not match detected software. Software will be updated to Gaussian.
Symmetry input file written to /home/akhalilov/GaussianJobCreator/AUTOMATION-CENTER/connect_kinbot_to_arkane/arkane_files/scratch/0.symm
Point group: Kh
Symmetry input file written to /home/akhalilov/GaussianJobCreator/AUTOMATION-CENTER/connect_kinbot_to_arkane/arkane_files/scratch/0.symm
Point group: Kh
Saving statistical mechanics parameters for 190000000000000000002...
Loading statistical mechanics parameters for 200200000000000000001...
Warning: gaussian was specified as energy software but does not match detected software. Software will be updated to Gaussian.
Warning: gaussian was specified as frequency software but does not match detected software. Software will be updated to Gaussian.
Symmetry input file written to /home/akhalilov/GaussianJobCreator/AUTOMATION-CENTER/connect_kinbot_to_arkane/arkane_files/scratch/0.symm
Point group: Cinfv
Symmetry input file written to /home/akhalilov/GaussianJobCreator/AUTOMATION-CENTER/connect_kinbot_to_arkane/arkane_files/scratch/0.symm
Point group: Cinfv
Saving statistical mechanics parameters for 200200000000000000001...
Loading statistical mechanics parameters for 320440200000000000001...
Warning: gaussian was specified as energy software but does not match detected software. Software will be updated to Gaussian.
Warning: gaussian was specified as frequency software but does not match detected software. Software will be updated to Gaussian.
Symmetry input file written to /home/akhalilov/GaussianJobCreator/AUTOMATION-CENTER/connect_kinbot_to_arkane/arkane_files/scratch/0.symm
Point group: Cs
Symmetry input file written to /home/akhalilov/GaussianJobCreator/AUTOMATION-CENTER/connect_kinbot_to_arkane/arkane_files/scratch/0.symm
Point group: Cs
Saving statistical mechanics parameters for 320440200000000000001...
Loading statistical mechanics parameters for 330570420000000000002...
Warning: gaussian was specified as energy software but does not match detected software. Software will be updated to Gaussian.
Warning: gaussian was specified as frequency software but does not match detected software. Software will be updated to Gaussian.
Symmetry input file written to /home/akhalilov/GaussianJobCreator/AUTOMATION-CENTER/connect_kinbot_to_arkane/arkane_files/scratch/0.symm
Point group: Cs
Symmetry input file written to /home/akhalilov/GaussianJobCreator/AUTOMATION-CENTER/connect_kinbot_to_arkane/arkane_files/scratch/0.symm
Point group: Cs
Saving statistical mechanics parameters for 330570420000000000002...
Loading statistical mechanics parameters for 330570420000000000002_r12_insertion_R_2_1_3...
Warning: gaussian was specified as energy software but does not match detected software. Software will be updated to Gaussian.
Warning: gaussian was specified as frequency software but does not match detected software. Software will be updated to Gaussian.
Symmetry input file written to /home/akhalilov/GaussianJobCreator/AUTOMATION-CENTER/connect_kinbot_to_arkane/arkane_files/scratch/0.symm
Point group: C1
Symmetry input file written to /home/akhalilov/GaussianJobCreator/AUTOMATION-CENTER/connect_kinbot_to_arkane/arkane_files/scratch/0.symm
Point group: C1
Saving statistical mechanics parameters for 330570420000000000002_r12_insertion_R_2_1_3...
Loading statistical mechanics parameters for 330570420000000000002_r12_insertion_R_3_1_2...
Warning: gaussian was specified as energy software but does not match detected software. Software will be updated to Gaussian.
Warning: gaussian was specified as frequency software but does not match detected software. Software will be updated to Gaussian.
Symmetry input file written to /home/akhalilov/GaussianJobCreator/AUTOMATION-CENTER/connect_kinbot_to_arkane/arkane_files/scratch/0.symm
Point group: Cs
Symmetry input file written to /home/akhalilov/GaussianJobCreator/AUTOMATION-CENTER/connect_kinbot_to_arkane/arkane_files/scratch/0.symm
Point group: Cs
Saving statistical mechanics parameters for 330570420000000000002_r12_insertion_R_3_1_2...
Saving thermo for 10000000000000000002...
Warning: Species label is longer than 15 characters and will break CHEMKIN 2.0
Saving thermo for 130130000000000000002...
Warning: Species label is longer than 15 characters and will break CHEMKIN 2.0
Saving thermo for 140260020000000000003...
Warning: Species label is longer than 15 characters and will break CHEMKIN 2.0
Saving thermo for 190000000000000000002...
Warning: Species label is longer than 15 characters and will break CHEMKIN 2.0
Saving thermo for 200200000000000000001...
Warning: Species label is longer than 15 characters and will break CHEMKIN 2.0
Saving thermo for 320440200000000000001...
Warning: Species label is longer than 15 characters and will break CHEMKIN 2.0
Saving thermo for 330570420000000000002...
Warning: Species label is longer than 15 characters and will break CHEMKIN 2.0
Saving kinetics for 330570420000000000002 <=> 200200000000000000001 + 130130000000000000002...
Saving kinetics for 330570420000000000002 <=> 10000000000000000002 + 320440200000000000001...

Arkane execution terminated at Fri May  2 16:06:38 2025
Memory used: 354.35 MB
Arkane execution initiated at Fri May  2 16:07:21 2025

################################################################
#                                                              #
# Automated Reaction Kinetics and Network Exploration (Arkane) #
#                                                              #
#   Version: 3.1.0                                             #
#   Authors: RMG Developers (rmg_dev@mit.edu)                  #
#   P.I.s:   William H. Green (whgreen@mit.edu)                #
#            Richard H. West (r.west@neu.edu)                  #
#   Website: http://reactionmechanismgenerator.github.io/      #
#                                                              #
################################################################

Databases not found. Making databases
Loading frequencies group database from /home/akhalilov/.conda/envs/prepackaged_rmg_env/share/rmgdatabase/statmech/groups...
Loading transport library from GRI-Mech.py in /home/akhalilov/.conda/envs/prepackaged_rmg_env/share/rmgdatabase/transport/libraries...
Loading transport library from NOx2018.py in /home/akhalilov/.conda/envs/prepackaged_rmg_env/share/rmgdatabase/transport/libraries...
Loading transport library from OneDMinN2.py in /home/akhalilov/.conda/envs/prepackaged_rmg_env/share/rmgdatabase/transport/libraries...
Loading transport library from PrimaryTransportLibrary.py in /home/akhalilov/.conda/envs/prepackaged_rmg_env/share/rmgdatabase/transport/libraries...
Loading transport group database from /home/akhalilov/.conda/envs/prepackaged_rmg_env/share/rmgdatabase/transport/groups...
Loading species 10000000000000000002...
Loading species 140260020000000000003...
Loading species 190000000000000000002...
Loading species 200200000000000000001...
Loading species 20020000000000000001...
Loading species 320440200000000000001...
Loading species 330570420000000000002...
Loading species 340700660000000000001...
Loading species 460940920440000000001...
Loading species 471071270480000000002...
Loading species 520881200000000000001...
Loading species 641121280800000000001...
Loading species 641121300780000000001...
Loading species 651251631020000000002...
Loading species 661381981260000000001...
Loading transition state 661381981260000000001_r12_insertion_R_1_2_3...
Loading transition state 661381981260000000001_r12_insertion_R_1_2_5...
Loading transition state 661381981260000000001_r12_insertion_R_3_2_5...
Loading transition state 661381981260000000001_r12_insertion_R_5_2_3...
Loading transition state 661381981260000000001_r12_insertion_R_5_2_6...
Loading transition state 661381981260000000001_hom_sci_1_2...
Loading transition state 661381981260000000001_hom_sci_2_3...
Loading transition state 661381981260000000001_hom_sci_2_5...
Loading reaction 661381981260000000001 <=> 140260020000000000003 + 520881200000000000001...
Loading reaction 661381981260000000001 <=> 200200000000000000001 + 460940920440000000001...
Loading reaction 661381981260000000001 <=> 320440200000000000001 + 340700660000000000001...
Loading reaction 661381981260000000001 <=> 20020000000000000001 + 641121280800000000001...
Loading reaction 661381981260000000001 <=> 20020000000000000001 + 641121300780000000001...
Loading reaction 661381981260000000001 <=> 190000000000000000002 + 471071270480000000002...
Loading reaction 661381981260000000001 <=> 330570420000000000002 + 330570420000000000002...
Loading reaction 661381981260000000001 <=> 10000000000000000002 + 651251631020000000002...
Warning: No frequency scaling factor found for LevelOfTheory(method='b97d3',basis='def2msvp',software='gaussian'). Assuming a value of unity. This will affect the partition function and all quantities derived from it  (thermo quantities and rate coefficients).


Warning: Species label is longer than 15 characters and will break CHEMKIN 2.0
Warning: Species label is longer than 15 characters and will break CHEMKIN 2.0
Warning: Species label is longer than 15 characters and will break CHEMKIN 2.0
Warning: Species label is longer than 15 characters and will break CHEMKIN 2.0
Warning: Species label is longer than 15 characters and will break CHEMKIN 2.0
Warning: Species label is longer than 15 characters and will break CHEMKIN 2.0
Warning: Species label is longer than 15 characters and will break CHEMKIN 2.0
Warning: Species label is longer than 15 characters and will break CHEMKIN 2.0
Warning: Species label is longer than 15 characters and will break CHEMKIN 2.0
Warning: Species label is longer than 15 characters and will break CHEMKIN 2.0
Warning: Species label is longer than 15 characters and will break CHEMKIN 2.0
Warning: Species label is longer than 15 characters and will break CHEMKIN 2.0
Warning: Species label is longer than 15 characters and will break CHEMKIN 2.0
Warning: Species label is longer than 15 characters and will break CHEMKIN 2.0
Warning: Species label is longer than 15 characters and will break CHEMKIN 2.0
Loading statistical mechanics parameters for 10000000000000000002...
Warning: gaussian was specified as energy software but does not match detected software. Software will be updated to Gaussian.
Warning: gaussian was specified as frequency software but does not match detected software. Software will be updated to Gaussian.
Symmetry input file written to /home/akhalilov/GaussianJobCreator/AUTOMATION-CENTER/connect_kinbot_to_arkane/arkane_files/scratch/0.symm
Point group: Kh
Symmetry input file written to /home/akhalilov/GaussianJobCreator/AUTOMATION-CENTER/connect_kinbot_to_arkane/arkane_files/scratch/0.symm
Point group: Kh
Saving statistical mechanics parameters for 10000000000000000002...
Loading statistical mechanics parameters for 140260020000000000003...
Warning: gaussian was specified as energy software but does not match detected software. Software will be updated to Gaussian.
Warning: gaussian was specified as frequency software but does not match detected software. Software will be updated to Gaussian.
Symmetry input file written to /home/akhalilov/GaussianJobCreator/AUTOMATION-CENTER/connect_kinbot_to_arkane/arkane_files/scratch/0.symm
Point group: C2v
Symmetry input file written to /home/akhalilov/GaussianJobCreator/AUTOMATION-CENTER/connect_kinbot_to_arkane/arkane_files/scratch/0.symm
Point group: C2v
Saving statistical mechanics parameters for 140260020000000000003...
Loading statistical mechanics parameters for 190000000000000000002...
Warning: gaussian was specified as energy software but does not match detected software. Software will be updated to Gaussian.
Warning: gaussian was specified as frequency software but does not match detected software. Software will be updated to Gaussian.
Symmetry input file written to /home/akhalilov/GaussianJobCreator/AUTOMATION-CENTER/connect_kinbot_to_arkane/arkane_files/scratch/0.symm
Point group: Kh
Symmetry input file written to /home/akhalilov/GaussianJobCreator/AUTOMATION-CENTER/connect_kinbot_to_arkane/arkane_files/scratch/0.symm
Point group: Kh
Saving statistical mechanics parameters for 190000000000000000002...
Loading statistical mechanics parameters for 200200000000000000001...
Warning: gaussian was specified as energy software but does not match detected software. Software will be updated to Gaussian.
Warning: gaussian was specified as frequency software but does not match detected software. Software will be updated to Gaussian.
Symmetry input file written to /home/akhalilov/GaussianJobCreator/AUTOMATION-CENTER/connect_kinbot_to_arkane/arkane_files/scratch/0.symm
Point group: Cinfv
Symmetry input file written to /home/akhalilov/GaussianJobCreator/AUTOMATION-CENTER/connect_kinbot_to_arkane/arkane_files/scratch/0.symm
Point group: Cinfv
Saving statistical mechanics parameters for 200200000000000000001...
Loading statistical mechanics parameters for 20020000000000000001...
Warning: gaussian was specified as energy software but does not match detected software. Software will be updated to Gaussian.
Warning: gaussian was specified as frequency software but does not match detected software. Software will be updated to Gaussian.
Symmetry input file written to /home/akhalilov/GaussianJobCreator/AUTOMATION-CENTER/connect_kinbot_to_arkane/arkane_files/scratch/0.symm
Point group: Dinfh
Symmetry input file written to /home/akhalilov/GaussianJobCreator/AUTOMATION-CENTER/connect_kinbot_to_arkane/arkane_files/scratch/0.symm
Point group: Dinfh
Saving statistical mechanics parameters for 20020000000000000001...
Loading statistical mechanics parameters for 320440200000000000001...
Warning: gaussian was specified as energy software but does not match detected software. Software will be updated to Gaussian.
Warning: gaussian was specified as frequency software but does not match detected software. Software will be updated to Gaussian.
Symmetry input file written to /home/akhalilov/GaussianJobCreator/AUTOMATION-CENTER/connect_kinbot_to_arkane/arkane_files/scratch/0.symm
Point group: Cs
Symmetry input file written to /home/akhalilov/GaussianJobCreator/AUTOMATION-CENTER/connect_kinbot_to_arkane/arkane_files/scratch/0.symm
Point group: Cs
Saving statistical mechanics parameters for 320440200000000000001...
Loading statistical mechanics parameters for 330570420000000000002...
Warning: gaussian was specified as energy software but does not match detected software. Software will be updated to Gaussian.
Warning: gaussian was specified as frequency software but does not match detected software. Software will be updated to Gaussian.
Symmetry input file written to /home/akhalilov/GaussianJobCreator/AUTOMATION-CENTER/connect_kinbot_to_arkane/arkane_files/scratch/0.symm
Point group: Cs
Symmetry input file written to /home/akhalilov/GaussianJobCreator/AUTOMATION-CENTER/connect_kinbot_to_arkane/arkane_files/scratch/0.symm
Point group: Cs
Saving statistical mechanics parameters for 330570420000000000002...
Loading statistical mechanics parameters for 340700660000000000001...
Warning: gaussian was specified as energy software but does not match detected software. Software will be updated to Gaussian.
Warning: gaussian was specified as frequency software but does not match detected software. Software will be updated to Gaussian.
Symmetry input file written to /home/akhalilov/GaussianJobCreator/AUTOMATION-CENTER/connect_kinbot_to_arkane/arkane_files/scratch/0.symm
Point group: C3v
Symmetry input file written to /home/akhalilov/GaussianJobCreator/AUTOMATION-CENTER/connect_kinbot_to_arkane/arkane_files/scratch/0.symm
Point group: C3v
Saving statistical mechanics parameters for 340700660000000000001...
Loading statistical mechanics parameters for 460940920440000000001...
Warning: gaussian was specified as energy software but does not match detected software. Software will be updated to Gaussian.
Warning: gaussian was specified as frequency software but does not match detected software. Software will be updated to Gaussian.
Symmetry input file written to /home/akhalilov/GaussianJobCreator/AUTOMATION-CENTER/connect_kinbot_to_arkane/arkane_files/scratch/0.symm
Point group: Cs
Symmetry input file written to /home/akhalilov/GaussianJobCreator/AUTOMATION-CENTER/connect_kinbot_to_arkane/arkane_files/scratch/0.symm
Point group: Cs
Saving statistical mechanics parameters for 460940920440000000001...
Loading statistical mechanics parameters for 471071270480000000002...
Warning: gaussian was specified as energy software but does not match detected software. Software will be updated to Gaussian.
Warning: gaussian was specified as frequency software but does not match detected software. Software will be updated to Gaussian.
Symmetry input file written to /home/akhalilov/GaussianJobCreator/AUTOMATION-CENTER/connect_kinbot_to_arkane/arkane_files/scratch/0.symm
Point group: C1
Symmetry input file written to /home/akhalilov/GaussianJobCreator/AUTOMATION-CENTER/connect_kinbot_to_arkane/arkane_files/scratch/0.symm
Point group: C1
Saving statistical mechanics parameters for 471071270480000000002...
Loading statistical mechanics parameters for 520881200000000000001...
Warning: gaussian was specified as energy software but does not match detected software. Software will be updated to Gaussian.
Warning: gaussian was specified as frequency software but does not match detected software. Software will be updated to Gaussian.
Symmetry input file written to /home/akhalilov/GaussianJobCreator/AUTOMATION-CENTER/connect_kinbot_to_arkane/arkane_files/scratch/0.symm
Point group: C2v
Symmetry input file written to /home/akhalilov/GaussianJobCreator/AUTOMATION-CENTER/connect_kinbot_to_arkane/arkane_files/scratch/0.symm
Point group: C2v
Saving statistical mechanics parameters for 520881200000000000001...
Loading statistical mechanics parameters for 641121280800000000001...
Warning: gaussian was specified as energy software but does not match detected software. Software will be updated to Gaussian.
Warning: gaussian was specified as frequency software but does not match detected software. Software will be updated to Gaussian.
Symmetry input file written to /home/akhalilov/GaussianJobCreator/AUTOMATION-CENTER/connect_kinbot_to_arkane/arkane_files/scratch/0.symm
Point group: C2h
Symmetry input file written to /home/akhalilov/GaussianJobCreator/AUTOMATION-CENTER/connect_kinbot_to_arkane/arkane_files/scratch/0.symm
Point group: C2h
Saving statistical mechanics parameters for 641121280800000000001...
Loading statistical mechanics parameters for 641121300780000000001...
Warning: gaussian was specified as energy software but does not match detected software. Software will be updated to Gaussian.
Warning: gaussian was specified as frequency software but does not match detected software. Software will be updated to Gaussian.
Symmetry input file written to /home/akhalilov/GaussianJobCreator/AUTOMATION-CENTER/connect_kinbot_to_arkane/arkane_files/scratch/0.symm
Point group: Cs
Symmetry input file written to /home/akhalilov/GaussianJobCreator/AUTOMATION-CENTER/connect_kinbot_to_arkane/arkane_files/scratch/0.symm
Point group: Cs
Saving statistical mechanics parameters for 641121300780000000001...
Loading statistical mechanics parameters for 651251631020000000002...
Warning: gaussian was specified as energy software but does not match detected software. Software will be updated to Gaussian.
Warning: gaussian was specified as frequency software but does not match detected software. Software will be updated to Gaussian.
Symmetry input file written to /home/akhalilov/GaussianJobCreator/AUTOMATION-CENTER/connect_kinbot_to_arkane/arkane_files/scratch/0.symm
Point group: C1
Symmetry input file written to /home/akhalilov/GaussianJobCreator/AUTOMATION-CENTER/connect_kinbot_to_arkane/arkane_files/scratch/0.symm
Point group: C1
Saving statistical mechanics parameters for 651251631020000000002...
Loading statistical mechanics parameters for 661381981260000000001...
Warning: gaussian was specified as energy software but does not match detected software. Software will be updated to Gaussian.
Warning: gaussian was specified as frequency software but does not match detected software. Software will be updated to Gaussian.
Symmetry input file written to /home/akhalilov/GaussianJobCreator/AUTOMATION-CENTER/connect_kinbot_to_arkane/arkane_files/scratch/0.symm
Point group: C2
Symmetry input file written to /home/akhalilov/GaussianJobCreator/AUTOMATION-CENTER/connect_kinbot_to_arkane/arkane_files/scratch/0.symm
Point group: C2
Saving statistical mechanics parameters for 661381981260000000001...
Loading statistical mechanics parameters for 661381981260000000001_r12_insertion_R_1_2_3...
Warning: gaussian was specified as energy software but does not match detected software. Software will be updated to Gaussian.
Warning: gaussian was specified as frequency software but does not match detected software. Software will be updated to Gaussian.
Symmetry input file written to /home/akhalilov/GaussianJobCreator/AUTOMATION-CENTER/connect_kinbot_to_arkane/arkane_files/scratch/0.symm
Point group: Cs
Symmetry input file written to /home/akhalilov/GaussianJobCreator/AUTOMATION-CENTER/connect_kinbot_to_arkane/arkane_files/scratch/0.symm
Point group: Cs
Saving statistical mechanics parameters for 661381981260000000001_r12_insertion_R_1_2_3...
Loading statistical mechanics parameters for 661381981260000000001_r12_insertion_R_1_2_5...
Warning: gaussian was specified as energy software but does not match detected software. Software will be updated to Gaussian.
Warning: gaussian was specified as frequency software but does not match detected software. Software will be updated to Gaussian.
Symmetry input file written to /home/akhalilov/GaussianJobCreator/AUTOMATION-CENTER/connect_kinbot_to_arkane/arkane_files/scratch/0.symm
Point group: C1
Symmetry input file written to /home/akhalilov/GaussianJobCreator/AUTOMATION-CENTER/connect_kinbot_to_arkane/arkane_files/scratch/0.symm
Point group: C1
Saving statistical mechanics parameters for 661381981260000000001_r12_insertion_R_1_2_5...
Loading statistical mechanics parameters for 661381981260000000001_r12_insertion_R_3_2_5...
Warning: gaussian was specified as energy software but does not match detected software. Software will be updated to Gaussian.
Warning: gaussian was specified as frequency software but does not match detected software. Software will be updated to Gaussian.
Symmetry input file written to /home/akhalilov/GaussianJobCreator/AUTOMATION-CENTER/connect_kinbot_to_arkane/arkane_files/scratch/0.symm
Point group: C1
Symmetry input file written to /home/akhalilov/GaussianJobCreator/AUTOMATION-CENTER/connect_kinbot_to_arkane/arkane_files/scratch/0.symm
Point group: C1
Saving statistical mechanics parameters for 661381981260000000001_r12_insertion_R_3_2_5...
Loading statistical mechanics parameters for 661381981260000000001_r12_insertion_R_5_2_3...
Warning: gaussian was specified as energy software but does not match detected software. Software will be updated to Gaussian.
Warning: gaussian was specified as frequency software but does not match detected software. Software will be updated to Gaussian.
Symmetry input file written to /home/akhalilov/GaussianJobCreator/AUTOMATION-CENTER/connect_kinbot_to_arkane/arkane_files/scratch/0.symm
Point group: C1
Symmetry input file written to /home/akhalilov/GaussianJobCreator/AUTOMATION-CENTER/connect_kinbot_to_arkane/arkane_files/scratch/0.symm
Point group: C1
Saving statistical mechanics parameters for 661381981260000000001_r12_insertion_R_5_2_3...
Loading statistical mechanics parameters for 661381981260000000001_r12_insertion_R_5_2_6...
Warning: gaussian was specified as energy software but does not match detected software. Software will be updated to Gaussian.
Warning: gaussian was specified as frequency software but does not match detected software. Software will be updated to Gaussian.
Symmetry input file written to /home/akhalilov/GaussianJobCreator/AUTOMATION-CENTER/connect_kinbot_to_arkane/arkane_files/scratch/0.symm
Point group: C1
Symmetry input file written to /home/akhalilov/GaussianJobCreator/AUTOMATION-CENTER/connect_kinbot_to_arkane/arkane_files/scratch/0.symm
Point group: C1
Saving statistical mechanics parameters for 661381981260000000001_r12_insertion_R_5_2_6...
Loading statistical mechanics parameters for 661381981260000000001_hom_sci_1_2...
Arkane execution initiated at Fri May  2 16:11:27 2025

################################################################
#                                                              #
# Automated Reaction Kinetics and Network Exploration (Arkane) #
#                                                              #
#   Version: 3.1.0                                             #
#   Authors: RMG Developers (rmg_dev@mit.edu)                  #
#   P.I.s:   William H. Green (whgreen@mit.edu)                #
#            Richard H. West (r.west@neu.edu)                  #
#   Website: http://reactionmechanismgenerator.github.io/      #
#                                                              #
################################################################

Databases not found. Making databases
Loading frequencies group database from /home/akhalilov/.conda/envs/prepackaged_rmg_env/share/rmgdatabase/statmech/groups...
Loading transport library from GRI-Mech.py in /home/akhalilov/.conda/envs/prepackaged_rmg_env/share/rmgdatabase/transport/libraries...
Loading transport library from NOx2018.py in /home/akhalilov/.conda/envs/prepackaged_rmg_env/share/rmgdatabase/transport/libraries...
Loading transport library from OneDMinN2.py in /home/akhalilov/.conda/envs/prepackaged_rmg_env/share/rmgdatabase/transport/libraries...
Loading transport library from PrimaryTransportLibrary.py in /home/akhalilov/.conda/envs/prepackaged_rmg_env/share/rmgdatabase/transport/libraries...
Loading transport group database from /home/akhalilov/.conda/envs/prepackaged_rmg_env/share/rmgdatabase/transport/groups...
Loading species 10000000000000000002...
Loading species 140260020000000000003...
Loading species 190000000000000000002...
Loading species 200200000000000000001...
Loading species 20020000000000000001...
Loading species 320440200000000000001...
Loading species 330570420000000000002...
Loading species 340700660000000000001...
Loading species 460940920440000000001...
Loading species 471071270480000000002...
Loading species 520881200000000000001...
Loading species 641121280800000000001...
Loading species 641121300780000000001...
Loading species 651251631020000000002...
Loading species 661381981260000000001...
Loading transition state 661381981260000000001_r12_insertion_R_1_2_3...
Loading transition state 661381981260000000001_r12_insertion_R_1_2_5...
Loading transition state 661381981260000000001_r12_insertion_R_3_2_5...
Loading transition state 661381981260000000001_r12_insertion_R_5_2_3...
Loading transition state 661381981260000000001_r12_insertion_R_5_2_6...
Loading reaction 661381981260000000001 <=> 140260020000000000003 + 520881200000000000001...
Loading reaction 661381981260000000001 <=> 200200000000000000001 + 460940920440000000001...
Loading reaction 661381981260000000001 <=> 320440200000000000001 + 340700660000000000001...
Loading reaction 661381981260000000001 <=> 20020000000000000001 + 641121280800000000001...
Loading reaction 661381981260000000001 <=> 20020000000000000001 + 641121300780000000001...
Warning: No frequency scaling factor found for LevelOfTheory(method='b97d3',basis='def2msvp',software='gaussian'). Assuming a value of unity. This will affect the partition function and all quantities derived from it  (thermo quantities and rate coefficients).


Warning: Species label is longer than 15 characters and will break CHEMKIN 2.0
Warning: Species label is longer than 15 characters and will break CHEMKIN 2.0
Warning: Species label is longer than 15 characters and will break CHEMKIN 2.0
Warning: Species label is longer than 15 characters and will break CHEMKIN 2.0
Warning: Species label is longer than 15 characters and will break CHEMKIN 2.0
Warning: Species label is longer than 15 characters and will break CHEMKIN 2.0
Warning: Species label is longer than 15 characters and will break CHEMKIN 2.0
Warning: Species label is longer than 15 characters and will break CHEMKIN 2.0
Warning: Species label is longer than 15 characters and will break CHEMKIN 2.0
Warning: Species label is longer than 15 characters and will break CHEMKIN 2.0
Warning: Species label is longer than 15 characters and will break CHEMKIN 2.0
Warning: Species label is longer than 15 characters and will break CHEMKIN 2.0
Warning: Species label is longer than 15 characters and will break CHEMKIN 2.0
Warning: Species label is longer than 15 characters and will break CHEMKIN 2.0
Warning: Species label is longer than 15 characters and will break CHEMKIN 2.0
Loading statistical mechanics parameters for 10000000000000000002...
Warning: gaussian was specified as energy software but does not match detected software. Software will be updated to Gaussian.
Warning: gaussian was specified as frequency software but does not match detected software. Software will be updated to Gaussian.
Symmetry input file written to /home/akhalilov/GaussianJobCreator/AUTOMATION-CENTER/connect_kinbot_to_arkane/arkane_files/scratch/0.symm
Point group: Kh
Symmetry input file written to /home/akhalilov/GaussianJobCreator/AUTOMATION-CENTER/connect_kinbot_to_arkane/arkane_files/scratch/0.symm
Point group: Kh
Saving statistical mechanics parameters for 10000000000000000002...
Loading statistical mechanics parameters for 140260020000000000003...
Warning: gaussian was specified as energy software but does not match detected software. Software will be updated to Gaussian.
Warning: gaussian was specified as frequency software but does not match detected software. Software will be updated to Gaussian.
Symmetry input file written to /home/akhalilov/GaussianJobCreator/AUTOMATION-CENTER/connect_kinbot_to_arkane/arkane_files/scratch/0.symm
Point group: C2v
Symmetry input file written to /home/akhalilov/GaussianJobCreator/AUTOMATION-CENTER/connect_kinbot_to_arkane/arkane_files/scratch/0.symm
Point group: C2v
Saving statistical mechanics parameters for 140260020000000000003...
Loading statistical mechanics parameters for 190000000000000000002...
Warning: gaussian was specified as energy software but does not match detected software. Software will be updated to Gaussian.
Warning: gaussian was specified as frequency software but does not match detected software. Software will be updated to Gaussian.
Symmetry input file written to /home/akhalilov/GaussianJobCreator/AUTOMATION-CENTER/connect_kinbot_to_arkane/arkane_files/scratch/0.symm
Point group: Kh
Symmetry input file written to /home/akhalilov/GaussianJobCreator/AUTOMATION-CENTER/connect_kinbot_to_arkane/arkane_files/scratch/0.symm
Point group: Kh
Saving statistical mechanics parameters for 190000000000000000002...
Loading statistical mechanics parameters for 200200000000000000001...
Warning: gaussian was specified as energy software but does not match detected software. Software will be updated to Gaussian.
Warning: gaussian was specified as frequency software but does not match detected software. Software will be updated to Gaussian.
Symmetry input file written to /home/akhalilov/GaussianJobCreator/AUTOMATION-CENTER/connect_kinbot_to_arkane/arkane_files/scratch/0.symm
Point group: Cinfv
Symmetry input file written to /home/akhalilov/GaussianJobCreator/AUTOMATION-CENTER/connect_kinbot_to_arkane/arkane_files/scratch/0.symm
Point group: Cinfv
Saving statistical mechanics parameters for 200200000000000000001...
Loading statistical mechanics parameters for 20020000000000000001...
Warning: gaussian was specified as energy software but does not match detected software. Software will be updated to Gaussian.
Warning: gaussian was specified as frequency software but does not match detected software. Software will be updated to Gaussian.
Symmetry input file written to /home/akhalilov/GaussianJobCreator/AUTOMATION-CENTER/connect_kinbot_to_arkane/arkane_files/scratch/0.symm
Point group: Dinfh
Symmetry input file written to /home/akhalilov/GaussianJobCreator/AUTOMATION-CENTER/connect_kinbot_to_arkane/arkane_files/scratch/0.symm
Point group: Dinfh
Saving statistical mechanics parameters for 20020000000000000001...
Loading statistical mechanics parameters for 320440200000000000001...
Warning: gaussian was specified as energy software but does not match detected software. Software will be updated to Gaussian.
Warning: gaussian was specified as frequency software but does not match detected software. Software will be updated to Gaussian.
Symmetry input file written to /home/akhalilov/GaussianJobCreator/AUTOMATION-CENTER/connect_kinbot_to_arkane/arkane_files/scratch/0.symm
Point group: Cs
Symmetry input file written to /home/akhalilov/GaussianJobCreator/AUTOMATION-CENTER/connect_kinbot_to_arkane/arkane_files/scratch/0.symm
Point group: Cs
Saving statistical mechanics parameters for 320440200000000000001...
Loading statistical mechanics parameters for 330570420000000000002...
Warning: gaussian was specified as energy software but does not match detected software. Software will be updated to Gaussian.
Warning: gaussian was specified as frequency software but does not match detected software. Software will be updated to Gaussian.
Symmetry input file written to /home/akhalilov/GaussianJobCreator/AUTOMATION-CENTER/connect_kinbot_to_arkane/arkane_files/scratch/0.symm
Point group: Cs
Symmetry input file written to /home/akhalilov/GaussianJobCreator/AUTOMATION-CENTER/connect_kinbot_to_arkane/arkane_files/scratch/0.symm
Point group: Cs
Saving statistical mechanics parameters for 330570420000000000002...
Loading statistical mechanics parameters for 340700660000000000001...
Warning: gaussian was specified as energy software but does not match detected software. Software will be updated to Gaussian.
Warning: gaussian was specified as frequency software but does not match detected software. Software will be updated to Gaussian.
Symmetry input file written to /home/akhalilov/GaussianJobCreator/AUTOMATION-CENTER/connect_kinbot_to_arkane/arkane_files/scratch/0.symm
Point group: C3v
Symmetry input file written to /home/akhalilov/GaussianJobCreator/AUTOMATION-CENTER/connect_kinbot_to_arkane/arkane_files/scratch/0.symm
Point group: C3v
Saving statistical mechanics parameters for 340700660000000000001...
Loading statistical mechanics parameters for 460940920440000000001...
Warning: gaussian was specified as energy software but does not match detected software. Software will be updated to Gaussian.
Warning: gaussian was specified as frequency software but does not match detected software. Software will be updated to Gaussian.
Symmetry input file written to /home/akhalilov/GaussianJobCreator/AUTOMATION-CENTER/connect_kinbot_to_arkane/arkane_files/scratch/0.symm
Point group: Cs
Symmetry input file written to /home/akhalilov/GaussianJobCreator/AUTOMATION-CENTER/connect_kinbot_to_arkane/arkane_files/scratch/0.symm
Point group: Cs
Saving statistical mechanics parameters for 460940920440000000001...
Loading statistical mechanics parameters for 471071270480000000002...
Warning: gaussian was specified as energy software but does not match detected software. Software will be updated to Gaussian.
Warning: gaussian was specified as frequency software but does not match detected software. Software will be updated to Gaussian.
Symmetry input file written to /home/akhalilov/GaussianJobCreator/AUTOMATION-CENTER/connect_kinbot_to_arkane/arkane_files/scratch/0.symm
Point group: C1
Symmetry input file written to /home/akhalilov/GaussianJobCreator/AUTOMATION-CENTER/connect_kinbot_to_arkane/arkane_files/scratch/0.symm
Point group: C1
Saving statistical mechanics parameters for 471071270480000000002...
Loading statistical mechanics parameters for 520881200000000000001...
Warning: gaussian was specified as energy software but does not match detected software. Software will be updated to Gaussian.
Warning: gaussian was specified as frequency software but does not match detected software. Software will be updated to Gaussian.
Symmetry input file written to /home/akhalilov/GaussianJobCreator/AUTOMATION-CENTER/connect_kinbot_to_arkane/arkane_files/scratch/0.symm
Point group: C2v
Symmetry input file written to /home/akhalilov/GaussianJobCreator/AUTOMATION-CENTER/connect_kinbot_to_arkane/arkane_files/scratch/0.symm
Point group: C2v
Saving statistical mechanics parameters for 520881200000000000001...
Loading statistical mechanics parameters for 641121280800000000001...
Warning: gaussian was specified as energy software but does not match detected software. Software will be updated to Gaussian.
Warning: gaussian was specified as frequency software but does not match detected software. Software will be updated to Gaussian.
Symmetry input file written to /home/akhalilov/GaussianJobCreator/AUTOMATION-CENTER/connect_kinbot_to_arkane/arkane_files/scratch/0.symm
Point group: C2h
Symmetry input file written to /home/akhalilov/GaussianJobCreator/AUTOMATION-CENTER/connect_kinbot_to_arkane/arkane_files/scratch/0.symm
Point group: C2h
Saving statistical mechanics parameters for 641121280800000000001...
Loading statistical mechanics parameters for 641121300780000000001...
Warning: gaussian was specified as energy software but does not match detected software. Software will be updated to Gaussian.
Warning: gaussian was specified as frequency software but does not match detected software. Software will be updated to Gaussian.
Symmetry input file written to /home/akhalilov/GaussianJobCreator/AUTOMATION-CENTER/connect_kinbot_to_arkane/arkane_files/scratch/0.symm
Point group: Cs
Symmetry input file written to /home/akhalilov/GaussianJobCreator/AUTOMATION-CENTER/connect_kinbot_to_arkane/arkane_files/scratch/0.symm
Point group: Cs
Saving statistical mechanics parameters for 641121300780000000001...
Loading statistical mechanics parameters for 651251631020000000002...
Warning: gaussian was specified as energy software but does not match detected software. Software will be updated to Gaussian.
Warning: gaussian was specified as frequency software but does not match detected software. Software will be updated to Gaussian.
Symmetry input file written to /home/akhalilov/GaussianJobCreator/AUTOMATION-CENTER/connect_kinbot_to_arkane/arkane_files/scratch/0.symm
Point group: C1
Symmetry input file written to /home/akhalilov/GaussianJobCreator/AUTOMATION-CENTER/connect_kinbot_to_arkane/arkane_files/scratch/0.symm
Point group: C1
Saving statistical mechanics parameters for 651251631020000000002...
Loading statistical mechanics parameters for 661381981260000000001...
Warning: gaussian was specified as energy software but does not match detected software. Software will be updated to Gaussian.
Warning: gaussian was specified as frequency software but does not match detected software. Software will be updated to Gaussian.
Symmetry input file written to /home/akhalilov/GaussianJobCreator/AUTOMATION-CENTER/connect_kinbot_to_arkane/arkane_files/scratch/0.symm
Point group: C2
Symmetry input file written to /home/akhalilov/GaussianJobCreator/AUTOMATION-CENTER/connect_kinbot_to_arkane/arkane_files/scratch/0.symm
Point group: C2
Saving statistical mechanics parameters for 661381981260000000001...
Loading statistical mechanics parameters for 661381981260000000001_r12_insertion_R_1_2_3...
Warning: gaussian was specified as energy software but does not match detected software. Software will be updated to Gaussian.
Warning: gaussian was specified as frequency software but does not match detected software. Software will be updated to Gaussian.
Symmetry input file written to /home/akhalilov/GaussianJobCreator/AUTOMATION-CENTER/connect_kinbot_to_arkane/arkane_files/scratch/0.symm
Point group: Cs
Symmetry input file written to /home/akhalilov/GaussianJobCreator/AUTOMATION-CENTER/connect_kinbot_to_arkane/arkane_files/scratch/0.symm
Point group: Cs
Saving statistical mechanics parameters for 661381981260000000001_r12_insertion_R_1_2_3...
Loading statistical mechanics parameters for 661381981260000000001_r12_insertion_R_1_2_5...
Warning: gaussian was specified as energy software but does not match detected software. Software will be updated to Gaussian.
Warning: gaussian was specified as frequency software but does not match detected software. Software will be updated to Gaussian.
Symmetry input file written to /home/akhalilov/GaussianJobCreator/AUTOMATION-CENTER/connect_kinbot_to_arkane/arkane_files/scratch/0.symm
Point group: C1
Symmetry input file written to /home/akhalilov/GaussianJobCreator/AUTOMATION-CENTER/connect_kinbot_to_arkane/arkane_files/scratch/0.symm
Point group: C1
Saving statistical mechanics parameters for 661381981260000000001_r12_insertion_R_1_2_5...
Loading statistical mechanics parameters for 661381981260000000001_r12_insertion_R_3_2_5...
Warning: gaussian was specified as energy software but does not match detected software. Software will be updated to Gaussian.
Warning: gaussian was specified as frequency software but does not match detected software. Software will be updated to Gaussian.
Symmetry input file written to /home/akhalilov/GaussianJobCreator/AUTOMATION-CENTER/connect_kinbot_to_arkane/arkane_files/scratch/0.symm
Point group: C1
Symmetry input file written to /home/akhalilov/GaussianJobCreator/AUTOMATION-CENTER/connect_kinbot_to_arkane/arkane_files/scratch/0.symm
Point group: C1
Saving statistical mechanics parameters for 661381981260000000001_r12_insertion_R_3_2_5...
Loading statistical mechanics parameters for 661381981260000000001_r12_insertion_R_5_2_3...
Warning: gaussian was specified as energy software but does not match detected software. Software will be updated to Gaussian.
Warning: gaussian was specified as frequency software but does not match detected software. Software will be updated to Gaussian.
Symmetry input file written to /home/akhalilov/GaussianJobCreator/AUTOMATION-CENTER/connect_kinbot_to_arkane/arkane_files/scratch/0.symm
Point group: C1
Symmetry input file written to /home/akhalilov/GaussianJobCreator/AUTOMATION-CENTER/connect_kinbot_to_arkane/arkane_files/scratch/0.symm
Point group: C1
Saving statistical mechanics parameters for 661381981260000000001_r12_insertion_R_5_2_3...
Loading statistical mechanics parameters for 661381981260000000001_r12_insertion_R_5_2_6...
Warning: gaussian was specified as energy software but does not match detected software. Software will be updated to Gaussian.
Warning: gaussian was specified as frequency software but does not match detected software. Software will be updated to Gaussian.
Symmetry input file written to /home/akhalilov/GaussianJobCreator/AUTOMATION-CENTER/connect_kinbot_to_arkane/arkane_files/scratch/0.symm
Point group: C1
Symmetry input file written to /home/akhalilov/GaussianJobCreator/AUTOMATION-CENTER/connect_kinbot_to_arkane/arkane_files/scratch/0.symm
Point group: C1
Saving statistical mechanics parameters for 661381981260000000001_r12_insertion_R_5_2_6...
Saving thermo for 10000000000000000002...
Warning: Species label is longer than 15 characters and will break CHEMKIN 2.0
Saving thermo for 140260020000000000003...
Warning: Species label is longer than 15 characters and will break CHEMKIN 2.0
Saving thermo for 190000000000000000002...
Warning: Species label is longer than 15 characters and will break CHEMKIN 2.0
Saving thermo for 200200000000000000001...
Warning: Species label is longer than 15 characters and will break CHEMKIN 2.0
Saving thermo for 20020000000000000001...
Warning: Species label is longer than 15 characters and will break CHEMKIN 2.0
Saving thermo for 320440200000000000001...
Warning: Species label is longer than 15 characters and will break CHEMKIN 2.0
Saving thermo for 330570420000000000002...
Warning: Species label is longer than 15 characters and will break CHEMKIN 2.0
Saving thermo for 340700660000000000001...
Warning: Species label is longer than 15 characters and will break CHEMKIN 2.0
Saving thermo for 460940920440000000001...
Warning: Species label is longer than 15 characters and will break CHEMKIN 2.0
Saving thermo for 471071270480000000002...
Warning: Species label is longer than 15 characters and will break CHEMKIN 2.0
Saving thermo for 520881200000000000001...
Warning: Species label is longer than 15 characters and will break CHEMKIN 2.0
Saving thermo for 641121280800000000001...
Warning: Species label is longer than 15 characters and will break CHEMKIN 2.0
Saving thermo for 641121300780000000001...
Warning: Species label is longer than 15 characters and will break CHEMKIN 2.0
Saving thermo for 651251631020000000002...
Warning: Species label is longer than 15 characters and will break CHEMKIN 2.0
Saving thermo for 661381981260000000001...
Warning: Species label is longer than 15 characters and will break CHEMKIN 2.0
Saving kinetics for 661381981260000000001 <=> 140260020000000000003 + 520881200000000000001...
Warning: The energy differences between the stationary points of reaction 661381981260000000001 <=> 140260020000000000003 + 520881200000000000001 seems too large.
Warning: Got the following energies:
Well 1: -426.7180805739291 kJ/mol
TS: -42.47637714967166 kJ/mol
Well 2: 84.59716258126049 kJ/mol
Saving kinetics for 661381981260000000001 <=> 200200000000000000001 + 460940920440000000001...
Saving kinetics for 661381981260000000001 <=> 320440200000000000001 + 340700660000000000001...
Saving kinetics for 661381981260000000001 <=> 20020000000000000001 + 641121280800000000001...
Saving kinetics for 661381981260000000001 <=> 20020000000000000001 + 641121300780000000001...

Arkane execution terminated at Fri May  2 16:11:34 2025
Memory used: 364.24 MB
Arkane execution initiated at Fri May  2 16:36:58 2025

################################################################
#                                                              #
# Automated Reaction Kinetics and Network Exploration (Arkane) #
#                                                              #
#   Version: 3.1.0                                             #
#   Authors: RMG Developers (rmg_dev@mit.edu)                  #
#   P.I.s:   William H. Green (whgreen@mit.edu)                #
#            Richard H. West (r.west@neu.edu)                  #
#   Website: http://reactionmechanismgenerator.github.io/      #
#                                                              #
################################################################

Databases not found. Making databases
Loading frequencies group database from /home/akhalilov/.conda/envs/prepackaged_rmg_env/share/rmgdatabase/statmech/groups...
Loading transport library from GRI-Mech.py in /home/akhalilov/.conda/envs/prepackaged_rmg_env/share/rmgdatabase/transport/libraries...
Loading transport library from NOx2018.py in /home/akhalilov/.conda/envs/prepackaged_rmg_env/share/rmgdatabase/transport/libraries...
Loading transport library from OneDMinN2.py in /home/akhalilov/.conda/envs/prepackaged_rmg_env/share/rmgdatabase/transport/libraries...
Loading transport library from PrimaryTransportLibrary.py in /home/akhalilov/.conda/envs/prepackaged_rmg_env/share/rmgdatabase/transport/libraries...
Loading transport group database from /home/akhalilov/.conda/envs/prepackaged_rmg_env/share/rmgdatabase/transport/groups...
Loading species 10000000000000000002...
Loading species 140260020000000000003...
Loading species 190000000000000000002...
Loading species 200200000000000000001...
Loading species 20020000000000000001...
Loading species 320440200000000000001...
Loading species 330570420000000000002...
Loading species 340700660000000000001...
Loading species 460940920440000000001...
Loading species 471071270480000000002...
Loading species 520881200000000000001...
Loading species 641121280800000000001...
Loading species 641121300780000000001...
Loading species 651251631020000000002...
Loading species 661381981260000000001...
Loading transition state 661381981260000000001_r12_insertion_R_1_2_3...
Loading transition state 661381981260000000001_r12_insertion_R_1_2_5...
Loading transition state 661381981260000000001_r12_insertion_R_3_2_5...
Loading transition state 661381981260000000001_r12_insertion_R_5_2_3...
Loading transition state 661381981260000000001_r12_insertion_R_5_2_6...
Loading reaction 661381981260000000001 <=> 140260020000000000003 + 520881200000000000001...
Loading reaction 661381981260000000001 <=> 200200000000000000001 + 460940920440000000001...
Loading reaction 661381981260000000001 <=> 320440200000000000001 + 340700660000000000001...
Loading reaction 661381981260000000001 <=> 20020000000000000001 + 641121280800000000001...
Loading reaction 661381981260000000001 <=> 20020000000000000001 + 641121300780000000001...
Warning: No frequency scaling factor found for LevelOfTheory(method='b97d3',basis='def2msvp',software='gaussian'). Assuming a value of unity. This will affect the partition function and all quantities derived from it  (thermo quantities and rate coefficients).


Warning: Species label is longer than 15 characters and will break CHEMKIN 2.0
Warning: Species label is longer than 15 characters and will break CHEMKIN 2.0
Warning: Species label is longer than 15 characters and will break CHEMKIN 2.0
Warning: Species label is longer than 15 characters and will break CHEMKIN 2.0
Warning: Species label is longer than 15 characters and will break CHEMKIN 2.0
Warning: Species label is longer than 15 characters and will break CHEMKIN 2.0
Warning: Species label is longer than 15 characters and will break CHEMKIN 2.0
Warning: Species label is longer than 15 characters and will break CHEMKIN 2.0
Warning: Species label is longer than 15 characters and will break CHEMKIN 2.0
Warning: Species label is longer than 15 characters and will break CHEMKIN 2.0
Warning: Species label is longer than 15 characters and will break CHEMKIN 2.0
Warning: Species label is longer than 15 characters and will break CHEMKIN 2.0
Warning: Species label is longer than 15 characters and will break CHEMKIN 2.0
Warning: Species label is longer than 15 characters and will break CHEMKIN 2.0
Warning: Species label is longer than 15 characters and will break CHEMKIN 2.0
Loading statistical mechanics parameters for 10000000000000000002...
Warning: gaussian was specified as energy software but does not match detected software. Software will be updated to Gaussian.
Warning: gaussian was specified as frequency software but does not match detected software. Software will be updated to Gaussian.
Symmetry input file written to /home/akhalilov/GaussianJobCreator/AUTOMATION-CENTER/connect_kinbot_to_arkane/arkane_files/scratch/0.symm
Point group: Kh
Symmetry input file written to /home/akhalilov/GaussianJobCreator/AUTOMATION-CENTER/connect_kinbot_to_arkane/arkane_files/scratch/0.symm
Point group: Kh
Saving statistical mechanics parameters for 10000000000000000002...
Loading statistical mechanics parameters for 140260020000000000003...
Warning: gaussian was specified as energy software but does not match detected software. Software will be updated to Gaussian.
Warning: gaussian was specified as frequency software but does not match detected software. Software will be updated to Gaussian.
Symmetry input file written to /home/akhalilov/GaussianJobCreator/AUTOMATION-CENTER/connect_kinbot_to_arkane/arkane_files/scratch/0.symm
Point group: C2v
Symmetry input file written to /home/akhalilov/GaussianJobCreator/AUTOMATION-CENTER/connect_kinbot_to_arkane/arkane_files/scratch/0.symm
Point group: C2v
Saving statistical mechanics parameters for 140260020000000000003...
Loading statistical mechanics parameters for 190000000000000000002...
Warning: gaussian was specified as energy software but does not match detected software. Software will be updated to Gaussian.
Warning: gaussian was specified as frequency software but does not match detected software. Software will be updated to Gaussian.
Symmetry input file written to /home/akhalilov/GaussianJobCreator/AUTOMATION-CENTER/connect_kinbot_to_arkane/arkane_files/scratch/0.symm
Point group: Kh
Symmetry input file written to /home/akhalilov/GaussianJobCreator/AUTOMATION-CENTER/connect_kinbot_to_arkane/arkane_files/scratch/0.symm
Point group: Kh
Saving statistical mechanics parameters for 190000000000000000002...
Loading statistical mechanics parameters for 200200000000000000001...
Warning: gaussian was specified as energy software but does not match detected software. Software will be updated to Gaussian.
Warning: gaussian was specified as frequency software but does not match detected software. Software will be updated to Gaussian.
Symmetry input file written to /home/akhalilov/GaussianJobCreator/AUTOMATION-CENTER/connect_kinbot_to_arkane/arkane_files/scratch/0.symm
Point group: Cinfv
Symmetry input file written to /home/akhalilov/GaussianJobCreator/AUTOMATION-CENTER/connect_kinbot_to_arkane/arkane_files/scratch/0.symm
Point group: Cinfv
Saving statistical mechanics parameters for 200200000000000000001...
Loading statistical mechanics parameters for 20020000000000000001...
Warning: gaussian was specified as energy software but does not match detected software. Software will be updated to Gaussian.
Warning: gaussian was specified as frequency software but does not match detected software. Software will be updated to Gaussian.
Symmetry input file written to /home/akhalilov/GaussianJobCreator/AUTOMATION-CENTER/connect_kinbot_to_arkane/arkane_files/scratch/0.symm
Point group: Dinfh
Symmetry input file written to /home/akhalilov/GaussianJobCreator/AUTOMATION-CENTER/connect_kinbot_to_arkane/arkane_files/scratch/0.symm
Point group: Dinfh
Saving statistical mechanics parameters for 20020000000000000001...
Loading statistical mechanics parameters for 320440200000000000001...
Warning: gaussian was specified as energy software but does not match detected software. Software will be updated to Gaussian.
Warning: gaussian was specified as frequency software but does not match detected software. Software will be updated to Gaussian.
Symmetry input file written to /home/akhalilov/GaussianJobCreator/AUTOMATION-CENTER/connect_kinbot_to_arkane/arkane_files/scratch/0.symm
Point group: Cs
Symmetry input file written to /home/akhalilov/GaussianJobCreator/AUTOMATION-CENTER/connect_kinbot_to_arkane/arkane_files/scratch/0.symm
Point group: Cs
Saving statistical mechanics parameters for 320440200000000000001...
Loading statistical mechanics parameters for 330570420000000000002...
Warning: gaussian was specified as energy software but does not match detected software. Software will be updated to Gaussian.
Warning: gaussian was specified as frequency software but does not match detected software. Software will be updated to Gaussian.
Symmetry input file written to /home/akhalilov/GaussianJobCreator/AUTOMATION-CENTER/connect_kinbot_to_arkane/arkane_files/scratch/0.symm
Point group: Cs
Symmetry input file written to /home/akhalilov/GaussianJobCreator/AUTOMATION-CENTER/connect_kinbot_to_arkane/arkane_files/scratch/0.symm
Point group: Cs
Saving statistical mechanics parameters for 330570420000000000002...
Loading statistical mechanics parameters for 340700660000000000001...
Warning: gaussian was specified as energy software but does not match detected software. Software will be updated to Gaussian.
Warning: gaussian was specified as frequency software but does not match detected software. Software will be updated to Gaussian.
Symmetry input file written to /home/akhalilov/GaussianJobCreator/AUTOMATION-CENTER/connect_kinbot_to_arkane/arkane_files/scratch/0.symm
Point group: C3v
Symmetry input file written to /home/akhalilov/GaussianJobCreator/AUTOMATION-CENTER/connect_kinbot_to_arkane/arkane_files/scratch/0.symm
Point group: C3v
Saving statistical mechanics parameters for 340700660000000000001...
Loading statistical mechanics parameters for 460940920440000000001...
Warning: gaussian was specified as energy software but does not match detected software. Software will be updated to Gaussian.
Warning: gaussian was specified as frequency software but does not match detected software. Software will be updated to Gaussian.
Symmetry input file written to /home/akhalilov/GaussianJobCreator/AUTOMATION-CENTER/connect_kinbot_to_arkane/arkane_files/scratch/0.symm
Point group: Cs
Symmetry input file written to /home/akhalilov/GaussianJobCreator/AUTOMATION-CENTER/connect_kinbot_to_arkane/arkane_files/scratch/0.symm
Point group: Cs
Saving statistical mechanics parameters for 460940920440000000001...
Loading statistical mechanics parameters for 471071270480000000002...
Warning: gaussian was specified as energy software but does not match detected software. Software will be updated to Gaussian.
Warning: gaussian was specified as frequency software but does not match detected software. Software will be updated to Gaussian.
Symmetry input file written to /home/akhalilov/GaussianJobCreator/AUTOMATION-CENTER/connect_kinbot_to_arkane/arkane_files/scratch/0.symm
Point group: C1
Symmetry input file written to /home/akhalilov/GaussianJobCreator/AUTOMATION-CENTER/connect_kinbot_to_arkane/arkane_files/scratch/0.symm
Point group: C1
Saving statistical mechanics parameters for 471071270480000000002...
Loading statistical mechanics parameters for 520881200000000000001...
Warning: gaussian was specified as energy software but does not match detected software. Software will be updated to Gaussian.
Warning: gaussian was specified as frequency software but does not match detected software. Software will be updated to Gaussian.
Symmetry input file written to /home/akhalilov/GaussianJobCreator/AUTOMATION-CENTER/connect_kinbot_to_arkane/arkane_files/scratch/0.symm
Point group: C2v
Symmetry input file written to /home/akhalilov/GaussianJobCreator/AUTOMATION-CENTER/connect_kinbot_to_arkane/arkane_files/scratch/0.symm
Point group: C2v
Saving statistical mechanics parameters for 520881200000000000001...
Loading statistical mechanics parameters for 641121280800000000001...
Warning: gaussian was specified as energy software but does not match detected software. Software will be updated to Gaussian.
Warning: gaussian was specified as frequency software but does not match detected software. Software will be updated to Gaussian.
Symmetry input file written to /home/akhalilov/GaussianJobCreator/AUTOMATION-CENTER/connect_kinbot_to_arkane/arkane_files/scratch/0.symm
Point group: C2h
Symmetry input file written to /home/akhalilov/GaussianJobCreator/AUTOMATION-CENTER/connect_kinbot_to_arkane/arkane_files/scratch/0.symm
Point group: C2h
Saving statistical mechanics parameters for 641121280800000000001...
Loading statistical mechanics parameters for 641121300780000000001...
Warning: gaussian was specified as energy software but does not match detected software. Software will be updated to Gaussian.
Warning: gaussian was specified as frequency software but does not match detected software. Software will be updated to Gaussian.
Symmetry input file written to /home/akhalilov/GaussianJobCreator/AUTOMATION-CENTER/connect_kinbot_to_arkane/arkane_files/scratch/0.symm
Point group: Cs
Symmetry input file written to /home/akhalilov/GaussianJobCreator/AUTOMATION-CENTER/connect_kinbot_to_arkane/arkane_files/scratch/0.symm
Point group: Cs
Saving statistical mechanics parameters for 641121300780000000001...
Loading statistical mechanics parameters for 651251631020000000002...
Warning: gaussian was specified as energy software but does not match detected software. Software will be updated to Gaussian.
Warning: gaussian was specified as frequency software but does not match detected software. Software will be updated to Gaussian.
Symmetry input file written to /home/akhalilov/GaussianJobCreator/AUTOMATION-CENTER/connect_kinbot_to_arkane/arkane_files/scratch/0.symm
Point group: C1
Symmetry input file written to /home/akhalilov/GaussianJobCreator/AUTOMATION-CENTER/connect_kinbot_to_arkane/arkane_files/scratch/0.symm
Point group: C1
Saving statistical mechanics parameters for 651251631020000000002...
Loading statistical mechanics parameters for 661381981260000000001...
Warning: gaussian was specified as energy software but does not match detected software. Software will be updated to Gaussian.
Warning: gaussian was specified as frequency software but does not match detected software. Software will be updated to Gaussian.
Symmetry input file written to /home/akhalilov/GaussianJobCreator/AUTOMATION-CENTER/connect_kinbot_to_arkane/arkane_files/scratch/0.symm
Point group: C2
Symmetry input file written to /home/akhalilov/GaussianJobCreator/AUTOMATION-CENTER/connect_kinbot_to_arkane/arkane_files/scratch/0.symm
Point group: C2
Saving statistical mechanics parameters for 661381981260000000001...
Loading statistical mechanics parameters for 661381981260000000001_r12_insertion_R_1_2_3...
Warning: gaussian was specified as energy software but does not match detected software. Software will be updated to Gaussian.
Warning: gaussian was specified as frequency software but does not match detected software. Software will be updated to Gaussian.
Symmetry input file written to /home/akhalilov/GaussianJobCreator/AUTOMATION-CENTER/connect_kinbot_to_arkane/arkane_files/scratch/0.symm
Point group: Cs
Symmetry input file written to /home/akhalilov/GaussianJobCreator/AUTOMATION-CENTER/connect_kinbot_to_arkane/arkane_files/scratch/0.symm
Point group: Cs
Saving statistical mechanics parameters for 661381981260000000001_r12_insertion_R_1_2_3...
Loading statistical mechanics parameters for 661381981260000000001_r12_insertion_R_1_2_5...
Warning: gaussian was specified as energy software but does not match detected software. Software will be updated to Gaussian.
Warning: gaussian was specified as frequency software but does not match detected software. Software will be updated to Gaussian.
Symmetry input file written to /home/akhalilov/GaussianJobCreator/AUTOMATION-CENTER/connect_kinbot_to_arkane/arkane_files/scratch/0.symm
Point group: C1
Symmetry input file written to /home/akhalilov/GaussianJobCreator/AUTOMATION-CENTER/connect_kinbot_to_arkane/arkane_files/scratch/0.symm
Point group: C1
Saving statistical mechanics parameters for 661381981260000000001_r12_insertion_R_1_2_5...
Loading statistical mechanics parameters for 661381981260000000001_r12_insertion_R_3_2_5...
Warning: gaussian was specified as energy software but does not match detected software. Software will be updated to Gaussian.
Warning: gaussian was specified as frequency software but does not match detected software. Software will be updated to Gaussian.
Symmetry input file written to /home/akhalilov/GaussianJobCreator/AUTOMATION-CENTER/connect_kinbot_to_arkane/arkane_files/scratch/0.symm
Point group: C1
Symmetry input file written to /home/akhalilov/GaussianJobCreator/AUTOMATION-CENTER/connect_kinbot_to_arkane/arkane_files/scratch/0.symm
Point group: C1
Saving statistical mechanics parameters for 661381981260000000001_r12_insertion_R_3_2_5...
Loading statistical mechanics parameters for 661381981260000000001_r12_insertion_R_5_2_3...
Warning: gaussian was specified as energy software but does not match detected software. Software will be updated to Gaussian.
Warning: gaussian was specified as frequency software but does not match detected software. Software will be updated to Gaussian.
Symmetry input file written to /home/akhalilov/GaussianJobCreator/AUTOMATION-CENTER/connect_kinbot_to_arkane/arkane_files/scratch/0.symm
Point group: C1
Symmetry input file written to /home/akhalilov/GaussianJobCreator/AUTOMATION-CENTER/connect_kinbot_to_arkane/arkane_files/scratch/0.symm
Point group: C1
Saving statistical mechanics parameters for 661381981260000000001_r12_insertion_R_5_2_3...
Loading statistical mechanics parameters for 661381981260000000001_r12_insertion_R_5_2_6...
Warning: gaussian was specified as energy software but does not match detected software. Software will be updated to Gaussian.
Warning: gaussian was specified as frequency software but does not match detected software. Software will be updated to Gaussian.
Symmetry input file written to /home/akhalilov/GaussianJobCreator/AUTOMATION-CENTER/connect_kinbot_to_arkane/arkane_files/scratch/0.symm
Point group: C1
Symmetry input file written to /home/akhalilov/GaussianJobCreator/AUTOMATION-CENTER/connect_kinbot_to_arkane/arkane_files/scratch/0.symm
Point group: C1
Saving statistical mechanics parameters for 661381981260000000001_r12_insertion_R_5_2_6...
Saving thermo for 10000000000000000002...
Warning: Species label is longer than 15 characters and will break CHEMKIN 2.0
Saving thermo for 140260020000000000003...
Warning: Species label is longer than 15 characters and will break CHEMKIN 2.0
Saving thermo for 190000000000000000002...
Warning: Species label is longer than 15 characters and will break CHEMKIN 2.0
Saving thermo for 200200000000000000001...
Warning: Species label is longer than 15 characters and will break CHEMKIN 2.0
Saving thermo for 20020000000000000001...
Warning: Species label is longer than 15 characters and will break CHEMKIN 2.0
Saving thermo for 320440200000000000001...
Warning: Species label is longer than 15 characters and will break CHEMKIN 2.0
Saving thermo for 330570420000000000002...
Warning: Species label is longer than 15 characters and will break CHEMKIN 2.0
Saving thermo for 340700660000000000001...
Warning: Species label is longer than 15 characters and will break CHEMKIN 2.0
Saving thermo for 460940920440000000001...
Warning: Species label is longer than 15 characters and will break CHEMKIN 2.0
Saving thermo for 471071270480000000002...
Warning: Species label is longer than 15 characters and will break CHEMKIN 2.0
Saving thermo for 520881200000000000001...
Warning: Species label is longer than 15 characters and will break CHEMKIN 2.0
Saving thermo for 641121280800000000001...
Warning: Species label is longer than 15 characters and will break CHEMKIN 2.0
Saving thermo for 641121300780000000001...
Warning: Species label is longer than 15 characters and will break CHEMKIN 2.0
Saving thermo for 651251631020000000002...
Warning: Species label is longer than 15 characters and will break CHEMKIN 2.0
Saving thermo for 661381981260000000001...
Warning: Species label is longer than 15 characters and will break CHEMKIN 2.0
Saving kinetics for 661381981260000000001 <=> 140260020000000000003 + 520881200000000000001...
Warning: The energy differences between the stationary points of reaction 661381981260000000001 <=> 140260020000000000003 + 520881200000000000001 seems too large.
Warning: Got the following energies:
Well 1: -426.7180805739291 kJ/mol
TS: -42.47637714967166 kJ/mol
Well 2: 84.59716258126049 kJ/mol
Saving kinetics for 661381981260000000001 <=> 200200000000000000001 + 460940920440000000001...
Saving kinetics for 661381981260000000001 <=> 320440200000000000001 + 340700660000000000001...
Saving kinetics for 661381981260000000001 <=> 20020000000000000001 + 641121280800000000001...
Saving kinetics for 661381981260000000001 <=> 20020000000000000001 + 641121300780000000001...

Arkane execution terminated at Fri May  2 16:37:05 2025
Memory used: 371.95 MB
