-999	16	1141903082400600000001_intra_H_migration_1_8
-999	16	1141903082400600000001_intra_H_migration_2_8
-999	15	1141903082400600000001_intra_H_migration_suprafacial_2_8
-1	13	1141903082400600000001_r12_insertion_R_1_3_4	641041150370000000001 500620380000000000001
-999	13	1141903082400600000001_r12_insertion_R_1_7_8
-1	13	1141903082400600000001_r12_insertion_R_2_1_3	1141942881381180600001
-999	13	1141903082400600000001_r12_insertion_R_2_1_7
-1	13	1141903082400600000001_r12_insertion_R_3_1_2	1141942881381180600001
-999	13	1141903082400600000001_r12_insertion_R_3_1_7
-1	13	1141903082400600000001_r12_insertion_R_4_3_1	641041150370000000001 500620380000000000001
-999	13	1141903082400600000001_r12_insertion_R_4_3_5
-999	13	1141903082400600000001_r12_insertion_R_4_3_6
-1	13	1141903082400600000001_r12_insertion_R_7_1_2	1142223813092830600001
-999	13	1141903082400600000001_r12_insertion_R_7_1_3
-999	13	1141903082400600000001_r12_insertion_R_8_7_1
-1	23	1141903082400600000001_r13_insertion_CO2_3_8	440560320000000000001 701061740000000000001
-999	23	1141903082400600000001_r13_insertion_ROR_4_3_1_2
-999	23	1141903082400600000001_r13_insertion_ROR_4_3_1_7
-1	23	1141903082400600000001_r13_insertion_ROR_8_7_1_2	1141942801461180600001
-999	15	1141903082400600000001_ketoenol_2_1_3_4
-999	13	1141903082400600000001_R_Addition_MultipleBond_1_3_4
-999	13	1141903082400600000001_R_Addition_MultipleBond_1_7_8
-1	0	1141903082400600000001_hom_sci_1_2	981622481180600000001 160000000000000000003
-1	0	1141903082400600000001_hom_sci_1_3	450730450170000000002 690931140000000000002
-1	0	1141903082400600000001_hom_sci_1_7	971452351050000000002 170170000000000000002
-1	0	1141903082400600000001_hom_sci_3_4	951592011700400000002 190000000000000000002
-1	0	1141903082400600000001_hom_sci_7_8	1131732952100000000002 10000000000000000002
