25-May-25 03:13:34-INFO: 
Copyright 2018 National Technology & Engineering Solutions of Sandia,
LLC (NTESS). Under the terms of Contract DE-NA0003525 with NTESS, 
the U.S. Government retains certain rights in this software.

25-May-25 03:13:34-INFO: Input parameters
25-May-25 03:13:34-INFO: input_file: species_1.json
	title: species_1
	verbose: 0
	smiles: C(=O)(C(F)(F)F)O
	structure: ['C', 0.5036744602815971, 0.2400858909458733, 0.007246161438004353, 'O', 0.9791578334649368, 1.4025941332908498, 0.24112521635165124, 'C', -0.948176483907505, -0.04351295348430723, 0.026344348439881874, 'F', -1.4371840839858587, -0.5139556439423776, -1.171492779118106, 'F', -1.2770170042329947, -0.8707484008165693, 1.0783767129855875, 'F', -1.593081921228623, 1.1517655977591101, 0.28467441948752925, 'O', 1.390526589046471, -0.7802747687451314, -0.2723803259520469, 'H', 2.382100610561964, -0.585953855007452, -0.19389375363250397]
	charge: 0
	mult: 1
	bimol: 0
	cluster: 0
	solute: []
	hbond: 0
	reaction_search: 1
	families: ['all']
	bimol_families: ['all']
	skip_families: ['none']
	skip_chemids: ['none']
	keep_chemids: ['none']
	skip_reactions: ['none']
	variational: 0
	barrierless_saddle: {}
	barrierless_saddle_start: 2.0
	barrierless_saddle_step: 0.2
	homolytic_bonds: {}
	specific_reaction: 0
	break_bonds: []
	form_bonds: []
	barrier_threshold: 1000
	barrier_threshold_L2: None
	barrier_threshold_add: 10.0
	hom_sci_threshold_add: 5.0
	scan_step: 30
	rigid_reaction_cutoff: 3.0
	pes: 0
	simultaneous_kinbot: 5
	high_level: 0
	calc_aie: 0
	vdW_detection: 0.5
	conformer_search: 1
	difference_threshold: 0.1
	conf_grid: 3
	semi_emp_conformer_search: 0
	rotor_scan: 0
	free_rotor_thrs: 0.1
	nrotation: 12
	plot_hir_profiles: 0
	rotation_restart: 3
	rotation_restart_threshold: 5.0
	max_dihed: 5
	random_conf: 500
	flat_ring_dih_angle: 5.0
	max_dihed_semi_emp: 5
	random_conf_semi_emp: 500
	semi_emp_confomer_threshold: 5
	multi_conf_tst: 1
	multi_conf_tst_temp: 1000
	multi_conf_tst_boltz: 0.05
	print_conf: 0
	min_bond_break: 2
	max_bond_break: 3
	comb_molec: 1
	comb_rad: 1
	comb_lone: 1
	comb_pi: 1
	break_valence: 1
	one_reaction_comb: 0
	one_reaction_fam: 0
	ringrange: [3, 9]
	qc: gauss
	methodclass: dft
	qc_command: g16
	method: M062X
	basis: Def2TZVPP
	scan_method: mp2
	scan_basis: 6-31G
	barrierless_saddle_method: b3lyp
	barrierless_saddle_basis: 6-31G
	barrierless_saddle_method_high: b3lyp
	barrierless_saddle_basis_high: 6-31G
	calcall_ts: 1
	high_level_method: M062X
	high_level_basis: Def2TZVPP
	semi_emp_method: am1
	integral: fine
	opt: VeryTight
	irc_maxpoints: 100
	irc_stepsize: 2
	guessmix: 0
	L3_calc: 0
	single_point_qc: molpro
	single_point_template: 
	single_point_key: mytza
	barrierless_saddle_single_point_template: 
	barrierless_saddle_prod_single_point_template: 
	barrierless_saddle_norbital: 0
	barrierless_saddle_nelectron: 0
	barrierless_saddle_nstate: 0
	barrierless_saddle_single_point_key: 
	single_point_command: 
	hir_maxcycle: None
	rigid_hir: 0
	use_sella: False
	sella_kwargs: {}
	calc_kwargs: {}
	imagfreq_threshold: 50.0
	nn_model: None
	rotdPy_mem: 300
	vrc_tst_scan: {}
	vrc_tst_noscan: {}
	vrc_tst_scan_sella: 0
	vrc_tst_scan_method: ub3lyp
	vrc_tst_scan_basis: 6-31+G(d)
	vrc_tst_sample_method: caspt2(2,2)
	vrc_tst_high_method: caspt2(2,2)
	vrc_tst_sample_basis: vdz
	vrc_tst_high_basis: avtz
	vrc_tst_scan_points: [np.float64(2.5), np.float64(2.7), np.float64(2.9000000000000004), np.float64(3.1000000000000005), np.float64(3.3000000000000007), np.float64(3.500000000000001), np.float64(3.700000000000001), np.float64(3.9000000000000012), np.float64(4.100000000000001), np.float64(4.300000000000002), np.float64(4.500000000000002), np.float64(4.700000000000002), np.float64(4.900000000000002), np.float64(5.100000000000002), np.float64(5.3000000000000025), np.float64(5.500000000000003), np.float64(5.700000000000003), np.float64(5.900000000000003), np.float64(6.100000000000003), np.float64(6.300000000000003), np.float64(6.5000000000000036), np.float64(6.700000000000004), np.float64(6.900000000000004), np.float64(7.100000000000004), np.float64(7.300000000000004), np.float64(7.500000000000004), np.float64(7.700000000000005), np.float64(7.900000000000005), np.float64(8.100000000000005), np.float64(8.300000000000004), np.float64(8.500000000000005), np.float64(8.700000000000006), np.float64(8.900000000000006), np.float64(9.100000000000005), np.float64(9.300000000000006), np.float64(9.500000000000007), np.float64(9.700000000000006), np.float64(9.900000000000006), np.float64(10.100000000000007), np.float64(10.300000000000008), np.float64(10.500000000000007), np.float64(10.700000000000006), np.float64(10.900000000000007), np.float64(11.100000000000009), np.float64(11.300000000000008), np.float64(11.500000000000007), np.float64(11.700000000000008), np.float64(11.90000000000001), np.float64(12.100000000000009), np.float64(12.300000000000008), np.float64(12.500000000000009), np.float64(12.70000000000001), np.float64(12.90000000000001), np.float64(13.100000000000009), np.float64(13.30000000000001), np.float64(13.50000000000001), np.float64(13.70000000000001), np.float64(13.90000000000001), np.float64(14.10000000000001), np.float64(14.300000000000011), np.float64(14.50000000000001), np.float64(14.70000000000001), np.float64(14.900000000000011), np.float64(15.100000000000012), np.float64(15.300000000000011), np.float64(15.50000000000001), np.float64(15.700000000000012), np.float64(15.900000000000013), np.float64(16.100000000000012), np.float64(16.30000000000001), np.float64(16.500000000000014), np.float64(16.700000000000014), np.float64(16.900000000000013), np.float64(17.100000000000012), np.float64(17.30000000000001), np.float64(17.500000000000014), np.float64(17.700000000000014), np.float64(17.900000000000013), np.float64(18.100000000000016), np.float64(18.300000000000015), np.float64(18.500000000000014), np.float64(18.700000000000014), np.float64(18.900000000000013), np.float64(19.100000000000016), np.float64(19.300000000000015), np.float64(19.500000000000014), np.float64(19.700000000000017), np.float64(19.900000000000016)]
	vrc_tst_scan_molpro_key: MYENERGY
	vrc_tst_scan_molpro_tpl: 
	vrc_tst_scan_deviation: 100.0
	vts_ang_dev: 10
	vrc_tst_scan_reac_cent: {}
	pp_length: {'H': [0.125, 0.25, 0.375, 0.5], 'C': [0.25, 0.5, 0.75, 1.0], 'N': [0.25, 0.5, 0.75, 1.0], 'O': [0.25, 0.5, 0.75, 1.0], 'S': [0.25, 0.5, 0.75, 1.0], 'X': [0.25, 0.5, 0.75, 1.0]}
	pp_oriented: [1.5, 6]
	pp_on_atom: [5.0, 12.0]
	pp_on_COM: 10.0
	pp_orient: homo
	rotdpy_dist: [np.float64(3.0), np.float64(3.2), np.float64(3.4000000000000004), np.float64(3.6000000000000005), np.float64(3.8000000000000007), np.float64(4.000000000000001), np.float64(4.200000000000001), np.float64(4.400000000000001), np.float64(4.600000000000001), np.float64(4.800000000000002), np.float64(5.000000000000002), np.float64(5.200000000000002), np.float64(5.400000000000002), np.float64(5.600000000000002), np.float64(5.8000000000000025), np.float64(6.000000000000003), np.float64(6.200000000000003), np.float64(6.400000000000003), np.float64(6.600000000000003), np.float64(6.800000000000003), np.float64(7.0000000000000036), np.float64(7.200000000000004), np.float64(7.400000000000004), np.float64(7.600000000000004), np.float64(7.800000000000004), np.float64(8.000000000000004), np.float64(8.200000000000005), np.float64(8.400000000000006), np.float64(8.600000000000005), np.float64(8.800000000000004), np.float64(9.000000000000005), np.float64(9.200000000000006), np.float64(9.400000000000006), np.float64(9.600000000000005), np.float64(9.800000000000006), np.float64(10.000000000000007), np.float64(10.200000000000006), np.float64(10.400000000000006), np.float64(10.600000000000007), np.float64(10.800000000000008), np.float64(11.000000000000007), np.float64(11.200000000000006), np.float64(11.400000000000007), np.float64(11.600000000000009), np.float64(11.800000000000008), np.float64(12.000000000000007), np.float64(12.200000000000008), np.float64(12.40000000000001), np.float64(12.600000000000009), np.float64(12.800000000000008), np.float64(13.000000000000009), np.float64(13.20000000000001), np.float64(13.40000000000001), np.float64(13.600000000000009), np.float64(13.80000000000001), np.float64(14.00000000000001), np.float64(14.20000000000001), np.float64(14.40000000000001), np.float64(14.60000000000001), np.float64(14.800000000000011), np.float64(15.00000000000001), np.float64(15.20000000000001), np.float64(15.400000000000011), np.float64(15.600000000000012), np.float64(15.800000000000011), np.float64(16.00000000000001), np.float64(16.20000000000001), np.float64(16.400000000000013), np.float64(16.600000000000012), np.float64(16.80000000000001), np.float64(17.000000000000014), np.float64(17.200000000000014), np.float64(17.400000000000013), np.float64(17.600000000000012), np.float64(17.80000000000001), np.float64(18.000000000000014), np.float64(18.200000000000014), np.float64(18.400000000000013), np.float64(18.600000000000016), np.float64(18.800000000000015), np.float64(19.000000000000014), np.float64(19.200000000000014), np.float64(19.400000000000013), np.float64(19.600000000000016), np.float64(19.800000000000015)]
	queuing: slurm
	queue_template: defaultqueue.sbatch
	q_temp_am1: defaultqueue.sbatch
	q_temp_hi: defaultqueue.sbatch
	q_temp_mp2: defaultqueue.sbatch
	q_temp_l3: defaultqueue.sbatch
	queue_name: medium
	slurm_feature: 
	ppn: 8
	single_point_ppn: 4
	zf: 4
	delete_intermediate_files: 0
	scratch: 
	username: akhalilov
	queue_job_limit: 100
	error_missing_local: True
	do_clean: True
	me: 1
	run_me: 0
	me_code: mesmer
	collider: He
	epsilon: 278.01382815474597
	epsilon_unit: K
	sigma: 5.5
	correct_submerged: 0
	mess_command: mess
	TemperatureList: [300.0, 400.0, 500.0, 600.0, 700.0, 800.0, 900.0, 1000.0, 1100.0, 1200.0, 1300.0, 1400.0, 1500.0, 1600.0, 1700.0, 1800.0, 1900.0, 2000.0]
	PressureList: [7.6, 76.0, 760.0, 7600.0, 76000.0]
	EnergyStepOverTemperature: 0.2
	ExcessEnergyOverTemperature: 30
	ModelEnergyLimit: 400
	CalculationMethod: direct
	ChemicalEigenvalueMax: 0.2
	EnergyRelaxationFactor: 200
	EnergyRelaxationPower: 0.85
	EnergyRelaxationExponentCutoff: 15
	mesmer_command: mesmer
	uq: 1
	uq_n: 100
	uq_max_runs: 5
	well_uq: 0.5
	barrier_uq: 1.0
	freq_uq: 1.2
	imagfreq_uq: 1.1
	epsilon_uq: 1.2
	sigma_uq: 1.2
	enrelfact_uq: 1.2
	enrelpow_uq: 1.2
	pstsymm_uq: 2.0
25-May-25 03:13:34-INFO: Starting KinBot
25-May-25 03:13:34-INFO: Empty file kinbot_10256726.log is deleted.
25-May-25 03:13:34-INFO: Starting optimization of initial well...
25-May-25 03:18:32-INFO: 	Starting conformational search of 1141903082400600000001
25-May-25 03:24:23-INFO: 	Lowest energy conformer for species 1141903082400600000001 is number 0002
25-May-25 03:24:23-INFO: 	At 1000 K with 5.0% cutoff the unique conformers for species 1141903082400600000001 are [0, 1, 2]
25-May-25 03:24:27-INFO: Starting reaction search...
25-May-25 03:24:27-INFO: 	Found the following reactions:
25-May-25 03:24:27-INFO: 		1141903082400600000001_intra_H_migration_1_8
25-May-25 03:24:27-INFO: 		1141903082400600000001_intra_H_migration_2_8
25-May-25 03:24:27-INFO: 		1141903082400600000001_intra_H_migration_suprafacial_2_8
25-May-25 03:24:27-INFO: 		1141903082400600000001_r12_insertion_R_1_3_4
25-May-25 03:24:27-INFO: 		1141903082400600000001_r12_insertion_R_1_7_8
25-May-25 03:24:27-INFO: 		1141903082400600000001_r12_insertion_R_2_1_3
25-May-25 03:24:27-INFO: 		1141903082400600000001_r12_insertion_R_2_1_7
25-May-25 03:24:27-INFO: 		1141903082400600000001_r12_insertion_R_3_1_2
25-May-25 03:24:27-INFO: 		1141903082400600000001_r12_insertion_R_3_1_7
25-May-25 03:24:27-INFO: 		1141903082400600000001_r12_insertion_R_4_3_1
25-May-25 03:24:27-INFO: 		1141903082400600000001_r12_insertion_R_4_3_5
25-May-25 03:24:27-INFO: 		1141903082400600000001_r12_insertion_R_4_3_6
25-May-25 03:24:27-INFO: 		1141903082400600000001_r12_insertion_R_7_1_2
25-May-25 03:24:27-INFO: 		1141903082400600000001_r12_insertion_R_7_1_3
25-May-25 03:24:27-INFO: 		1141903082400600000001_r12_insertion_R_8_7_1
25-May-25 03:24:27-INFO: 		1141903082400600000001_r13_insertion_CO2_3_8
25-May-25 03:24:27-INFO: 		1141903082400600000001_r13_insertion_ROR_4_3_1_2
25-May-25 03:24:27-INFO: 		1141903082400600000001_r13_insertion_ROR_4_3_1_7
25-May-25 03:24:27-INFO: 		1141903082400600000001_r13_insertion_ROR_8_7_1_2
25-May-25 03:24:27-INFO: 		1141903082400600000001_ketoenol_2_1_3_4
25-May-25 03:24:27-INFO: 		1141903082400600000001_R_Addition_MultipleBond_1_3_4
25-May-25 03:24:27-INFO: 		1141903082400600000001_R_Addition_MultipleBond_1_7_8
25-May-25 03:24:27-INFO: 		1141903082400600000001_hom_sci_1_2
25-May-25 03:24:27-INFO: 		1141903082400600000001_hom_sci_1_3
25-May-25 03:24:27-INFO: 		1141903082400600000001_hom_sci_1_7
25-May-25 03:24:27-INFO: 		1141903082400600000001_hom_sci_3_4
25-May-25 03:24:27-INFO: 		1141903082400600000001_hom_sci_7_8
25-May-25 03:24:38-INFO: 	Based on the end of IRC, reaction 1141903082400600000001_hom_sci_1_2 leads to products [981622481180600000001, 160000000000000000003] [array(['C', 'C', 'F', 'F', 'F', 'O', 'H'], dtype='<U32'), array(['O'], dtype='<U32')]
25-May-25 03:24:39-INFO: 	Based on the end of IRC, reaction 1141903082400600000001_hom_sci_1_3 leads to products [450730450170000000002, 690931140000000000002] [array(['C', 'O', 'O', 'H'], dtype='<U32'), array(['C', 'F', 'F', 'F'], dtype='<U32')]
25-May-25 03:24:40-INFO: 	Based on the end of IRC, reaction 1141903082400600000001_hom_sci_1_7 leads to products [971452351050000000002, 170170000000000000002] [array(['C', 'O', 'C', 'F', 'F', 'F'], dtype='<U32'), array(['O', 'H'], dtype='<U32')]
25-May-25 03:24:41-INFO: 	Based on the end of IRC, reaction 1141903082400600000001_hom_sci_3_4 leads to products [951592011700400000002, 190000000000000000002] [array(['C', 'O', 'C', 'F', 'F', 'O', 'H'], dtype='<U32'), array(['F'], dtype='<U32')]
25-May-25 03:24:42-INFO: 	Based on the end of IRC, reaction 1141903082400600000001_hom_sci_7_8 leads to products [1131732952100000000002, 10000000000000000002] [array(['C', 'O', 'C', 'F', 'F', 'F', 'O'], dtype='<U32'), array(['H'], dtype='<U32')]
25-May-25 03:26:16-INFO: 	Starting conformational search of 450730450170000000002
25-May-25 03:26:17-INFO: 	Starting conformational search of 690931140000000000002
25-May-25 03:27:15-INFO: 	Lowest energy conformer for species 450730450170000000002 is number 0000
25-May-25 03:27:15-INFO: 	At 1000 K with 5.0% cutoff the unique conformers for species 450730450170000000002 are [0]
25-May-25 03:27:19-INFO: 	Lowest energy conformer for species 690931140000000000002 is number 0000
25-May-25 03:27:19-INFO: 	At 1000 K with 5.0% cutoff the unique conformers for species 690931140000000000002 are [0]
25-May-25 03:28:11-INFO: 	Starting conformational search of 971452351050000000002
25-May-25 03:28:12-INFO: 	Starting conformational search of 170170000000000000002
25-May-25 03:28:42-INFO: 	Starting conformational search of 981622481180600000001
25-May-25 03:28:43-INFO: 	Starting conformational search of 160000000000000000003
25-May-25 03:28:46-INFO: 	Lowest energy conformer for species 170170000000000000002 is number 0000
25-May-25 03:28:46-INFO: 	At 1000 K with 5.0% cutoff the unique conformers for species 170170000000000000002 are [0]
25-May-25 03:29:30-INFO: 	Lowest energy conformer for species 160000000000000000003 is number 0000
25-May-25 03:29:30-INFO: 	At 1000 K with 5.0% cutoff the unique conformers for species 160000000000000000003 are [0]
25-May-25 03:30:11-INFO: 	Lowest energy conformer for species 971452351050000000002 is number 0000
25-May-25 03:30:11-INFO: 	At 1000 K with 5.0% cutoff the unique conformers for species 971452351050000000002 are [0]
25-May-25 03:30:14-INFO: 	Starting conformational search of 951592011700400000002
25-May-25 03:30:15-INFO: 	Starting conformational search of 190000000000000000002
25-May-25 03:30:16-INFO: 	Starting conformational search of 1131732952100000000002
25-May-25 03:30:16-INFO: 	Starting conformational search of 10000000000000000002
25-May-25 03:32:47-INFO: 	Lowest energy conformer for species 981622481180600000001 is number 0002
25-May-25 03:32:47-INFO: 	At 1000 K with 5.0% cutoff the unique conformers for species 981622481180600000001 are [0, 2]
25-May-25 03:33:39-INFO: 	Lowest energy conformer for species 10000000000000000002 is number 0000
25-May-25 03:33:39-INFO: 	At 1000 K with 5.0% cutoff the unique conformers for species 10000000000000000002 are [0]
25-May-25 03:33:46-INFO: 	Lowest energy conformer for species 190000000000000000002 is number 0000
25-May-25 03:33:46-INFO: 	At 1000 K with 5.0% cutoff the unique conformers for species 190000000000000000002 are [0]
25-May-25 03:36:40-INFO: 	Lowest energy conformer for species 1131732952100000000002 is number 0000
25-May-25 03:36:40-INFO: 	At 1000 K with 5.0% cutoff the unique conformers for species 1131732952100000000002 are [0]
25-May-25 03:39:14-INFO: 	Lowest energy conformer for species 951592011700400000002 is number 0002
25-May-25 03:39:14-INFO: 	At 1000 K with 5.0% cutoff the unique conformers for species 951592011700400000002 are [0, 1, 2]
25-May-25 03:41:48-INFO: 	Rxn barrier is (0.92 kcal/mol) at L1 for 1141903082400600000001_R_Addition_MultipleBond_1_3_4
25-May-25 03:41:48-INFO: 	Starting IRC calculations for 1141903082400600000001_R_Addition_MultipleBond_1_3_4
25-May-25 03:42:23-INFO: 	Rxn barrier is (42.51 kcal/mol) at L1 for 1141903082400600000001_R_Addition_MultipleBond_1_7_8
25-May-25 03:42:23-INFO: 	Starting IRC calculations for 1141903082400600000001_R_Addition_MultipleBond_1_7_8
25-May-25 03:44:15-INFO: 	Rxn barrier is 0.92 kcal/mol for 1141903082400600000001_R_Addition_MultipleBond_1_3_4
25-May-25 03:44:16-INFO: 	Both IRCs lead to the initial well, identical reaction found: 1141903082400600000001_R_Addition_MultipleBond_1_3_4
25-May-25 03:44:16-INFO: 	No product found for 1141903082400600000001_R_Addition_MultipleBond_1_3_4
25-May-25 03:46:29-INFO: 	Rxn barrier is 42.51 kcal/mol for 1141903082400600000001_R_Addition_MultipleBond_1_7_8
25-May-25 03:46:30-INFO: 	Both IRCs lead to the initial well, identical reaction found: 1141903082400600000001_R_Addition_MultipleBond_1_7_8
25-May-25 03:46:30-INFO: 	No product found for 1141903082400600000001_R_Addition_MultipleBond_1_7_8
25-May-25 03:49:16-INFO: 	Rxn barrier is (77.66 kcal/mol) at L1 for 1141903082400600000001_r12_insertion_R_1_3_4
25-May-25 03:49:16-INFO: 	Starting IRC calculations for 1141903082400600000001_r12_insertion_R_1_3_4
25-May-25 03:49:23-INFO: 	Rxn barrier is (77.66 kcal/mol) at L1 for 1141903082400600000001_r12_insertion_R_4_3_1
25-May-25 03:49:23-INFO: 	Starting IRC calculations for 1141903082400600000001_r12_insertion_R_4_3_1
25-May-25 03:49:47-INFO: 	Rxn barrier is (37.00 kcal/mol) at L1 for 1141903082400600000001_intra_H_migration_suprafacial_2_8
25-May-25 03:49:47-INFO: 	Starting IRC calculations for 1141903082400600000001_intra_H_migration_suprafacial_2_8
25-May-25 03:52:36-INFO: 	Reaction search failed for 1141903082400600000001_r12_insertion_R_1_7_8: Wrong number of imaginary frequencies.
25-May-25 03:52:39-INFO: 	Rxn barrier is (98.89 kcal/mol) at L1 for 1141903082400600000001_r12_insertion_R_2_1_3
25-May-25 03:52:39-INFO: 	Starting IRC calculations for 1141903082400600000001_r12_insertion_R_2_1_3
25-May-25 03:52:52-INFO: 	Rxn barrier is (37.03 kcal/mol) at L1 for 1141903082400600000001_intra_H_migration_2_8
25-May-25 03:52:52-INFO: 	Starting IRC calculations for 1141903082400600000001_intra_H_migration_2_8
25-May-25 03:53:37-INFO: 	Rxn barrier is (176.32 kcal/mol) at L1 for 1141903082400600000001_r12_insertion_R_7_1_2
25-May-25 03:53:37-INFO: 	Starting IRC calculations for 1141903082400600000001_r12_insertion_R_7_1_2
25-May-25 03:54:56-INFO: 	Rxn barrier is (77.12 kcal/mol) at L1 for 1141903082400600000001_r12_insertion_R_3_1_7
25-May-25 03:54:56-INFO: 	Starting IRC calculations for 1141903082400600000001_r12_insertion_R_3_1_7
25-May-25 03:55:12-INFO: 	Rxn barrier is (37.02 kcal/mol) at L1 for 1141903082400600000001_r12_insertion_R_8_7_1
25-May-25 03:55:12-INFO: 	Starting IRC calculations for 1141903082400600000001_r12_insertion_R_8_7_1
25-May-25 03:55:48-INFO: 	Rxn barrier is (107.16 kcal/mol) at L1 for 1141903082400600000001_r12_insertion_R_7_1_3
25-May-25 03:55:48-INFO: 	Starting IRC calculations for 1141903082400600000001_r12_insertion_R_7_1_3
25-May-25 03:58:31-INFO: 	Rxn barrier is (73.89 kcal/mol) at L1 for 1141903082400600000001_r13_insertion_CO2_3_8
25-May-25 03:58:31-INFO: 	Starting IRC calculations for 1141903082400600000001_r13_insertion_CO2_3_8
25-May-25 04:01:09-INFO: 	Rxn barrier is (98.89 kcal/mol) at L1 for 1141903082400600000001_r12_insertion_R_3_1_2
25-May-25 04:01:09-INFO: 	Starting IRC calculations for 1141903082400600000001_r12_insertion_R_3_1_2
25-May-25 04:03:11-INFO: 	Rxn barrier is (128.88 kcal/mol) at L1 for 1141903082400600000001_ketoenol_2_1_3_4
25-May-25 04:03:11-INFO: 	Starting IRC calculations for 1141903082400600000001_ketoenol_2_1_3_4
25-May-25 04:03:17-INFO: 	Rxn barrier is (37.01 kcal/mol) at L1 for 1141903082400600000001_intra_H_migration_1_8
25-May-25 04:03:17-INFO: 	Starting IRC calculations for 1141903082400600000001_intra_H_migration_1_8
25-May-25 04:03:49-INFO: 	Rxn barrier is (152.88 kcal/mol) at L1 for 1141903082400600000001_r12_insertion_R_4_3_5
25-May-25 04:03:49-INFO: 	Starting IRC calculations for 1141903082400600000001_r12_insertion_R_4_3_5
25-May-25 04:08:03-INFO: 	Rxn barrier is (57.67 kcal/mol) at L1 for 1141903082400600000001_r13_insertion_ROR_4_3_1_2
25-May-25 04:08:03-INFO: 	Starting IRC calculations for 1141903082400600000001_r13_insertion_ROR_4_3_1_2
25-May-25 04:12:29-INFO: 	Rxn barrier is 37.00 kcal/mol for 1141903082400600000001_intra_H_migration_suprafacial_2_8
25-May-25 04:12:30-INFO: 	Both IRCs lead to the initial well, identical reaction found: 1141903082400600000001_intra_H_migration_suprafacial_2_8
25-May-25 04:12:30-INFO: 	No product found for 1141903082400600000001_intra_H_migration_suprafacial_2_8
25-May-25 04:17:59-INFO: 	Rxn barrier is 37.02 kcal/mol for 1141903082400600000001_r12_insertion_R_8_7_1
25-May-25 04:18:00-INFO: 	Both IRCs lead to the initial well, identical reaction found: 1141903082400600000001_r12_insertion_R_8_7_1
25-May-25 04:18:00-INFO: 	No product found for 1141903082400600000001_r12_insertion_R_8_7_1
25-May-25 04:19:14-INFO: 	Rxn barrier is 37.03 kcal/mol for 1141903082400600000001_intra_H_migration_2_8
25-May-25 04:19:15-INFO: 	Both IRCs lead to the initial well, identical reaction found: 1141903082400600000001_intra_H_migration_2_8
25-May-25 04:19:15-INFO: 	No product found for 1141903082400600000001_intra_H_migration_2_8
25-May-25 04:19:19-INFO: 	Rxn barrier is 77.66 kcal/mol for 1141903082400600000001_r12_insertion_R_1_3_4
25-May-25 04:19:20-INFO: 	IRCs successful for 1141903082400600000001_r12_insertion_R_1_3_4
25-May-25 04:20:06-INFO: 	Based on the end of IRC, reaction 1141903082400600000001_r12_insertion_R_1_3_4 leads to products [641041150370000000001, 500620380000000000001] [array(['C', 'O', 'F', 'O', 'H'], dtype='<U32'), array(['C', 'F', 'F'], dtype='<U32')]
25-May-25 04:20:57-INFO: 	Checking vdW well for 1141903082400600000001_r12_insertion_R_1_3_4.
25-May-25 04:21:00-INFO: 	vdW well detected for 1141903082400600000001_r12_insertion_R_1_3_4_IRC_R_prod. Depth: 2.17 kcal/mol.
25-May-25 04:21:03-INFO: 	Rxn barrier is 98.89 kcal/mol for 1141903082400600000001_r12_insertion_R_2_1_3
25-May-25 04:21:04-INFO: 	IRCs successful for 1141903082400600000001_r12_insertion_R_2_1_3
25-May-25 04:21:06-INFO: 	Reaction search failed for 1141903082400600000001_r12_insertion_R_2_1_7: Wrong number of imaginary frequencies.
25-May-25 04:21:26-INFO: 	Rxn barrier is 176.32 kcal/mol for 1141903082400600000001_r12_insertion_R_7_1_2
25-May-25 04:21:27-INFO: 	IRCs successful for 1141903082400600000001_r12_insertion_R_7_1_2
25-May-25 04:21:55-INFO: 	Starting conformational search of 1141903082400600000001_r12_insertion_R_1_3_4
25-May-25 04:21:57-INFO: 	Starting conformational search of 641041150370000000001
25-May-25 04:21:58-INFO: 	Starting conformational search of 500620380000000000001
25-May-25 04:21:58-INFO: 	Based on the end of IRC, reaction 1141903082400600000001_r12_insertion_R_2_1_3 leads to products [1141942881381180600001] [array(['C', 'O', 'C', 'F', 'F', 'F', 'O', 'H'], dtype='<U32')]
25-May-25 04:22:15-INFO: 	Based on the end of IRC, reaction 1141903082400600000001_r12_insertion_R_7_1_2 leads to products [1142223813092830600001] [array(['C', 'O', 'C', 'F', 'F', 'F', 'O', 'H'], dtype='<U32')]
25-May-25 04:22:43-INFO: 	Lowest energy conformer for species 500620380000000000001 is number 0000
25-May-25 04:22:43-INFO: 	At 1000 K with 5.0% cutoff the unique conformers for species 500620380000000000001 are [0]
25-May-25 04:23:31-INFO: 	Lowest energy conformer for species 641041150370000000001 is number 0000
25-May-25 04:23:31-INFO: 	At 1000 K with 5.0% cutoff the unique conformers for species 641041150370000000001 are [0, 2]
25-May-25 04:23:48-INFO: 	Rxn barrier is 77.66 kcal/mol for 1141903082400600000001_r12_insertion_R_4_3_1
25-May-25 04:23:49-INFO: 	IRCs successful for 1141903082400600000001_r12_insertion_R_4_3_1
25-May-25 04:24:25-INFO: 	Rxn barrier is 77.12 kcal/mol for 1141903082400600000001_r12_insertion_R_3_1_7
25-May-25 04:24:26-INFO: 	Both IRCs lead to the initial well, identical reaction found: 1141903082400600000001_r12_insertion_R_3_1_7
25-May-25 04:24:26-INFO: 	No product found for 1141903082400600000001_r12_insertion_R_3_1_7
25-May-25 04:24:26-INFO: 	Based on the end of IRC, reaction 1141903082400600000001_r12_insertion_R_4_3_1 leads to products [641041150370000000001, 500620380000000000001] [array(['C', 'O', 'F', 'O', 'H'], dtype='<U32'), array(['C', 'F', 'F'], dtype='<U32')]
25-May-25 04:24:30-INFO: 	Checking vdW well for 1141903082400600000001_r12_insertion_R_4_3_1.
25-May-25 04:24:33-INFO: 	vdW well detected for 1141903082400600000001_r12_insertion_R_4_3_1_IRC_R_prod. Depth: 2.17 kcal/mol.
25-May-25 04:25:14-INFO: 	Starting conformational search of 1141903082400600000001_r12_insertion_R_4_3_1
25-May-25 04:25:49-INFO: 	Starting conformational search of 1141903082400600000001_r12_insertion_R_2_1_3
25-May-25 04:25:50-INFO: 	Starting conformational search of 1141942881381180600001
25-May-25 04:26:06-INFO: 	Starting conformational search of 1141903082400600000001_r12_insertion_R_7_1_2
25-May-25 04:26:07-INFO: 	Starting conformational search of 1142223813092830600001
25-May-25 04:27:57-INFO: 	Lowest energy conformer for species 1141903082400600000001_r12_insertion_R_7_1_2 is number 0000
25-May-25 04:27:57-INFO: 	At 1000 K with 5.0% cutoff the unique conformers for species 1141903082400600000001_r12_insertion_R_7_1_2 are [0]
25-May-25 04:28:24-INFO: 	Rxn barrier is 37.01 kcal/mol for 1141903082400600000001_intra_H_migration_1_8
25-May-25 04:28:25-INFO: 	Both IRCs lead to the initial well, identical reaction found: 1141903082400600000001_intra_H_migration_1_8
25-May-25 04:28:25-INFO: 	No product found for 1141903082400600000001_intra_H_migration_1_8
25-May-25 04:29:09-INFO: 	Lowest energy conformer for species 1142223813092830600001 is number 0000
25-May-25 04:29:09-INFO: 	At 1000 K with 5.0% cutoff the unique conformers for species 1142223813092830600001 are [0]
25-May-25 04:29:27-INFO: 	Rxn barrier is 57.67 kcal/mol for 1141903082400600000001_r13_insertion_ROR_4_3_1_2
25-May-25 04:29:28-INFO: 	Neither IRC leads to the initial well for 1141903082400600000001_r13_insertion_ROR_4_3_1_2
25-May-25 04:29:28-INFO: 	No product found for 1141903082400600000001_r13_insertion_ROR_4_3_1_2
25-May-25 04:30:44-INFO: 	Rxn barrier is 73.89 kcal/mol for 1141903082400600000001_r13_insertion_CO2_3_8
25-May-25 04:30:45-INFO: 	IRCs successful for 1141903082400600000001_r13_insertion_CO2_3_8
25-May-25 04:31:06-INFO: 	Based on the end of IRC, reaction 1141903082400600000001_r13_insertion_CO2_3_8 leads to products [440560320000000000001, 701061740000000000001] [array(['C', 'O', 'O'], dtype='<U32'), array(['C', 'F', 'F', 'F', 'H'], dtype='<U32')]
25-May-25 04:31:20-INFO: 	Lowest energy conformer for species 1141903082400600000001_r12_insertion_R_1_3_4 is number 0001
25-May-25 04:31:20-INFO: 	At 1000 K with 5.0% cutoff the unique conformers for species 1141903082400600000001_r12_insertion_R_1_3_4 are [0, 2]
25-May-25 04:31:33-INFO: 	Lowest energy conformer for species 1141903082400600000001_r12_insertion_R_2_1_3 is number 0002
25-May-25 04:31:33-INFO: 	At 1000 K with 5.0% cutoff the unique conformers for species 1141903082400600000001_r12_insertion_R_2_1_3 are [0, 2]
25-May-25 04:31:57-INFO: 	Checking vdW well for 1141903082400600000001_r13_insertion_CO2_3_8.
25-May-25 04:31:59-INFO: 	vdW well detected for 1141903082400600000001_r13_insertion_CO2_3_8_IRC_F_prod. Depth: 1.72 kcal/mol.
25-May-25 04:32:23-INFO: 	Lowest energy conformer for species 1141942881381180600001 is number 0006
25-May-25 04:32:23-INFO: 	At 1000 K with 5.0% cutoff the unique conformers for species 1141942881381180600001 are [0, 6, 8]
25-May-25 04:32:47-INFO: 	Rxn barrier is 152.88 kcal/mol for 1141903082400600000001_r12_insertion_R_4_3_5
25-May-25 04:32:48-INFO: 	Both IRCs lead to the initial well, identical reaction found: 1141903082400600000001_r12_insertion_R_4_3_5
25-May-25 04:32:48-INFO: 	No product found for 1141903082400600000001_r12_insertion_R_4_3_5
25-May-25 04:33:01-INFO: 	Starting conformational search of 1141903082400600000001_r13_insertion_CO2_3_8
25-May-25 04:33:02-INFO: 	Starting conformational search of 440560320000000000001
25-May-25 04:33:02-INFO: 	Starting conformational search of 701061740000000000001
25-May-25 04:33:14-INFO: 	Rxn barrier is 98.89 kcal/mol for 1141903082400600000001_r12_insertion_R_3_1_2
25-May-25 04:33:15-INFO: 	IRCs successful for 1141903082400600000001_r12_insertion_R_3_1_2
25-May-25 04:33:25-INFO: 	Based on the end of IRC, reaction 1141903082400600000001_r12_insertion_R_3_1_2 leads to products [1141942881381180600001] [array(['C', 'O', 'C', 'F', 'F', 'F', 'O', 'H'], dtype='<U32')]
25-May-25 04:33:33-INFO: 	Lowest energy conformer for species 1141903082400600000001_r12_insertion_R_4_3_1 is number 0001
25-May-25 04:33:33-INFO: 	At 1000 K with 5.0% cutoff the unique conformers for species 1141903082400600000001_r12_insertion_R_4_3_1 are [0, 2]
25-May-25 04:33:45-INFO: 	Lowest energy conformer for species 440560320000000000001 is number 0000
25-May-25 04:33:45-INFO: 	At 1000 K with 5.0% cutoff the unique conformers for species 440560320000000000001 are [0]
25-May-25 04:33:58-INFO: 	Starting conformational search of 1141903082400600000001_r12_insertion_R_3_1_2
25-May-25 04:33:59-INFO: 	Starting conformational search of 1141942881381180600001
25-May-25 04:33:59-INFO: 	Last conformer was found in kinbot.db, generation is skipped for 1141942881381180600001.
25-May-25 04:34:17-INFO: 	Lowest energy conformer for species 1141942881381180600001 is number 0006
25-May-25 04:34:17-INFO: 	At 1000 K with 5.0% cutoff the unique conformers for species 1141942881381180600001 are [0, 6, 8]
25-May-25 04:34:40-INFO: 	Lowest energy conformer for species 1141903082400600000001_r13_insertion_CO2_3_8 is number 0000
25-May-25 04:34:40-INFO: 	At 1000 K with 5.0% cutoff the unique conformers for species 1141903082400600000001_r13_insertion_CO2_3_8 are [0]
25-May-25 04:34:45-INFO: 	Lowest energy conformer for species 701061740000000000001 is number 0000
25-May-25 04:34:45-INFO: 	At 1000 K with 5.0% cutoff the unique conformers for species 701061740000000000001 are [0]
25-May-25 04:37:06-INFO: 	Rxn barrier is (142.34 kcal/mol) at L1 for 1141903082400600000001_r13_insertion_ROR_8_7_1_2
25-May-25 04:37:06-INFO: 	Starting IRC calculations for 1141903082400600000001_r13_insertion_ROR_8_7_1_2
25-May-25 04:38:51-INFO: 	Lowest energy conformer for species 1141903082400600000001_r12_insertion_R_3_1_2 is number 0002
25-May-25 04:38:51-INFO: 	At 1000 K with 5.0% cutoff the unique conformers for species 1141903082400600000001_r12_insertion_R_3_1_2 are [0, 2]
25-May-25 04:42:35-INFO: 	Rxn barrier is 128.88 kcal/mol for 1141903082400600000001_ketoenol_2_1_3_4
25-May-25 04:42:36-INFO: 	Neither IRC leads to the initial well for 1141903082400600000001_ketoenol_2_1_3_4
25-May-25 04:42:36-INFO: 	No product found for 1141903082400600000001_ketoenol_2_1_3_4
25-May-25 04:54:35-INFO: 	Rxn barrier is (44.70 kcal/mol) at L1 for 1141903082400600000001_r13_insertion_ROR_4_3_1_7
25-May-25 04:54:35-INFO: 	Starting IRC calculations for 1141903082400600000001_r13_insertion_ROR_4_3_1_7
25-May-25 05:00:39-INFO: 	Rxn barrier is 142.34 kcal/mol for 1141903082400600000001_r13_insertion_ROR_8_7_1_2
25-May-25 05:00:40-INFO: 	IRCs successful for 1141903082400600000001_r13_insertion_ROR_8_7_1_2
25-May-25 05:00:50-INFO: 	Based on the end of IRC, reaction 1141903082400600000001_r13_insertion_ROR_8_7_1_2 leads to products [1141942801461180600001] [array(['C', 'O', 'C', 'F', 'F', 'F', 'O', 'H'], dtype='<U32')]
25-May-25 05:01:50-INFO: 	Rxn barrier is 107.16 kcal/mol for 1141903082400600000001_r12_insertion_R_7_1_3
25-May-25 05:01:50-INFO: 	No product found for 1141903082400600000001_r12_insertion_R_7_1_3
25-May-25 05:03:59-INFO: 	Starting conformational search of 1141903082400600000001_r13_insertion_ROR_8_7_1_2
25-May-25 05:03:59-INFO: 	Starting conformational search of 1141942801461180600001
25-May-25 05:05:37-INFO: 	Lowest energy conformer for species 1141903082400600000001_r13_insertion_ROR_8_7_1_2 is number 0000
25-May-25 05:05:37-INFO: 	At 1000 K with 5.0% cutoff the unique conformers for species 1141903082400600000001_r13_insertion_ROR_8_7_1_2 are [0]
25-May-25 05:33:52-WARNING: divide by zero encountered in log
25-May-25 05:33:52-INFO: 	Lowest energy conformer for species 1141942801461180600001 is number 0007
25-May-25 05:33:52-INFO: 	At 1000 K with 5.0% cutoff the unique conformers for species 1141942801461180600001 are [6, 8]
25-May-25 06:03:18-INFO: 	Rxn barrier is 44.70 kcal/mol for 1141903082400600000001_r13_insertion_ROR_4_3_1_7
25-May-25 06:03:18-INFO: 	No product found for 1141903082400600000001_r13_insertion_ROR_4_3_1_7
25-May-25 07:26:33-INFO: 	Reaction search failed for 1141903082400600000001_r12_insertion_R_4_3_6.
25-May-25 07:26:34-INFO: Reaction generation done!
25-May-25 07:26:45-INFO: Starting Master Equation calculations
25-May-25 07:26:45-INFO: KinBot finished.
