
Copyright 2018 National Technology & Engineering Solutions of Sandia,
LLC (NTESS). Under the terms of Contract DE-NA0003525 with NTESS, 
the U.S. Government retains certain rights in this software.

FAILED            1141903082400600000001_intra_H_migration_1_8             
FAILED            1141903082400600000001_intra_H_migration_2_8             
FAILED            1141903082400600000001_intra_H_migration_suprafacial_2_8 
SUCCESS    75.36  1141903082400600000001_r12_insertion_R_1_3_4              500620380000000000001 641041150370000000001   52.05  vdW_IRC_R_prod
FAILED            1141903082400600000001_r12_insertion_R_1_7_8             
SUCCESS    98.89  1141903082400600000001_r12_insertion_R_2_1_3              1141942881381180600001
FAILED            1141903082400600000001_r12_insertion_R_2_1_7             
SUCCESS    98.89  1141903082400600000001_r12_insertion_R_3_1_2              1141942881381180600001
FAILED            1141903082400600000001_r12_insertion_R_3_1_7             
SUCCESS    75.36  1141903082400600000001_r12_insertion_R_4_3_1              500620380000000000001 641041150370000000001   52.05  vdW_IRC_R_prod
FAILED            1141903082400600000001_r12_insertion_R_4_3_5             
FAILED            1141903082400600000001_r12_insertion_R_4_3_6             
SUCCESS   176.31  1141903082400600000001_r12_insertion_R_7_1_2              1142223813092830600001
FAILED            1141903082400600000001_r12_insertion_R_7_1_3             
FAILED            1141903082400600000001_r12_insertion_R_8_7_1             
SUCCESS    73.89  1141903082400600000001_r13_insertion_CO2_3_8              440560320000000000001 701061740000000000001  -16.07  vdW_IRC_F_prod
FAILED            1141903082400600000001_r13_insertion_ROR_4_3_1_2         
FAILED            1141903082400600000001_r13_insertion_ROR_4_3_1_7         
SUCCESS   142.34  1141903082400600000001_r13_insertion_ROR_8_7_1_2          1141942801461180600001
FAILED            1141903082400600000001_ketoenol_2_1_3_4                  
FAILED            1141903082400600000001_R_Addition_MultipleBond_1_3_4     
FAILED            1141903082400600000001_R_Addition_MultipleBond_1_7_8     
SUCCESS   168.92  1141903082400600000001_hom_sci_1_2                        160000000000000000003 981622481180600000001
SUCCESS    89.70  1141903082400600000001_hom_sci_1_3                        450730450170000000002 690931140000000000002
SUCCESS   110.22  1141903082400600000001_hom_sci_1_7                        170170000000000000002 971452351050000000002
SUCCESS   116.49  1141903082400600000001_hom_sci_3_4                        190000000000000000002 951592011700400000002
SUCCESS   115.28  1141903082400600000001_hom_sci_7_8                        10000000000000000002 1131732952100000000002