Starting orbital calculations
Input directory: ./ts_geometries
Output directory: ./ts_orbital_results
------------------------------------------------
Found 15 Gaussian input files to process
------------------------------------------------
[1/15] Processing: 1642764945472630600001_r12_insertion_R_10_1_2_TS
  - Input file: ./ts_geometries/1642764945472630600001_r12_insertion_R_10_1_2/1642764945472630600001_r12_insertion_R_10_1_2_TS.gjf
  - Output directory: ./ts_orbital_results/1642764945472630600001_r12_insertion_R_10_1_2/1642764945472630600001_r12_insertion_R_10_1_2
  - Setting up calculation for: 1642764945472630600001_r12_insertion_R_10_1_2_TS
  - Running Gaussian calculation...
  - Gaussian calculation completed successfully
  - Generating formatted checkpoint and cube files
 Read checkpoint file 1642764945472630600001_r12_insertion_R_10_1_2_TS.chk type G16
 Write formatted file 1642764945472630600001_r12_insertion_R_10_1_2_TS.fchk
 Will use up to     0 threads.
 Top CubeGen          Thu May 22 16:25:14 2025
 Aft UFChkP           Thu May 22 16:25:15 2025        0.26 cpu,        0.26 elapsed
 Aft DecCub           Thu May 22 16:25:15 2025        0.02 cpu,        0.04 elapsed
 Aft Density          Thu May 22 16:25:15 2025        0.00 cpu,        0.00 elapsed
 Bef DoCube           Thu May 22 16:25:15 2025        0.01 cpu,        0.00 elapsed
 There are a total of       63468 grid points.
 ElSum from         orbitals=        0.4984856640
 Aft DoCube           Thu May 22 16:25:15 2025        0.13 cpu,        0.14 elapsed
 Will use up to     0 threads.
 Top CubeGen          Thu May 22 16:25:15 2025
 Aft UFChkP           Thu May 22 16:25:15 2025        0.26 cpu,        0.27 elapsed
 Aft DecCub           Thu May 22 16:25:15 2025        0.02 cpu,        0.02 elapsed
 Aft Density          Thu May 22 16:25:15 2025        0.00 cpu,        0.00 elapsed
 Bef DoCube           Thu May 22 16:25:15 2025        0.00 cpu,        0.00 elapsed
 There are a total of       63468 grid points.
 ElSum from         orbitals=        0.5007261470
 Aft DoCube           Thu May 22 16:25:15 2025        0.15 cpu,        0.14 elapsed
 Will use up to     0 threads.
 Top CubeGen          Thu May 22 16:25:15 2025
 Aft UFChkP           Thu May 22 16:25:16 2025        0.26 cpu,        0.27 elapsed
 Aft DecCub           Thu May 22 16:25:16 2025        0.05 cpu,        0.06 elapsed
 Aft Density          Thu May 22 16:25:16 2025        0.00 cpu,        0.00 elapsed
 Bef DoCube           Thu May 22 16:25:16 2025        0.01 cpu,        0.00 elapsed
 There are a total of       63468 grid points.
 ElSum from          density=       60.0561513173
 Aft DoCube           Thu May 22 16:25:16 2025        0.32 cpu,        0.44 elapsed
 Will use up to     0 threads.
 Top CubeGen          Thu May 22 16:25:16 2025
 Aft UFChkP           Thu May 22 16:25:16 2025        0.25 cpu,        0.26 elapsed
 Aft DecCub           Thu May 22 16:25:16 2025        0.01 cpu,        0.01 elapsed
 Aft Density          Thu May 22 16:25:16 2025        0.00 cpu,        0.00 elapsed
 Bef DoCube           Thu May 22 16:25:16 2025        0.01 cpu,        0.00 elapsed
 There are a total of       63468 grid points.
 ElSum from          density=       82.3919229328
 Aft DoCube           Thu May 22 16:25:21 2025        4.23 cpu,        4.27 elapsed
  ✓ Successfully created cube files
------------------------------------------------
[2/15] Processing: 1642764945472630600001_r12_insertion_R_10_1_3_TS
  - Input file: ./ts_geometries/1642764945472630600001_r12_insertion_R_10_1_3/1642764945472630600001_r12_insertion_R_10_1_3_TS.gjf
  - Output directory: ./ts_orbital_results/1642764945472630600001_r12_insertion_R_10_1_3/1642764945472630600001_r12_insertion_R_10_1_3
  - Setting up calculation for: 1642764945472630600001_r12_insertion_R_10_1_3_TS
  - Running Gaussian calculation...
  - Gaussian calculation completed successfully
  - Generating formatted checkpoint and cube files
 Read checkpoint file 1642764945472630600001_r12_insertion_R_10_1_3_TS.chk type G16
 Write formatted file 1642764945472630600001_r12_insertion_R_10_1_3_TS.fchk
 Will use up to     0 threads.
 Top CubeGen          Thu May 22 16:25:35 2025
 Aft UFChkP           Thu May 22 16:25:35 2025        0.25 cpu,        0.26 elapsed
 Aft DecCub           Thu May 22 16:25:35 2025        0.02 cpu,        0.02 elapsed
 Aft Density          Thu May 22 16:25:35 2025        0.00 cpu,        0.00 elapsed
 Bef DoCube           Thu May 22 16:25:35 2025        0.00 cpu,        0.00 elapsed
 There are a total of       64260 grid points.
 ElSum from         orbitals=        0.5017974199
 Aft DoCube           Thu May 22 16:25:35 2025        0.14 cpu,        0.14 elapsed
 Will use up to     0 threads.
 Top CubeGen          Thu May 22 16:25:35 2025
 Aft UFChkP           Thu May 22 16:25:35 2025        0.26 cpu,        0.27 elapsed
 Aft DecCub           Thu May 22 16:25:35 2025        0.03 cpu,        0.02 elapsed
 Aft Density          Thu May 22 16:25:35 2025        0.00 cpu,        0.00 elapsed
 Bef DoCube           Thu May 22 16:25:35 2025        0.00 cpu,        0.00 elapsed
 There are a total of       64260 grid points.
 ElSum from         orbitals=        0.4969339090
 Aft DoCube           Thu May 22 16:25:36 2025        0.14 cpu,        0.14 elapsed
 Will use up to     0 threads.
 Top CubeGen          Thu May 22 16:25:36 2025
 Aft UFChkP           Thu May 22 16:25:36 2025        0.27 cpu,        0.27 elapsed
 Aft DecCub           Thu May 22 16:25:36 2025        0.06 cpu,        0.06 elapsed
 Aft Density          Thu May 22 16:25:36 2025        0.00 cpu,        0.00 elapsed
 Bef DoCube           Thu May 22 16:25:36 2025        0.00 cpu,        0.00 elapsed
 There are a total of       64260 grid points.
 ElSum from          density=       60.4065916155
 Aft DoCube           Thu May 22 16:25:36 2025        0.33 cpu,        0.34 elapsed
 Will use up to     0 threads.
 Top CubeGen          Thu May 22 16:25:36 2025
 Aft UFChkP           Thu May 22 16:25:37 2025        0.25 cpu,        0.26 elapsed
 Aft DecCub           Thu May 22 16:25:37 2025        0.02 cpu,        0.01 elapsed
 Aft Density          Thu May 22 16:25:37 2025        0.00 cpu,        0.00 elapsed
 Bef DoCube           Thu May 22 16:25:37 2025        0.00 cpu,        0.01 elapsed
 There are a total of       64260 grid points.
 ElSum from          density=       93.3802280398
 Aft DoCube           Thu May 22 16:25:41 2025        4.13 cpu,        4.15 elapsed
  ✓ Successfully created cube files
------------------------------------------------
[3/15] Processing: 1642764945472630600001_r12_insertion_R_1_3_4_TS
  - Input file: ./ts_geometries/1642764945472630600001_r12_insertion_R_1_3_4/1642764945472630600001_r12_insertion_R_1_3_4_TS.gjf
  - Output directory: ./ts_orbital_results/1642764945472630600001_r12_insertion_R_1_3_4/1642764945472630600001_r12_insertion_R_1_3_4
  - Setting up calculation for: 1642764945472630600001_r12_insertion_R_1_3_4_TS
  - Running Gaussian calculation...
  - Gaussian calculation completed successfully
  - Generating formatted checkpoint and cube files
 Read checkpoint file 1642764945472630600001_r12_insertion_R_1_3_4_TS.chk type G16
 Write formatted file 1642764945472630600001_r12_insertion_R_1_3_4_TS.fchk
 Will use up to     0 threads.
 Top CubeGen          Thu May 22 16:26:01 2025
 Aft UFChkP           Thu May 22 16:26:01 2025        0.26 cpu,        0.27 elapsed
 Aft DecCub           Thu May 22 16:26:01 2025        0.02 cpu,        0.02 elapsed
 Aft Density          Thu May 22 16:26:01 2025        0.00 cpu,        0.00 elapsed
 Bef DoCube           Thu May 22 16:26:01 2025        0.01 cpu,        0.00 elapsed
 There are a total of       63960 grid points.
 ElSum from         orbitals=        0.5006160442
 Aft DoCube           Thu May 22 16:26:01 2025        0.13 cpu,        0.14 elapsed
 Will use up to     0 threads.
 Top CubeGen          Thu May 22 16:26:01 2025
 Aft UFChkP           Thu May 22 16:26:02 2025        0.27 cpu,        0.27 elapsed
 Aft DecCub           Thu May 22 16:26:02 2025        0.02 cpu,        0.02 elapsed
 Aft Density          Thu May 22 16:26:02 2025        0.00 cpu,        0.00 elapsed
 Bef DoCube           Thu May 22 16:26:02 2025        0.00 cpu,        0.00 elapsed
 There are a total of       63960 grid points.
 ElSum from         orbitals=        0.5019710404
 Aft DoCube           Thu May 22 16:26:02 2025        0.14 cpu,        0.15 elapsed
 Will use up to     0 threads.
 Top CubeGen          Thu May 22 16:26:02 2025
 Aft UFChkP           Thu May 22 16:26:02 2025        0.25 cpu,        0.26 elapsed
 Aft DecCub           Thu May 22 16:26:02 2025        0.06 cpu,        0.06 elapsed
 Aft Density          Thu May 22 16:26:02 2025        0.00 cpu,        0.00 elapsed
 Bef DoCube           Thu May 22 16:26:02 2025        0.00 cpu,        0.00 elapsed
 There are a total of       63960 grid points.
 ElSum from          density=       59.9353240974
 Aft DoCube           Thu May 22 16:26:03 2025        0.36 cpu,        0.35 elapsed
 Will use up to     0 threads.
 Top CubeGen          Thu May 22 16:26:03 2025
 Aft UFChkP           Thu May 22 16:26:03 2025        0.25 cpu,        0.26 elapsed
 Aft DecCub           Thu May 22 16:26:03 2025        0.02 cpu,        0.01 elapsed
 Aft Density          Thu May 22 16:26:03 2025        0.00 cpu,        0.00 elapsed
 Bef DoCube           Thu May 22 16:26:03 2025        0.00 cpu,        0.00 elapsed
 There are a total of       63960 grid points.
 ElSum from          density=       80.2730845145
 Aft DoCube           Thu May 22 16:26:07 2025        4.47 cpu,        4.50 elapsed
  ✓ Successfully created cube files
------------------------------------------------
[4/15] Processing: 1642764945472630600001_r12_insertion_R_1_3_8_TS
  - Input file: ./ts_geometries/1642764945472630600001_r12_insertion_R_1_3_8/1642764945472630600001_r12_insertion_R_1_3_8_TS.gjf
  - Output directory: ./ts_orbital_results/1642764945472630600001_r12_insertion_R_1_3_8/1642764945472630600001_r12_insertion_R_1_3_8
  - Setting up calculation for: 1642764945472630600001_r12_insertion_R_1_3_8_TS
  - Running Gaussian calculation...
  - Gaussian calculation completed successfully
  - Generating formatted checkpoint and cube files
 Read checkpoint file 1642764945472630600001_r12_insertion_R_1_3_8_TS.chk type G16
 Write formatted file 1642764945472630600001_r12_insertion_R_1_3_8_TS.fchk
 Will use up to     0 threads.
 Top CubeGen          Thu May 22 16:26:23 2025
 Aft UFChkP           Thu May 22 16:26:24 2025        0.26 cpu,        0.27 elapsed
 Aft DecCub           Thu May 22 16:26:24 2025        0.02 cpu,        0.02 elapsed
 Aft Density          Thu May 22 16:26:24 2025        0.00 cpu,        0.00 elapsed
 Bef DoCube           Thu May 22 16:26:24 2025        0.01 cpu,        0.00 elapsed
 There are a total of       63180 grid points.
 ElSum from         orbitals=        0.4982072920
 Aft DoCube           Thu May 22 16:26:24 2025        0.14 cpu,        0.15 elapsed
 Will use up to     0 threads.
 Top CubeGen          Thu May 22 16:26:24 2025
 Aft UFChkP           Thu May 22 16:26:24 2025        0.25 cpu,        0.26 elapsed
 Aft DecCub           Thu May 22 16:26:24 2025        0.02 cpu,        0.02 elapsed
 Aft Density          Thu May 22 16:26:24 2025        0.00 cpu,        0.00 elapsed
 Bef DoCube           Thu May 22 16:26:24 2025        0.01 cpu,        0.00 elapsed
 There are a total of       63180 grid points.
 ElSum from         orbitals=        0.4944645885
 Aft DoCube           Thu May 22 16:26:24 2025        0.13 cpu,        0.14 elapsed
 Will use up to     0 threads.
 Top CubeGen          Thu May 22 16:26:24 2025
 Aft UFChkP           Thu May 22 16:26:24 2025        0.26 cpu,        0.26 elapsed
 Aft DecCub           Thu May 22 16:26:25 2025        0.06 cpu,        0.06 elapsed
 Aft Density          Thu May 22 16:26:25 2025        0.00 cpu,        0.00 elapsed
 Bef DoCube           Thu May 22 16:26:25 2025        0.00 cpu,        0.01 elapsed
 There are a total of       63180 grid points.
 ElSum from          density=       59.8368369042
 Aft DoCube           Thu May 22 16:26:25 2025        0.33 cpu,        0.34 elapsed
 Will use up to     0 threads.
 Top CubeGen          Thu May 22 16:26:25 2025
 Aft UFChkP           Thu May 22 16:26:25 2025        0.24 cpu,        0.25 elapsed
 Aft DecCub           Thu May 22 16:26:25 2025        0.01 cpu,        0.01 elapsed
 Aft Density          Thu May 22 16:26:25 2025        0.00 cpu,        0.00 elapsed
 Bef DoCube           Thu May 22 16:26:25 2025        0.01 cpu,        0.00 elapsed
 There are a total of       63180 grid points.
 ElSum from          density=       76.0426400159
 Aft DoCube           Thu May 22 16:26:30 2025        4.44 cpu,        4.47 elapsed
  ✓ Successfully created cube files
------------------------------------------------
[5/15] Processing: 1642764945472630600001_r12_insertion_R_2_1_10_TS
  - Input file: ./ts_geometries/1642764945472630600001_r12_insertion_R_2_1_10/1642764945472630600001_r12_insertion_R_2_1_10_TS.gjf
  - Output directory: ./ts_orbital_results/1642764945472630600001_r12_insertion_R_2_1_10/1642764945472630600001_r12_insertion_R_2_1_10
  - Setting up calculation for: 1642764945472630600001_r12_insertion_R_2_1_10_TS
  - Running Gaussian calculation...
  - Gaussian calculation completed successfully
  - Generating formatted checkpoint and cube files
 Read checkpoint file 1642764945472630600001_r12_insertion_R_2_1_10_TS.chk type G16
 Write formatted file 1642764945472630600001_r12_insertion_R_2_1_10_TS.fchk
 Will use up to     0 threads.
 Top CubeGen          Thu May 22 16:26:46 2025
 Aft UFChkP           Thu May 22 16:26:47 2025        0.26 cpu,        0.27 elapsed
 Aft DecCub           Thu May 22 16:26:47 2025        0.02 cpu,        0.02 elapsed
 Aft Density          Thu May 22 16:26:47 2025        0.00 cpu,        0.00 elapsed
 Bef DoCube           Thu May 22 16:26:47 2025        0.01 cpu,        0.00 elapsed
 There are a total of       63640 grid points.
 ElSum from         orbitals=        0.5014353628
 Aft DoCube           Thu May 22 16:26:47 2025        0.14 cpu,        0.15 elapsed
 Will use up to     0 threads.
 Top CubeGen          Thu May 22 16:26:47 2025
 Aft UFChkP           Thu May 22 16:26:47 2025        0.26 cpu,        0.27 elapsed
 Aft DecCub           Thu May 22 16:26:47 2025        0.02 cpu,        0.02 elapsed
 Aft Density          Thu May 22 16:26:47 2025        0.00 cpu,        0.00 elapsed
 Bef DoCube           Thu May 22 16:26:47 2025        0.00 cpu,        0.00 elapsed
 There are a total of       63640 grid points.
 ElSum from         orbitals=        0.4977341884
 Aft DoCube           Thu May 22 16:26:47 2025        0.15 cpu,        0.15 elapsed
 Will use up to     0 threads.
 Top CubeGen          Thu May 22 16:26:47 2025
 Aft UFChkP           Thu May 22 16:26:47 2025        0.26 cpu,        0.27 elapsed
 Aft DecCub           Thu May 22 16:26:48 2025        0.06 cpu,        0.06 elapsed
 Aft Density          Thu May 22 16:26:48 2025        0.00 cpu,        0.00 elapsed
 Bef DoCube           Thu May 22 16:26:48 2025        0.01 cpu,        0.00 elapsed
 There are a total of       63640 grid points.
 ElSum from          density=       60.0912844680
 Aft DoCube           Thu May 22 16:26:48 2025        0.34 cpu,        0.35 elapsed
 Will use up to     0 threads.
 Top CubeGen          Thu May 22 16:26:48 2025
 Aft UFChkP           Thu May 22 16:26:48 2025        0.27 cpu,        0.27 elapsed
 Aft DecCub           Thu May 22 16:26:48 2025        0.01 cpu,        0.01 elapsed
 Aft Density          Thu May 22 16:26:48 2025        0.00 cpu,        0.00 elapsed
 Bef DoCube           Thu May 22 16:26:48 2025        0.00 cpu,        0.00 elapsed
 There are a total of       63640 grid points.
 ElSum from          density=       81.8850931639
 Aft DoCube           Thu May 22 16:26:53 2025        4.42 cpu,        4.43 elapsed
  ✓ Successfully created cube files
------------------------------------------------
[6/15] Processing: 1642764945472630600001_r12_insertion_R_2_1_3_TS
  - Input file: ./ts_geometries/1642764945472630600001_r12_insertion_R_2_1_3/1642764945472630600001_r12_insertion_R_2_1_3_TS.gjf
  - Output directory: ./ts_orbital_results/1642764945472630600001_r12_insertion_R_2_1_3/1642764945472630600001_r12_insertion_R_2_1_3
  - Setting up calculation for: 1642764945472630600001_r12_insertion_R_2_1_3_TS
  - Running Gaussian calculation...
  - Gaussian calculation completed successfully
  - Generating formatted checkpoint and cube files
 Read checkpoint file 1642764945472630600001_r12_insertion_R_2_1_3_TS.chk type G16
 Write formatted file 1642764945472630600001_r12_insertion_R_2_1_3_TS.fchk
 Will use up to     0 threads.
 Top CubeGen          Thu May 22 16:27:07 2025
 Aft UFChkP           Thu May 22 16:27:08 2025        0.26 cpu,        0.26 elapsed
 Aft DecCub           Thu May 22 16:27:08 2025        0.02 cpu,        0.02 elapsed
 Aft Density          Thu May 22 16:27:08 2025        0.00 cpu,        0.00 elapsed
 Bef DoCube           Thu May 22 16:27:08 2025        0.00 cpu,        0.00 elapsed
 There are a total of       64676 grid points.
 ElSum from         orbitals=        0.4971535072
 Aft DoCube           Thu May 22 16:27:08 2025        0.14 cpu,        0.14 elapsed
 Will use up to     0 threads.
 Top CubeGen          Thu May 22 16:27:08 2025
 Aft UFChkP           Thu May 22 16:27:08 2025        0.26 cpu,        0.26 elapsed
 Aft DecCub           Thu May 22 16:27:08 2025        0.02 cpu,        0.02 elapsed
 Aft Density          Thu May 22 16:27:08 2025        0.00 cpu,        0.00 elapsed
 Bef DoCube           Thu May 22 16:27:08 2025        0.00 cpu,        0.00 elapsed
 There are a total of       64676 grid points.
 ElSum from         orbitals=        0.5001753260
 Aft DoCube           Thu May 22 16:27:08 2025        0.14 cpu,        0.14 elapsed
 Will use up to     0 threads.
 Top CubeGen          Thu May 22 16:27:08 2025
 Aft UFChkP           Thu May 22 16:27:08 2025        0.26 cpu,        0.27 elapsed
 Aft DecCub           Thu May 22 16:27:09 2025        0.06 cpu,        0.06 elapsed
 Aft Density          Thu May 22 16:27:09 2025        0.00 cpu,        0.00 elapsed
 Bef DoCube           Thu May 22 16:27:09 2025        0.00 cpu,        0.00 elapsed
 There are a total of       64676 grid points.
 ElSum from          density=       60.0835419282
 Aft DoCube           Thu May 22 16:27:09 2025        0.34 cpu,        0.34 elapsed
 Will use up to     0 threads.
 Top CubeGen          Thu May 22 16:27:09 2025
 Aft UFChkP           Thu May 22 16:27:09 2025        0.26 cpu,        0.27 elapsed
 Aft DecCub           Thu May 22 16:27:09 2025        0.01 cpu,        0.01 elapsed
 Aft Density          Thu May 22 16:27:09 2025        0.00 cpu,        0.00 elapsed
 Bef DoCube           Thu May 22 16:27:09 2025        0.00 cpu,        0.00 elapsed
 There are a total of       64676 grid points.
 ElSum from          density=       82.0571279972
 Aft DoCube           Thu May 22 16:27:14 2025        4.40 cpu,        4.42 elapsed
  ✓ Successfully created cube files
------------------------------------------------
[7/15] Processing: 1642764945472630600001_r12_insertion_R_3_1_2_TS
  - Input file: ./ts_geometries/1642764945472630600001_r12_insertion_R_3_1_2/1642764945472630600001_r12_insertion_R_3_1_2_TS.gjf
  - Output directory: ./ts_orbital_results/1642764945472630600001_r12_insertion_R_3_1_2/1642764945472630600001_r12_insertion_R_3_1_2
  - Setting up calculation for: 1642764945472630600001_r12_insertion_R_3_1_2_TS
  - Running Gaussian calculation...
  - Gaussian calculation completed successfully
  - Generating formatted checkpoint and cube files
 Read checkpoint file 1642764945472630600001_r12_insertion_R_3_1_2_TS.chk type G16
 Write formatted file 1642764945472630600001_r12_insertion_R_3_1_2_TS.fchk
 Will use up to     0 threads.
 Top CubeGen          Thu May 22 16:27:28 2025
 Aft UFChkP           Thu May 22 16:27:29 2025        0.24 cpu,        0.25 elapsed
 Aft DecCub           Thu May 22 16:27:29 2025        0.02 cpu,        0.02 elapsed
 Aft Density          Thu May 22 16:27:29 2025        0.00 cpu,        0.00 elapsed
 Bef DoCube           Thu May 22 16:27:29 2025        0.01 cpu,        0.00 elapsed
 There are a total of       62974 grid points.
 ElSum from         orbitals=        0.5009533228
 Aft DoCube           Thu May 22 16:27:29 2025        0.12 cpu,        0.13 elapsed
 Will use up to     0 threads.
 Top CubeGen          Thu May 22 16:27:29 2025
 Aft UFChkP           Thu May 22 16:27:29 2025        0.25 cpu,        0.26 elapsed
 Aft DecCub           Thu May 22 16:27:29 2025        0.02 cpu,        0.02 elapsed
 Aft Density          Thu May 22 16:27:29 2025        0.00 cpu,        0.00 elapsed
 Bef DoCube           Thu May 22 16:27:29 2025        0.00 cpu,        0.00 elapsed
 There are a total of       62974 grid points.
 ElSum from         orbitals=        0.4994544927
 Aft DoCube           Thu May 22 16:27:29 2025        0.13 cpu,        0.13 elapsed
 Will use up to     0 threads.
 Top CubeGen          Thu May 22 16:27:29 2025
 Aft UFChkP           Thu May 22 16:27:29 2025        0.26 cpu,        0.26 elapsed
 Aft DecCub           Thu May 22 16:27:29 2025        0.06 cpu,        0.06 elapsed
 Aft Density          Thu May 22 16:27:29 2025        0.00 cpu,        0.00 elapsed
 Bef DoCube           Thu May 22 16:27:29 2025        0.00 cpu,        0.00 elapsed
 There are a total of       62974 grid points.
 ElSum from          density=       59.8879243331
 Aft DoCube           Thu May 22 16:27:30 2025        0.32 cpu,        0.33 elapsed
 Will use up to     0 threads.
 Top CubeGen          Thu May 22 16:27:30 2025
 Aft UFChkP           Thu May 22 16:27:30 2025        0.25 cpu,        0.26 elapsed
 Aft DecCub           Thu May 22 16:27:30 2025        0.02 cpu,        0.01 elapsed
 Aft Density          Thu May 22 16:27:30 2025        0.00 cpu,        0.00 elapsed
 Bef DoCube           Thu May 22 16:27:30 2025        0.00 cpu,        0.00 elapsed
 There are a total of       62974 grid points.
 ElSum from          density=       76.2166701644
 Aft DoCube           Thu May 22 16:27:34 2025        4.17 cpu,        4.19 elapsed
  ✓ Successfully created cube files
------------------------------------------------
[8/15] Processing: 1642764945472630600001_r12_insertion_R_3_4_5_TS
  - Input file: ./ts_geometries/1642764945472630600001_r12_insertion_R_3_4_5/1642764945472630600001_r12_insertion_R_3_4_5_TS.gjf
  - Output directory: ./ts_orbital_results/1642764945472630600001_r12_insertion_R_3_4_5/1642764945472630600001_r12_insertion_R_3_4_5
  - Setting up calculation for: 1642764945472630600001_r12_insertion_R_3_4_5_TS
  - Running Gaussian calculation...
  - Gaussian calculation completed successfully
  - Generating formatted checkpoint and cube files
 Read checkpoint file 1642764945472630600001_r12_insertion_R_3_4_5_TS.chk type G16
 Write formatted file 1642764945472630600001_r12_insertion_R_3_4_5_TS.fchk
 Will use up to     0 threads.
 Top CubeGen          Thu May 22 16:27:49 2025
 Aft UFChkP           Thu May 22 16:27:49 2025        0.27 cpu,        0.27 elapsed
 Aft DecCub           Thu May 22 16:27:49 2025        0.02 cpu,        0.02 elapsed
 Aft Density          Thu May 22 16:27:49 2025        0.00 cpu,        0.00 elapsed
 Bef DoCube           Thu May 22 16:27:49 2025        0.00 cpu,        0.00 elapsed
 There are a total of       62790 grid points.
 ElSum from         orbitals=        0.5025203766
 Aft DoCube           Thu May 22 16:27:50 2025        0.15 cpu,        0.15 elapsed
 Will use up to     0 threads.
 Top CubeGen          Thu May 22 16:27:50 2025
 Aft UFChkP           Thu May 22 16:27:50 2025        0.26 cpu,        0.27 elapsed
 Aft DecCub           Thu May 22 16:27:50 2025        0.02 cpu,        0.02 elapsed
 Aft Density          Thu May 22 16:27:50 2025        0.00 cpu,        0.00 elapsed
 Bef DoCube           Thu May 22 16:27:50 2025        0.00 cpu,        0.00 elapsed
 There are a total of       62790 grid points.
 ElSum from         orbitals=        0.4992777080
 Aft DoCube           Thu May 22 16:27:50 2025        0.14 cpu,        0.14 elapsed
 Will use up to     0 threads.
 Top CubeGen          Thu May 22 16:27:50 2025
 Aft UFChkP           Thu May 22 16:27:50 2025        0.26 cpu,        0.27 elapsed
 Aft DecCub           Thu May 22 16:27:50 2025        0.06 cpu,        0.06 elapsed
 Aft Density          Thu May 22 16:27:50 2025        0.00 cpu,        0.00 elapsed
 Bef DoCube           Thu May 22 16:27:50 2025        0.01 cpu,        0.00 elapsed
 There are a total of       62790 grid points.
 ElSum from          density=       60.2479246497
 Aft DoCube           Thu May 22 16:27:51 2025        0.33 cpu,        0.34 elapsed
 Will use up to     0 threads.
 Top CubeGen          Thu May 22 16:27:51 2025
 Aft UFChkP           Thu May 22 16:27:51 2025        0.26 cpu,        0.27 elapsed
 Aft DecCub           Thu May 22 16:27:51 2025        0.01 cpu,        0.01 elapsed
 Aft Density          Thu May 22 16:27:51 2025        0.00 cpu,        0.00 elapsed
 Bef DoCube           Thu May 22 16:27:51 2025        0.01 cpu,        0.00 elapsed
 There are a total of       62790 grid points.
 ElSum from          density=       83.8185559791
 Aft DoCube           Thu May 22 16:27:55 2025        4.15 cpu,        4.17 elapsed
  ✓ Successfully created cube files
------------------------------------------------
[9/15] Processing: 1642764945472630600001_r12_insertion_R_5_4_3_TS
  - Input file: ./ts_geometries/1642764945472630600001_r12_insertion_R_5_4_3/1642764945472630600001_r12_insertion_R_5_4_3_TS.gjf
  - Output directory: ./ts_orbital_results/1642764945472630600001_r12_insertion_R_5_4_3/1642764945472630600001_r12_insertion_R_5_4_3
  - Setting up calculation for: 1642764945472630600001_r12_insertion_R_5_4_3_TS
  - Running Gaussian calculation...
  - Gaussian calculation completed successfully
  - Generating formatted checkpoint and cube files
 Read checkpoint file 1642764945472630600001_r12_insertion_R_5_4_3_TS.chk type G16
 Write formatted file 1642764945472630600001_r12_insertion_R_5_4_3_TS.fchk
 Will use up to     0 threads.
 Top CubeGen          Thu May 22 16:28:15 2025
 Aft UFChkP           Thu May 22 16:28:16 2025        0.27 cpu,        0.28 elapsed
 Aft DecCub           Thu May 22 16:28:16 2025        0.03 cpu,        0.03 elapsed
 Aft Density          Thu May 22 16:28:16 2025        0.00 cpu,        0.00 elapsed
 Bef DoCube           Thu May 22 16:28:16 2025        0.00 cpu,        0.00 elapsed
 There are a total of       63536 grid points.
 ElSum from         orbitals=        0.5003679071
 Aft DoCube           Thu May 22 16:28:16 2025        0.16 cpu,        0.16 elapsed
 Will use up to     0 threads.
 Top CubeGen          Thu May 22 16:28:16 2025
 Aft UFChkP           Thu May 22 16:28:16 2025        0.26 cpu,        0.26 elapsed
 Aft DecCub           Thu May 22 16:28:16 2025        0.02 cpu,        0.02 elapsed
 Aft Density          Thu May 22 16:28:16 2025        0.00 cpu,        0.00 elapsed
 Bef DoCube           Thu May 22 16:28:16 2025        0.00 cpu,        0.00 elapsed
 There are a total of       63536 grid points.
 ElSum from         orbitals=        0.5009668541
 Aft DoCube           Thu May 22 16:28:16 2025        0.13 cpu,        0.13 elapsed
 Will use up to     0 threads.
 Top CubeGen          Thu May 22 16:28:16 2025
 Aft UFChkP           Thu May 22 16:28:16 2025        0.25 cpu,        0.26 elapsed
 Aft DecCub           Thu May 22 16:28:17 2025        0.07 cpu,        0.06 elapsed
 Aft Density          Thu May 22 16:28:17 2025        0.00 cpu,        0.00 elapsed
 Bef DoCube           Thu May 22 16:28:17 2025        0.01 cpu,        0.00 elapsed
 There are a total of       63536 grid points.
 ElSum from          density=       59.7446396333
 Aft DoCube           Thu May 22 16:28:17 2025        0.33 cpu,        0.34 elapsed
 Will use up to     0 threads.
 Top CubeGen          Thu May 22 16:28:17 2025
 Aft UFChkP           Thu May 22 16:28:17 2025        0.25 cpu,        0.26 elapsed
 Aft DecCub           Thu May 22 16:28:17 2025        0.01 cpu,        0.01 elapsed
 Aft Density          Thu May 22 16:28:17 2025        0.00 cpu,        0.00 elapsed
 Bef DoCube           Thu May 22 16:28:17 2025        0.01 cpu,        0.00 elapsed
 There are a total of       63536 grid points.
 ElSum from          density=       74.9825526123
 Aft DoCube           Thu May 22 16:28:21 2025        4.14 cpu,        4.17 elapsed
  ✓ Successfully created cube files
------------------------------------------------
[10/15] Processing: 1642764945472630600001_r12_insertion_R_8_3_1_TS
  - Input file: ./ts_geometries/1642764945472630600001_r12_insertion_R_8_3_1/1642764945472630600001_r12_insertion_R_8_3_1_TS.gjf
  - Output directory: ./ts_orbital_results/1642764945472630600001_r12_insertion_R_8_3_1/1642764945472630600001_r12_insertion_R_8_3_1
  - Setting up calculation for: 1642764945472630600001_r12_insertion_R_8_3_1_TS
  - Running Gaussian calculation...
  - Gaussian calculation completed successfully
  - Generating formatted checkpoint and cube files
 Read checkpoint file 1642764945472630600001_r12_insertion_R_8_3_1_TS.chk type G16
 Write formatted file 1642764945472630600001_r12_insertion_R_8_3_1_TS.fchk
 Will use up to     0 threads.
 Top CubeGen          Thu May 22 16:28:37 2025
 Aft UFChkP           Thu May 22 16:28:37 2025        0.26 cpu,        0.27 elapsed
 Aft DecCub           Thu May 22 16:28:37 2025        0.02 cpu,        0.02 elapsed
 Aft Density          Thu May 22 16:28:37 2025        0.00 cpu,        0.00 elapsed
 Bef DoCube           Thu May 22 16:28:37 2025        0.01 cpu,        0.00 elapsed
 There are a total of       64400 grid points.
 ElSum from         orbitals=        0.4994338920
 Aft DoCube           Thu May 22 16:28:37 2025        0.13 cpu,        0.14 elapsed
 Will use up to     0 threads.
 Top CubeGen          Thu May 22 16:28:37 2025
 Aft UFChkP           Thu May 22 16:28:37 2025        0.24 cpu,        0.25 elapsed
 Aft DecCub           Thu May 22 16:28:38 2025        0.02 cpu,        0.02 elapsed
 Aft Density          Thu May 22 16:28:38 2025        0.00 cpu,        0.00 elapsed
 Bef DoCube           Thu May 22 16:28:38 2025        0.00 cpu,        0.00 elapsed
 There are a total of       64400 grid points.
 ElSum from         orbitals=        0.4980822406
 Aft DoCube           Thu May 22 16:28:38 2025        0.14 cpu,        0.13 elapsed
 Will use up to     0 threads.
 Top CubeGen          Thu May 22 16:28:38 2025
 Aft UFChkP           Thu May 22 16:28:38 2025        0.24 cpu,        0.26 elapsed
 Aft DecCub           Thu May 22 16:28:38 2025        0.07 cpu,        0.06 elapsed
 Aft Density          Thu May 22 16:28:38 2025        0.00 cpu,        0.00 elapsed
 Bef DoCube           Thu May 22 16:28:38 2025        0.01 cpu,        0.00 elapsed
 There are a total of       64400 grid points.
 ElSum from          density=       60.0747737323
 Aft DoCube           Thu May 22 16:28:38 2025        0.33 cpu,        0.34 elapsed
 Will use up to     0 threads.
 Top CubeGen          Thu May 22 16:28:38 2025
 Aft UFChkP           Thu May 22 16:28:39 2025        0.26 cpu,        0.27 elapsed
 Aft DecCub           Thu May 22 16:28:39 2025        0.01 cpu,        0.01 elapsed
 Aft Density          Thu May 22 16:28:39 2025        0.00 cpu,        0.00 elapsed
 Bef DoCube           Thu May 22 16:28:39 2025        0.01 cpu,        0.00 elapsed
 There are a total of       64400 grid points.
 ElSum from          density=       81.7752791232
 Aft DoCube           Thu May 22 16:28:43 2025        4.08 cpu,        4.11 elapsed
  ✓ Successfully created cube files
------------------------------------------------
[11/15] Processing: 1642764945472630600001_r12_insertion_R_8_3_4_TS
  - Input file: ./ts_geometries/1642764945472630600001_r12_insertion_R_8_3_4/1642764945472630600001_r12_insertion_R_8_3_4_TS.gjf
  - Output directory: ./ts_orbital_results/1642764945472630600001_r12_insertion_R_8_3_4/1642764945472630600001_r12_insertion_R_8_3_4
  - Setting up calculation for: 1642764945472630600001_r12_insertion_R_8_3_4_TS
  - Running Gaussian calculation...
  - Gaussian calculation completed successfully
  - Generating formatted checkpoint and cube files
 Read checkpoint file 1642764945472630600001_r12_insertion_R_8_3_4_TS.chk type G16
 Write formatted file 1642764945472630600001_r12_insertion_R_8_3_4_TS.fchk
 Will use up to     0 threads.
 Top CubeGen          Thu May 22 16:28:58 2025
 Aft UFChkP           Thu May 22 16:28:58 2025        0.25 cpu,        0.26 elapsed
 Aft DecCub           Thu May 22 16:28:58 2025        0.03 cpu,        0.02 elapsed
 Aft Density          Thu May 22 16:28:58 2025        0.00 cpu,        0.00 elapsed
 Bef DoCube           Thu May 22 16:28:58 2025        0.00 cpu,        0.00 elapsed
 There are a total of       64935 grid points.
 ElSum from         orbitals=        0.4968756515
 Aft DoCube           Thu May 22 16:28:58 2025        0.14 cpu,        0.14 elapsed
 Will use up to     0 threads.
 Top CubeGen          Thu May 22 16:28:58 2025
 Aft UFChkP           Thu May 22 16:28:59 2025        0.26 cpu,        0.27 elapsed
 Aft DecCub           Thu May 22 16:28:59 2025        0.02 cpu,        0.02 elapsed
 Aft Density          Thu May 22 16:28:59 2025        0.00 cpu,        0.00 elapsed
 Bef DoCube           Thu May 22 16:28:59 2025        0.00 cpu,        0.00 elapsed
 There are a total of       64935 grid points.
 ElSum from         orbitals=        0.5015913583
 Aft DoCube           Thu May 22 16:28:59 2025        0.14 cpu,        0.14 elapsed
 Will use up to     0 threads.
 Top CubeGen          Thu May 22 16:28:59 2025
 Aft UFChkP           Thu May 22 16:28:59 2025        0.26 cpu,        0.27 elapsed
 Aft DecCub           Thu May 22 16:28:59 2025        0.06 cpu,        0.06 elapsed
 Aft Density          Thu May 22 16:28:59 2025        0.00 cpu,        0.00 elapsed
 Bef DoCube           Thu May 22 16:28:59 2025        0.00 cpu,        0.00 elapsed
 There are a total of       64935 grid points.
 ElSum from          density=       59.9725514875
 Aft DoCube           Thu May 22 16:29:00 2025        0.32 cpu,        0.32 elapsed
 Will use up to     0 threads.
 Top CubeGen          Thu May 22 16:29:00 2025
 Aft UFChkP           Thu May 22 16:29:00 2025        0.24 cpu,        0.25 elapsed
 Aft DecCub           Thu May 22 16:29:00 2025        0.02 cpu,        0.01 elapsed
 Aft Density          Thu May 22 16:29:00 2025        0.00 cpu,        0.00 elapsed
 Bef DoCube           Thu May 22 16:29:00 2025        0.00 cpu,        0.00 elapsed
 There are a total of       64935 grid points.
 ElSum from          density=       81.1769821076
 Aft DoCube           Thu May 22 16:29:04 2025        4.40 cpu,        4.43 elapsed
  ✓ Successfully created cube files
------------------------------------------------
[12/15] Processing: 1642764945472630600001_r13_insertion_CO2_3_11_TS
  - Input file: ./ts_geometries/1642764945472630600001_r13_insertion_CO2_3_11/1642764945472630600001_r13_insertion_CO2_3_11_TS.gjf
  - Output directory: ./ts_orbital_results/1642764945472630600001_r13_insertion_CO2_3_11/1642764945472630600001_r13_insertion_CO2_3_11
  - Setting up calculation for: 1642764945472630600001_r13_insertion_CO2_3_11_TS
  - Running Gaussian calculation...
  - Gaussian calculation completed successfully
  - Generating formatted checkpoint and cube files
 Read checkpoint file 1642764945472630600001_r13_insertion_CO2_3_11_TS.chk type G16
 Write formatted file 1642764945472630600001_r13_insertion_CO2_3_11_TS.fchk
 Will use up to     0 threads.
 Top CubeGen          Thu May 22 16:29:19 2025
 Aft UFChkP           Thu May 22 16:29:19 2025        0.26 cpu,        0.27 elapsed
 Aft DecCub           Thu May 22 16:29:19 2025        0.02 cpu,        0.02 elapsed
 Aft Density          Thu May 22 16:29:19 2025        0.00 cpu,        0.00 elapsed
 Bef DoCube           Thu May 22 16:29:19 2025        0.00 cpu,        0.00 elapsed
 There are a total of       64296 grid points.
 ElSum from         orbitals=        0.5024265044
 Aft DoCube           Thu May 22 16:29:19 2025        0.14 cpu,        0.14 elapsed
 Will use up to     0 threads.
 Top CubeGen          Thu May 22 16:29:19 2025
 Aft UFChkP           Thu May 22 16:29:20 2025        0.26 cpu,        0.27 elapsed
 Aft DecCub           Thu May 22 16:29:20 2025        0.02 cpu,        0.02 elapsed
 Aft Density          Thu May 22 16:29:20 2025        0.00 cpu,        0.00 elapsed
 Bef DoCube           Thu May 22 16:29:20 2025        0.00 cpu,        0.00 elapsed
 There are a total of       64296 grid points.
 ElSum from         orbitals=        0.4693987541
 Aft DoCube           Thu May 22 16:29:20 2025        0.13 cpu,        0.14 elapsed
 Will use up to     0 threads.
 Top CubeGen          Thu May 22 16:29:20 2025
 Aft UFChkP           Thu May 22 16:29:20 2025        0.26 cpu,        0.26 elapsed
 Aft DecCub           Thu May 22 16:29:20 2025        0.06 cpu,        0.06 elapsed
 Aft Density          Thu May 22 16:29:20 2025        0.00 cpu,        0.00 elapsed
 Bef DoCube           Thu May 22 16:29:20 2025        0.00 cpu,        0.00 elapsed
 There are a total of       64296 grid points.
 ElSum from          density=       59.9502986055
 Aft DoCube           Thu May 22 16:29:20 2025        0.33 cpu,        0.34 elapsed
 Will use up to     0 threads.
 Top CubeGen          Thu May 22 16:29:20 2025
 Aft UFChkP           Thu May 22 16:29:21 2025        0.26 cpu,        0.26 elapsed
 Aft DecCub           Thu May 22 16:29:21 2025        0.01 cpu,        0.01 elapsed
 Aft Density          Thu May 22 16:29:21 2025        0.00 cpu,        0.00 elapsed
 Bef DoCube           Thu May 22 16:29:21 2025        0.00 cpu,        0.00 elapsed
 There are a total of       64296 grid points.
 ElSum from          density=       79.0080318338
 Aft DoCube           Thu May 22 16:29:25 2025        4.36 cpu,        4.39 elapsed
  ✓ Successfully created cube files
------------------------------------------------
[13/15] Processing: 1642764945472630600001_r13_insertion_ROR_11_10_1_2_TS
  - Input file: ./ts_geometries/1642764945472630600001_r13_insertion_ROR_11_10_1_2/1642764945472630600001_r13_insertion_ROR_11_10_1_2_TS.gjf
  - Output directory: ./ts_orbital_results/1642764945472630600001_r13_insertion_ROR_11_10_1_2/1642764945472630600001_r13_insertion_ROR_11_10_1_2
  - Setting up calculation for: 1642764945472630600001_r13_insertion_ROR_11_10_1_2_TS
  - Running Gaussian calculation...
  - Gaussian calculation completed successfully
  - Generating formatted checkpoint and cube files
 Read checkpoint file 1642764945472630600001_r13_insertion_ROR_11_10_1_2_TS.chk type G16
 Write formatted file 1642764945472630600001_r13_insertion_ROR_11_10_1_2_TS.fchk
 Will use up to     0 threads.
 Top CubeGen          Thu May 22 16:29:46 2025
 Aft UFChkP           Thu May 22 16:29:46 2025        0.26 cpu,        0.27 elapsed
 Aft DecCub           Thu May 22 16:29:46 2025        0.02 cpu,        0.02 elapsed
 Aft Density          Thu May 22 16:29:46 2025        0.00 cpu,        0.00 elapsed
 Bef DoCube           Thu May 22 16:29:46 2025        0.01 cpu,        0.00 elapsed
 There are a total of       63140 grid points.
 ElSum from         orbitals=        0.5019778280
 Aft DoCube           Thu May 22 16:29:46 2025        0.13 cpu,        0.14 elapsed
 Will use up to     0 threads.
 Top CubeGen          Thu May 22 16:29:46 2025
 Aft UFChkP           Thu May 22 16:29:46 2025        0.26 cpu,        0.27 elapsed
 Aft DecCub           Thu May 22 16:29:46 2025        0.02 cpu,        0.02 elapsed
 Aft Density          Thu May 22 16:29:46 2025        0.00 cpu,        0.00 elapsed
 Bef DoCube           Thu May 22 16:29:46 2025        0.00 cpu,        0.00 elapsed
 There are a total of       63140 grid points.
 ElSum from         orbitals=        0.5010788056
 Aft DoCube           Thu May 22 16:29:47 2025        0.14 cpu,        0.13 elapsed
 Will use up to     0 threads.
 Top CubeGen          Thu May 22 16:29:47 2025
 Aft UFChkP           Thu May 22 16:29:47 2025        0.26 cpu,        0.27 elapsed
 Aft DecCub           Thu May 22 16:29:47 2025        0.06 cpu,        0.06 elapsed
 Aft Density          Thu May 22 16:29:47 2025        0.00 cpu,        0.00 elapsed
 Bef DoCube           Thu May 22 16:29:47 2025        0.00 cpu,        0.00 elapsed
 There are a total of       63140 grid points.
 ElSum from          density=       59.7108842391
 Aft DoCube           Thu May 22 16:29:47 2025        0.33 cpu,        0.32 elapsed
 Will use up to     0 threads.
 Top CubeGen          Thu May 22 16:29:47 2025
 Aft UFChkP           Thu May 22 16:29:48 2025        0.25 cpu,        0.25 elapsed
 Aft DecCub           Thu May 22 16:29:48 2025        0.01 cpu,        0.01 elapsed
 Aft Density          Thu May 22 16:29:48 2025        0.00 cpu,        0.00 elapsed
 Bef DoCube           Thu May 22 16:29:48 2025        0.00 cpu,        0.00 elapsed
 There are a total of       63140 grid points.
 ElSum from          density=       71.7957167061
 Aft DoCube           Thu May 22 16:29:52 2025        4.22 cpu,        4.24 elapsed
  ✓ Successfully created cube files
------------------------------------------------
[14/15] Processing: 1642764945472630600001_r13_insertion_ROR_4_3_1_2_TS
  - Input file: ./ts_geometries/1642764945472630600001_r13_insertion_ROR_4_3_1_2/1642764945472630600001_r13_insertion_ROR_4_3_1_2_TS.gjf
  - Output directory: ./ts_orbital_results/1642764945472630600001_r13_insertion_ROR_4_3_1_2/1642764945472630600001_r13_insertion_ROR_4_3_1_2
  - Setting up calculation for: 1642764945472630600001_r13_insertion_ROR_4_3_1_2_TS
  - Running Gaussian calculation...
  - Gaussian calculation completed successfully
  - Generating formatted checkpoint and cube files
 Read checkpoint file 1642764945472630600001_r13_insertion_ROR_4_3_1_2_TS.chk type G16
 Write formatted file 1642764945472630600001_r13_insertion_ROR_4_3_1_2_TS.fchk
 Will use up to     0 threads.
 Top CubeGen          Thu May 22 16:30:07 2025
 Aft UFChkP           Thu May 22 16:30:07 2025        0.25 cpu,        0.26 elapsed
 Aft DecCub           Thu May 22 16:30:07 2025        0.03 cpu,        0.02 elapsed
 Aft Density          Thu May 22 16:30:07 2025        0.00 cpu,        0.00 elapsed
 Bef DoCube           Thu May 22 16:30:07 2025        0.00 cpu,        0.00 elapsed
 There are a total of       64400 grid points.
 ElSum from         orbitals=        0.4990117342
 Aft DoCube           Thu May 22 16:30:08 2025        0.14 cpu,        0.14 elapsed
 Will use up to     0 threads.
 Top CubeGen          Thu May 22 16:30:08 2025
 Aft UFChkP           Thu May 22 16:30:08 2025        0.24 cpu,        0.25 elapsed
 Aft DecCub           Thu May 22 16:30:08 2025        0.02 cpu,        0.02 elapsed
 Aft Density          Thu May 22 16:30:08 2025        0.00 cpu,        0.00 elapsed
 Bef DoCube           Thu May 22 16:30:08 2025        0.01 cpu,        0.01 elapsed
 There are a total of       63000 grid points.
 ElSum from         orbitals=        0.4439763587
 Aft DoCube           Thu May 22 16:30:08 2025        0.12 cpu,        0.13 elapsed
 Will use up to     0 threads.
 Top CubeGen          Thu May 22 16:30:08 2025
 Aft UFChkP           Thu May 22 16:30:08 2025        0.24 cpu,        0.25 elapsed
 Aft DecCub           Thu May 22 16:30:08 2025        0.07 cpu,        0.06 elapsed
 Aft Density          Thu May 22 16:30:08 2025        0.00 cpu,        0.00 elapsed
 Bef DoCube           Thu May 22 16:30:08 2025        0.00 cpu,        0.00 elapsed
 There are a total of       64400 grid points.
 ElSum from          density=       59.7149111836
 Aft DoCube           Thu May 22 16:30:09 2025        0.33 cpu,        0.34 elapsed
 Will use up to     0 threads.
 Top CubeGen          Thu May 22 16:30:09 2025
 Aft UFChkP           Thu May 22 16:30:09 2025        0.26 cpu,        0.27 elapsed
 Aft DecCub           Thu May 22 16:30:09 2025        0.01 cpu,        0.01 elapsed
 Aft Density          Thu May 22 16:30:09 2025        0.00 cpu,        0.00 elapsed
 Bef DoCube           Thu May 22 16:30:09 2025        0.01 cpu,        0.00 elapsed
 There are a total of       64400 grid points.
 ElSum from          density=       73.9601330729
 Aft DoCube           Thu May 22 16:30:13 2025        4.48 cpu,        4.50 elapsed
  ✓ Successfully created cube files
------------------------------------------------
[15/15] Processing: 1642764945472630600001_r13_insertion_ROR_8_3_1_2_TS
  - Input file: ./ts_geometries/1642764945472630600001_r13_insertion_ROR_8_3_1_2/1642764945472630600001_r13_insertion_ROR_8_3_1_2_TS.gjf
  - Output directory: ./ts_orbital_results/1642764945472630600001_r13_insertion_ROR_8_3_1_2/1642764945472630600001_r13_insertion_ROR_8_3_1_2
  - Setting up calculation for: 1642764945472630600001_r13_insertion_ROR_8_3_1_2_TS
  - Running Gaussian calculation...
  - Gaussian calculation completed successfully
  - Generating formatted checkpoint and cube files
 Read checkpoint file 1642764945472630600001_r13_insertion_ROR_8_3_1_2_TS.chk type G16
 Write formatted file 1642764945472630600001_r13_insertion_ROR_8_3_1_2_TS.fchk
 Will use up to     0 threads.
 Top CubeGen          Thu May 22 16:30:30 2025
 Aft UFChkP           Thu May 22 16:30:31 2025        0.26 cpu,        0.27 elapsed
 Aft DecCub           Thu May 22 16:30:31 2025        0.02 cpu,        0.02 elapsed
 Aft Density          Thu May 22 16:30:31 2025        0.00 cpu,        0.00 elapsed
 Bef DoCube           Thu May 22 16:30:31 2025        0.00 cpu,        0.00 elapsed
 There are a total of       63360 grid points.
 ElSum from         orbitals=        0.4987886839
 Aft DoCube           Thu May 22 16:30:31 2025        0.14 cpu,        0.14 elapsed
 Will use up to     0 threads.
 Top CubeGen          Thu May 22 16:30:31 2025
 Aft UFChkP           Thu May 22 16:30:31 2025        0.26 cpu,        0.26 elapsed
 Aft DecCub           Thu May 22 16:30:31 2025        0.02 cpu,        0.02 elapsed
 Aft Density          Thu May 22 16:30:31 2025        0.00 cpu,        0.00 elapsed
 Bef DoCube           Thu May 22 16:30:31 2025        0.00 cpu,        0.00 elapsed
 There are a total of       63360 grid points.
 ElSum from         orbitals=        0.5095771854
 Aft DoCube           Thu May 22 16:30:31 2025        0.14 cpu,        0.14 elapsed
 Will use up to     0 threads.
 Top CubeGen          Thu May 22 16:30:31 2025
 Aft UFChkP           Thu May 22 16:30:31 2025        0.26 cpu,        0.27 elapsed
 Aft DecCub           Thu May 22 16:30:31 2025        0.06 cpu,        0.06 elapsed
 Aft Density          Thu May 22 16:30:31 2025        0.00 cpu,        0.00 elapsed
 Bef DoCube           Thu May 22 16:30:31 2025        0.00 cpu,        0.00 elapsed
 There are a total of       63360 grid points.
 ElSum from          density=       60.6301404019
 Aft DoCube           Thu May 22 16:30:32 2025        0.34 cpu,        0.34 elapsed
 Will use up to     0 threads.
 Top CubeGen          Thu May 22 16:30:32 2025
 Aft UFChkP           Thu May 22 16:30:32 2025        0.27 cpu,        0.28 elapsed
 Aft DecCub           Thu May 22 16:30:32 2025        0.01 cpu,        0.01 elapsed
 Aft Density          Thu May 22 16:30:32 2025        0.00 cpu,        0.00 elapsed
 Bef DoCube           Thu May 22 16:30:32 2025        0.00 cpu,        0.00 elapsed
 There are a total of       63360 grid points.
 ElSum from          density=       95.3675734732
 Aft DoCube           Thu May 22 16:30:36 2025        4.19 cpu,        4.20 elapsed
  ✓ Successfully created cube files
------------------------------------------------
Orbital calculations completed
Summary:
  - Total input files: 15
  - Successfully processed: 15
  - Failed: 0
  - Skipped (already existed): 0

Number of completed calculations: 15
Number of cube files generated: 60
Results were generated in the following locations:
./ts_orbital_results/1642764945472630600001_r12_insertion_R_10_1_2
./ts_orbital_results/1642764945472630600001_r12_insertion_R_10_1_2/1642764945472630600001_r12_insertion_R_10_1_2
./ts_orbital_results/1642764945472630600001_r12_insertion_R_10_1_3
./ts_orbital_results/1642764945472630600001_r12_insertion_R_10_1_3/1642764945472630600001_r12_insertion_R_10_1_3
./ts_orbital_results/1642764945472630600001_r12_insertion_R_1_3_4
./ts_orbital_results/1642764945472630600001_r12_insertion_R_1_3_4/1642764945472630600001_r12_insertion_R_1_3_4
./ts_orbital_results/1642764945472630600001_r12_insertion_R_1_3_8
./ts_orbital_results/1642764945472630600001_r12_insertion_R_1_3_8/1642764945472630600001_r12_insertion_R_1_3_8
./ts_orbital_results/1642764945472630600001_r12_insertion_R_2_1_10
./ts_orbital_results/1642764945472630600001_r12_insertion_R_2_1_10/1642764945472630600001_r12_insertion_R_2_1_10
... and 20 more directories
Job completed
Job ID           : 10081954
Cluster          : spartan
User/Project     : akhalilov/punim0131
Nodes            : 1
Wall-clock time  : 00:05:41 / 1-00:00:00

Displaying overall resources usage from 2025-05-22 16:24:56 to 2025-05-22 16:30:37:

NODE            CPU#        TOT%   ( USR   / SYS   / WIO   / IDLE  ) 

spartan-bm137 : 
                CPU# 1    : 57.2   (  55.6 /   1.7 /   0.1 /  42.7 ) 
                CPU# 2    : 62.7   (  60.7 /   2.0 /   0.2 /  37.1 ) 
                CPU# 3    : 56.1   (  54.5 /   1.6 /   0.0 /  43.9 ) 
                CPU# 4    : 63.1   (  61.2 /   1.9 /   0.1 /  36.8 ) 


Allocated CPUs            : 4    
  CPUs with usage <25%    : 0    
  CPUs with usage <50%    : 0    
  CPUs with usage >50%    : 4    

Memory used (RAM)         : 67.1%  [5765MB of 8590MB]

--------------------------------------------

