Starting orbital calculations
Input directory: ./ts_geometries
Output directory: ./ts_orbital_results
------------------------------------------------
Found 15 Gaussian input files to process
------------------------------------------------
[1/15] Processing: 1642764945472630600001_r12_insertion_R_10_1_2_TS
  - Input file: ./ts_geometries/1642764945472630600001_r12_insertion_R_10_1_2/1642764945472630600001_r12_insertion_R_10_1_2_TS.gjf
  - Output directory: ./ts_orbital_results/1642764945472630600001_r12_insertion_R_10_1_2/1642764945472630600001_r12_insertion_R_10_1_2
  - Setting up calculation for: 1642764945472630600001_r12_insertion_R_10_1_2_TS
  - Running Gaussian calculation...
  - Gaussian calculation completed successfully
  - Generating formatted checkpoint and cube files
 Read checkpoint file 1642764945472630600001_r12_insertion_R_10_1_2_TS.chk type G16
 Write formatted file 1642764945472630600001_r12_insertion_R_10_1_2_TS.fchk
 Will use up to     0 threads.
 Top CubeGen          Thu May 22 17:03:42 2025
 Aft UFChkP           Thu May 22 17:03:42 2025        0.24 cpu,        0.26 elapsed
 Aft DecCub           Thu May 22 17:03:42 2025        0.02 cpu,        0.04 elapsed
 Aft Density          Thu May 22 17:03:42 2025        0.00 cpu,        0.00 elapsed
 Bef DoCube           Thu May 22 17:03:42 2025        0.00 cpu,        0.01 elapsed
 There are a total of      214110 grid points.
 ElSum from         orbitals=        0.4996838300
 Aft DoCube           Thu May 22 17:03:43 2025        0.39 cpu,        0.65 elapsed
 Will use up to     0 threads.
 Top CubeGen          Thu May 22 17:03:43 2025
 Aft UFChkP           Thu May 22 17:03:43 2025        0.23 cpu,        0.24 elapsed
 Aft DecCub           Thu May 22 17:03:43 2025        0.02 cpu,        0.02 elapsed
 Aft Density          Thu May 22 17:03:43 2025        0.00 cpu,        0.00 elapsed
 Bef DoCube           Thu May 22 17:03:43 2025        0.00 cpu,        0.00 elapsed
 There are a total of      214110 grid points.
 ElSum from         orbitals=        0.4982145573
 Aft DoCube           Thu May 22 17:03:43 2025        0.35 cpu,        0.36 elapsed
 Will use up to     0 threads.
 Top CubeGen          Thu May 22 17:03:43 2025
 Aft UFChkP           Thu May 22 17:03:43 2025        0.22 cpu,        0.23 elapsed
 Aft DecCub           Thu May 22 17:03:43 2025        0.05 cpu,        0.06 elapsed
 Aft Density          Thu May 22 17:03:43 2025        0.00 cpu,        0.00 elapsed
 Bef DoCube           Thu May 22 17:03:43 2025        0.01 cpu,        0.00 elapsed
 There are a total of      214110 grid points.
 ElSum from          density=       60.2848260938
 Aft DoCube           Thu May 22 17:03:45 2025        1.05 cpu,        1.11 elapsed
 Will use up to     0 threads.
 Top CubeGen          Thu May 22 17:03:45 2025
 Aft UFChkP           Thu May 22 17:03:45 2025        0.23 cpu,        0.24 elapsed
 Aft DecCub           Thu May 22 17:03:45 2025        0.01 cpu,        0.01 elapsed
 Aft Density          Thu May 22 17:03:45 2025        0.00 cpu,        0.00 elapsed
 Bef DoCube           Thu May 22 17:03:45 2025        0.00 cpu,        0.00 elapsed
 There are a total of      214110 grid points.
 ElSum from          density=       85.5572111228
 Aft DoCube           Thu May 22 17:03:58 2025       13.02 cpu,       13.11 elapsed
  ✓ Successfully created cube files
------------------------------------------------
[2/15] Processing: 1642764945472630600001_r12_insertion_R_10_1_3_TS
  - Input file: ./ts_geometries/1642764945472630600001_r12_insertion_R_10_1_3/1642764945472630600001_r12_insertion_R_10_1_3_TS.gjf
  - Output directory: ./ts_orbital_results/1642764945472630600001_r12_insertion_R_10_1_3/1642764945472630600001_r12_insertion_R_10_1_3
  - Setting up calculation for: 1642764945472630600001_r12_insertion_R_10_1_3_TS
  - Running Gaussian calculation...
  - Gaussian calculation completed successfully
  - Generating formatted checkpoint and cube files
 Read checkpoint file 1642764945472630600001_r12_insertion_R_10_1_3_TS.chk type G16
 Write formatted file 1642764945472630600001_r12_insertion_R_10_1_3_TS.fchk
 Will use up to     0 threads.
 Top CubeGen          Thu May 22 17:04:13 2025
 Aft UFChkP           Thu May 22 17:04:13 2025        0.21 cpu,        0.22 elapsed
 Aft DecCub           Thu May 22 17:04:13 2025        0.02 cpu,        0.02 elapsed
 Aft Density          Thu May 22 17:04:13 2025        0.00 cpu,        0.00 elapsed
 Bef DoCube           Thu May 22 17:04:13 2025        0.01 cpu,        0.01 elapsed
 There are a total of      215271 grid points.
 ElSum from         orbitals=        0.4985593526
 Aft DoCube           Thu May 22 17:04:13 2025        0.39 cpu,        0.40 elapsed
 Will use up to     0 threads.
 Top CubeGen          Thu May 22 17:04:13 2025
 Aft UFChkP           Thu May 22 17:04:14 2025        0.24 cpu,        0.25 elapsed
 Aft DecCub           Thu May 22 17:04:14 2025        0.02 cpu,        0.02 elapsed
 Aft Density          Thu May 22 17:04:14 2025        0.00 cpu,        0.00 elapsed
 Bef DoCube           Thu May 22 17:04:14 2025        0.01 cpu,        0.01 elapsed
 There are a total of      215271 grid points.
 ElSum from         orbitals=        0.4979650936
 Aft DoCube           Thu May 22 17:04:14 2025        0.39 cpu,        0.40 elapsed
 Will use up to     0 threads.
 Top CubeGen          Thu May 22 17:04:14 2025
 Aft UFChkP           Thu May 22 17:04:14 2025        0.25 cpu,        0.25 elapsed
 Aft DecCub           Thu May 22 17:04:14 2025        0.06 cpu,        0.07 elapsed
 Aft Density          Thu May 22 17:04:14 2025        0.00 cpu,        0.00 elapsed
 Bef DoCube           Thu May 22 17:04:14 2025        0.00 cpu,        0.00 elapsed
 There are a total of      215271 grid points.
 ElSum from          density=       60.2373181408
 Aft DoCube           Thu May 22 17:04:15 2025        0.93 cpu,        0.94 elapsed
 Will use up to     0 threads.
 Top CubeGen          Thu May 22 17:04:15 2025
 Aft UFChkP           Thu May 22 17:04:16 2025        0.24 cpu,        0.25 elapsed
 Aft DecCub           Thu May 22 17:04:16 2025        0.01 cpu,        0.01 elapsed
 Aft Density          Thu May 22 17:04:16 2025        0.00 cpu,        0.00 elapsed
 Bef DoCube           Thu May 22 17:04:16 2025        0.00 cpu,        0.01 elapsed
 There are a total of      215271 grid points.
 ElSum from          density=       84.7039658665
 Aft DoCube           Thu May 22 17:04:28 2025       12.81 cpu,       12.88 elapsed
  ✓ Successfully created cube files
------------------------------------------------
[3/15] Processing: 1642764945472630600001_r12_insertion_R_1_3_4_TS
  - Input file: ./ts_geometries/1642764945472630600001_r12_insertion_R_1_3_4/1642764945472630600001_r12_insertion_R_1_3_4_TS.gjf
  - Output directory: ./ts_orbital_results/1642764945472630600001_r12_insertion_R_1_3_4/1642764945472630600001_r12_insertion_R_1_3_4
  - Setting up calculation for: 1642764945472630600001_r12_insertion_R_1_3_4_TS
  - Running Gaussian calculation...
  - Gaussian calculation completed successfully
  - Generating formatted checkpoint and cube files
 Read checkpoint file 1642764945472630600001_r12_insertion_R_1_3_4_TS.chk type G16
 Write formatted file 1642764945472630600001_r12_insertion_R_1_3_4_TS.fchk
 Will use up to     0 threads.
 Top CubeGen          Thu May 22 17:04:50 2025
 Aft UFChkP           Thu May 22 17:04:50 2025        0.25 cpu,        0.26 elapsed
 Aft DecCub           Thu May 22 17:04:50 2025        0.02 cpu,        0.02 elapsed
 Aft Density          Thu May 22 17:04:50 2025        0.00 cpu,        0.00 elapsed
 Bef DoCube           Thu May 22 17:04:50 2025        0.00 cpu,        0.00 elapsed
 There are a total of      215760 grid points.
 ElSum from         orbitals=        0.5002319938
 Aft DoCube           Thu May 22 17:04:50 2025        0.42 cpu,        0.43 elapsed
 Will use up to     0 threads.
 Top CubeGen          Thu May 22 17:04:50 2025
 Aft UFChkP           Thu May 22 17:04:51 2025        0.26 cpu,        0.27 elapsed
 Aft DecCub           Thu May 22 17:04:51 2025        0.02 cpu,        0.02 elapsed
 Aft Density          Thu May 22 17:04:51 2025        0.00 cpu,        0.00 elapsed
 Bef DoCube           Thu May 22 17:04:51 2025        0.00 cpu,        0.00 elapsed
 There are a total of      215760 grid points.
 ElSum from         orbitals=        0.5005978164
 Aft DoCube           Thu May 22 17:04:51 2025        0.42 cpu,        0.43 elapsed
 Will use up to     0 threads.
 Top CubeGen          Thu May 22 17:04:51 2025
 Aft UFChkP           Thu May 22 17:04:51 2025        0.25 cpu,        0.26 elapsed
 Aft DecCub           Thu May 22 17:04:51 2025        0.06 cpu,        0.06 elapsed
 Aft Density          Thu May 22 17:04:51 2025        0.00 cpu,        0.00 elapsed
 Bef DoCube           Thu May 22 17:04:51 2025        0.00 cpu,        0.01 elapsed
 There are a total of      215760 grid points.
 ElSum from          density=       60.1143743674
 Aft DoCube           Thu May 22 17:04:53 2025        1.17 cpu,        1.18 elapsed
 Will use up to     0 threads.
 Top CubeGen          Thu May 22 17:04:53 2025
 Aft UFChkP           Thu May 22 17:04:53 2025        0.22 cpu,        0.23 elapsed
 Aft DecCub           Thu May 22 17:04:53 2025        0.01 cpu,        0.01 elapsed
 Aft Density          Thu May 22 17:04:53 2025        0.00 cpu,        0.00 elapsed
 Bef DoCube           Thu May 22 17:04:53 2025        0.00 cpu,        0.00 elapsed
 There are a total of      215760 grid points.
 ElSum from          density=       82.7381999456
 Aft DoCube           Thu May 22 17:05:07 2025       14.23 cpu,       14.31 elapsed
  ✓ Successfully created cube files
------------------------------------------------
[4/15] Processing: 1642764945472630600001_r12_insertion_R_1_3_8_TS
  - Input file: ./ts_geometries/1642764945472630600001_r12_insertion_R_1_3_8/1642764945472630600001_r12_insertion_R_1_3_8_TS.gjf
  - Output directory: ./ts_orbital_results/1642764945472630600001_r12_insertion_R_1_3_8/1642764945472630600001_r12_insertion_R_1_3_8
  - Setting up calculation for: 1642764945472630600001_r12_insertion_R_1_3_8_TS
  - Running Gaussian calculation...
  - Gaussian calculation completed successfully
  - Generating formatted checkpoint and cube files
 Read checkpoint file 1642764945472630600001_r12_insertion_R_1_3_8_TS.chk type G16
 Write formatted file 1642764945472630600001_r12_insertion_R_1_3_8_TS.fchk
 Will use up to     0 threads.
 Top CubeGen          Thu May 22 17:05:23 2025
 Aft UFChkP           Thu May 22 17:05:23 2025        0.25 cpu,        0.26 elapsed
 Aft DecCub           Thu May 22 17:05:23 2025        0.02 cpu,        0.02 elapsed
 Aft Density          Thu May 22 17:05:23 2025        0.00 cpu,        0.00 elapsed
 Bef DoCube           Thu May 22 17:05:23 2025        0.00 cpu,        0.00 elapsed
 There are a total of      213462 grid points.
 ElSum from         orbitals=        0.5006615167
 Aft DoCube           Thu May 22 17:05:24 2025        0.40 cpu,        0.40 elapsed
 Will use up to     0 threads.
 Top CubeGen          Thu May 22 17:05:24 2025
 Aft UFChkP           Thu May 22 17:05:24 2025        0.23 cpu,        0.24 elapsed
 Aft DecCub           Thu May 22 17:05:24 2025        0.02 cpu,        0.02 elapsed
 Aft Density          Thu May 22 17:05:24 2025        0.00 cpu,        0.00 elapsed
 Bef DoCube           Thu May 22 17:05:24 2025        0.00 cpu,        0.00 elapsed
 There are a total of      213462 grid points.
 ElSum from         orbitals=        0.4920637134
 Aft DoCube           Thu May 22 17:05:25 2025        0.37 cpu,        0.37 elapsed
 Will use up to     0 threads.
 Top CubeGen          Thu May 22 17:05:25 2025
 Aft UFChkP           Thu May 22 17:05:25 2025        0.24 cpu,        0.25 elapsed
 Aft DecCub           Thu May 22 17:05:25 2025        0.06 cpu,        0.06 elapsed
 Aft Density          Thu May 22 17:05:25 2025        0.00 cpu,        0.00 elapsed
 Bef DoCube           Thu May 22 17:05:25 2025        0.01 cpu,        0.00 elapsed
 There are a total of      213462 grid points.
 ElSum from          density=       60.0289322132
 Aft DoCube           Thu May 22 17:05:26 2025        0.95 cpu,        1.01 elapsed
 Will use up to     0 threads.
 Top CubeGen          Thu May 22 17:05:26 2025
 Aft UFChkP           Thu May 22 17:05:26 2025        0.26 cpu,        0.26 elapsed
 Aft DecCub           Thu May 22 17:05:26 2025        0.01 cpu,        0.01 elapsed
 Aft Density          Thu May 22 17:05:26 2025        0.00 cpu,        0.00 elapsed
 Bef DoCube           Thu May 22 17:05:26 2025        0.00 cpu,        0.00 elapsed
 There are a total of      213462 grid points.
 ElSum from          density=       80.6420206518
 Aft DoCube           Thu May 22 17:05:40 2025       13.83 cpu,       13.92 elapsed
  ✓ Successfully created cube files
------------------------------------------------
[5/15] Processing: 1642764945472630600001_r12_insertion_R_2_1_10_TS
  - Input file: ./ts_geometries/1642764945472630600001_r12_insertion_R_2_1_10/1642764945472630600001_r12_insertion_R_2_1_10_TS.gjf
  - Output directory: ./ts_orbital_results/1642764945472630600001_r12_insertion_R_2_1_10/1642764945472630600001_r12_insertion_R_2_1_10
  - Setting up calculation for: 1642764945472630600001_r12_insertion_R_2_1_10_TS
  - Running Gaussian calculation...
  - Gaussian calculation completed successfully
  - Generating formatted checkpoint and cube files
 Read checkpoint file 1642764945472630600001_r12_insertion_R_2_1_10_TS.chk type G16
 Write formatted file 1642764945472630600001_r12_insertion_R_2_1_10_TS.fchk
 Will use up to     0 threads.
 Top CubeGen          Thu May 22 17:05:58 2025
 Aft UFChkP           Thu May 22 17:05:58 2025        0.24 cpu,        0.25 elapsed
 Aft DecCub           Thu May 22 17:05:58 2025        0.03 cpu,        0.02 elapsed
 Aft Density          Thu May 22 17:05:58 2025        0.00 cpu,        0.00 elapsed
 Bef DoCube           Thu May 22 17:05:58 2025        0.00 cpu,        0.00 elapsed
 There are a total of      218400 grid points.
 ElSum from         orbitals=        0.5001348799
 Aft DoCube           Thu May 22 17:05:58 2025        0.40 cpu,        0.41 elapsed
 Will use up to     0 threads.
 Top CubeGen          Thu May 22 17:05:58 2025
 Aft UFChkP           Thu May 22 17:05:59 2025        0.24 cpu,        0.25 elapsed
 Aft DecCub           Thu May 22 17:05:59 2025        0.02 cpu,        0.02 elapsed
 Aft Density          Thu May 22 17:05:59 2025        0.00 cpu,        0.00 elapsed
 Bef DoCube           Thu May 22 17:05:59 2025        0.01 cpu,        0.01 elapsed
 There are a total of      218400 grid points.
 ElSum from         orbitals=        0.4955974317
 Aft DoCube           Thu May 22 17:05:59 2025        0.38 cpu,        0.39 elapsed
 Will use up to     0 threads.
 Top CubeGen          Thu May 22 17:05:59 2025
 Aft UFChkP           Thu May 22 17:05:59 2025        0.24 cpu,        0.25 elapsed
 Aft DecCub           Thu May 22 17:05:59 2025        0.07 cpu,        0.06 elapsed
 Aft Density          Thu May 22 17:05:59 2025        0.00 cpu,        0.00 elapsed
 Bef DoCube           Thu May 22 17:05:59 2025        0.00 cpu,        0.00 elapsed
 There are a total of      218400 grid points.
 ElSum from          density=       59.9667886417
 Aft DoCube           Thu May 22 17:06:00 2025        0.95 cpu,        0.99 elapsed
 Will use up to     0 threads.
 Top CubeGen          Thu May 22 17:06:00 2025
 Aft UFChkP           Thu May 22 17:06:01 2025        0.25 cpu,        0.26 elapsed
 Aft DecCub           Thu May 22 17:06:01 2025        0.01 cpu,        0.01 elapsed
 Aft Density          Thu May 22 17:06:01 2025        0.00 cpu,        0.00 elapsed
 Bef DoCube           Thu May 22 17:06:01 2025        0.01 cpu,        0.00 elapsed
 There are a total of      218400 grid points.
 ElSum from          density=       79.5784883884
 Aft DoCube           Thu May 22 17:06:15 2025       14.63 cpu,       14.73 elapsed
  ✓ Successfully created cube files
------------------------------------------------
[6/15] Processing: 1642764945472630600001_r12_insertion_R_2_1_3_TS
  - Input file: ./ts_geometries/1642764945472630600001_r12_insertion_R_2_1_3/1642764945472630600001_r12_insertion_R_2_1_3_TS.gjf
  - Output directory: ./ts_orbital_results/1642764945472630600001_r12_insertion_R_2_1_3/1642764945472630600001_r12_insertion_R_2_1_3
  - Setting up calculation for: 1642764945472630600001_r12_insertion_R_2_1_3_TS
  - Running Gaussian calculation...
  - Gaussian calculation completed successfully
  - Generating formatted checkpoint and cube files
 Read checkpoint file 1642764945472630600001_r12_insertion_R_2_1_3_TS.chk type G16
 Write formatted file 1642764945472630600001_r12_insertion_R_2_1_3_TS.fchk
 Will use up to     0 threads.
 Top CubeGen          Thu May 22 17:06:31 2025
 Aft UFChkP           Thu May 22 17:06:31 2025        0.25 cpu,        0.26 elapsed
 Aft DecCub           Thu May 22 17:06:31 2025        0.03 cpu,        0.02 elapsed
 Aft Density          Thu May 22 17:06:31 2025        0.00 cpu,        0.00 elapsed
 Bef DoCube           Thu May 22 17:06:31 2025        0.00 cpu,        0.01 elapsed
 There are a total of      216315 grid points.
 ElSum from         orbitals=        0.4993267650
 Aft DoCube           Thu May 22 17:06:31 2025        0.41 cpu,        0.42 elapsed
 Will use up to     0 threads.
 Top CubeGen          Thu May 22 17:06:31 2025
 Aft UFChkP           Thu May 22 17:06:32 2025        0.24 cpu,        0.25 elapsed
 Aft DecCub           Thu May 22 17:06:32 2025        0.03 cpu,        0.02 elapsed
 Aft Density          Thu May 22 17:06:32 2025        0.00 cpu,        0.00 elapsed
 Bef DoCube           Thu May 22 17:06:32 2025        0.00 cpu,        0.01 elapsed
 There are a total of      216315 grid points.
 ElSum from         orbitals=        0.4994263552
 Aft DoCube           Thu May 22 17:06:32 2025        0.40 cpu,        0.41 elapsed
 Will use up to     0 threads.
 Top CubeGen          Thu May 22 17:06:32 2025
 Aft UFChkP           Thu May 22 17:06:32 2025        0.25 cpu,        0.26 elapsed
 Aft DecCub           Thu May 22 17:06:32 2025        0.06 cpu,        0.06 elapsed
 Aft Density          Thu May 22 17:06:32 2025        0.00 cpu,        0.00 elapsed
 Bef DoCube           Thu May 22 17:06:32 2025        0.00 cpu,        0.00 elapsed
 There are a total of      216315 grid points.
 ElSum from          density=       59.9856263133
 Aft DoCube           Thu May 22 17:06:33 2025        0.94 cpu,        0.94 elapsed
 Will use up to     0 threads.
 Top CubeGen          Thu May 22 17:06:33 2025
 Aft UFChkP           Thu May 22 17:06:34 2025        0.25 cpu,        0.25 elapsed
 Aft DecCub           Thu May 22 17:06:34 2025        0.01 cpu,        0.01 elapsed
 Aft Density          Thu May 22 17:06:34 2025        0.00 cpu,        0.00 elapsed
 Bef DoCube           Thu May 22 17:06:34 2025        0.00 cpu,        0.00 elapsed
 There are a total of      216315 grid points.
 ElSum from          density=       79.7663941376
 Aft DoCube           Thu May 22 17:06:48 2025       14.08 cpu,       14.18 elapsed
  ✓ Successfully created cube files
------------------------------------------------
[7/15] Processing: 1642764945472630600001_r12_insertion_R_3_1_2_TS
  - Input file: ./ts_geometries/1642764945472630600001_r12_insertion_R_3_1_2/1642764945472630600001_r12_insertion_R_3_1_2_TS.gjf
  - Output directory: ./ts_orbital_results/1642764945472630600001_r12_insertion_R_3_1_2/1642764945472630600001_r12_insertion_R_3_1_2
  - Setting up calculation for: 1642764945472630600001_r12_insertion_R_3_1_2_TS
  - Running Gaussian calculation...
  - Gaussian calculation completed successfully
  - Generating formatted checkpoint and cube files
 Read checkpoint file 1642764945472630600001_r12_insertion_R_3_1_2_TS.chk type G16
 Write formatted file 1642764945472630600001_r12_insertion_R_3_1_2_TS.fchk
 Will use up to     0 threads.
 Top CubeGen          Thu May 22 17:07:04 2025
 Aft UFChkP           Thu May 22 17:07:04 2025        0.24 cpu,        0.25 elapsed
 Aft DecCub           Thu May 22 17:07:04 2025        0.02 cpu,        0.02 elapsed
 Aft Density          Thu May 22 17:07:04 2025        0.00 cpu,        0.00 elapsed
 Bef DoCube           Thu May 22 17:07:04 2025        0.00 cpu,        0.00 elapsed
 There are a total of      216384 grid points.
 ElSum from         orbitals=        0.5002953125
 Aft DoCube           Thu May 22 17:07:04 2025        0.39 cpu,        0.39 elapsed
 Will use up to     0 threads.
 Top CubeGen          Thu May 22 17:07:04 2025
 Aft UFChkP           Thu May 22 17:07:05 2025        0.24 cpu,        0.24 elapsed
 Aft DecCub           Thu May 22 17:07:05 2025        0.02 cpu,        0.02 elapsed
 Aft Density          Thu May 22 17:07:05 2025        0.00 cpu,        0.00 elapsed
 Bef DoCube           Thu May 22 17:07:05 2025        0.00 cpu,        0.00 elapsed
 There are a total of      216384 grid points.
 ElSum from         orbitals=        0.4993805138
 Aft DoCube           Thu May 22 17:07:05 2025        0.39 cpu,        0.40 elapsed
 Will use up to     0 threads.
 Top CubeGen          Thu May 22 17:07:05 2025
 Aft UFChkP           Thu May 22 17:07:05 2025        0.25 cpu,        0.26 elapsed
 Aft DecCub           Thu May 22 17:07:05 2025        0.06 cpu,        0.06 elapsed
 Aft Density          Thu May 22 17:07:05 2025        0.00 cpu,        0.00 elapsed
 Bef DoCube           Thu May 22 17:07:05 2025        0.00 cpu,        0.00 elapsed
 There are a total of      216384 grid points.
 ElSum from          density=       59.8950216268
 Aft DoCube           Thu May 22 17:07:06 2025        0.99 cpu,        1.00 elapsed
 Will use up to     0 threads.
 Top CubeGen          Thu May 22 17:07:06 2025
 Aft UFChkP           Thu May 22 17:07:07 2025        0.25 cpu,        0.26 elapsed
 Aft DecCub           Thu May 22 17:07:07 2025        0.02 cpu,        0.01 elapsed
 Aft Density          Thu May 22 17:07:07 2025        0.00 cpu,        0.00 elapsed
 Bef DoCube           Thu May 22 17:07:07 2025        0.00 cpu,        0.00 elapsed
 There are a total of      216384 grid points.
 ElSum from          density=       77.8712967837
 Aft DoCube           Thu May 22 17:07:21 2025       14.23 cpu,       14.32 elapsed
  ✓ Successfully created cube files
------------------------------------------------
[8/15] Processing: 1642764945472630600001_r12_insertion_R_3_4_5_TS
  - Input file: ./ts_geometries/1642764945472630600001_r12_insertion_R_3_4_5/1642764945472630600001_r12_insertion_R_3_4_5_TS.gjf
  - Output directory: ./ts_orbital_results/1642764945472630600001_r12_insertion_R_3_4_5/1642764945472630600001_r12_insertion_R_3_4_5
  - Setting up calculation for: 1642764945472630600001_r12_insertion_R_3_4_5_TS
  - Running Gaussian calculation...
  - Gaussian calculation completed successfully
  - Generating formatted checkpoint and cube files
 Read checkpoint file 1642764945472630600001_r12_insertion_R_3_4_5_TS.chk type G16
 Write formatted file 1642764945472630600001_r12_insertion_R_3_4_5_TS.fchk
 Will use up to     0 threads.
 Top CubeGen          Thu May 22 17:07:36 2025
 Aft UFChkP           Thu May 22 17:07:36 2025        0.25 cpu,        0.26 elapsed
 Aft DecCub           Thu May 22 17:07:36 2025        0.02 cpu,        0.02 elapsed
 Aft Density          Thu May 22 17:07:36 2025        0.00 cpu,        0.00 elapsed
 Bef DoCube           Thu May 22 17:07:36 2025        0.01 cpu,        0.00 elapsed
 There are a total of      215763 grid points.
 ElSum from         orbitals=        0.4995972862
 Aft DoCube           Thu May 22 17:07:36 2025        0.39 cpu,        0.40 elapsed
 Will use up to     0 threads.
 Top CubeGen          Thu May 22 17:07:36 2025
 Aft UFChkP           Thu May 22 17:07:37 2025        0.25 cpu,        0.25 elapsed
 Aft DecCub           Thu May 22 17:07:37 2025        0.02 cpu,        0.02 elapsed
 Aft Density          Thu May 22 17:07:37 2025        0.00 cpu,        0.00 elapsed
 Bef DoCube           Thu May 22 17:07:37 2025        0.00 cpu,        0.00 elapsed
 There are a total of      215763 grid points.
 ElSum from         orbitals=        0.4988660105
 Aft DoCube           Thu May 22 17:07:37 2025        0.39 cpu,        0.40 elapsed
 Will use up to     0 threads.
 Top CubeGen          Thu May 22 17:07:37 2025
 Aft UFChkP           Thu May 22 17:07:37 2025        0.25 cpu,        0.26 elapsed
 Aft DecCub           Thu May 22 17:07:37 2025        0.06 cpu,        0.06 elapsed
 Aft Density          Thu May 22 17:07:37 2025        0.00 cpu,        0.00 elapsed
 Bef DoCube           Thu May 22 17:07:37 2025        0.00 cpu,        0.00 elapsed
 There are a total of      215763 grid points.
 ElSum from          density=       60.0899908225
 Aft DoCube           Thu May 22 17:07:38 2025        0.95 cpu,        0.96 elapsed
 Will use up to     0 threads.
 Top CubeGen          Thu May 22 17:07:38 2025
 Aft UFChkP           Thu May 22 17:07:38 2025        0.23 cpu,        0.24 elapsed
 Aft DecCub           Thu May 22 17:07:39 2025        0.01 cpu,        0.01 elapsed
 Aft Density          Thu May 22 17:07:39 2025        0.00 cpu,        0.00 elapsed
 Bef DoCube           Thu May 22 17:07:39 2025        0.01 cpu,        0.00 elapsed
 There are a total of      215763 grid points.
 ElSum from          density=       81.7133534706
 Aft DoCube           Thu May 22 17:07:53 2025       14.01 cpu,       14.10 elapsed
  ✓ Successfully created cube files
------------------------------------------------
[9/15] Processing: 1642764945472630600001_r12_insertion_R_5_4_3_TS
  - Input file: ./ts_geometries/1642764945472630600001_r12_insertion_R_5_4_3/1642764945472630600001_r12_insertion_R_5_4_3_TS.gjf
  - Output directory: ./ts_orbital_results/1642764945472630600001_r12_insertion_R_5_4_3/1642764945472630600001_r12_insertion_R_5_4_3
  - Setting up calculation for: 1642764945472630600001_r12_insertion_R_5_4_3_TS
  - Running Gaussian calculation...
  - Gaussian calculation completed successfully
  - Generating formatted checkpoint and cube files
 Read checkpoint file 1642764945472630600001_r12_insertion_R_5_4_3_TS.chk type G16
 Write formatted file 1642764945472630600001_r12_insertion_R_5_4_3_TS.fchk
 Will use up to     0 threads.
 Top CubeGen          Thu May 22 17:08:13 2025
 Aft UFChkP           Thu May 22 17:08:13 2025        0.24 cpu,        0.25 elapsed
 Aft DecCub           Thu May 22 17:08:13 2025        0.02 cpu,        0.02 elapsed
 Aft Density          Thu May 22 17:08:13 2025        0.00 cpu,        0.00 elapsed
 Bef DoCube           Thu May 22 17:08:13 2025        0.01 cpu,        0.00 elapsed
 There are a total of      218196 grid points.
 ElSum from         orbitals=        0.5001797533
 Aft DoCube           Thu May 22 17:08:13 2025        0.40 cpu,        0.41 elapsed
 Will use up to     0 threads.
 Top CubeGen          Thu May 22 17:08:13 2025
 Aft UFChkP           Thu May 22 17:08:14 2025        0.25 cpu,        0.26 elapsed
 Aft DecCub           Thu May 22 17:08:14 2025        0.02 cpu,        0.02 elapsed
 Aft Density          Thu May 22 17:08:14 2025        0.00 cpu,        0.00 elapsed
 Bef DoCube           Thu May 22 17:08:14 2025        0.00 cpu,        0.00 elapsed
 There are a total of      218196 grid points.
 ElSum from         orbitals=        0.4997432297
 Aft DoCube           Thu May 22 17:08:14 2025        0.40 cpu,        0.41 elapsed
 Will use up to     0 threads.
 Top CubeGen          Thu May 22 17:08:14 2025
 Aft UFChkP           Thu May 22 17:08:14 2025        0.25 cpu,        0.26 elapsed
 Aft DecCub           Thu May 22 17:08:15 2025        0.06 cpu,        0.06 elapsed
 Aft Density          Thu May 22 17:08:15 2025        0.00 cpu,        0.00 elapsed
 Bef DoCube           Thu May 22 17:08:15 2025        0.00 cpu,        0.00 elapsed
 There are a total of      218196 grid points.
 ElSum from          density=       59.9572148165
 Aft DoCube           Thu May 22 17:08:16 2025        0.98 cpu,        0.99 elapsed
 Will use up to     0 threads.
 Top CubeGen          Thu May 22 17:08:16 2025
 Aft UFChkP           Thu May 22 17:08:16 2025        0.24 cpu,        0.25 elapsed
 Aft DecCub           Thu May 22 17:08:16 2025        0.01 cpu,        0.01 elapsed
 Aft Density          Thu May 22 17:08:16 2025        0.00 cpu,        0.00 elapsed
 Bef DoCube           Thu May 22 17:08:16 2025        0.00 cpu,        0.00 elapsed
 There are a total of      218196 grid points.
 ElSum from          density=       79.1888638815
 Aft DoCube           Thu May 22 17:08:30 2025       13.69 cpu,       13.77 elapsed
  ✓ Successfully created cube files
------------------------------------------------
[10/15] Processing: 1642764945472630600001_r12_insertion_R_8_3_1_TS
  - Input file: ./ts_geometries/1642764945472630600001_r12_insertion_R_8_3_1/1642764945472630600001_r12_insertion_R_8_3_1_TS.gjf
  - Output directory: ./ts_orbital_results/1642764945472630600001_r12_insertion_R_8_3_1/1642764945472630600001_r12_insertion_R_8_3_1
  - Setting up calculation for: 1642764945472630600001_r12_insertion_R_8_3_1_TS
  - Running Gaussian calculation...
  - Gaussian calculation completed successfully
  - Generating formatted checkpoint and cube files
 Read checkpoint file 1642764945472630600001_r12_insertion_R_8_3_1_TS.chk type G16
 Write formatted file 1642764945472630600001_r12_insertion_R_8_3_1_TS.fchk
 Will use up to     0 threads.
 Top CubeGen          Thu May 22 17:08:46 2025
 Aft UFChkP           Thu May 22 17:08:46 2025        0.25 cpu,        0.26 elapsed
 Aft DecCub           Thu May 22 17:08:46 2025        0.02 cpu,        0.02 elapsed
 Aft Density          Thu May 22 17:08:46 2025        0.00 cpu,        0.00 elapsed
 Bef DoCube           Thu May 22 17:08:46 2025        0.01 cpu,        0.00 elapsed
 There are a total of      215763 grid points.
 ElSum from         orbitals=        0.5004513705
 Aft DoCube           Thu May 22 17:08:47 2025        0.40 cpu,        0.42 elapsed
 Will use up to     0 threads.
 Top CubeGen          Thu May 22 17:08:47 2025
 Aft UFChkP           Thu May 22 17:08:47 2025        0.25 cpu,        0.26 elapsed
 Aft DecCub           Thu May 22 17:08:47 2025        0.02 cpu,        0.02 elapsed
 Aft Density          Thu May 22 17:08:47 2025        0.00 cpu,        0.00 elapsed
 Bef DoCube           Thu May 22 17:08:47 2025        0.00 cpu,        0.00 elapsed
 There are a total of      215763 grid points.
 ElSum from         orbitals=        0.4998738811
 Aft DoCube           Thu May 22 17:08:47 2025        0.40 cpu,        0.40 elapsed
 Will use up to     0 threads.
 Top CubeGen          Thu May 22 17:08:47 2025
 Aft UFChkP           Thu May 22 17:08:47 2025        0.22 cpu,        0.23 elapsed
 Aft DecCub           Thu May 22 17:08:48 2025        0.05 cpu,        0.05 elapsed
 Aft Density          Thu May 22 17:08:48 2025        0.00 cpu,        0.00 elapsed
 Bef DoCube           Thu May 22 17:08:48 2025        0.00 cpu,        0.00 elapsed
 There are a total of      215763 grid points.
 ElSum from          density=       60.3588932192
 Aft DoCube           Thu May 22 17:08:48 2025        0.90 cpu,        0.91 elapsed
 Will use up to     0 threads.
 Top CubeGen          Thu May 22 17:08:48 2025
 Aft UFChkP           Thu May 22 17:08:49 2025        0.24 cpu,        0.26 elapsed
 Aft DecCub           Thu May 22 17:08:49 2025        0.02 cpu,        0.01 elapsed
 Aft Density          Thu May 22 17:08:49 2025        0.00 cpu,        0.00 elapsed
 Bef DoCube           Thu May 22 17:08:49 2025        0.00 cpu,        0.00 elapsed
 There are a total of      215763 grid points.
 ElSum from          density=       87.2096442369
 Aft DoCube           Thu May 22 17:09:02 2025       12.98 cpu,       13.05 elapsed
  ✓ Successfully created cube files
------------------------------------------------
[11/15] Processing: 1642764945472630600001_r12_insertion_R_8_3_4_TS
  - Input file: ./ts_geometries/1642764945472630600001_r12_insertion_R_8_3_4/1642764945472630600001_r12_insertion_R_8_3_4_TS.gjf
  - Output directory: ./ts_orbital_results/1642764945472630600001_r12_insertion_R_8_3_4/1642764945472630600001_r12_insertion_R_8_3_4
  - Setting up calculation for: 1642764945472630600001_r12_insertion_R_8_3_4_TS
  - Running Gaussian calculation...
  - Gaussian calculation completed successfully
  - Generating formatted checkpoint and cube files
 Read checkpoint file 1642764945472630600001_r12_insertion_R_8_3_4_TS.chk type G16
 Write formatted file 1642764945472630600001_r12_insertion_R_8_3_4_TS.fchk
 Will use up to     0 threads.
 Top CubeGen          Thu May 22 17:09:17 2025
 Aft UFChkP           Thu May 22 17:09:18 2025        0.25 cpu,        0.26 elapsed
 Aft DecCub           Thu May 22 17:09:18 2025        0.02 cpu,        0.02 elapsed
 Aft Density          Thu May 22 17:09:18 2025        0.00 cpu,        0.00 elapsed
 Bef DoCube           Thu May 22 17:09:18 2025        0.01 cpu,        0.00 elapsed
 There are a total of      217415 grid points.
 ElSum from         orbitals=        0.5000750984
 Aft DoCube           Thu May 22 17:09:18 2025        0.41 cpu,        0.42 elapsed
 Will use up to     0 threads.
 Top CubeGen          Thu May 22 17:09:18 2025
 Aft UFChkP           Thu May 22 17:09:18 2025        0.25 cpu,        0.26 elapsed
 Aft DecCub           Thu May 22 17:09:18 2025        0.02 cpu,        0.02 elapsed
 Aft Density          Thu May 22 17:09:18 2025        0.00 cpu,        0.00 elapsed
 Bef DoCube           Thu May 22 17:09:18 2025        0.01 cpu,        0.00 elapsed
 There are a total of      217415 grid points.
 ElSum from         orbitals=        0.4995966000
 Aft DoCube           Thu May 22 17:09:19 2025        0.40 cpu,        0.41 elapsed
 Will use up to     0 threads.
 Top CubeGen          Thu May 22 17:09:19 2025
 Aft UFChkP           Thu May 22 17:09:19 2025        0.24 cpu,        0.25 elapsed
 Aft DecCub           Thu May 22 17:09:19 2025        0.07 cpu,        0.06 elapsed
 Aft Density          Thu May 22 17:09:19 2025        0.00 cpu,        0.00 elapsed
 Bef DoCube           Thu May 22 17:09:19 2025        0.00 cpu,        0.00 elapsed
 There are a total of      217415 grid points.
 ElSum from          density=       60.1899629357
 Aft DoCube           Thu May 22 17:09:20 2025        1.06 cpu,        1.07 elapsed
 Will use up to     0 threads.
 Top CubeGen          Thu May 22 17:09:20 2025
 Aft UFChkP           Thu May 22 17:09:20 2025        0.23 cpu,        0.24 elapsed
 Aft DecCub           Thu May 22 17:09:20 2025        0.01 cpu,        0.01 elapsed
 Aft Density          Thu May 22 17:09:20 2025        0.00 cpu,        0.00 elapsed
 Bef DoCube           Thu May 22 17:09:20 2025        0.00 cpu,        0.01 elapsed
 There are a total of      217415 grid points.
 ElSum from          density=       83.9889868554
 Aft DoCube           Thu May 22 17:09:34 2025       13.37 cpu,       13.45 elapsed
  ✓ Successfully created cube files
------------------------------------------------
[12/15] Processing: 1642764945472630600001_r13_insertion_CO2_3_11_TS
  - Input file: ./ts_geometries/1642764945472630600001_r13_insertion_CO2_3_11/1642764945472630600001_r13_insertion_CO2_3_11_TS.gjf
  - Output directory: ./ts_orbital_results/1642764945472630600001_r13_insertion_CO2_3_11/1642764945472630600001_r13_insertion_CO2_3_11
  - Setting up calculation for: 1642764945472630600001_r13_insertion_CO2_3_11_TS
  - Running Gaussian calculation...
  - Gaussian calculation completed successfully
  - Generating formatted checkpoint and cube files
 Read checkpoint file 1642764945472630600001_r13_insertion_CO2_3_11_TS.chk type G16
 Write formatted file 1642764945472630600001_r13_insertion_CO2_3_11_TS.fchk
 Will use up to     0 threads.
 Top CubeGen          Thu May 22 17:09:49 2025
 Aft UFChkP           Thu May 22 17:09:49 2025        0.25 cpu,        0.25 elapsed
 Aft DecCub           Thu May 22 17:09:49 2025        0.02 cpu,        0.02 elapsed
 Aft Density          Thu May 22 17:09:49 2025        0.00 cpu,        0.00 elapsed
 Bef DoCube           Thu May 22 17:09:49 2025        0.00 cpu,        0.00 elapsed
 There are a total of      215460 grid points.
 ElSum from         orbitals=        0.4997981214
 Aft DoCube           Thu May 22 17:09:49 2025        0.37 cpu,        0.38 elapsed
 Will use up to     0 threads.
 Top CubeGen          Thu May 22 17:09:49 2025
 Aft UFChkP           Thu May 22 17:09:50 2025        0.22 cpu,        0.22 elapsed
 Aft DecCub           Thu May 22 17:09:50 2025        0.02 cpu,        0.02 elapsed
 Aft Density          Thu May 22 17:09:50 2025        0.00 cpu,        0.00 elapsed
 Bef DoCube           Thu May 22 17:09:50 2025        0.00 cpu,        0.00 elapsed
 There are a total of      215460 grid points.
 ElSum from         orbitals=        0.4674465932
 Aft DoCube           Thu May 22 17:09:50 2025        0.37 cpu,        0.39 elapsed
 Will use up to     0 threads.
 Top CubeGen          Thu May 22 17:09:50 2025
 Aft UFChkP           Thu May 22 17:09:50 2025        0.24 cpu,        0.25 elapsed
 Aft DecCub           Thu May 22 17:09:50 2025        0.05 cpu,        0.06 elapsed
 Aft Density          Thu May 22 17:09:50 2025        0.00 cpu,        0.00 elapsed
 Bef DoCube           Thu May 22 17:09:50 2025        0.01 cpu,        0.00 elapsed
 There are a total of      215460 grid points.
 ElSum from          density=       60.1802864300
 Aft DoCube           Thu May 22 17:09:51 2025        0.93 cpu,        0.95 elapsed
 Will use up to     0 threads.
 Top CubeGen          Thu May 22 17:09:51 2025
 Aft UFChkP           Thu May 22 17:09:51 2025        0.24 cpu,        0.25 elapsed
 Aft DecCub           Thu May 22 17:09:51 2025        0.02 cpu,        0.01 elapsed
 Aft Density          Thu May 22 17:09:51 2025        0.00 cpu,        0.00 elapsed
 Bef DoCube           Thu May 22 17:09:51 2025        0.00 cpu,        0.00 elapsed
 There are a total of      215460 grid points.
 ElSum from          density=       83.3660021531
 Aft DoCube           Thu May 22 17:10:05 2025       13.49 cpu,       13.57 elapsed
  ✓ Successfully created cube files
------------------------------------------------
[13/15] Processing: 1642764945472630600001_r13_insertion_ROR_11_10_1_2_TS
  - Input file: ./ts_geometries/1642764945472630600001_r13_insertion_ROR_11_10_1_2/1642764945472630600001_r13_insertion_ROR_11_10_1_2_TS.gjf
  - Output directory: ./ts_orbital_results/1642764945472630600001_r13_insertion_ROR_11_10_1_2/1642764945472630600001_r13_insertion_ROR_11_10_1_2
  - Setting up calculation for: 1642764945472630600001_r13_insertion_ROR_11_10_1_2_TS
  - Running Gaussian calculation...
  - Gaussian calculation completed successfully
  - Generating formatted checkpoint and cube files
 Read checkpoint file 1642764945472630600001_r13_insertion_ROR_11_10_1_2_TS.chk type G16
 Write formatted file 1642764945472630600001_r13_insertion_ROR_11_10_1_2_TS.fchk
 Will use up to     0 threads.
 Top CubeGen          Thu May 22 17:10:25 2025
 Aft UFChkP           Thu May 22 17:10:25 2025        0.22 cpu,        0.23 elapsed
 Aft DecCub           Thu May 22 17:10:25 2025        0.02 cpu,        0.02 elapsed
 Aft Density          Thu May 22 17:10:25 2025        0.00 cpu,        0.00 elapsed
 Bef DoCube           Thu May 22 17:10:25 2025        0.00 cpu,        0.00 elapsed
 There are a total of      220162 grid points.
 ElSum from         orbitals=        0.4995978607
 Aft DoCube           Thu May 22 17:10:26 2025        0.37 cpu,        0.38 elapsed
 Will use up to     0 threads.
 Top CubeGen          Thu May 22 17:10:26 2025
 Aft UFChkP           Thu May 22 17:10:26 2025        0.21 cpu,        0.23 elapsed
 Aft DecCub           Thu May 22 17:10:26 2025        0.03 cpu,        0.02 elapsed
 Aft Density          Thu May 22 17:10:26 2025        0.00 cpu,        0.00 elapsed
 Bef DoCube           Thu May 22 17:10:26 2025        0.00 cpu,        0.00 elapsed
 There are a total of      220162 grid points.
 ElSum from         orbitals=        0.4995031934
 Aft DoCube           Thu May 22 17:10:26 2025        0.42 cpu,        0.43 elapsed
 Will use up to     0 threads.
 Top CubeGen          Thu May 22 17:10:26 2025
 Aft UFChkP           Thu May 22 17:10:27 2025        0.25 cpu,        0.26 elapsed
 Aft DecCub           Thu May 22 17:10:27 2025        0.06 cpu,        0.06 elapsed
 Aft Density          Thu May 22 17:10:27 2025        0.00 cpu,        0.00 elapsed
 Bef DoCube           Thu May 22 17:10:27 2025        0.01 cpu,        0.00 elapsed
 There are a total of      220162 grid points.
 ElSum from          density=       59.8618819608
 Aft DoCube           Thu May 22 17:10:28 2025        1.09 cpu,        1.11 elapsed
 Will use up to     0 threads.
 Top CubeGen          Thu May 22 17:10:28 2025
 Aft UFChkP           Thu May 22 17:10:28 2025        0.23 cpu,        0.24 elapsed
 Aft DecCub           Thu May 22 17:10:28 2025        0.01 cpu,        0.01 elapsed
 Aft Density          Thu May 22 17:10:28 2025        0.00 cpu,        0.00 elapsed
 Bef DoCube           Thu May 22 17:10:28 2025        0.01 cpu,        0.00 elapsed
 There are a total of      220162 grid points.
 ElSum from          density=       77.4429843137
 Aft DoCube           Thu May 22 17:10:42 2025       13.82 cpu,       13.92 elapsed
  ✓ Successfully created cube files
------------------------------------------------
[14/15] Processing: 1642764945472630600001_r13_insertion_ROR_4_3_1_2_TS
  - Input file: ./ts_geometries/1642764945472630600001_r13_insertion_ROR_4_3_1_2/1642764945472630600001_r13_insertion_ROR_4_3_1_2_TS.gjf
  - Output directory: ./ts_orbital_results/1642764945472630600001_r13_insertion_ROR_4_3_1_2/1642764945472630600001_r13_insertion_ROR_4_3_1_2
  - Setting up calculation for: 1642764945472630600001_r13_insertion_ROR_4_3_1_2_TS
  - Running Gaussian calculation...
  - Gaussian calculation completed successfully
  - Generating formatted checkpoint and cube files
 Read checkpoint file 1642764945472630600001_r13_insertion_ROR_4_3_1_2_TS.chk type G16
 Write formatted file 1642764945472630600001_r13_insertion_ROR_4_3_1_2_TS.fchk
 Will use up to     0 threads.
 Top CubeGen          Thu May 22 17:10:59 2025
 Aft UFChkP           Thu May 22 17:10:59 2025        0.24 cpu,        0.25 elapsed
 Aft DecCub           Thu May 22 17:10:59 2025        0.02 cpu,        0.02 elapsed
 Aft Density          Thu May 22 17:10:59 2025        0.00 cpu,        0.00 elapsed
 Bef DoCube           Thu May 22 17:10:59 2025        0.00 cpu,        0.00 elapsed
 There are a total of      215280 grid points.
 ElSum from         orbitals=        0.5003579092
 Aft DoCube           Thu May 22 17:10:59 2025        0.38 cpu,        0.39 elapsed
 Will use up to     0 threads.
 Top CubeGen          Thu May 22 17:10:59 2025
 Aft UFChkP           Thu May 22 17:10:59 2025        0.23 cpu,        0.23 elapsed
 Aft DecCub           Thu May 22 17:10:59 2025        0.02 cpu,        0.02 elapsed
 Aft Density          Thu May 22 17:10:59 2025        0.00 cpu,        0.00 elapsed
 Bef DoCube           Thu May 22 17:10:59 2025        0.00 cpu,        0.01 elapsed
 There are a total of      216240 grid points.
 ElSum from         orbitals=        0.4416556760
 Aft DoCube           Thu May 22 17:11:00 2025        0.37 cpu,        0.38 elapsed
 Will use up to     0 threads.
 Top CubeGen          Thu May 22 17:11:00 2025
 Aft UFChkP           Thu May 22 17:11:00 2025        0.24 cpu,        0.25 elapsed
 Aft DecCub           Thu May 22 17:11:00 2025        0.06 cpu,        0.06 elapsed
 Aft Density          Thu May 22 17:11:00 2025        0.00 cpu,        0.00 elapsed
 Bef DoCube           Thu May 22 17:11:00 2025        0.01 cpu,        0.01 elapsed
 There are a total of      215280 grid points.
 ElSum from          density=       59.9143405291
 Aft DoCube           Thu May 22 17:11:01 2025        1.06 cpu,        1.08 elapsed
 Will use up to     0 threads.
 Top CubeGen          Thu May 22 17:11:01 2025
 Aft UFChkP           Thu May 22 17:11:01 2025        0.23 cpu,        0.24 elapsed
 Aft DecCub           Thu May 22 17:11:01 2025        0.01 cpu,        0.01 elapsed
 Aft Density          Thu May 22 17:11:01 2025        0.00 cpu,        0.00 elapsed
 Bef DoCube           Thu May 22 17:11:01 2025        0.01 cpu,        0.00 elapsed
 There are a total of      215280 grid points.
 ElSum from          density=       78.3143596792
 Aft DoCube           Thu May 22 17:11:15 2025       13.74 cpu,       13.83 elapsed
  ✓ Successfully created cube files
------------------------------------------------
[15/15] Processing: 1642764945472630600001_r13_insertion_ROR_8_3_1_2_TS
  - Input file: ./ts_geometries/1642764945472630600001_r13_insertion_ROR_8_3_1_2/1642764945472630600001_r13_insertion_ROR_8_3_1_2_TS.gjf
  - Output directory: ./ts_orbital_results/1642764945472630600001_r13_insertion_ROR_8_3_1_2/1642764945472630600001_r13_insertion_ROR_8_3_1_2
  - Setting up calculation for: 1642764945472630600001_r13_insertion_ROR_8_3_1_2_TS
  - Running Gaussian calculation...
  - Gaussian calculation completed successfully
  - Generating formatted checkpoint and cube files
 Read checkpoint file 1642764945472630600001_r13_insertion_ROR_8_3_1_2_TS.chk type G16
 Write formatted file 1642764945472630600001_r13_insertion_ROR_8_3_1_2_TS.fchk
 Will use up to     0 threads.
 Top CubeGen          Thu May 22 17:11:33 2025
 Aft UFChkP           Thu May 22 17:11:33 2025        0.24 cpu,        0.25 elapsed
 Aft DecCub           Thu May 22 17:11:33 2025        0.02 cpu,        0.02 elapsed
 Aft Density          Thu May 22 17:11:33 2025        0.00 cpu,        0.00 elapsed
 Bef DoCube           Thu May 22 17:11:33 2025        0.00 cpu,        0.01 elapsed
 There are a total of      213840 grid points.
 ElSum from         orbitals=        0.5000678230
 Aft DoCube           Thu May 22 17:11:34 2025        0.39 cpu,        0.39 elapsed
 Will use up to     0 threads.
 Top CubeGen          Thu May 22 17:11:34 2025
 Aft UFChkP           Thu May 22 17:11:34 2025        0.23 cpu,        0.24 elapsed
 Aft DecCub           Thu May 22 17:11:34 2025        0.02 cpu,        0.02 elapsed
 Aft Density          Thu May 22 17:11:34 2025        0.00 cpu,        0.00 elapsed
 Bef DoCube           Thu May 22 17:11:34 2025        0.00 cpu,        0.00 elapsed
 There are a total of      213840 grid points.
 ElSum from         orbitals=        0.4996214581
 Aft DoCube           Thu May 22 17:11:35 2025        0.41 cpu,        0.41 elapsed
 Will use up to     0 threads.
 Top CubeGen          Thu May 22 17:11:35 2025
 Aft UFChkP           Thu May 22 17:11:35 2025        0.25 cpu,        0.26 elapsed
 Aft DecCub           Thu May 22 17:11:35 2025        0.07 cpu,        0.06 elapsed
 Aft Density          Thu May 22 17:11:35 2025        0.00 cpu,        0.00 elapsed
 Bef DoCube           Thu May 22 17:11:35 2025        0.00 cpu,        0.00 elapsed
 There are a total of      213840 grid points.
 ElSum from          density=       59.9913222177
 Aft DoCube           Thu May 22 17:11:36 2025        1.04 cpu,        1.06 elapsed
 Will use up to     0 threads.
 Top CubeGen          Thu May 22 17:11:36 2025
 Aft UFChkP           Thu May 22 17:11:36 2025        0.25 cpu,        0.25 elapsed
 Aft DecCub           Thu May 22 17:11:36 2025        0.01 cpu,        0.01 elapsed
 Aft Density          Thu May 22 17:11:36 2025        0.00 cpu,        0.00 elapsed
 Bef DoCube           Thu May 22 17:11:36 2025        0.01 cpu,        0.00 elapsed
 There are a total of      213840 grid points.
 ElSum from          density=       79.8572153965
 Aft DoCube           Thu May 22 17:11:50 2025       13.42 cpu,       13.52 elapsed
  ✓ Successfully created cube files
------------------------------------------------
Orbital calculations completed
Summary:
  - Total input files: 15
  - Successfully processed: 15
  - Failed: 0
  - Skipped (already existed): 0

Number of completed calculations: 15
Number of cube files generated: 60
Results were generated in the following locations:
./ts_orbital_results/1642764945472630600001_r12_insertion_R_10_1_2
./ts_orbital_results/1642764945472630600001_r12_insertion_R_10_1_2/1642764945472630600001_r12_insertion_R_10_1_2
./ts_orbital_results/1642764945472630600001_r12_insertion_R_10_1_3
./ts_orbital_results/1642764945472630600001_r12_insertion_R_10_1_3/1642764945472630600001_r12_insertion_R_10_1_3
./ts_orbital_results/1642764945472630600001_r12_insertion_R_1_3_4
./ts_orbital_results/1642764945472630600001_r12_insertion_R_1_3_4/1642764945472630600001_r12_insertion_R_1_3_4
./ts_orbital_results/1642764945472630600001_r12_insertion_R_1_3_8
./ts_orbital_results/1642764945472630600001_r12_insertion_R_1_3_8/1642764945472630600001_r12_insertion_R_1_3_8
./ts_orbital_results/1642764945472630600001_r12_insertion_R_2_1_10
./ts_orbital_results/1642764945472630600001_r12_insertion_R_2_1_10/1642764945472630600001_r12_insertion_R_2_1_10
... and 20 more directories
Job completed
Job ID           : 10084436
Cluster          : spartan
User/Project     : akhalilov/punim0131
Nodes            : 1
Wall-clock time  : 00:08:28 / 1-00:00:00

Displaying overall resources usage from 2025-05-22 17:03:22 to 2025-05-22 17:11:50:

NODE            CPU#        TOT%   ( USR   / SYS   / WIO   / IDLE  ) 

spartan-bm177 : 
                CPU# 1    : 57.7   (  55.8 /   1.9 /   0.1 /  42.2 ) 
                CPU# 2    : 49.9   (  48.3 /   1.6 /   0.2 /  49.9 ) 
                CPU# 3    : 39.3   (  37.7 /   1.6 /   0.1 /  60.6 ) 
                CPU# 4    : 49.2   (  47.7 /   1.4 /   0.1 /  50.8 ) 


Allocated CPUs            : 4    
  CPUs with usage <25%    : 0    
  CPUs with usage <50%    : 3    
  CPUs with usage >50%    : 1    

Memory used (RAM)         : 68.3%  [5867MB of 8590MB]

--------------------------------------------

