Starting orbital calculations
Input directory: ./ts_geometries
Output directory: ./ts_orbital_results
------------------------------------------------
Found 15 Gaussian input files to process
------------------------------------------------
[1/15] Processing: 1642764945472630600001_r12_insertion_R_10_1_2_TS
  - Input file: ./ts_geometries/1642764945472630600001_r12_insertion_R_10_1_2/1642764945472630600001_r12_insertion_R_10_1_2_TS.gjf
  - Output directory: ./ts_orbital_results/1642764945472630600001_r12_insertion_R_10_1_2/1642764945472630600001_r12_insertion_R_10_1_2
  - Setting up calculation for: 1642764945472630600001_r12_insertion_R_10_1_2_TS
  - Running Gaussian calculation...
  - Gaussian calculation completed successfully
  - Generating formatted checkpoint and cube files
 Read checkpoint file 1642764945472630600001_r12_insertion_R_10_1_2_TS.chk type G16
 Write formatted file 1642764945472630600001_r12_insertion_R_10_1_2_TS.fchk
 Will use up to     0 threads.
 Top CubeGen          Thu May 22 16:07:50 2025
 Aft UFChkP           Thu May 22 16:07:50 2025        0.23 cpu,        0.24 elapsed
 Aft DecCub           Thu May 22 16:07:50 2025        0.02 cpu,        0.02 elapsed
 Aft Density          Thu May 22 16:07:50 2025        0.00 cpu,        0.00 elapsed
 Bef DoCube           Thu May 22 16:07:50 2025        0.00 cpu,        0.00 elapsed
 There are a total of      514431 grid points.
 ElSum from         orbitals=        0.4999680083
 Aft DoCube           Thu May 22 16:07:51 2025        0.87 cpu,        0.89 elapsed
 Will use up to     0 threads.
 Top CubeGen          Thu May 22 16:07:51 2025
 Aft UFChkP           Thu May 22 16:07:51 2025        0.24 cpu,        0.26 elapsed
 Aft DecCub           Thu May 22 16:07:51 2025        0.03 cpu,        0.02 elapsed
 Aft Density          Thu May 22 16:07:51 2025        0.00 cpu,        0.00 elapsed
 Bef DoCube           Thu May 22 16:07:51 2025        0.00 cpu,        0.00 elapsed
 There are a total of      514431 grid points.
 ElSum from         orbitals=        0.4985044878
 Aft DoCube           Thu May 22 16:07:52 2025        0.92 cpu,        0.93 elapsed
 Will use up to     0 threads.
 Top CubeGen          Thu May 22 16:07:52 2025
 Aft UFChkP           Thu May 22 16:07:52 2025        0.23 cpu,        0.24 elapsed
 Aft DecCub           Thu May 22 16:07:52 2025        0.06 cpu,        0.06 elapsed
 Aft Density          Thu May 22 16:07:52 2025        0.00 cpu,        0.00 elapsed
 Bef DoCube           Thu May 22 16:07:52 2025        0.00 cpu,        0.00 elapsed
 There are a total of      514431 grid points.
 ElSum from          density=       59.9544075459
 Aft DoCube           Thu May 22 16:07:54 2025        1.83 cpu,        1.85 elapsed
 Will use up to     0 threads.
 Top CubeGen          Thu May 22 16:07:54 2025
 Aft UFChkP           Thu May 22 16:07:54 2025        0.23 cpu,        0.24 elapsed
 Aft DecCub           Thu May 22 16:07:54 2025        0.06 cpu,        0.05 elapsed
 Aft Density          Thu May 22 16:07:54 2025        0.00 cpu,        0.01 elapsed
 Bef DoCube           Thu May 22 16:07:54 2025        0.04 cpu,        0.05 elapsed
 There are a total of      514431 grid points.
 ElSum from          density=       79.1064538245
 Aft DoCube           Thu May 22 16:08:29 2025       34.74 cpu,       35.02 elapsed
  ✓ Successfully created cube files
------------------------------------------------
[2/15] Processing: 1642764945472630600001_r12_insertion_R_10_1_3_TS
  - Input file: ./ts_geometries/1642764945472630600001_r12_insertion_R_10_1_3/1642764945472630600001_r12_insertion_R_10_1_3_TS.gjf
  - Output directory: ./ts_orbital_results/1642764945472630600001_r12_insertion_R_10_1_3/1642764945472630600001_r12_insertion_R_10_1_3
  - Setting up calculation for: 1642764945472630600001_r12_insertion_R_10_1_3_TS
  - Running Gaussian calculation...
  - Gaussian calculation completed successfully
  - Generating formatted checkpoint and cube files
 Read checkpoint file 1642764945472630600001_r12_insertion_R_10_1_3_TS.chk type G16
 Write formatted file 1642764945472630600001_r12_insertion_R_10_1_3_TS.fchk
 Will use up to     0 threads.
 Top CubeGen          Thu May 22 16:08:43 2025
 Aft UFChkP           Thu May 22 16:08:43 2025        0.25 cpu,        0.26 elapsed
 Aft DecCub           Thu May 22 16:08:43 2025        0.03 cpu,        0.02 elapsed
 Aft Density          Thu May 22 16:08:43 2025        0.00 cpu,        0.00 elapsed
 Bef DoCube           Thu May 22 16:08:43 2025        0.00 cpu,        0.01 elapsed
 There are a total of      520200 grid points.
 ElSum from         orbitals=        0.4998753689
 Aft DoCube           Thu May 22 16:08:44 2025        0.96 cpu,        0.98 elapsed
 Will use up to     0 threads.
 Top CubeGen          Thu May 22 16:08:44 2025
 Aft UFChkP           Thu May 22 16:08:45 2025        0.25 cpu,        0.26 elapsed
 Aft DecCub           Thu May 22 16:08:45 2025        0.03 cpu,        0.02 elapsed
 Aft Density          Thu May 22 16:08:45 2025        0.00 cpu,        0.00 elapsed
 Bef DoCube           Thu May 22 16:08:45 2025        0.00 cpu,        0.01 elapsed
 There are a total of      520200 grid points.
 ElSum from         orbitals=        0.4980000777
 Aft DoCube           Thu May 22 16:08:46 2025        0.93 cpu,        0.95 elapsed
 Will use up to     0 threads.
 Top CubeGen          Thu May 22 16:08:46 2025
 Aft UFChkP           Thu May 22 16:08:46 2025        0.26 cpu,        0.26 elapsed
 Aft DecCub           Thu May 22 16:08:46 2025        0.06 cpu,        0.06 elapsed
 Aft Density          Thu May 22 16:08:46 2025        0.00 cpu,        0.00 elapsed
 Bef DoCube           Thu May 22 16:08:46 2025        0.00 cpu,        0.01 elapsed
 There are a total of      520200 grid points.
 ElSum from          density=       59.9452229527
 Aft DoCube           Thu May 22 16:08:48 2025        1.91 cpu,        1.93 elapsed
 Will use up to     0 threads.
 Top CubeGen          Thu May 22 16:08:48 2025
 Aft UFChkP           Thu May 22 16:08:48 2025        0.25 cpu,        0.26 elapsed
 Aft DecCub           Thu May 22 16:08:48 2025        0.01 cpu,        0.01 elapsed
 Aft Density          Thu May 22 16:08:48 2025        0.00 cpu,        0.00 elapsed
 Bef DoCube           Thu May 22 16:08:48 2025        0.01 cpu,        0.01 elapsed
 There are a total of      520200 grid points.
 ElSum from          density=       78.8768847408
 Aft DoCube           Thu May 22 16:09:24 2025       35.52 cpu,       35.98 elapsed
  ✓ Successfully created cube files
------------------------------------------------
[3/15] Processing: 1642764945472630600001_r12_insertion_R_1_3_4_TS
  - Input file: ./ts_geometries/1642764945472630600001_r12_insertion_R_1_3_4/1642764945472630600001_r12_insertion_R_1_3_4_TS.gjf
  - Output directory: ./ts_orbital_results/1642764945472630600001_r12_insertion_R_1_3_4/1642764945472630600001_r12_insertion_R_1_3_4
  - Setting up calculation for: 1642764945472630600001_r12_insertion_R_1_3_4_TS
  - Running Gaussian calculation...
  - Gaussian calculation completed successfully
  - Generating formatted checkpoint and cube files
 Read checkpoint file 1642764945472630600001_r12_insertion_R_1_3_4_TS.chk type G16
 Write formatted file 1642764945472630600001_r12_insertion_R_1_3_4_TS.fchk
 Will use up to     0 threads.
 Top CubeGen          Thu May 22 16:09:44 2025
 Aft UFChkP           Thu May 22 16:09:45 2025        0.26 cpu,        0.27 elapsed
 Aft DecCub           Thu May 22 16:09:45 2025        0.02 cpu,        0.02 elapsed
 Aft Density          Thu May 22 16:09:45 2025        0.00 cpu,        0.00 elapsed
 Bef DoCube           Thu May 22 16:09:45 2025        0.01 cpu,        0.00 elapsed
 There are a total of      511280 grid points.
 ElSum from         orbitals=        0.4999769191
 Aft DoCube           Thu May 22 16:09:46 2025        0.97 cpu,        1.00 elapsed
 Will use up to     0 threads.
 Top CubeGen          Thu May 22 16:09:46 2025
 Aft UFChkP           Thu May 22 16:09:46 2025        0.26 cpu,        0.26 elapsed
 Aft DecCub           Thu May 22 16:09:46 2025        0.02 cpu,        0.02 elapsed
 Aft Density          Thu May 22 16:09:46 2025        0.00 cpu,        0.00 elapsed
 Bef DoCube           Thu May 22 16:09:46 2025        0.00 cpu,        0.00 elapsed
 There are a total of      511280 grid points.
 ElSum from         orbitals=        0.4998996389
 Aft DoCube           Thu May 22 16:09:47 2025        1.00 cpu,        1.02 elapsed
 Will use up to     0 threads.
 Top CubeGen          Thu May 22 16:09:47 2025
 Aft UFChkP           Thu May 22 16:09:47 2025        0.26 cpu,        0.26 elapsed
 Aft DecCub           Thu May 22 16:09:47 2025        0.06 cpu,        0.06 elapsed
 Aft Density          Thu May 22 16:09:47 2025        0.00 cpu,        0.00 elapsed
 Bef DoCube           Thu May 22 16:09:47 2025        0.00 cpu,        0.00 elapsed
 There are a total of      511280 grid points.
 ElSum from          density=       59.9583546271
 Aft DoCube           Thu May 22 16:09:50 2025        2.12 cpu,        2.16 elapsed
 Will use up to     0 threads.
 Top CubeGen          Thu May 22 16:09:50 2025
 Aft UFChkP           Thu May 22 16:09:50 2025        0.26 cpu,        0.27 elapsed
 Aft DecCub           Thu May 22 16:09:50 2025        0.01 cpu,        0.01 elapsed
 Aft Density          Thu May 22 16:09:50 2025        0.01 cpu,        0.00 elapsed
 Bef DoCube           Thu May 22 16:09:50 2025        0.00 cpu,        0.01 elapsed
 There are a total of      511280 grid points.
 ElSum from          density=       79.2253197277
 Aft DoCube           Thu May 22 16:10:26 2025       35.47 cpu,       35.69 elapsed
  ✓ Successfully created cube files
------------------------------------------------
[4/15] Processing: 1642764945472630600001_r12_insertion_R_1_3_8_TS
  - Input file: ./ts_geometries/1642764945472630600001_r12_insertion_R_1_3_8/1642764945472630600001_r12_insertion_R_1_3_8_TS.gjf
  - Output directory: ./ts_orbital_results/1642764945472630600001_r12_insertion_R_1_3_8/1642764945472630600001_r12_insertion_R_1_3_8
  - Setting up calculation for: 1642764945472630600001_r12_insertion_R_1_3_8_TS
  - Running Gaussian calculation...
  - Gaussian calculation completed successfully
  - Generating formatted checkpoint and cube files
 Read checkpoint file 1642764945472630600001_r12_insertion_R_1_3_8_TS.chk type G16
 Write formatted file 1642764945472630600001_r12_insertion_R_1_3_8_TS.fchk
 Will use up to     0 threads.
 Top CubeGen          Thu May 22 16:10:41 2025
 Aft UFChkP           Thu May 22 16:10:42 2025        0.26 cpu,        0.27 elapsed
 Aft DecCub           Thu May 22 16:10:42 2025        0.02 cpu,        0.02 elapsed
 Aft Density          Thu May 22 16:10:42 2025        0.00 cpu,        0.00 elapsed
 Bef DoCube           Thu May 22 16:10:42 2025        0.00 cpu,        0.00 elapsed
 There are a total of      511920 grid points.
 ElSum from         orbitals=        0.4999743642
 Aft DoCube           Thu May 22 16:10:43 2025        0.99 cpu,        1.00 elapsed
 Will use up to     0 threads.
 Top CubeGen          Thu May 22 16:10:43 2025
 Aft UFChkP           Thu May 22 16:10:43 2025        0.26 cpu,        0.27 elapsed
 Aft DecCub           Thu May 22 16:10:43 2025        0.02 cpu,        0.02 elapsed
 Aft Density          Thu May 22 16:10:43 2025        0.00 cpu,        0.00 elapsed
 Bef DoCube           Thu May 22 16:10:43 2025        0.01 cpu,        0.01 elapsed
 There are a total of      511920 grid points.
 ElSum from         orbitals=        0.4927405653
 Aft DoCube           Thu May 22 16:10:44 2025        1.02 cpu,        1.05 elapsed
 Will use up to     0 threads.
 Top CubeGen          Thu May 22 16:10:44 2025
 Aft UFChkP           Thu May 22 16:10:44 2025        0.26 cpu,        0.27 elapsed
 Aft DecCub           Thu May 22 16:10:44 2025        0.06 cpu,        0.06 elapsed
 Aft Density          Thu May 22 16:10:44 2025        0.00 cpu,        0.00 elapsed
 Bef DoCube           Thu May 22 16:10:44 2025        0.00 cpu,        0.00 elapsed
 There are a total of      511920 grid points.
 ElSum from          density=       59.9622742088
 Aft DoCube           Thu May 22 16:10:46 2025        2.06 cpu,        2.10 elapsed
 Will use up to     0 threads.
 Top CubeGen          Thu May 22 16:10:46 2025
 Aft UFChkP           Thu May 22 16:10:47 2025        0.26 cpu,        0.27 elapsed
 Aft DecCub           Thu May 22 16:10:47 2025        0.01 cpu,        0.01 elapsed
 Aft Density          Thu May 22 16:10:47 2025        0.00 cpu,        0.00 elapsed
 Bef DoCube           Thu May 22 16:10:47 2025        0.01 cpu,        0.01 elapsed
 There are a total of      511920 grid points.
 ElSum from          density=       79.2821628683
 Aft DoCube           Thu May 22 16:11:21 2025       34.14 cpu,       34.39 elapsed
  ✓ Successfully created cube files
------------------------------------------------
[5/15] Processing: 1642764945472630600001_r12_insertion_R_2_1_10_TS
  - Input file: ./ts_geometries/1642764945472630600001_r12_insertion_R_2_1_10/1642764945472630600001_r12_insertion_R_2_1_10_TS.gjf
  - Output directory: ./ts_orbital_results/1642764945472630600001_r12_insertion_R_2_1_10/1642764945472630600001_r12_insertion_R_2_1_10
  - Setting up calculation for: 1642764945472630600001_r12_insertion_R_2_1_10_TS
  - Running Gaussian calculation...
  - Gaussian calculation completed successfully
  - Generating formatted checkpoint and cube files
 Read checkpoint file 1642764945472630600001_r12_insertion_R_2_1_10_TS.chk type G16
 Write formatted file 1642764945472630600001_r12_insertion_R_2_1_10_TS.fchk
 Will use up to     0 threads.
 Top CubeGen          Thu May 22 16:11:38 2025
 Aft UFChkP           Thu May 22 16:11:38 2025        0.26 cpu,        0.27 elapsed
 Aft DecCub           Thu May 22 16:11:38 2025        0.02 cpu,        0.02 elapsed
 Aft Density          Thu May 22 16:11:38 2025        0.00 cpu,        0.00 elapsed
 Bef DoCube           Thu May 22 16:11:38 2025        0.00 cpu,        0.01 elapsed
 There are a total of      509120 grid points.
 ElSum from         orbitals=        0.4998670400
 Aft DoCube           Thu May 22 16:11:39 2025        0.96 cpu,        0.98 elapsed
 Will use up to     0 threads.
 Top CubeGen          Thu May 22 16:11:39 2025
 Aft UFChkP           Thu May 22 16:11:39 2025        0.26 cpu,        0.27 elapsed
 Aft DecCub           Thu May 22 16:11:39 2025        0.02 cpu,        0.02 elapsed
 Aft Density          Thu May 22 16:11:39 2025        0.00 cpu,        0.00 elapsed
 Bef DoCube           Thu May 22 16:11:39 2025        0.00 cpu,        0.01 elapsed
 There are a total of      509120 grid points.
 ElSum from         orbitals=        0.4954951870
 Aft DoCube           Thu May 22 16:11:40 2025        0.93 cpu,        0.94 elapsed
 Will use up to     0 threads.
 Top CubeGen          Thu May 22 16:11:40 2025
 Aft UFChkP           Thu May 22 16:11:41 2025        0.25 cpu,        0.26 elapsed
 Aft DecCub           Thu May 22 16:11:41 2025        0.06 cpu,        0.06 elapsed
 Aft Density          Thu May 22 16:11:41 2025        0.00 cpu,        0.00 elapsed
 Bef DoCube           Thu May 22 16:11:41 2025        0.00 cpu,        0.01 elapsed
 There are a total of      509120 grid points.
 ElSum from          density=       60.0533463574
 Aft DoCube           Thu May 22 16:11:43 2025        1.99 cpu,        2.00 elapsed
 Will use up to     0 threads.
 Top CubeGen          Thu May 22 16:11:43 2025
 Aft UFChkP           Thu May 22 16:11:43 2025        0.24 cpu,        0.25 elapsed
 Aft DecCub           Thu May 22 16:11:43 2025        0.02 cpu,        0.01 elapsed
 Aft Density          Thu May 22 16:11:43 2025        0.00 cpu,        0.00 elapsed
 Bef DoCube           Thu May 22 16:11:43 2025        0.00 cpu,        0.00 elapsed
 There are a total of      509120 grid points.
 ElSum from          density=       81.0814603482
 Aft DoCube           Thu May 22 16:12:19 2025       36.00 cpu,       36.33 elapsed
  ✓ Successfully created cube files
------------------------------------------------
[6/15] Processing: 1642764945472630600001_r12_insertion_R_2_1_3_TS
  - Input file: ./ts_geometries/1642764945472630600001_r12_insertion_R_2_1_3/1642764945472630600001_r12_insertion_R_2_1_3_TS.gjf
  - Output directory: ./ts_orbital_results/1642764945472630600001_r12_insertion_R_2_1_3/1642764945472630600001_r12_insertion_R_2_1_3
  - Setting up calculation for: 1642764945472630600001_r12_insertion_R_2_1_3_TS
  - Running Gaussian calculation...
  - Gaussian calculation completed successfully
  - Generating formatted checkpoint and cube files
 Read checkpoint file 1642764945472630600001_r12_insertion_R_2_1_3_TS.chk type G16
 Write formatted file 1642764945472630600001_r12_insertion_R_2_1_3_TS.fchk
 Will use up to     0 threads.
 Top CubeGen          Thu May 22 16:12:34 2025
 Aft UFChkP           Thu May 22 16:12:34 2025        0.26 cpu,        0.27 elapsed
 Aft DecCub           Thu May 22 16:12:34 2025        0.02 cpu,        0.02 elapsed
 Aft Density          Thu May 22 16:12:34 2025        0.00 cpu,        0.00 elapsed
 Bef DoCube           Thu May 22 16:12:34 2025        0.01 cpu,        0.00 elapsed
 There are a total of      510416 grid points.
 ElSum from         orbitals=        0.4999861879
 Aft DoCube           Thu May 22 16:12:35 2025        0.97 cpu,        1.00 elapsed
 Will use up to     0 threads.
 Top CubeGen          Thu May 22 16:12:35 2025
 Aft UFChkP           Thu May 22 16:12:35 2025        0.26 cpu,        0.27 elapsed
 Aft DecCub           Thu May 22 16:12:35 2025        0.02 cpu,        0.02 elapsed
 Aft Density          Thu May 22 16:12:35 2025        0.00 cpu,        0.00 elapsed
 Bef DoCube           Thu May 22 16:12:35 2025        0.00 cpu,        0.01 elapsed
 There are a total of      510416 grid points.
 ElSum from         orbitals=        0.4993491255
 Aft DoCube           Thu May 22 16:12:36 2025        1.00 cpu,        1.02 elapsed
 Will use up to     0 threads.
 Top CubeGen          Thu May 22 16:12:36 2025
 Aft UFChkP           Thu May 22 16:12:37 2025        0.26 cpu,        0.27 elapsed
 Aft DecCub           Thu May 22 16:12:37 2025        0.06 cpu,        0.06 elapsed
 Aft Density          Thu May 22 16:12:37 2025        0.00 cpu,        0.00 elapsed
 Bef DoCube           Thu May 22 16:12:37 2025        0.00 cpu,        0.01 elapsed
 There are a total of      510416 grid points.
 ElSum from          density=       59.9531857913
 Aft DoCube           Thu May 22 16:12:39 2025        2.00 cpu,        2.04 elapsed
 Will use up to     0 threads.
 Top CubeGen          Thu May 22 16:12:39 2025
 Aft UFChkP           Thu May 22 16:12:39 2025        0.26 cpu,        0.27 elapsed
 Aft DecCub           Thu May 22 16:12:39 2025        0.01 cpu,        0.01 elapsed
 Aft Density          Thu May 22 16:12:39 2025        0.00 cpu,        0.00 elapsed
 Bef DoCube           Thu May 22 16:12:39 2025        0.00 cpu,        0.01 elapsed
 There are a total of      510416 grid points.
 ElSum from          density=       79.1356999387
 Aft DoCube           Thu May 22 16:13:13 2025       33.98 cpu,       34.20 elapsed
  ✓ Successfully created cube files
------------------------------------------------
[7/15] Processing: 1642764945472630600001_r12_insertion_R_3_1_2_TS
  - Input file: ./ts_geometries/1642764945472630600001_r12_insertion_R_3_1_2/1642764945472630600001_r12_insertion_R_3_1_2_TS.gjf
  - Output directory: ./ts_orbital_results/1642764945472630600001_r12_insertion_R_3_1_2/1642764945472630600001_r12_insertion_R_3_1_2
  - Setting up calculation for: 1642764945472630600001_r12_insertion_R_3_1_2_TS
  - Running Gaussian calculation...
  - Gaussian calculation completed successfully
  - Generating formatted checkpoint and cube files
 Read checkpoint file 1642764945472630600001_r12_insertion_R_3_1_2_TS.chk type G16
 Write formatted file 1642764945472630600001_r12_insertion_R_3_1_2_TS.fchk
 Will use up to     0 threads.
 Top CubeGen          Thu May 22 16:13:28 2025
 Aft UFChkP           Thu May 22 16:13:28 2025        0.26 cpu,        0.27 elapsed
 Aft DecCub           Thu May 22 16:13:28 2025        0.02 cpu,        0.02 elapsed
 Aft Density          Thu May 22 16:13:28 2025        0.00 cpu,        0.00 elapsed
 Bef DoCube           Thu May 22 16:13:28 2025        0.00 cpu,        0.01 elapsed
 There are a total of      511875 grid points.
 ElSum from         orbitals=        0.4998013322
 Aft DoCube           Thu May 22 16:13:29 2025        0.99 cpu,        1.01 elapsed
 Will use up to     0 threads.
 Top CubeGen          Thu May 22 16:13:29 2025
 Aft UFChkP           Thu May 22 16:13:30 2025        0.26 cpu,        0.27 elapsed
 Aft DecCub           Thu May 22 16:13:30 2025        0.02 cpu,        0.02 elapsed
 Aft Density          Thu May 22 16:13:30 2025        0.00 cpu,        0.00 elapsed
 Bef DoCube           Thu May 22 16:13:30 2025        0.01 cpu,        0.01 elapsed
 There are a total of      511875 grid points.
 ElSum from         orbitals=        0.4994456729
 Aft DoCube           Thu May 22 16:13:31 2025        1.01 cpu,        1.04 elapsed
 Will use up to     0 threads.
 Top CubeGen          Thu May 22 16:13:31 2025
 Aft UFChkP           Thu May 22 16:13:31 2025        0.26 cpu,        0.27 elapsed
 Aft DecCub           Thu May 22 16:13:31 2025        0.06 cpu,        0.06 elapsed
 Aft Density          Thu May 22 16:13:31 2025        0.00 cpu,        0.00 elapsed
 Bef DoCube           Thu May 22 16:13:31 2025        0.00 cpu,        0.01 elapsed
 There are a total of      511875 grid points.
 ElSum from          density=       60.0201033899
 Aft DoCube           Thu May 22 16:13:33 2025        1.99 cpu,        2.02 elapsed
 Will use up to     0 threads.
 Top CubeGen          Thu May 22 16:13:33 2025
 Aft UFChkP           Thu May 22 16:13:33 2025        0.26 cpu,        0.26 elapsed
 Aft DecCub           Thu May 22 16:13:33 2025        0.01 cpu,        0.01 elapsed
 Aft Density          Thu May 22 16:13:33 2025        0.00 cpu,        0.00 elapsed
 Bef DoCube           Thu May 22 16:13:33 2025        0.01 cpu,        0.01 elapsed
 There are a total of      511875 grid points.
 ElSum from          density=       80.5000405989
 Aft DoCube           Thu May 22 16:14:06 2025       32.73 cpu,       33.15 elapsed
  ✓ Successfully created cube files
------------------------------------------------
[8/15] Processing: 1642764945472630600001_r12_insertion_R_3_4_5_TS
  - Input file: ./ts_geometries/1642764945472630600001_r12_insertion_R_3_4_5/1642764945472630600001_r12_insertion_R_3_4_5_TS.gjf
  - Output directory: ./ts_orbital_results/1642764945472630600001_r12_insertion_R_3_4_5/1642764945472630600001_r12_insertion_R_3_4_5
  - Setting up calculation for: 1642764945472630600001_r12_insertion_R_3_4_5_TS
  - Running Gaussian calculation...
  - Gaussian calculation completed successfully
  - Generating formatted checkpoint and cube files
 Read checkpoint file 1642764945472630600001_r12_insertion_R_3_4_5_TS.chk type G16
 Write formatted file 1642764945472630600001_r12_insertion_R_3_4_5_TS.fchk
 Will use up to     0 threads.
 Top CubeGen          Thu May 22 16:14:21 2025
 Aft UFChkP           Thu May 22 16:14:21 2025        0.24 cpu,        0.26 elapsed
 Aft DecCub           Thu May 22 16:14:21 2025        0.02 cpu,        0.02 elapsed
 Aft Density          Thu May 22 16:14:21 2025        0.00 cpu,        0.00 elapsed
 Bef DoCube           Thu May 22 16:14:21 2025        0.01 cpu,        0.01 elapsed
 There are a total of      508760 grid points.
 ElSum from         orbitals=        0.4996985650
 Aft DoCube           Thu May 22 16:14:22 2025        0.88 cpu,        0.89 elapsed
 Will use up to     0 threads.
 Top CubeGen          Thu May 22 16:14:22 2025
 Aft UFChkP           Thu May 22 16:14:22 2025        0.25 cpu,        0.26 elapsed
 Aft DecCub           Thu May 22 16:14:22 2025        0.02 cpu,        0.02 elapsed
 Aft Density          Thu May 22 16:14:22 2025        0.00 cpu,        0.00 elapsed
 Bef DoCube           Thu May 22 16:14:22 2025        0.00 cpu,        0.00 elapsed
 There are a total of      508760 grid points.
 ElSum from         orbitals=        0.4988332764
 Aft DoCube           Thu May 22 16:14:23 2025        0.92 cpu,        0.94 elapsed
 Will use up to     0 threads.
 Top CubeGen          Thu May 22 16:14:23 2025
 Aft UFChkP           Thu May 22 16:14:23 2025        0.25 cpu,        0.25 elapsed
 Aft DecCub           Thu May 22 16:14:23 2025        0.06 cpu,        0.06 elapsed
 Aft Density          Thu May 22 16:14:23 2025        0.00 cpu,        0.00 elapsed
 Bef DoCube           Thu May 22 16:14:23 2025        0.00 cpu,        0.00 elapsed
 There are a total of      508760 grid points.
 ElSum from          density=       60.0085902027
 Aft DoCube           Thu May 22 16:14:25 2025        1.87 cpu,        1.93 elapsed
 Will use up to     0 threads.
 Top CubeGen          Thu May 22 16:14:25 2025
 Aft UFChkP           Thu May 22 16:14:26 2025        0.24 cpu,        0.26 elapsed
 Aft DecCub           Thu May 22 16:14:26 2025        0.02 cpu,        0.01 elapsed
 Aft Density          Thu May 22 16:14:26 2025        0.00 cpu,        0.00 elapsed
 Bef DoCube           Thu May 22 16:14:26 2025        0.00 cpu,        0.01 elapsed
 There are a total of      508760 grid points.
 ElSum from          density=       80.1623672186
 Aft DoCube           Thu May 22 16:14:58 2025       32.48 cpu,       32.70 elapsed
  ✓ Successfully created cube files
------------------------------------------------
[9/15] Processing: 1642764945472630600001_r12_insertion_R_5_4_3_TS
  - Input file: ./ts_geometries/1642764945472630600001_r12_insertion_R_5_4_3/1642764945472630600001_r12_insertion_R_5_4_3_TS.gjf
  - Output directory: ./ts_orbital_results/1642764945472630600001_r12_insertion_R_5_4_3/1642764945472630600001_r12_insertion_R_5_4_3
  - Setting up calculation for: 1642764945472630600001_r12_insertion_R_5_4_3_TS
  - Running Gaussian calculation...
  - Gaussian calculation completed successfully
  - Generating formatted checkpoint and cube files
 Read checkpoint file 1642764945472630600001_r12_insertion_R_5_4_3_TS.chk type G16
 Write formatted file 1642764945472630600001_r12_insertion_R_5_4_3_TS.fchk
 Will use up to     0 threads.
 Top CubeGen          Thu May 22 16:15:18 2025
 Aft UFChkP           Thu May 22 16:15:18 2025        0.25 cpu,        0.26 elapsed
 Aft DecCub           Thu May 22 16:15:18 2025        0.02 cpu,        0.02 elapsed
 Aft Density          Thu May 22 16:15:18 2025        0.00 cpu,        0.00 elapsed
 Bef DoCube           Thu May 22 16:15:18 2025        0.01 cpu,        0.01 elapsed
 There are a total of      514976 grid points.
 ElSum from         orbitals=        0.4999614351
 Aft DoCube           Thu May 22 16:15:19 2025        0.94 cpu,        0.96 elapsed
 Will use up to     0 threads.
 Top CubeGen          Thu May 22 16:15:19 2025
 Aft UFChkP           Thu May 22 16:15:19 2025        0.25 cpu,        0.26 elapsed
 Aft DecCub           Thu May 22 16:15:19 2025        0.02 cpu,        0.02 elapsed
 Aft Density          Thu May 22 16:15:19 2025        0.00 cpu,        0.00 elapsed
 Bef DoCube           Thu May 22 16:15:19 2025        0.01 cpu,        0.01 elapsed
 There are a total of      514976 grid points.
 ElSum from         orbitals=        0.4998139907
 Aft DoCube           Thu May 22 16:15:20 2025        0.92 cpu,        0.94 elapsed
 Will use up to     0 threads.
 Top CubeGen          Thu May 22 16:15:20 2025
 Aft UFChkP           Thu May 22 16:15:20 2025        0.25 cpu,        0.26 elapsed
 Aft DecCub           Thu May 22 16:15:20 2025        0.06 cpu,        0.06 elapsed
 Aft Density          Thu May 22 16:15:20 2025        0.00 cpu,        0.00 elapsed
 Bef DoCube           Thu May 22 16:15:20 2025        0.01 cpu,        0.00 elapsed
 There are a total of      514976 grid points.
 ElSum from          density=       60.1249645912
 Aft DoCube           Thu May 22 16:15:23 2025        2.12 cpu,        2.15 elapsed
 Will use up to     0 threads.
 Top CubeGen          Thu May 22 16:15:23 2025
 Aft UFChkP           Thu May 22 16:15:23 2025        0.25 cpu,        0.26 elapsed
 Aft DecCub           Thu May 22 16:15:23 2025        0.01 cpu,        0.01 elapsed
 Aft Density          Thu May 22 16:15:23 2025        0.00 cpu,        0.00 elapsed
 Bef DoCube           Thu May 22 16:15:23 2025        0.01 cpu,        0.00 elapsed
 There are a total of      514976 grid points.
 ElSum from          density=       82.4994431611
 Aft DoCube           Thu May 22 16:15:56 2025       33.42 cpu,       33.65 elapsed
  ✓ Successfully created cube files
------------------------------------------------
[10/15] Processing: 1642764945472630600001_r12_insertion_R_8_3_1_TS
  - Input file: ./ts_geometries/1642764945472630600001_r12_insertion_R_8_3_1/1642764945472630600001_r12_insertion_R_8_3_1_TS.gjf
  - Output directory: ./ts_orbital_results/1642764945472630600001_r12_insertion_R_8_3_1/1642764945472630600001_r12_insertion_R_8_3_1
  - Setting up calculation for: 1642764945472630600001_r12_insertion_R_8_3_1_TS
  - Running Gaussian calculation...
  - Gaussian calculation completed successfully
  - Generating formatted checkpoint and cube files
 Read checkpoint file 1642764945472630600001_r12_insertion_R_8_3_1_TS.chk type G16
 Write formatted file 1642764945472630600001_r12_insertion_R_8_3_1_TS.fchk
 Will use up to     0 threads.
 Top CubeGen          Thu May 22 16:16:12 2025
 Aft UFChkP           Thu May 22 16:16:12 2025        0.25 cpu,        0.26 elapsed
 Aft DecCub           Thu May 22 16:16:12 2025        0.03 cpu,        0.02 elapsed
 Aft Density          Thu May 22 16:16:12 2025        0.00 cpu,        0.00 elapsed
 Bef DoCube           Thu May 22 16:16:12 2025        0.00 cpu,        0.01 elapsed
 There are a total of      508760 grid points.
 ElSum from         orbitals=        0.5000739556
 Aft DoCube           Thu May 22 16:16:13 2025        0.89 cpu,        0.92 elapsed
 Will use up to     0 threads.
 Top CubeGen          Thu May 22 16:16:13 2025
 Aft UFChkP           Thu May 22 16:16:13 2025        0.26 cpu,        0.26 elapsed
 Aft DecCub           Thu May 22 16:16:13 2025        0.02 cpu,        0.02 elapsed
 Aft Density          Thu May 22 16:16:13 2025        0.00 cpu,        0.00 elapsed
 Bef DoCube           Thu May 22 16:16:13 2025        0.00 cpu,        0.01 elapsed
 There are a total of      508760 grid points.
 ElSum from         orbitals=        0.4998932297
 Aft DoCube           Thu May 22 16:16:14 2025        0.90 cpu,        0.93 elapsed
 Will use up to     0 threads.
 Top CubeGen          Thu May 22 16:16:14 2025
 Aft UFChkP           Thu May 22 16:16:14 2025        0.25 cpu,        0.26 elapsed
 Aft DecCub           Thu May 22 16:16:14 2025        0.06 cpu,        0.06 elapsed
 Aft Density          Thu May 22 16:16:14 2025        0.00 cpu,        0.00 elapsed
 Bef DoCube           Thu May 22 16:16:14 2025        0.00 cpu,        0.01 elapsed
 There are a total of      508760 grid points.
 ElSum from          density=       59.9318392705
 Aft DoCube           Thu May 22 16:16:16 2025        1.85 cpu,        1.88 elapsed
 Will use up to     0 threads.
 Top CubeGen          Thu May 22 16:16:16 2025
 Aft UFChkP           Thu May 22 16:16:16 2025        0.25 cpu,        0.26 elapsed
 Aft DecCub           Thu May 22 16:16:16 2025        0.02 cpu,        0.01 elapsed
 Aft Density          Thu May 22 16:16:16 2025        0.00 cpu,        0.00 elapsed
 Bef DoCube           Thu May 22 16:16:16 2025        0.00 cpu,        0.01 elapsed
 There are a total of      508760 grid points.
 ElSum from          density=       78.6358556019
 Aft DoCube           Thu May 22 16:16:48 2025       31.74 cpu,       31.94 elapsed
  ✓ Successfully created cube files
------------------------------------------------
[11/15] Processing: 1642764945472630600001_r12_insertion_R_8_3_4_TS
  - Input file: ./ts_geometries/1642764945472630600001_r12_insertion_R_8_3_4/1642764945472630600001_r12_insertion_R_8_3_4_TS.gjf
  - Output directory: ./ts_orbital_results/1642764945472630600001_r12_insertion_R_8_3_4/1642764945472630600001_r12_insertion_R_8_3_4
  - Setting up calculation for: 1642764945472630600001_r12_insertion_R_8_3_4_TS
  - Running Gaussian calculation...
  - Gaussian calculation completed successfully
  - Generating formatted checkpoint and cube files
 Read checkpoint file 1642764945472630600001_r12_insertion_R_8_3_4_TS.chk type G16
 Write formatted file 1642764945472630600001_r12_insertion_R_8_3_4_TS.fchk
 Will use up to     0 threads.
 Top CubeGen          Thu May 22 16:17:04 2025
 Aft UFChkP           Thu May 22 16:17:04 2025        0.25 cpu,        0.26 elapsed
 Aft DecCub           Thu May 22 16:17:04 2025        0.02 cpu,        0.02 elapsed
 Aft Density          Thu May 22 16:17:04 2025        0.00 cpu,        0.00 elapsed
 Bef DoCube           Thu May 22 16:17:04 2025        0.01 cpu,        0.01 elapsed
 There are a total of      506766 grid points.
 ElSum from         orbitals=        0.4999480178
 Aft DoCube           Thu May 22 16:17:05 2025        0.97 cpu,        0.99 elapsed
 Will use up to     0 threads.
 Top CubeGen          Thu May 22 16:17:05 2025
 Aft UFChkP           Thu May 22 16:17:05 2025        0.26 cpu,        0.27 elapsed
 Aft DecCub           Thu May 22 16:17:05 2025        0.02 cpu,        0.02 elapsed
 Aft Density          Thu May 22 16:17:05 2025        0.00 cpu,        0.00 elapsed
 Bef DoCube           Thu May 22 16:17:05 2025        0.01 cpu,        0.00 elapsed
 There are a total of      506766 grid points.
 ElSum from         orbitals=        0.4993252889
 Aft DoCube           Thu May 22 16:17:06 2025        0.98 cpu,        1.01 elapsed
 Will use up to     0 threads.
 Top CubeGen          Thu May 22 16:17:06 2025
 Aft UFChkP           Thu May 22 16:17:07 2025        0.25 cpu,        0.27 elapsed
 Aft DecCub           Thu May 22 16:17:07 2025        0.07 cpu,        0.06 elapsed
 Aft Density          Thu May 22 16:17:07 2025        0.00 cpu,        0.00 elapsed
 Bef DoCube           Thu May 22 16:17:07 2025        0.00 cpu,        0.00 elapsed
 There are a total of      506766 grid points.
 ElSum from          density=       59.9593540733
 Aft DoCube           Thu May 22 16:17:09 2025        2.02 cpu,        2.04 elapsed
 Will use up to     0 threads.
 Top CubeGen          Thu May 22 16:17:09 2025
 Aft UFChkP           Thu May 22 16:17:09 2025        0.26 cpu,        0.27 elapsed
 Aft DecCub           Thu May 22 16:17:09 2025        0.01 cpu,        0.01 elapsed
 Aft Density          Thu May 22 16:17:09 2025        0.00 cpu,        0.00 elapsed
 Bef DoCube           Thu May 22 16:17:09 2025        0.01 cpu,        0.01 elapsed
 There are a total of      506766 grid points.
 ElSum from          density=       79.1949458465
 Aft DoCube           Thu May 22 16:17:43 2025       33.36 cpu,       33.59 elapsed
  ✓ Successfully created cube files
------------------------------------------------
[12/15] Processing: 1642764945472630600001_r13_insertion_CO2_3_11_TS
  - Input file: ./ts_geometries/1642764945472630600001_r13_insertion_CO2_3_11/1642764945472630600001_r13_insertion_CO2_3_11_TS.gjf
  - Output directory: ./ts_orbital_results/1642764945472630600001_r13_insertion_CO2_3_11/1642764945472630600001_r13_insertion_CO2_3_11
  - Setting up calculation for: 1642764945472630600001_r13_insertion_CO2_3_11_TS
  - Running Gaussian calculation...
  - Gaussian calculation completed successfully
  - Generating formatted checkpoint and cube files
 Read checkpoint file 1642764945472630600001_r13_insertion_CO2_3_11_TS.chk type G16
 Write formatted file 1642764945472630600001_r13_insertion_CO2_3_11_TS.fchk
 Will use up to     0 threads.
 Top CubeGen          Thu May 22 16:18:04 2025
 Aft UFChkP           Thu May 22 16:18:05 2025        0.26 cpu,        0.27 elapsed
 Aft DecCub           Thu May 22 16:18:05 2025        0.02 cpu,        0.02 elapsed
 Aft Density          Thu May 22 16:18:05 2025        0.00 cpu,        0.00 elapsed
 Bef DoCube           Thu May 22 16:18:05 2025        0.00 cpu,        0.00 elapsed
 There are a total of      513898 grid points.
 ElSum from         orbitals=        0.4999333118
 Aft DoCube           Thu May 22 16:18:06 2025        0.95 cpu,        0.97 elapsed
 Will use up to     0 threads.
 Top CubeGen          Thu May 22 16:18:06 2025
 Aft UFChkP           Thu May 22 16:18:06 2025        0.26 cpu,        0.27 elapsed
 Aft DecCub           Thu May 22 16:18:06 2025        0.02 cpu,        0.02 elapsed
 Aft Density          Thu May 22 16:18:06 2025        0.00 cpu,        0.00 elapsed
 Bef DoCube           Thu May 22 16:18:06 2025        0.00 cpu,        0.01 elapsed
 There are a total of      513898 grid points.
 ElSum from         orbitals=        0.4685491453
 Aft DoCube           Thu May 22 16:18:07 2025        1.01 cpu,        1.03 elapsed
 Will use up to     0 threads.
 Top CubeGen          Thu May 22 16:18:07 2025
 Aft UFChkP           Thu May 22 16:18:07 2025        0.26 cpu,        0.27 elapsed
 Aft DecCub           Thu May 22 16:18:07 2025        0.06 cpu,        0.07 elapsed
 Aft Density          Thu May 22 16:18:07 2025        0.00 cpu,        0.00 elapsed
 Bef DoCube           Thu May 22 16:18:07 2025        0.00 cpu,        0.01 elapsed
 There are a total of      513898 grid points.
 ElSum from          density=       60.0415129317
 Aft DoCube           Thu May 22 16:18:10 2025        2.08 cpu,        2.10 elapsed
 Will use up to     0 threads.
 Top CubeGen          Thu May 22 16:18:10 2025
 Aft UFChkP           Thu May 22 16:18:10 2025        0.26 cpu,        0.27 elapsed
 Aft DecCub           Thu May 22 16:18:10 2025        0.01 cpu,        0.01 elapsed
 Aft Density          Thu May 22 16:18:10 2025        0.00 cpu,        0.00 elapsed
 Bef DoCube           Thu May 22 16:18:10 2025        0.01 cpu,        0.01 elapsed
 There are a total of      513898 grid points.
 ElSum from          density=       80.8277437106
 Aft DoCube           Thu May 22 16:18:47 2025       36.68 cpu,       37.51 elapsed
  ✓ Successfully created cube files
------------------------------------------------
[13/15] Processing: 1642764945472630600001_r13_insertion_ROR_11_10_1_2_TS
  - Input file: ./ts_geometries/1642764945472630600001_r13_insertion_ROR_11_10_1_2/1642764945472630600001_r13_insertion_ROR_11_10_1_2_TS.gjf
  - Output directory: ./ts_orbital_results/1642764945472630600001_r13_insertion_ROR_11_10_1_2/1642764945472630600001_r13_insertion_ROR_11_10_1_2
  - Setting up calculation for: 1642764945472630600001_r13_insertion_ROR_11_10_1_2_TS
  - Running Gaussian calculation...
  - Gaussian calculation completed successfully
  - Generating formatted checkpoint and cube files
 Read checkpoint file 1642764945472630600001_r13_insertion_ROR_11_10_1_2_TS.chk type G16
 Write formatted file 1642764945472630600001_r13_insertion_ROR_11_10_1_2_TS.fchk
 Will use up to     0 threads.
 Top CubeGen          Thu May 22 16:19:07 2025
 Aft UFChkP           Thu May 22 16:19:08 2025        0.25 cpu,        0.26 elapsed
 Aft DecCub           Thu May 22 16:19:08 2025        0.03 cpu,        0.02 elapsed
 Aft Density          Thu May 22 16:19:08 2025        0.00 cpu,        0.00 elapsed
 Bef DoCube           Thu May 22 16:19:08 2025        0.00 cpu,        0.01 elapsed
 There are a total of      510860 grid points.
 ElSum from         orbitals=        0.5000004217
 Aft DoCube           Thu May 22 16:19:09 2025        0.93 cpu,        0.96 elapsed
 Will use up to     0 threads.
 Top CubeGen          Thu May 22 16:19:09 2025
 Aft UFChkP           Thu May 22 16:19:09 2025        0.25 cpu,        0.26 elapsed
 Aft DecCub           Thu May 22 16:19:09 2025        0.02 cpu,        0.02 elapsed
 Aft Density          Thu May 22 16:19:09 2025        0.00 cpu,        0.00 elapsed
 Bef DoCube           Thu May 22 16:19:09 2025        0.00 cpu,        0.00 elapsed
 There are a total of      510860 grid points.
 ElSum from         orbitals=        0.5001890224
 Aft DoCube           Thu May 22 16:19:10 2025        0.93 cpu,        0.95 elapsed
 Will use up to     0 threads.
 Top CubeGen          Thu May 22 16:19:10 2025
 Aft UFChkP           Thu May 22 16:19:10 2025        0.25 cpu,        0.26 elapsed
 Aft DecCub           Thu May 22 16:19:10 2025        0.06 cpu,        0.06 elapsed
 Aft Density          Thu May 22 16:19:10 2025        0.00 cpu,        0.00 elapsed
 Bef DoCube           Thu May 22 16:19:10 2025        0.01 cpu,        0.00 elapsed
 There are a total of      510860 grid points.
 ElSum from          density=       59.9775613888
 Aft DoCube           Thu May 22 16:19:12 2025        1.97 cpu,        1.99 elapsed
 Will use up to     0 threads.
 Top CubeGen          Thu May 22 16:19:12 2025
 Aft UFChkP           Thu May 22 16:19:12 2025        0.25 cpu,        0.26 elapsed
 Aft DecCub           Thu May 22 16:19:12 2025        0.02 cpu,        0.01 elapsed
 Aft Density          Thu May 22 16:19:12 2025        0.00 cpu,        0.00 elapsed
 Bef DoCube           Thu May 22 16:19:12 2025        0.00 cpu,        0.00 elapsed
 There are a total of      510860 grid points.
 ElSum from          density=       79.6804057657
 Aft DoCube           Thu May 22 16:19:45 2025       32.18 cpu,       32.57 elapsed
  ✓ Successfully created cube files
------------------------------------------------
[14/15] Processing: 1642764945472630600001_r13_insertion_ROR_4_3_1_2_TS
  - Input file: ./ts_geometries/1642764945472630600001_r13_insertion_ROR_4_3_1_2/1642764945472630600001_r13_insertion_ROR_4_3_1_2_TS.gjf
  - Output directory: ./ts_orbital_results/1642764945472630600001_r13_insertion_ROR_4_3_1_2/1642764945472630600001_r13_insertion_ROR_4_3_1_2
  - Setting up calculation for: 1642764945472630600001_r13_insertion_ROR_4_3_1_2_TS
  - Running Gaussian calculation...
  - Gaussian calculation completed successfully
  - Generating formatted checkpoint and cube files
 Read checkpoint file 1642764945472630600001_r13_insertion_ROR_4_3_1_2_TS.chk type G16
 Write formatted file 1642764945472630600001_r13_insertion_ROR_4_3_1_2_TS.fchk
 Will use up to     0 threads.
 Top CubeGen          Thu May 22 16:20:00 2025
 Aft UFChkP           Thu May 22 16:20:00 2025        0.26 cpu,        0.27 elapsed
 Aft DecCub           Thu May 22 16:20:00 2025        0.02 cpu,        0.02 elapsed
 Aft Density          Thu May 22 16:20:00 2025        0.00 cpu,        0.00 elapsed
 Bef DoCube           Thu May 22 16:20:00 2025        0.00 cpu,        0.01 elapsed
 There are a total of      515200 grid points.
 ElSum from         orbitals=        0.4999915396
 Aft DoCube           Thu May 22 16:20:01 2025        0.92 cpu,        0.95 elapsed
 Will use up to     0 threads.
 Top CubeGen          Thu May 22 16:20:01 2025
 Aft UFChkP           Thu May 22 16:20:02 2025        0.25 cpu,        0.26 elapsed
 Aft DecCub           Thu May 22 16:20:02 2025        0.02 cpu,        0.02 elapsed
 Aft Density          Thu May 22 16:20:02 2025        0.00 cpu,        0.00 elapsed
 Bef DoCube           Thu May 22 16:20:02 2025        0.01 cpu,        0.01 elapsed
 There are a total of      516880 grid points.
 ElSum from         orbitals=        0.4401520443
 Aft DoCube           Thu May 22 16:20:03 2025        0.94 cpu,        0.96 elapsed
 Will use up to     0 threads.
 Top CubeGen          Thu May 22 16:20:03 2025
 Aft UFChkP           Thu May 22 16:20:03 2025        0.25 cpu,        0.27 elapsed
 Aft DecCub           Thu May 22 16:20:03 2025        0.06 cpu,        0.06 elapsed
 Aft Density          Thu May 22 16:20:03 2025        0.00 cpu,        0.00 elapsed
 Bef DoCube           Thu May 22 16:20:03 2025        0.01 cpu,        0.01 elapsed
 There are a total of      515200 grid points.
 ElSum from          density=       60.0898876803
 Aft DoCube           Thu May 22 16:20:05 2025        1.98 cpu,        2.00 elapsed
 Will use up to     0 threads.
 Top CubeGen          Thu May 22 16:20:05 2025
 Aft UFChkP           Thu May 22 16:20:05 2025        0.25 cpu,        0.26 elapsed
 Aft DecCub           Thu May 22 16:20:05 2025        0.02 cpu,        0.01 elapsed
 Aft Density          Thu May 22 16:20:05 2025        0.00 cpu,        0.00 elapsed
 Bef DoCube           Thu May 22 16:20:05 2025        0.00 cpu,        0.01 elapsed
 There are a total of      515200 grid points.
 ElSum from          density=       81.8823852569
 Aft DoCube           Thu May 22 16:20:39 2025       33.42 cpu,       33.66 elapsed
  ✓ Successfully created cube files
------------------------------------------------
[15/15] Processing: 1642764945472630600001_r13_insertion_ROR_8_3_1_2_TS
  - Input file: ./ts_geometries/1642764945472630600001_r13_insertion_ROR_8_3_1_2/1642764945472630600001_r13_insertion_ROR_8_3_1_2_TS.gjf
  - Output directory: ./ts_orbital_results/1642764945472630600001_r13_insertion_ROR_8_3_1_2/1642764945472630600001_r13_insertion_ROR_8_3_1_2
  - Setting up calculation for: 1642764945472630600001_r13_insertion_ROR_8_3_1_2_TS
  - Running Gaussian calculation...
  - Gaussian calculation completed successfully
  - Generating formatted checkpoint and cube files
 Read checkpoint file 1642764945472630600001_r13_insertion_ROR_8_3_1_2_TS.chk type G16
 Write formatted file 1642764945472630600001_r13_insertion_ROR_8_3_1_2_TS.fchk
 Will use up to     0 threads.
 Top CubeGen          Thu May 22 16:20:55 2025
 Aft UFChkP           Thu May 22 16:20:55 2025        0.24 cpu,        0.25 elapsed
 Aft DecCub           Thu May 22 16:20:55 2025        0.03 cpu,        0.02 elapsed
 Aft Density          Thu May 22 16:20:55 2025        0.00 cpu,        0.00 elapsed
 Bef DoCube           Thu May 22 16:20:55 2025        0.00 cpu,        0.00 elapsed
 There are a total of      506880 grid points.
 ElSum from         orbitals=        0.5000338290
 Aft DoCube           Thu May 22 16:20:56 2025        0.86 cpu,        0.88 elapsed
 Will use up to     0 threads.
 Top CubeGen          Thu May 22 16:20:56 2025
 Aft UFChkP           Thu May 22 16:20:57 2025        0.25 cpu,        0.25 elapsed
 Aft DecCub           Thu May 22 16:20:57 2025        0.02 cpu,        0.02 elapsed
 Aft Density          Thu May 22 16:20:57 2025        0.00 cpu,        0.00 elapsed
 Bef DoCube           Thu May 22 16:20:57 2025        0.00 cpu,        0.01 elapsed
 There are a total of      506880 grid points.
 ElSum from         orbitals=        0.5001954810
 Aft DoCube           Thu May 22 16:20:57 2025        0.85 cpu,        0.88 elapsed
 Will use up to     0 threads.
 Top CubeGen          Thu May 22 16:20:57 2025
 Aft UFChkP           Thu May 22 16:20:58 2025        0.24 cpu,        0.25 elapsed
 Aft DecCub           Thu May 22 16:20:58 2025        0.06 cpu,        0.06 elapsed
 Aft Density          Thu May 22 16:20:58 2025        0.00 cpu,        0.00 elapsed
 Bef DoCube           Thu May 22 16:20:58 2025        0.00 cpu,        0.01 elapsed
 There are a total of      506880 grid points.
 ElSum from          density=       59.9595213684
 Aft DoCube           Thu May 22 16:21:00 2025        2.03 cpu,        2.06 elapsed
 Will use up to     0 threads.
 Top CubeGen          Thu May 22 16:21:00 2025
 Aft UFChkP           Thu May 22 16:21:00 2025        0.24 cpu,        0.25 elapsed
 Aft DecCub           Thu May 22 16:21:00 2025        0.01 cpu,        0.01 elapsed
 Aft Density          Thu May 22 16:21:00 2025        0.00 cpu,        0.00 elapsed
 Bef DoCube           Thu May 22 16:21:00 2025        0.00 cpu,        0.01 elapsed
 There are a total of      506880 grid points.
 ElSum from          density=       79.2933821436
 Aft DoCube           Thu May 22 16:21:33 2025       32.66 cpu,       33.32 elapsed
  ✓ Successfully created cube files
------------------------------------------------
Orbital calculations completed
Summary:
  - Total input files: 15
  - Successfully processed: 15
  - Failed: 0
  - Skipped (already existed): 0

Number of completed calculations: 15
Number of cube files generated: 60
Results were generated in the following locations:
./ts_orbital_results/1642764945472630600001_r12_insertion_R_10_1_2
./ts_orbital_results/1642764945472630600001_r12_insertion_R_10_1_2/1642764945472630600001_r12_insertion_R_10_1_2
./ts_orbital_results/1642764945472630600001_r12_insertion_R_10_1_3
./ts_orbital_results/1642764945472630600001_r12_insertion_R_10_1_3/1642764945472630600001_r12_insertion_R_10_1_3
./ts_orbital_results/1642764945472630600001_r12_insertion_R_1_3_4
./ts_orbital_results/1642764945472630600001_r12_insertion_R_1_3_4/1642764945472630600001_r12_insertion_R_1_3_4
./ts_orbital_results/1642764945472630600001_r12_insertion_R_1_3_8
./ts_orbital_results/1642764945472630600001_r12_insertion_R_1_3_8/1642764945472630600001_r12_insertion_R_1_3_8
./ts_orbital_results/1642764945472630600001_r12_insertion_R_2_1_10
./ts_orbital_results/1642764945472630600001_r12_insertion_R_2_1_10/1642764945472630600001_r12_insertion_R_2_1_10
... and 20 more directories
Job completed
Job ID           : 10081171
Cluster          : spartan
User/Project     : akhalilov/punim0131
Nodes            : 1
Wall-clock time  : 00:14:05 / 1-00:00:00

Displaying overall resources usage from 2025-05-22 16:07:29 to 2025-05-22 16:21:34:

NODE            CPU#        TOT%   ( USR   / SYS   / WIO   / IDLE  ) 

spartan-bm178 : 
                CPU# 1    : 26.8   (  25.2 /   1.7 /   0.0 /  73.1 ) 
                CPU# 2    : 62.7   (  61.2 /   1.6 /   0.1 /  37.2 ) 
                CPU# 3    : 38.8   (  36.2 /   2.6 /   0.0 /  61.2 ) 
                CPU# 4    : 40.8   (  39.2 /   1.6 /   0.0 /  59.2 ) 


Allocated CPUs            : 4    
  CPUs with usage <25%    : 0    
  CPUs with usage <50%    : 3    
  CPUs with usage >50%    : 1    

Memory used (RAM)         : 69.9%  [6009MB of 8590MB]

--------------------------------------------

