Starting orbital calculations
Input directory: ./ts_geometries
Output directory: ./ts_orbital_results
------------------------------------------------
Found 15 Gaussian input files to process
------------------------------------------------
[1/15] Processing: 1642764945472630600001_r12_insertion_R_10_1_2_TS
  - Input file: ./ts_geometries/1642764945472630600001_r12_insertion_R_10_1_2/1642764945472630600001_r12_insertion_R_10_1_2_TS.gjf
  - Output directory: ./ts_orbital_results/1642764945472630600001_r12_insertion_R_10_1_2/1642764945472630600001_r12_insertion_R_10_1_2
  - Setting up calculation for: 1642764945472630600001_r12_insertion_R_10_1_2_TS
  - Running Gaussian calculation...
  - Gaussian calculation completed successfully
  - Generating formatted checkpoint and cube files
 Read checkpoint file 1642764945472630600001_r12_insertion_R_10_1_2_TS.chk type G16
 Write formatted file 1642764945472630600001_r12_insertion_R_10_1_2_TS.fchk
 Will use up to     0 threads.
 Top CubeGen          Thu May 22 16:42:07 2025
 Aft UFChkP           Thu May 22 16:42:07 2025        0.22 cpu,        0.23 elapsed
 Aft DecCub           Thu May 22 16:42:07 2025        0.02 cpu,        0.02 elapsed
 Aft Density          Thu May 22 16:42:07 2025        0.00 cpu,        0.00 elapsed
 Bef DoCube           Thu May 22 16:42:07 2025        0.00 cpu,        0.00 elapsed
 There are a total of      214110 grid points.
 ElSum from         orbitals=        0.4996838300
 Aft DoCube           Thu May 22 16:42:08 2025        0.38 cpu,        0.38 elapsed
 Will use up to     0 threads.
 Top CubeGen          Thu May 22 16:42:08 2025
 Aft UFChkP           Thu May 22 16:42:08 2025        0.22 cpu,        0.23 elapsed
 Aft DecCub           Thu May 22 16:42:08 2025        0.02 cpu,        0.02 elapsed
 Aft Density          Thu May 22 16:42:08 2025        0.00 cpu,        0.00 elapsed
 Bef DoCube           Thu May 22 16:42:08 2025        0.00 cpu,        0.00 elapsed
 There are a total of      214110 grid points.
 ElSum from         orbitals=        0.4982145574
 Aft DoCube           Thu May 22 16:42:08 2025        0.37 cpu,        0.39 elapsed
 Will use up to     0 threads.
 Top CubeGen          Thu May 22 16:42:08 2025
 Aft UFChkP           Thu May 22 16:42:09 2025        0.22 cpu,        0.23 elapsed
 Aft DecCub           Thu May 22 16:42:09 2025        0.05 cpu,        0.05 elapsed
 Aft Density          Thu May 22 16:42:09 2025        0.00 cpu,        0.00 elapsed
 Bef DoCube           Thu May 22 16:42:09 2025        0.00 cpu,        0.00 elapsed
 There are a total of      214110 grid points.
 ElSum from          density=       60.2848260927
 Aft DoCube           Thu May 22 16:42:10 2025        0.86 cpu,        0.87 elapsed
 Will use up to     0 threads.
 Top CubeGen          Thu May 22 16:42:10 2025
 Aft UFChkP           Thu May 22 16:42:10 2025        0.22 cpu,        0.23 elapsed
 Aft DecCub           Thu May 22 16:42:10 2025        0.01 cpu,        0.01 elapsed
 Aft Density          Thu May 22 16:42:10 2025        0.00 cpu,        0.00 elapsed
 Bef DoCube           Thu May 22 16:42:10 2025        0.01 cpu,        0.01 elapsed
 There are a total of      214110 grid points.
 ElSum from          density=       85.5572111218
 Aft DoCube           Thu May 22 16:42:21 2025       11.44 cpu,       11.50 elapsed
  ✓ Successfully created cube files
------------------------------------------------
[2/15] Processing: 1642764945472630600001_r12_insertion_R_10_1_3_TS
  - Input file: ./ts_geometries/1642764945472630600001_r12_insertion_R_10_1_3/1642764945472630600001_r12_insertion_R_10_1_3_TS.gjf
  - Output directory: ./ts_orbital_results/1642764945472630600001_r12_insertion_R_10_1_3/1642764945472630600001_r12_insertion_R_10_1_3
  - Setting up calculation for: 1642764945472630600001_r12_insertion_R_10_1_3_TS
  - Running Gaussian calculation...
  - Gaussian calculation completed successfully
  - Generating formatted checkpoint and cube files
 Read checkpoint file 1642764945472630600001_r12_insertion_R_10_1_3_TS.chk type G16
 Write formatted file 1642764945472630600001_r12_insertion_R_10_1_3_TS.fchk
 Will use up to     0 threads.
 Top CubeGen          Thu May 22 16:42:34 2025
 Aft UFChkP           Thu May 22 16:42:34 2025        0.22 cpu,        0.23 elapsed
 Aft DecCub           Thu May 22 16:42:34 2025        0.02 cpu,        0.02 elapsed
 Aft Density          Thu May 22 16:42:34 2025        0.00 cpu,        0.00 elapsed
 Bef DoCube           Thu May 22 16:42:34 2025        0.00 cpu,        0.00 elapsed
 There are a total of      215271 grid points.
 ElSum from         orbitals=        0.4985593526
 Aft DoCube           Thu May 22 16:42:34 2025        0.38 cpu,        0.38 elapsed
 Will use up to     0 threads.
 Top CubeGen          Thu May 22 16:42:34 2025
 Aft UFChkP           Thu May 22 16:42:34 2025        0.22 cpu,        0.23 elapsed
 Aft DecCub           Thu May 22 16:42:34 2025        0.02 cpu,        0.02 elapsed
 Aft Density          Thu May 22 16:42:34 2025        0.00 cpu,        0.00 elapsed
 Bef DoCube           Thu May 22 16:42:34 2025        0.00 cpu,        0.00 elapsed
 There are a total of      215271 grid points.
 ElSum from         orbitals=        0.4979650936
 Aft DoCube           Thu May 22 16:42:35 2025        0.38 cpu,        0.39 elapsed
 Will use up to     0 threads.
 Top CubeGen          Thu May 22 16:42:35 2025
 Aft UFChkP           Thu May 22 16:42:35 2025        0.22 cpu,        0.23 elapsed
 Aft DecCub           Thu May 22 16:42:35 2025        0.05 cpu,        0.05 elapsed
 Aft Density          Thu May 22 16:42:35 2025        0.00 cpu,        0.00 elapsed
 Bef DoCube           Thu May 22 16:42:35 2025        0.01 cpu,        0.01 elapsed
 There are a total of      215271 grid points.
 ElSum from          density=       60.2373181406
 Aft DoCube           Thu May 22 16:42:36 2025        0.84 cpu,        0.85 elapsed
 Will use up to     0 threads.
 Top CubeGen          Thu May 22 16:42:36 2025
 Aft UFChkP           Thu May 22 16:42:36 2025        0.22 cpu,        0.23 elapsed
 Aft DecCub           Thu May 22 16:42:36 2025        0.01 cpu,        0.01 elapsed
 Aft Density          Thu May 22 16:42:36 2025        0.00 cpu,        0.00 elapsed
 Bef DoCube           Thu May 22 16:42:36 2025        0.00 cpu,        0.01 elapsed
 There are a total of      215271 grid points.
 ElSum from          density=       84.7039658655
 Aft DoCube           Thu May 22 16:42:47 2025       10.72 cpu,       10.79 elapsed
  ✓ Successfully created cube files
------------------------------------------------
[3/15] Processing: 1642764945472630600001_r12_insertion_R_1_3_4_TS
  - Input file: ./ts_geometries/1642764945472630600001_r12_insertion_R_1_3_4/1642764945472630600001_r12_insertion_R_1_3_4_TS.gjf
  - Output directory: ./ts_orbital_results/1642764945472630600001_r12_insertion_R_1_3_4/1642764945472630600001_r12_insertion_R_1_3_4
  - Setting up calculation for: 1642764945472630600001_r12_insertion_R_1_3_4_TS
  - Running Gaussian calculation...
  - Gaussian calculation completed successfully
  - Generating formatted checkpoint and cube files
 Read checkpoint file 1642764945472630600001_r12_insertion_R_1_3_4_TS.chk type G16
 Write formatted file 1642764945472630600001_r12_insertion_R_1_3_4_TS.fchk
 Will use up to     0 threads.
 Top CubeGen          Thu May 22 16:43:05 2025
 Aft UFChkP           Thu May 22 16:43:05 2025        0.22 cpu,        0.23 elapsed
 Aft DecCub           Thu May 22 16:43:05 2025        0.02 cpu,        0.02 elapsed
 Aft Density          Thu May 22 16:43:05 2025        0.00 cpu,        0.00 elapsed
 Bef DoCube           Thu May 22 16:43:05 2025        0.00 cpu,        0.00 elapsed
 There are a total of      215760 grid points.
 ElSum from         orbitals=        0.5002319938
 Aft DoCube           Thu May 22 16:43:05 2025        0.38 cpu,        0.39 elapsed
 Will use up to     0 threads.
 Top CubeGen          Thu May 22 16:43:05 2025
 Aft UFChkP           Thu May 22 16:43:05 2025        0.22 cpu,        0.23 elapsed
 Aft DecCub           Thu May 22 16:43:05 2025        0.02 cpu,        0.02 elapsed
 Aft Density          Thu May 22 16:43:05 2025        0.00 cpu,        0.00 elapsed
 Bef DoCube           Thu May 22 16:43:05 2025        0.00 cpu,        0.00 elapsed
 There are a total of      215760 grid points.
 ElSum from         orbitals=        0.5005978164
 Aft DoCube           Thu May 22 16:43:06 2025        0.38 cpu,        0.39 elapsed
 Will use up to     0 threads.
 Top CubeGen          Thu May 22 16:43:06 2025
 Aft UFChkP           Thu May 22 16:43:06 2025        0.22 cpu,        0.23 elapsed
 Aft DecCub           Thu May 22 16:43:06 2025        0.05 cpu,        0.05 elapsed
 Aft Density          Thu May 22 16:43:06 2025        0.00 cpu,        0.00 elapsed
 Bef DoCube           Thu May 22 16:43:06 2025        0.01 cpu,        0.00 elapsed
 There are a total of      215760 grid points.
 ElSum from          density=       60.1143743676
 Aft DoCube           Thu May 22 16:43:07 2025        0.90 cpu,        0.91 elapsed
 Will use up to     0 threads.
 Top CubeGen          Thu May 22 16:43:07 2025
 Aft UFChkP           Thu May 22 16:43:07 2025        0.22 cpu,        0.23 elapsed
 Aft DecCub           Thu May 22 16:43:07 2025        0.01 cpu,        0.01 elapsed
 Aft Density          Thu May 22 16:43:07 2025        0.00 cpu,        0.00 elapsed
 Bef DoCube           Thu May 22 16:43:07 2025        0.01 cpu,        0.00 elapsed
 There are a total of      215760 grid points.
 ElSum from          density=       82.7381999459
 Aft DoCube           Thu May 22 16:43:19 2025       12.01 cpu,       12.07 elapsed
  ✓ Successfully created cube files
------------------------------------------------
[4/15] Processing: 1642764945472630600001_r12_insertion_R_1_3_8_TS
  - Input file: ./ts_geometries/1642764945472630600001_r12_insertion_R_1_3_8/1642764945472630600001_r12_insertion_R_1_3_8_TS.gjf
  - Output directory: ./ts_orbital_results/1642764945472630600001_r12_insertion_R_1_3_8/1642764945472630600001_r12_insertion_R_1_3_8
  - Setting up calculation for: 1642764945472630600001_r12_insertion_R_1_3_8_TS
  - Running Gaussian calculation...
  - Gaussian calculation completed successfully
  - Generating formatted checkpoint and cube files
 Read checkpoint file 1642764945472630600001_r12_insertion_R_1_3_8_TS.chk type G16
 Write formatted file 1642764945472630600001_r12_insertion_R_1_3_8_TS.fchk
 Will use up to     0 threads.
 Top CubeGen          Thu May 22 16:43:33 2025
 Aft UFChkP           Thu May 22 16:43:33 2025        0.22 cpu,        0.23 elapsed
 Aft DecCub           Thu May 22 16:43:33 2025        0.02 cpu,        0.02 elapsed
 Aft Density          Thu May 22 16:43:33 2025        0.00 cpu,        0.00 elapsed
 Bef DoCube           Thu May 22 16:43:33 2025        0.00 cpu,        0.00 elapsed
 There are a total of      213462 grid points.
 ElSum from         orbitals=        0.5006615167
 Aft DoCube           Thu May 22 16:43:34 2025        0.39 cpu,        0.39 elapsed
 Will use up to     0 threads.
 Top CubeGen          Thu May 22 16:43:34 2025
 Aft UFChkP           Thu May 22 16:43:34 2025        0.22 cpu,        0.23 elapsed
 Aft DecCub           Thu May 22 16:43:34 2025        0.02 cpu,        0.02 elapsed
 Aft Density          Thu May 22 16:43:34 2025        0.00 cpu,        0.00 elapsed
 Bef DoCube           Thu May 22 16:43:34 2025        0.00 cpu,        0.00 elapsed
 There are a total of      213462 grid points.
 ElSum from         orbitals=        0.4920637154
 Aft DoCube           Thu May 22 16:43:34 2025        0.39 cpu,        0.40 elapsed
 Will use up to     0 threads.
 Top CubeGen          Thu May 22 16:43:34 2025
 Aft UFChkP           Thu May 22 16:43:35 2025        0.22 cpu,        0.23 elapsed
 Aft DecCub           Thu May 22 16:43:35 2025        0.05 cpu,        0.05 elapsed
 Aft Density          Thu May 22 16:43:35 2025        0.00 cpu,        0.00 elapsed
 Bef DoCube           Thu May 22 16:43:35 2025        0.00 cpu,        0.00 elapsed
 There are a total of      213462 grid points.
 ElSum from          density=       60.0289322086
 Aft DoCube           Thu May 22 16:43:36 2025        0.88 cpu,        0.89 elapsed
 Will use up to     0 threads.
 Top CubeGen          Thu May 22 16:43:36 2025
 Aft UFChkP           Thu May 22 16:43:36 2025        0.22 cpu,        0.23 elapsed
 Aft DecCub           Thu May 22 16:43:36 2025        0.01 cpu,        0.01 elapsed
 Aft Density          Thu May 22 16:43:36 2025        0.00 cpu,        0.00 elapsed
 Bef DoCube           Thu May 22 16:43:36 2025        0.00 cpu,        0.00 elapsed
 There are a total of      213462 grid points.
 ElSum from          density=       80.6420206471
 Aft DoCube           Thu May 22 16:43:48 2025       11.77 cpu,       11.81 elapsed
  ✓ Successfully created cube files
------------------------------------------------
[5/15] Processing: 1642764945472630600001_r12_insertion_R_2_1_10_TS
  - Input file: ./ts_geometries/1642764945472630600001_r12_insertion_R_2_1_10/1642764945472630600001_r12_insertion_R_2_1_10_TS.gjf
  - Output directory: ./ts_orbital_results/1642764945472630600001_r12_insertion_R_2_1_10/1642764945472630600001_r12_insertion_R_2_1_10
  - Setting up calculation for: 1642764945472630600001_r12_insertion_R_2_1_10_TS
  - Running Gaussian calculation...
  - Gaussian calculation completed successfully
  - Generating formatted checkpoint and cube files
 Read checkpoint file 1642764945472630600001_r12_insertion_R_2_1_10_TS.chk type G16
 Write formatted file 1642764945472630600001_r12_insertion_R_2_1_10_TS.fchk
 Will use up to     0 threads.
 Top CubeGen          Thu May 22 16:44:02 2025
 Aft UFChkP           Thu May 22 16:44:03 2025        0.22 cpu,        0.23 elapsed
 Aft DecCub           Thu May 22 16:44:03 2025        0.02 cpu,        0.02 elapsed
 Aft Density          Thu May 22 16:44:03 2025        0.00 cpu,        0.00 elapsed
 Bef DoCube           Thu May 22 16:44:03 2025        0.00 cpu,        0.00 elapsed
 There are a total of      218400 grid points.
 ElSum from         orbitals=        0.5001348799
 Aft DoCube           Thu May 22 16:44:03 2025        0.39 cpu,        0.39 elapsed
 Will use up to     0 threads.
 Top CubeGen          Thu May 22 16:44:03 2025
 Aft UFChkP           Thu May 22 16:44:03 2025        0.22 cpu,        0.23 elapsed
 Aft DecCub           Thu May 22 16:44:03 2025        0.02 cpu,        0.02 elapsed
 Aft Density          Thu May 22 16:44:03 2025        0.00 cpu,        0.00 elapsed
 Bef DoCube           Thu May 22 16:44:03 2025        0.00 cpu,        0.00 elapsed
 There are a total of      218400 grid points.
 ElSum from         orbitals=        0.4955974316
 Aft DoCube           Thu May 22 16:44:04 2025        0.37 cpu,        0.38 elapsed
 Will use up to     0 threads.
 Top CubeGen          Thu May 22 16:44:04 2025
 Aft UFChkP           Thu May 22 16:44:04 2025        0.22 cpu,        0.23 elapsed
 Aft DecCub           Thu May 22 16:44:04 2025        0.05 cpu,        0.05 elapsed
 Aft Density          Thu May 22 16:44:04 2025        0.00 cpu,        0.00 elapsed
 Bef DoCube           Thu May 22 16:44:04 2025        0.00 cpu,        0.00 elapsed
 There are a total of      218400 grid points.
 ElSum from          density=       59.9667886471
 Aft DoCube           Thu May 22 16:44:05 2025        0.89 cpu,        0.90 elapsed
 Will use up to     0 threads.
 Top CubeGen          Thu May 22 16:44:05 2025
 Aft UFChkP           Thu May 22 16:44:05 2025        0.22 cpu,        0.23 elapsed
 Aft DecCub           Thu May 22 16:44:05 2025        0.01 cpu,        0.01 elapsed
 Aft Density          Thu May 22 16:44:05 2025        0.00 cpu,        0.00 elapsed
 Bef DoCube           Thu May 22 16:44:05 2025        0.01 cpu,        0.01 elapsed
 There are a total of      218400 grid points.
 ElSum from          density=       79.5784883939
 Aft DoCube           Thu May 22 16:44:17 2025       12.14 cpu,       12.19 elapsed
  ✓ Successfully created cube files
------------------------------------------------
[6/15] Processing: 1642764945472630600001_r12_insertion_R_2_1_3_TS
  - Input file: ./ts_geometries/1642764945472630600001_r12_insertion_R_2_1_3/1642764945472630600001_r12_insertion_R_2_1_3_TS.gjf
  - Output directory: ./ts_orbital_results/1642764945472630600001_r12_insertion_R_2_1_3/1642764945472630600001_r12_insertion_R_2_1_3
  - Setting up calculation for: 1642764945472630600001_r12_insertion_R_2_1_3_TS
  - Running Gaussian calculation...
  - Gaussian calculation completed successfully
  - Generating formatted checkpoint and cube files
 Read checkpoint file 1642764945472630600001_r12_insertion_R_2_1_3_TS.chk type G16
 Write formatted file 1642764945472630600001_r12_insertion_R_2_1_3_TS.fchk
 Will use up to     0 threads.
 Top CubeGen          Thu May 22 16:44:30 2025
 Aft UFChkP           Thu May 22 16:44:31 2025        0.22 cpu,        0.23 elapsed
 Aft DecCub           Thu May 22 16:44:31 2025        0.02 cpu,        0.02 elapsed
 Aft Density          Thu May 22 16:44:31 2025        0.00 cpu,        0.00 elapsed
 Bef DoCube           Thu May 22 16:44:31 2025        0.00 cpu,        0.00 elapsed
 There are a total of      216315 grid points.
 ElSum from         orbitals=        0.4993267650
 Aft DoCube           Thu May 22 16:44:31 2025        0.39 cpu,        0.40 elapsed
 Will use up to     0 threads.
 Top CubeGen          Thu May 22 16:44:31 2025
 Aft UFChkP           Thu May 22 16:44:31 2025        0.22 cpu,        0.23 elapsed
 Aft DecCub           Thu May 22 16:44:31 2025        0.02 cpu,        0.02 elapsed
 Aft Density          Thu May 22 16:44:31 2025        0.00 cpu,        0.00 elapsed
 Bef DoCube           Thu May 22 16:44:31 2025        0.00 cpu,        0.00 elapsed
 There are a total of      216315 grid points.
 ElSum from         orbitals=        0.4994263552
 Aft DoCube           Thu May 22 16:44:32 2025        0.38 cpu,        0.38 elapsed
 Will use up to     0 threads.
 Top CubeGen          Thu May 22 16:44:32 2025
 Aft UFChkP           Thu May 22 16:44:32 2025        0.22 cpu,        0.23 elapsed
 Aft DecCub           Thu May 22 16:44:32 2025        0.05 cpu,        0.05 elapsed
 Aft Density          Thu May 22 16:44:32 2025        0.00 cpu,        0.00 elapsed
 Bef DoCube           Thu May 22 16:44:32 2025        0.01 cpu,        0.00 elapsed
 There are a total of      216315 grid points.
 ElSum from          density=       59.9856263132
 Aft DoCube           Thu May 22 16:44:33 2025        0.86 cpu,        0.87 elapsed
 Will use up to     0 threads.
 Top CubeGen          Thu May 22 16:44:33 2025
 Aft UFChkP           Thu May 22 16:44:33 2025        0.22 cpu,        0.23 elapsed
 Aft DecCub           Thu May 22 16:44:33 2025        0.02 cpu,        0.01 elapsed
 Aft Density          Thu May 22 16:44:33 2025        0.00 cpu,        0.00 elapsed
 Bef DoCube           Thu May 22 16:44:33 2025        0.00 cpu,        0.00 elapsed
 There are a total of      216315 grid points.
 ElSum from          density=       79.7663941374
 Aft DoCube           Thu May 22 16:44:45 2025       11.98 cpu,       12.04 elapsed
  ✓ Successfully created cube files
------------------------------------------------
[7/15] Processing: 1642764945472630600001_r12_insertion_R_3_1_2_TS
  - Input file: ./ts_geometries/1642764945472630600001_r12_insertion_R_3_1_2/1642764945472630600001_r12_insertion_R_3_1_2_TS.gjf
  - Output directory: ./ts_orbital_results/1642764945472630600001_r12_insertion_R_3_1_2/1642764945472630600001_r12_insertion_R_3_1_2
  - Setting up calculation for: 1642764945472630600001_r12_insertion_R_3_1_2_TS
  - Running Gaussian calculation...
  - Gaussian calculation completed successfully
  - Generating formatted checkpoint and cube files
 Read checkpoint file 1642764945472630600001_r12_insertion_R_3_1_2_TS.chk type G16
 Write formatted file 1642764945472630600001_r12_insertion_R_3_1_2_TS.fchk
 Will use up to     0 threads.
 Top CubeGen          Thu May 22 16:44:58 2025
 Aft UFChkP           Thu May 22 16:44:58 2025        0.22 cpu,        0.23 elapsed
 Aft DecCub           Thu May 22 16:44:58 2025        0.02 cpu,        0.02 elapsed
 Aft Density          Thu May 22 16:44:58 2025        0.00 cpu,        0.00 elapsed
 Bef DoCube           Thu May 22 16:44:58 2025        0.00 cpu,        0.00 elapsed
 There are a total of      216384 grid points.
 ElSum from         orbitals=        0.5002953126
 Aft DoCube           Thu May 22 16:44:59 2025        0.38 cpu,        0.39 elapsed
 Will use up to     0 threads.
 Top CubeGen          Thu May 22 16:44:59 2025
 Aft UFChkP           Thu May 22 16:44:59 2025        0.22 cpu,        0.23 elapsed
 Aft DecCub           Thu May 22 16:44:59 2025        0.02 cpu,        0.02 elapsed
 Aft Density          Thu May 22 16:44:59 2025        0.00 cpu,        0.00 elapsed
 Bef DoCube           Thu May 22 16:44:59 2025        0.00 cpu,        0.00 elapsed
 There are a total of      216384 grid points.
 ElSum from         orbitals=        0.4993805138
 Aft DoCube           Thu May 22 16:44:59 2025        0.37 cpu,        0.38 elapsed
 Will use up to     0 threads.
 Top CubeGen          Thu May 22 16:44:59 2025
 Aft UFChkP           Thu May 22 16:44:59 2025        0.22 cpu,        0.23 elapsed
 Aft DecCub           Thu May 22 16:44:59 2025        0.05 cpu,        0.05 elapsed
 Aft Density          Thu May 22 16:44:59 2025        0.00 cpu,        0.00 elapsed
 Bef DoCube           Thu May 22 16:44:59 2025        0.00 cpu,        0.00 elapsed
 There are a total of      216384 grid points.
 ElSum from          density=       59.8950216266
 Aft DoCube           Thu May 22 16:45:00 2025        0.87 cpu,        0.88 elapsed
 Will use up to     0 threads.
 Top CubeGen          Thu May 22 16:45:00 2025
 Aft UFChkP           Thu May 22 16:45:01 2025        0.22 cpu,        0.23 elapsed
 Aft DecCub           Thu May 22 16:45:01 2025        0.02 cpu,        0.01 elapsed
 Aft Density          Thu May 22 16:45:01 2025        0.00 cpu,        0.00 elapsed
 Bef DoCube           Thu May 22 16:45:01 2025        0.00 cpu,        0.00 elapsed
 There are a total of      216384 grid points.
 ElSum from          density=       77.8712967836
 Aft DoCube           Thu May 22 16:45:13 2025       12.08 cpu,       12.15 elapsed
  ✓ Successfully created cube files
------------------------------------------------
[8/15] Processing: 1642764945472630600001_r12_insertion_R_3_4_5_TS
  - Input file: ./ts_geometries/1642764945472630600001_r12_insertion_R_3_4_5/1642764945472630600001_r12_insertion_R_3_4_5_TS.gjf
  - Output directory: ./ts_orbital_results/1642764945472630600001_r12_insertion_R_3_4_5/1642764945472630600001_r12_insertion_R_3_4_5
  - Setting up calculation for: 1642764945472630600001_r12_insertion_R_3_4_5_TS
  - Running Gaussian calculation...
  - Gaussian calculation completed successfully
  - Generating formatted checkpoint and cube files
 Read checkpoint file 1642764945472630600001_r12_insertion_R_3_4_5_TS.chk type G16
 Write formatted file 1642764945472630600001_r12_insertion_R_3_4_5_TS.fchk
 Will use up to     0 threads.
 Top CubeGen          Thu May 22 16:45:26 2025
 Aft UFChkP           Thu May 22 16:45:26 2025        0.22 cpu,        0.23 elapsed
 Aft DecCub           Thu May 22 16:45:26 2025        0.02 cpu,        0.02 elapsed
 Aft Density          Thu May 22 16:45:26 2025        0.00 cpu,        0.00 elapsed
 Bef DoCube           Thu May 22 16:45:26 2025        0.00 cpu,        0.00 elapsed
 There are a total of      215763 grid points.
 ElSum from         orbitals=        0.4995972862
 Aft DoCube           Thu May 22 16:45:26 2025        0.37 cpu,        0.38 elapsed
 Will use up to     0 threads.
 Top CubeGen          Thu May 22 16:45:26 2025
 Aft UFChkP           Thu May 22 16:45:26 2025        0.22 cpu,        0.23 elapsed
 Aft DecCub           Thu May 22 16:45:27 2025        0.02 cpu,        0.02 elapsed
 Aft Density          Thu May 22 16:45:27 2025        0.00 cpu,        0.00 elapsed
 Bef DoCube           Thu May 22 16:45:27 2025        0.00 cpu,        0.00 elapsed
 There are a total of      215763 grid points.
 ElSum from         orbitals=        0.4988660105
 Aft DoCube           Thu May 22 16:45:27 2025        0.38 cpu,        0.39 elapsed
 Will use up to     0 threads.
 Top CubeGen          Thu May 22 16:45:27 2025
 Aft UFChkP           Thu May 22 16:45:27 2025        0.22 cpu,        0.23 elapsed
 Aft DecCub           Thu May 22 16:45:27 2025        0.05 cpu,        0.05 elapsed
 Aft Density          Thu May 22 16:45:27 2025        0.00 cpu,        0.00 elapsed
 Bef DoCube           Thu May 22 16:45:27 2025        0.01 cpu,        0.00 elapsed
 There are a total of      215763 grid points.
 ElSum from          density=       60.0899908191
 Aft DoCube           Thu May 22 16:45:28 2025        0.84 cpu,        0.85 elapsed
 Will use up to     0 threads.
 Top CubeGen          Thu May 22 16:45:28 2025
 Aft UFChkP           Thu May 22 16:45:28 2025        0.22 cpu,        0.23 elapsed
 Aft DecCub           Thu May 22 16:45:28 2025        0.01 cpu,        0.01 elapsed
 Aft Density          Thu May 22 16:45:28 2025        0.00 cpu,        0.00 elapsed
 Bef DoCube           Thu May 22 16:45:28 2025        0.00 cpu,        0.00 elapsed
 There are a total of      215763 grid points.
 ElSum from          density=       81.7133534700
 Aft DoCube           Thu May 22 16:45:40 2025       11.82 cpu,       11.88 elapsed
  ✓ Successfully created cube files
------------------------------------------------
[9/15] Processing: 1642764945472630600001_r12_insertion_R_5_4_3_TS
  - Input file: ./ts_geometries/1642764945472630600001_r12_insertion_R_5_4_3/1642764945472630600001_r12_insertion_R_5_4_3_TS.gjf
  - Output directory: ./ts_orbital_results/1642764945472630600001_r12_insertion_R_5_4_3/1642764945472630600001_r12_insertion_R_5_4_3
  - Setting up calculation for: 1642764945472630600001_r12_insertion_R_5_4_3_TS
  - Running Gaussian calculation...
  - Gaussian calculation completed successfully
  - Generating formatted checkpoint and cube files
 Read checkpoint file 1642764945472630600001_r12_insertion_R_5_4_3_TS.chk type G16
 Write formatted file 1642764945472630600001_r12_insertion_R_5_4_3_TS.fchk
 Will use up to     0 threads.
 Top CubeGen          Thu May 22 16:45:58 2025
 Aft UFChkP           Thu May 22 16:45:58 2025        0.22 cpu,        0.23 elapsed
 Aft DecCub           Thu May 22 16:45:58 2025        0.02 cpu,        0.02 elapsed
 Aft Density          Thu May 22 16:45:58 2025        0.00 cpu,        0.00 elapsed
 Bef DoCube           Thu May 22 16:45:58 2025        0.00 cpu,        0.00 elapsed
 There are a total of      218196 grid points.
 ElSum from         orbitals=        0.5001797533
 Aft DoCube           Thu May 22 16:45:58 2025        0.37 cpu,        0.37 elapsed
 Will use up to     0 threads.
 Top CubeGen          Thu May 22 16:45:58 2025
 Aft UFChkP           Thu May 22 16:45:59 2025        0.22 cpu,        0.23 elapsed
 Aft DecCub           Thu May 22 16:45:59 2025        0.02 cpu,        0.02 elapsed
 Aft Density          Thu May 22 16:45:59 2025        0.00 cpu,        0.00 elapsed
 Bef DoCube           Thu May 22 16:45:59 2025        0.00 cpu,        0.00 elapsed
 There are a total of      218196 grid points.
 ElSum from         orbitals=        0.4997432298
 Aft DoCube           Thu May 22 16:45:59 2025        0.39 cpu,        0.39 elapsed
 Will use up to     0 threads.
 Top CubeGen          Thu May 22 16:45:59 2025
 Aft UFChkP           Thu May 22 16:45:59 2025        0.23 cpu,        0.23 elapsed
 Aft DecCub           Thu May 22 16:45:59 2025        0.05 cpu,        0.05 elapsed
 Aft Density          Thu May 22 16:45:59 2025        0.00 cpu,        0.00 elapsed
 Bef DoCube           Thu May 22 16:45:59 2025        0.00 cpu,        0.00 elapsed
 There are a total of      218196 grid points.
 ElSum from          density=       59.9572148121
 Aft DoCube           Thu May 22 16:46:00 2025        0.88 cpu,        0.90 elapsed
 Will use up to     0 threads.
 Top CubeGen          Thu May 22 16:46:00 2025
 Aft UFChkP           Thu May 22 16:46:00 2025        0.22 cpu,        0.23 elapsed
 Aft DecCub           Thu May 22 16:46:00 2025        0.01 cpu,        0.01 elapsed
 Aft Density          Thu May 22 16:46:00 2025        0.00 cpu,        0.00 elapsed
 Bef DoCube           Thu May 22 16:46:00 2025        0.01 cpu,        0.00 elapsed
 There are a total of      218196 grid points.
 ElSum from          density=       79.1888638770
 Aft DoCube           Thu May 22 16:46:13 2025       12.34 cpu,       12.40 elapsed
  ✓ Successfully created cube files
------------------------------------------------
[10/15] Processing: 1642764945472630600001_r12_insertion_R_8_3_1_TS
  - Input file: ./ts_geometries/1642764945472630600001_r12_insertion_R_8_3_1/1642764945472630600001_r12_insertion_R_8_3_1_TS.gjf
  - Output directory: ./ts_orbital_results/1642764945472630600001_r12_insertion_R_8_3_1/1642764945472630600001_r12_insertion_R_8_3_1
  - Setting up calculation for: 1642764945472630600001_r12_insertion_R_8_3_1_TS
  - Running Gaussian calculation...
  - Gaussian calculation completed successfully
  - Generating formatted checkpoint and cube files
 Read checkpoint file 1642764945472630600001_r12_insertion_R_8_3_1_TS.chk type G16
 Write formatted file 1642764945472630600001_r12_insertion_R_8_3_1_TS.fchk
 Will use up to     0 threads.
 Top CubeGen          Thu May 22 16:46:26 2025
 Aft UFChkP           Thu May 22 16:46:27 2025        0.22 cpu,        0.23 elapsed
 Aft DecCub           Thu May 22 16:46:27 2025        0.02 cpu,        0.02 elapsed
 Aft Density          Thu May 22 16:46:27 2025        0.00 cpu,        0.00 elapsed
 Bef DoCube           Thu May 22 16:46:27 2025        0.00 cpu,        0.01 elapsed
 There are a total of      215763 grid points.
 ElSum from         orbitals=        0.5004513705
 Aft DoCube           Thu May 22 16:46:27 2025        0.39 cpu,        0.40 elapsed
 Will use up to     0 threads.
 Top CubeGen          Thu May 22 16:46:27 2025
 Aft UFChkP           Thu May 22 16:46:27 2025        0.23 cpu,        0.23 elapsed
 Aft DecCub           Thu May 22 16:46:27 2025        0.02 cpu,        0.02 elapsed
 Aft Density          Thu May 22 16:46:27 2025        0.00 cpu,        0.00 elapsed
 Bef DoCube           Thu May 22 16:46:27 2025        0.00 cpu,        0.00 elapsed
 There are a total of      215763 grid points.
 ElSum from         orbitals=        0.4998738811
 Aft DoCube           Thu May 22 16:46:28 2025        0.37 cpu,        0.38 elapsed
 Will use up to     0 threads.
 Top CubeGen          Thu May 22 16:46:28 2025
 Aft UFChkP           Thu May 22 16:46:28 2025        0.22 cpu,        0.23 elapsed
 Aft DecCub           Thu May 22 16:46:28 2025        0.05 cpu,        0.05 elapsed
 Aft Density          Thu May 22 16:46:28 2025        0.00 cpu,        0.00 elapsed
 Bef DoCube           Thu May 22 16:46:28 2025        0.01 cpu,        0.00 elapsed
 There are a total of      215763 grid points.
 ElSum from          density=       60.3588932191
 Aft DoCube           Thu May 22 16:46:29 2025        0.84 cpu,        0.85 elapsed
 Will use up to     0 threads.
 Top CubeGen          Thu May 22 16:46:29 2025
 Aft UFChkP           Thu May 22 16:46:29 2025        0.22 cpu,        0.23 elapsed
 Aft DecCub           Thu May 22 16:46:29 2025        0.01 cpu,        0.01 elapsed
 Aft Density          Thu May 22 16:46:29 2025        0.00 cpu,        0.00 elapsed
 Bef DoCube           Thu May 22 16:46:29 2025        0.00 cpu,        0.01 elapsed
 There are a total of      215763 grid points.
 ElSum from          density=       87.2096442368
 Aft DoCube           Thu May 22 16:46:40 2025       10.89 cpu,       10.94 elapsed
  ✓ Successfully created cube files
------------------------------------------------
[11/15] Processing: 1642764945472630600001_r12_insertion_R_8_3_4_TS
  - Input file: ./ts_geometries/1642764945472630600001_r12_insertion_R_8_3_4/1642764945472630600001_r12_insertion_R_8_3_4_TS.gjf
  - Output directory: ./ts_orbital_results/1642764945472630600001_r12_insertion_R_8_3_4/1642764945472630600001_r12_insertion_R_8_3_4
  - Setting up calculation for: 1642764945472630600001_r12_insertion_R_8_3_4_TS
  - Running Gaussian calculation...
  - Gaussian calculation completed successfully
  - Generating formatted checkpoint and cube files
 Read checkpoint file 1642764945472630600001_r12_insertion_R_8_3_4_TS.chk type G16
 Write formatted file 1642764945472630600001_r12_insertion_R_8_3_4_TS.fchk
 Will use up to     0 threads.
 Top CubeGen          Thu May 22 16:46:53 2025
 Aft UFChkP           Thu May 22 16:46:54 2025        0.22 cpu,        0.23 elapsed
 Aft DecCub           Thu May 22 16:46:54 2025        0.02 cpu,        0.02 elapsed
 Aft Density          Thu May 22 16:46:54 2025        0.00 cpu,        0.00 elapsed
 Bef DoCube           Thu May 22 16:46:54 2025        0.00 cpu,        0.00 elapsed
 There are a total of      217415 grid points.
 ElSum from         orbitals=        0.5000750984
 Aft DoCube           Thu May 22 16:46:54 2025        0.39 cpu,        0.39 elapsed
 Will use up to     0 threads.
 Top CubeGen          Thu May 22 16:46:54 2025
 Aft UFChkP           Thu May 22 16:46:54 2025        0.22 cpu,        0.23 elapsed
 Aft DecCub           Thu May 22 16:46:54 2025        0.02 cpu,        0.02 elapsed
 Aft Density          Thu May 22 16:46:54 2025        0.00 cpu,        0.00 elapsed
 Bef DoCube           Thu May 22 16:46:54 2025        0.00 cpu,        0.00 elapsed
 There are a total of      217415 grid points.
 ElSum from         orbitals=        0.4995966002
 Aft DoCube           Thu May 22 16:46:55 2025        0.37 cpu,        0.38 elapsed
 Will use up to     0 threads.
 Top CubeGen          Thu May 22 16:46:55 2025
 Aft UFChkP           Thu May 22 16:46:55 2025        0.22 cpu,        0.23 elapsed
 Aft DecCub           Thu May 22 16:46:55 2025        0.06 cpu,        0.05 elapsed
 Aft Density          Thu May 22 16:46:55 2025        0.00 cpu,        0.00 elapsed
 Bef DoCube           Thu May 22 16:46:55 2025        0.00 cpu,        0.00 elapsed
 There are a total of      217415 grid points.
 ElSum from          density=       60.1899629345
 Aft DoCube           Thu May 22 16:46:56 2025        0.88 cpu,        0.89 elapsed
 Will use up to     0 threads.
 Top CubeGen          Thu May 22 16:46:56 2025
 Aft UFChkP           Thu May 22 16:46:56 2025        0.22 cpu,        0.23 elapsed
 Aft DecCub           Thu May 22 16:46:56 2025        0.01 cpu,        0.01 elapsed
 Aft Density          Thu May 22 16:46:56 2025        0.00 cpu,        0.00 elapsed
 Bef DoCube           Thu May 22 16:46:56 2025        0.00 cpu,        0.00 elapsed
 There are a total of      217415 grid points.
 ElSum from          density=       83.9889868542
 Aft DoCube           Thu May 22 16:47:08 2025       11.68 cpu,       11.73 elapsed
  ✓ Successfully created cube files
------------------------------------------------
[12/15] Processing: 1642764945472630600001_r13_insertion_CO2_3_11_TS
  - Input file: ./ts_geometries/1642764945472630600001_r13_insertion_CO2_3_11/1642764945472630600001_r13_insertion_CO2_3_11_TS.gjf
  - Output directory: ./ts_orbital_results/1642764945472630600001_r13_insertion_CO2_3_11/1642764945472630600001_r13_insertion_CO2_3_11
  - Setting up calculation for: 1642764945472630600001_r13_insertion_CO2_3_11_TS
  - Running Gaussian calculation...
  - Gaussian calculation completed successfully
  - Generating formatted checkpoint and cube files
 Read checkpoint file 1642764945472630600001_r13_insertion_CO2_3_11_TS.chk type G16
 Write formatted file 1642764945472630600001_r13_insertion_CO2_3_11_TS.fchk
 Will use up to     0 threads.
 Top CubeGen          Thu May 22 16:47:21 2025
 Aft UFChkP           Thu May 22 16:47:21 2025        0.22 cpu,        0.23 elapsed
 Aft DecCub           Thu May 22 16:47:21 2025        0.02 cpu,        0.02 elapsed
 Aft Density          Thu May 22 16:47:21 2025        0.00 cpu,        0.00 elapsed
 Bef DoCube           Thu May 22 16:47:21 2025        0.00 cpu,        0.00 elapsed
 There are a total of      215460 grid points.
 ElSum from         orbitals=        0.4997981214
 Aft DoCube           Thu May 22 16:47:21 2025        0.37 cpu,        0.38 elapsed
 Will use up to     0 threads.
 Top CubeGen          Thu May 22 16:47:21 2025
 Aft UFChkP           Thu May 22 16:47:21 2025        0.22 cpu,        0.23 elapsed
 Aft DecCub           Thu May 22 16:47:21 2025        0.01 cpu,        0.02 elapsed
 Aft Density          Thu May 22 16:47:21 2025        0.00 cpu,        0.00 elapsed
 Bef DoCube           Thu May 22 16:47:21 2025        0.01 cpu,        0.00 elapsed
 There are a total of      215460 grid points.
 ElSum from         orbitals=        0.4674465929
 Aft DoCube           Thu May 22 16:47:22 2025        0.37 cpu,        0.38 elapsed
 Will use up to     0 threads.
 Top CubeGen          Thu May 22 16:47:22 2025
 Aft UFChkP           Thu May 22 16:47:22 2025        0.22 cpu,        0.23 elapsed
 Aft DecCub           Thu May 22 16:47:22 2025        0.05 cpu,        0.05 elapsed
 Aft Density          Thu May 22 16:47:22 2025        0.00 cpu,        0.00 elapsed
 Bef DoCube           Thu May 22 16:47:22 2025        0.01 cpu,        0.00 elapsed
 There are a total of      215460 grid points.
 ElSum from          density=       60.1802864308
 Aft DoCube           Thu May 22 16:47:23 2025        0.86 cpu,        0.87 elapsed
 Will use up to     0 threads.
 Top CubeGen          Thu May 22 16:47:23 2025
 Aft UFChkP           Thu May 22 16:47:23 2025        0.22 cpu,        0.23 elapsed
 Aft DecCub           Thu May 22 16:47:23 2025        0.01 cpu,        0.01 elapsed
 Aft Density          Thu May 22 16:47:23 2025        0.00 cpu,        0.00 elapsed
 Bef DoCube           Thu May 22 16:47:23 2025        0.00 cpu,        0.00 elapsed
 There are a total of      215460 grid points.
 ElSum from          density=       83.3660021540
 Aft DoCube           Thu May 22 16:47:35 2025       11.75 cpu,       11.81 elapsed
  ✓ Successfully created cube files
------------------------------------------------
[13/15] Processing: 1642764945472630600001_r13_insertion_ROR_11_10_1_2_TS
  - Input file: ./ts_geometries/1642764945472630600001_r13_insertion_ROR_11_10_1_2/1642764945472630600001_r13_insertion_ROR_11_10_1_2_TS.gjf
  - Output directory: ./ts_orbital_results/1642764945472630600001_r13_insertion_ROR_11_10_1_2/1642764945472630600001_r13_insertion_ROR_11_10_1_2
  - Setting up calculation for: 1642764945472630600001_r13_insertion_ROR_11_10_1_2_TS
  - Running Gaussian calculation...
  - Gaussian calculation completed successfully
  - Generating formatted checkpoint and cube files
 Read checkpoint file 1642764945472630600001_r13_insertion_ROR_11_10_1_2_TS.chk type G16
 Write formatted file 1642764945472630600001_r13_insertion_ROR_11_10_1_2_TS.fchk
 Will use up to     0 threads.
 Top CubeGen          Thu May 22 16:47:54 2025
 Aft UFChkP           Thu May 22 16:47:54 2025        0.23 cpu,        0.23 elapsed
 Aft DecCub           Thu May 22 16:47:54 2025        0.01 cpu,        0.02 elapsed
 Aft Density          Thu May 22 16:47:54 2025        0.00 cpu,        0.00 elapsed
 Bef DoCube           Thu May 22 16:47:54 2025        0.01 cpu,        0.00 elapsed
 There are a total of      220162 grid points.
 ElSum from         orbitals=        0.4995978607
 Aft DoCube           Thu May 22 16:47:54 2025        0.38 cpu,        0.40 elapsed
 Will use up to     0 threads.
 Top CubeGen          Thu May 22 16:47:54 2025
 Aft UFChkP           Thu May 22 16:47:54 2025        0.23 cpu,        0.23 elapsed
 Aft DecCub           Thu May 22 16:47:54 2025        0.01 cpu,        0.02 elapsed
 Aft Density          Thu May 22 16:47:54 2025        0.01 cpu,        0.00 elapsed
 Bef DoCube           Thu May 22 16:47:54 2025        0.00 cpu,        0.00 elapsed
 There are a total of      220162 grid points.
 ElSum from         orbitals=        0.4995031934
 Aft DoCube           Thu May 22 16:47:55 2025        0.38 cpu,        0.40 elapsed
 Will use up to     0 threads.
 Top CubeGen          Thu May 22 16:47:55 2025
 Aft UFChkP           Thu May 22 16:47:55 2025        0.22 cpu,        0.23 elapsed
 Aft DecCub           Thu May 22 16:47:55 2025        0.06 cpu,        0.05 elapsed
 Aft Density          Thu May 22 16:47:55 2025        0.00 cpu,        0.00 elapsed
 Bef DoCube           Thu May 22 16:47:55 2025        0.00 cpu,        0.00 elapsed
 There are a total of      220162 grid points.
 ElSum from          density=       59.8618819434
 Aft DoCube           Thu May 22 16:47:56 2025        0.87 cpu,        0.89 elapsed
 Will use up to     0 threads.
 Top CubeGen          Thu May 22 16:47:56 2025
 Aft UFChkP           Thu May 22 16:47:56 2025        0.22 cpu,        0.23 elapsed
 Aft DecCub           Thu May 22 16:47:56 2025        0.01 cpu,        0.01 elapsed
 Aft Density          Thu May 22 16:47:56 2025        0.00 cpu,        0.00 elapsed
 Bef DoCube           Thu May 22 16:47:56 2025        0.00 cpu,        0.01 elapsed
 There are a total of      220162 grid points.
 ElSum from          density=       77.4429842962
 Aft DoCube           Thu May 22 16:48:08 2025       11.62 cpu,       11.68 elapsed
  ✓ Successfully created cube files
------------------------------------------------
[14/15] Processing: 1642764945472630600001_r13_insertion_ROR_4_3_1_2_TS
  - Input file: ./ts_geometries/1642764945472630600001_r13_insertion_ROR_4_3_1_2/1642764945472630600001_r13_insertion_ROR_4_3_1_2_TS.gjf
  - Output directory: ./ts_orbital_results/1642764945472630600001_r13_insertion_ROR_4_3_1_2/1642764945472630600001_r13_insertion_ROR_4_3_1_2
  - Setting up calculation for: 1642764945472630600001_r13_insertion_ROR_4_3_1_2_TS
  - Running Gaussian calculation...
  - Gaussian calculation completed successfully
  - Generating formatted checkpoint and cube files
 Read checkpoint file 1642764945472630600001_r13_insertion_ROR_4_3_1_2_TS.chk type G16
 Write formatted file 1642764945472630600001_r13_insertion_ROR_4_3_1_2_TS.fchk
 Will use up to     0 threads.
 Top CubeGen          Thu May 22 16:48:21 2025
 Aft UFChkP           Thu May 22 16:48:22 2025        0.22 cpu,        0.23 elapsed
 Aft DecCub           Thu May 22 16:48:22 2025        0.02 cpu,        0.02 elapsed
 Aft Density          Thu May 22 16:48:22 2025        0.00 cpu,        0.00 elapsed
 Bef DoCube           Thu May 22 16:48:22 2025        0.00 cpu,        0.00 elapsed
 There are a total of      215280 grid points.
 ElSum from         orbitals=        0.5003579092
 Aft DoCube           Thu May 22 16:48:22 2025        0.38 cpu,        0.40 elapsed
 Will use up to     0 threads.
 Top CubeGen          Thu May 22 16:48:22 2025
 Aft UFChkP           Thu May 22 16:48:22 2025        0.23 cpu,        0.23 elapsed
 Aft DecCub           Thu May 22 16:48:22 2025        0.01 cpu,        0.02 elapsed
 Aft Density          Thu May 22 16:48:22 2025        0.01 cpu,        0.00 elapsed
 Bef DoCube           Thu May 22 16:48:22 2025        0.00 cpu,        0.01 elapsed
 There are a total of      216240 grid points.
 ElSum from         orbitals=        0.4416556708
 Aft DoCube           Thu May 22 16:48:23 2025        0.37 cpu,        0.39 elapsed
 Will use up to     0 threads.
 Top CubeGen          Thu May 22 16:48:23 2025
 Aft UFChkP           Thu May 22 16:48:23 2025        0.23 cpu,        0.23 elapsed
 Aft DecCub           Thu May 22 16:48:23 2025        0.05 cpu,        0.06 elapsed
 Aft Density          Thu May 22 16:48:23 2025        0.00 cpu,        0.00 elapsed
 Bef DoCube           Thu May 22 16:48:23 2025        0.00 cpu,        0.00 elapsed
 There are a total of      215280 grid points.
 ElSum from          density=       59.9143405371
 Aft DoCube           Thu May 22 16:48:24 2025        0.87 cpu,        0.89 elapsed
 Will use up to     0 threads.
 Top CubeGen          Thu May 22 16:48:24 2025
 Aft UFChkP           Thu May 22 16:48:24 2025        0.22 cpu,        0.23 elapsed
 Aft DecCub           Thu May 22 16:48:24 2025        0.01 cpu,        0.01 elapsed
 Aft Density          Thu May 22 16:48:24 2025        0.00 cpu,        0.00 elapsed
 Bef DoCube           Thu May 22 16:48:24 2025        0.00 cpu,        0.00 elapsed
 There are a total of      215280 grid points.
 ElSum from          density=       78.3143596872
 Aft DoCube           Thu May 22 16:48:36 2025       11.91 cpu,       11.98 elapsed
  ✓ Successfully created cube files
------------------------------------------------
[15/15] Processing: 1642764945472630600001_r13_insertion_ROR_8_3_1_2_TS
  - Input file: ./ts_geometries/1642764945472630600001_r13_insertion_ROR_8_3_1_2/1642764945472630600001_r13_insertion_ROR_8_3_1_2_TS.gjf
  - Output directory: ./ts_orbital_results/1642764945472630600001_r13_insertion_ROR_8_3_1_2/1642764945472630600001_r13_insertion_ROR_8_3_1_2
  - Setting up calculation for: 1642764945472630600001_r13_insertion_ROR_8_3_1_2_TS
  - Running Gaussian calculation...
  - Gaussian calculation completed successfully
  - Generating formatted checkpoint and cube files
 Read checkpoint file 1642764945472630600001_r13_insertion_ROR_8_3_1_2_TS.chk type G16
 Write formatted file 1642764945472630600001_r13_insertion_ROR_8_3_1_2_TS.fchk
 Will use up to     0 threads.
 Top CubeGen          Thu May 22 16:48:51 2025
 Aft UFChkP           Thu May 22 16:48:51 2025        0.22 cpu,        0.23 elapsed
 Aft DecCub           Thu May 22 16:48:51 2025        0.02 cpu,        0.02 elapsed
 Aft Density          Thu May 22 16:48:51 2025        0.00 cpu,        0.00 elapsed
 Bef DoCube           Thu May 22 16:48:51 2025        0.00 cpu,        0.00 elapsed
 There are a total of      213840 grid points.
 ElSum from         orbitals=        0.5000678230
 Aft DoCube           Thu May 22 16:48:52 2025        0.38 cpu,        0.39 elapsed
 Will use up to     0 threads.
 Top CubeGen          Thu May 22 16:48:52 2025
 Aft UFChkP           Thu May 22 16:48:52 2025        0.22 cpu,        0.23 elapsed
 Aft DecCub           Thu May 22 16:48:52 2025        0.02 cpu,        0.02 elapsed
 Aft Density          Thu May 22 16:48:52 2025        0.00 cpu,        0.00 elapsed
 Bef DoCube           Thu May 22 16:48:52 2025        0.00 cpu,        0.00 elapsed
 There are a total of      213840 grid points.
 ElSum from         orbitals=        0.4996214581
 Aft DoCube           Thu May 22 16:48:52 2025        0.38 cpu,        0.38 elapsed
 Will use up to     0 threads.
 Top CubeGen          Thu May 22 16:48:52 2025
 Aft UFChkP           Thu May 22 16:48:53 2025        0.22 cpu,        0.23 elapsed
 Aft DecCub           Thu May 22 16:48:53 2025        0.06 cpu,        0.05 elapsed
 Aft Density          Thu May 22 16:48:53 2025        0.00 cpu,        0.00 elapsed
 Bef DoCube           Thu May 22 16:48:53 2025        0.00 cpu,        0.00 elapsed
 There are a total of      213840 grid points.
 ElSum from          density=       59.9913222215
 Aft DoCube           Thu May 22 16:48:54 2025        0.90 cpu,        0.92 elapsed
 Will use up to     0 threads.
 Top CubeGen          Thu May 22 16:48:54 2025
 Aft UFChkP           Thu May 22 16:48:54 2025        0.23 cpu,        0.23 elapsed
 Aft DecCub           Thu May 22 16:48:54 2025        0.01 cpu,        0.01 elapsed
 Aft Density          Thu May 22 16:48:54 2025        0.00 cpu,        0.00 elapsed
 Bef DoCube           Thu May 22 16:48:54 2025        0.00 cpu,        0.00 elapsed
 There are a total of      213840 grid points.
 ElSum from          density=       79.8572154003
 Aft DoCube           Thu May 22 16:49:06 2025       11.69 cpu,       11.77 elapsed
  ✓ Successfully created cube files
------------------------------------------------
Orbital calculations completed
Summary:
  - Total input files: 15
  - Successfully processed: 15
  - Failed: 0
  - Skipped (already existed): 0

Number of completed calculations: 15
Number of cube files generated: 60
Results were generated in the following locations:
./ts_orbital_results/1642764945472630600001_r12_insertion_R_10_1_2
./ts_orbital_results/1642764945472630600001_r12_insertion_R_10_1_2/1642764945472630600001_r12_insertion_R_10_1_2
./ts_orbital_results/1642764945472630600001_r12_insertion_R_10_1_3
./ts_orbital_results/1642764945472630600001_r12_insertion_R_10_1_3/1642764945472630600001_r12_insertion_R_10_1_3
./ts_orbital_results/1642764945472630600001_r12_insertion_R_1_3_4
./ts_orbital_results/1642764945472630600001_r12_insertion_R_1_3_4/1642764945472630600001_r12_insertion_R_1_3_4
./ts_orbital_results/1642764945472630600001_r12_insertion_R_1_3_8
./ts_orbital_results/1642764945472630600001_r12_insertion_R_1_3_8/1642764945472630600001_r12_insertion_R_1_3_8
./ts_orbital_results/1642764945472630600001_r12_insertion_R_2_1_10
./ts_orbital_results/1642764945472630600001_r12_insertion_R_2_1_10/1642764945472630600001_r12_insertion_R_2_1_10
... and 20 more directories
Job completed
Job ID           : 10082278
Cluster          : spartan
User/Project     : akhalilov/punim0131
Nodes            : 1
Wall-clock time  : 00:07:17 / 1-00:00:00

Displaying overall resources usage from 2025-05-22 16:41:49 to 2025-05-22 16:49:06:

NODE            CPU#        TOT%   ( USR   / SYS   / WIO   / IDLE  ) 

spartan-bm142 : 
                CPU# 1    : 54.4   (  53.0 /   1.4 /   0.1 /  45.5 ) 
                CPU# 2    : 53.2   (  51.9 /   1.3 /   0.1 /  46.8 ) 
                CPU# 3    : 47.6   (  46.4 /   1.2 /   0.0 /  52.4 ) 
                CPU# 4    : 53.5   (  52.0 /   1.5 /   0.1 /  46.4 ) 


Allocated CPUs            : 4    
  CPUs with usage <25%    : 0    
  CPUs with usage <50%    : 1    
  CPUs with usage >50%    : 3    

Memory used (RAM)         : 68.3%  [5868MB of 8590MB]

--------------------------------------------

