Starting orbital calculations
Input directory: ./ts_geometries
Output directory: ./ts_orbital_results
------------------------------------------------
Found 15 Gaussian input files to process
------------------------------------------------
[1/15] Processing: 1642764945472630600001_r12_insertion_R_10_1_2_TS
  - Input file: ./ts_geometries/1642764945472630600001_r12_insertion_R_10_1_2/1642764945472630600001_r12_insertion_R_10_1_2_TS.gjf
  - Output directory: ./ts_orbital_results/1642764945472630600001_r12_insertion_R_10_1_2/1642764945472630600001_r12_insertion_R_10_1_2
  - Setting up calculation for: 1642764945472630600001_r12_insertion_R_10_1_2_TS
  - Running Gaussian calculation...
  - Gaussian calculation completed successfully
  - Generating formatted checkpoint and cube files
 Read checkpoint file 1642764945472630600001_r12_insertion_R_10_1_2_TS.chk type G16
 Write formatted file 1642764945472630600001_r12_insertion_R_10_1_2_TS.fchk
 Will use up to     0 threads.
 Top CubeGen          Thu May 22 16:52:48 2025
 Aft UFChkP           Thu May 22 16:52:48 2025        0.25 cpu,        0.26 elapsed
 Aft DecCub           Thu May 22 16:52:48 2025        0.02 cpu,        0.02 elapsed
 Aft Density          Thu May 22 16:52:48 2025        0.00 cpu,        0.00 elapsed
 Bef DoCube           Thu May 22 16:52:48 2025        0.00 cpu,        0.00 elapsed
 There are a total of       63468 grid points.
 ElSum from         orbitals=        0.4984856640
 Aft DoCube           Thu May 22 16:52:48 2025        0.14 cpu,        0.14 elapsed
 Will use up to     0 threads.
 Top CubeGen          Thu May 22 16:52:48 2025
 Aft UFChkP           Thu May 22 16:52:48 2025        0.25 cpu,        0.26 elapsed
 Aft DecCub           Thu May 22 16:52:48 2025        0.02 cpu,        0.02 elapsed
 Aft Density          Thu May 22 16:52:48 2025        0.00 cpu,        0.00 elapsed
 Bef DoCube           Thu May 22 16:52:48 2025        0.01 cpu,        0.00 elapsed
 There are a total of       63468 grid points.
 ElSum from         orbitals=        0.5007261471
 Aft DoCube           Thu May 22 16:52:49 2025        0.14 cpu,        0.14 elapsed
 Will use up to     0 threads.
 Top CubeGen          Thu May 22 16:52:49 2025
 Aft UFChkP           Thu May 22 16:52:49 2025        0.26 cpu,        0.27 elapsed
 Aft DecCub           Thu May 22 16:52:49 2025        0.07 cpu,        0.06 elapsed
 Aft Density          Thu May 22 16:52:49 2025        0.00 cpu,        0.00 elapsed
 Bef DoCube           Thu May 22 16:52:49 2025        0.00 cpu,        0.00 elapsed
 There are a total of       63468 grid points.
 ElSum from          density=       60.0561513162
 Aft DoCube           Thu May 22 16:52:49 2025        0.35 cpu,        0.36 elapsed
 Will use up to     0 threads.
 Top CubeGen          Thu May 22 16:52:49 2025
 Aft UFChkP           Thu May 22 16:52:50 2025        0.26 cpu,        0.26 elapsed
 Aft DecCub           Thu May 22 16:52:50 2025        0.01 cpu,        0.01 elapsed
 Aft Density          Thu May 22 16:52:50 2025        0.00 cpu,        0.00 elapsed
 Bef DoCube           Thu May 22 16:52:50 2025        0.00 cpu,        0.00 elapsed
 There are a total of       63468 grid points.
 ElSum from          density=       82.3919229317
 Aft DoCube           Thu May 22 16:52:54 2025        4.17 cpu,        4.20 elapsed
  ✓ Successfully created cube files
------------------------------------------------
[2/15] Processing: 1642764945472630600001_r12_insertion_R_10_1_3_TS
  - Input file: ./ts_geometries/1642764945472630600001_r12_insertion_R_10_1_3/1642764945472630600001_r12_insertion_R_10_1_3_TS.gjf
  - Output directory: ./ts_orbital_results/1642764945472630600001_r12_insertion_R_10_1_3/1642764945472630600001_r12_insertion_R_10_1_3
  - Setting up calculation for: 1642764945472630600001_r12_insertion_R_10_1_3_TS
  - Running Gaussian calculation...
  - Gaussian calculation completed successfully
  - Generating formatted checkpoint and cube files
 Read checkpoint file 1642764945472630600001_r12_insertion_R_10_1_3_TS.chk type G16
 Write formatted file 1642764945472630600001_r12_insertion_R_10_1_3_TS.fchk
 Will use up to     0 threads.
 Top CubeGen          Thu May 22 16:53:09 2025
 Aft UFChkP           Thu May 22 16:53:09 2025        0.26 cpu,        0.27 elapsed
 Aft DecCub           Thu May 22 16:53:09 2025        0.03 cpu,        0.02 elapsed
 Aft Density          Thu May 22 16:53:09 2025        0.00 cpu,        0.00 elapsed
 Bef DoCube           Thu May 22 16:53:09 2025        0.00 cpu,        0.00 elapsed
 There are a total of       64260 grid points.
 ElSum from         orbitals=        0.5017974199
 Aft DoCube           Thu May 22 16:53:10 2025        0.14 cpu,        0.15 elapsed
 Will use up to     0 threads.
 Top CubeGen          Thu May 22 16:53:10 2025
 Aft UFChkP           Thu May 22 16:53:10 2025        0.26 cpu,        0.26 elapsed
 Aft DecCub           Thu May 22 16:53:10 2025        0.02 cpu,        0.02 elapsed
 Aft Density          Thu May 22 16:53:10 2025        0.00 cpu,        0.00 elapsed
 Bef DoCube           Thu May 22 16:53:10 2025        0.00 cpu,        0.00 elapsed
 There are a total of       64260 grid points.
 ElSum from         orbitals=        0.4969339090
 Aft DoCube           Thu May 22 16:53:10 2025        0.14 cpu,        0.14 elapsed
 Will use up to     0 threads.
 Top CubeGen          Thu May 22 16:53:10 2025
 Aft UFChkP           Thu May 22 16:53:10 2025        0.26 cpu,        0.26 elapsed
 Aft DecCub           Thu May 22 16:53:10 2025        0.06 cpu,        0.06 elapsed
 Aft Density          Thu May 22 16:53:10 2025        0.00 cpu,        0.00 elapsed
 Bef DoCube           Thu May 22 16:53:10 2025        0.00 cpu,        0.00 elapsed
 There are a total of       64260 grid points.
 ElSum from          density=       60.4065916161
 Aft DoCube           Thu May 22 16:53:11 2025        0.34 cpu,        0.34 elapsed
 Will use up to     0 threads.
 Top CubeGen          Thu May 22 16:53:11 2025
 Aft UFChkP           Thu May 22 16:53:11 2025        0.26 cpu,        0.27 elapsed
 Aft DecCub           Thu May 22 16:53:11 2025        0.01 cpu,        0.01 elapsed
 Aft Density          Thu May 22 16:53:11 2025        0.00 cpu,        0.00 elapsed
 Bef DoCube           Thu May 22 16:53:11 2025        0.00 cpu,        0.00 elapsed
 There are a total of       64260 grid points.
 ElSum from          density=       93.3802280405
 Aft DoCube           Thu May 22 16:53:15 2025        4.18 cpu,        4.21 elapsed
  ✓ Successfully created cube files
------------------------------------------------
[3/15] Processing: 1642764945472630600001_r12_insertion_R_1_3_4_TS
  - Input file: ./ts_geometries/1642764945472630600001_r12_insertion_R_1_3_4/1642764945472630600001_r12_insertion_R_1_3_4_TS.gjf
  - Output directory: ./ts_orbital_results/1642764945472630600001_r12_insertion_R_1_3_4/1642764945472630600001_r12_insertion_R_1_3_4
  - Setting up calculation for: 1642764945472630600001_r12_insertion_R_1_3_4_TS
  - Running Gaussian calculation...
  - Gaussian calculation completed successfully
  - Generating formatted checkpoint and cube files
 Read checkpoint file 1642764945472630600001_r12_insertion_R_1_3_4_TS.chk type G16
 Write formatted file 1642764945472630600001_r12_insertion_R_1_3_4_TS.fchk
 Will use up to     0 threads.
 Top CubeGen          Thu May 22 16:53:37 2025
 Aft UFChkP           Thu May 22 16:53:37 2025        0.25 cpu,        0.26 elapsed
 Aft DecCub           Thu May 22 16:53:37 2025        0.02 cpu,        0.02 elapsed
 Aft Density          Thu May 22 16:53:37 2025        0.01 cpu,        0.00 elapsed
 Bef DoCube           Thu May 22 16:53:37 2025        0.00 cpu,        0.00 elapsed
 There are a total of       63960 grid points.
 ElSum from         orbitals=        0.5006160442
 Aft DoCube           Thu May 22 16:53:37 2025        0.14 cpu,        0.14 elapsed
 Will use up to     0 threads.
 Top CubeGen          Thu May 22 16:53:37 2025
 Aft UFChkP           Thu May 22 16:53:38 2025        0.25 cpu,        0.26 elapsed
 Aft DecCub           Thu May 22 16:53:38 2025        0.02 cpu,        0.02 elapsed
 Aft Density          Thu May 22 16:53:38 2025        0.00 cpu,        0.00 elapsed
 Bef DoCube           Thu May 22 16:53:38 2025        0.01 cpu,        0.00 elapsed
 There are a total of       63960 grid points.
 ElSum from         orbitals=        0.5019710403
 Aft DoCube           Thu May 22 16:53:38 2025        0.14 cpu,        0.14 elapsed
 Will use up to     0 threads.
 Top CubeGen          Thu May 22 16:53:38 2025
 Aft UFChkP           Thu May 22 16:53:38 2025        0.25 cpu,        0.26 elapsed
 Aft DecCub           Thu May 22 16:53:38 2025        0.06 cpu,        0.06 elapsed
 Aft Density          Thu May 22 16:53:38 2025        0.00 cpu,        0.00 elapsed
 Bef DoCube           Thu May 22 16:53:38 2025        0.01 cpu,        0.00 elapsed
 There are a total of       63960 grid points.
 ElSum from          density=       59.9353241050
 Aft DoCube           Thu May 22 16:53:39 2025        0.34 cpu,        0.34 elapsed
 Will use up to     0 threads.
 Top CubeGen          Thu May 22 16:53:39 2025
 Aft UFChkP           Thu May 22 16:53:39 2025        0.25 cpu,        0.26 elapsed
 Aft DecCub           Thu May 22 16:53:39 2025        0.02 cpu,        0.01 elapsed
 Aft Density          Thu May 22 16:53:39 2025        0.00 cpu,        0.00 elapsed
 Bef DoCube           Thu May 22 16:53:39 2025        0.00 cpu,        0.00 elapsed
 There are a total of       63960 grid points.
 ElSum from          density=       80.2730845221
 Aft DoCube           Thu May 22 16:53:43 2025        4.35 cpu,        4.38 elapsed
  ✓ Successfully created cube files
------------------------------------------------
[4/15] Processing: 1642764945472630600001_r12_insertion_R_1_3_8_TS
  - Input file: ./ts_geometries/1642764945472630600001_r12_insertion_R_1_3_8/1642764945472630600001_r12_insertion_R_1_3_8_TS.gjf
  - Output directory: ./ts_orbital_results/1642764945472630600001_r12_insertion_R_1_3_8/1642764945472630600001_r12_insertion_R_1_3_8
  - Setting up calculation for: 1642764945472630600001_r12_insertion_R_1_3_8_TS
  - Running Gaussian calculation...
  - Gaussian calculation completed successfully
  - Generating formatted checkpoint and cube files
 Read checkpoint file 1642764945472630600001_r12_insertion_R_1_3_8_TS.chk type G16
 Write formatted file 1642764945472630600001_r12_insertion_R_1_3_8_TS.fchk
 Will use up to     0 threads.
 Top CubeGen          Thu May 22 16:54:00 2025
 Aft UFChkP           Thu May 22 16:54:01 2025        0.25 cpu,        0.26 elapsed
 Aft DecCub           Thu May 22 16:54:01 2025        0.02 cpu,        0.02 elapsed
 Aft Density          Thu May 22 16:54:01 2025        0.01 cpu,        0.00 elapsed
 Bef DoCube           Thu May 22 16:54:01 2025        0.00 cpu,        0.00 elapsed
 There are a total of       63180 grid points.
 ElSum from         orbitals=        0.4982072921
 Aft DoCube           Thu May 22 16:54:01 2025        0.14 cpu,        0.14 elapsed
 Will use up to     0 threads.
 Top CubeGen          Thu May 22 16:54:01 2025
 Aft UFChkP           Thu May 22 16:54:01 2025        0.25 cpu,        0.26 elapsed
 Aft DecCub           Thu May 22 16:54:01 2025        0.02 cpu,        0.02 elapsed
 Aft Density          Thu May 22 16:54:01 2025        0.00 cpu,        0.00 elapsed
 Bef DoCube           Thu May 22 16:54:01 2025        0.01 cpu,        0.00 elapsed
 There are a total of       63180 grid points.
 ElSum from         orbitals=        0.4944645906
 Aft DoCube           Thu May 22 16:54:01 2025        0.13 cpu,        0.14 elapsed
 Will use up to     0 threads.
 Top CubeGen          Thu May 22 16:54:01 2025
 Aft UFChkP           Thu May 22 16:54:01 2025        0.26 cpu,        0.27 elapsed
 Aft DecCub           Thu May 22 16:54:01 2025        0.07 cpu,        0.06 elapsed
 Aft Density          Thu May 22 16:54:01 2025        0.00 cpu,        0.00 elapsed
 Bef DoCube           Thu May 22 16:54:01 2025        0.00 cpu,        0.00 elapsed
 There are a total of       63180 grid points.
 ElSum from          density=       59.8368369042
 Aft DoCube           Thu May 22 16:54:02 2025        0.34 cpu,        0.35 elapsed
 Will use up to     0 threads.
 Top CubeGen          Thu May 22 16:54:02 2025
 Aft UFChkP           Thu May 22 16:54:02 2025        0.26 cpu,        0.26 elapsed
 Aft DecCub           Thu May 22 16:54:02 2025        0.01 cpu,        0.01 elapsed
 Aft Density          Thu May 22 16:54:02 2025        0.00 cpu,        0.00 elapsed
 Bef DoCube           Thu May 22 16:54:02 2025        0.00 cpu,        0.00 elapsed
 There are a total of       63180 grid points.
 ElSum from          density=       76.0426400158
 Aft DoCube           Thu May 22 16:54:07 2025        4.39 cpu,        4.42 elapsed
  ✓ Successfully created cube files
------------------------------------------------
[5/15] Processing: 1642764945472630600001_r12_insertion_R_2_1_10_TS
  - Input file: ./ts_geometries/1642764945472630600001_r12_insertion_R_2_1_10/1642764945472630600001_r12_insertion_R_2_1_10_TS.gjf
  - Output directory: ./ts_orbital_results/1642764945472630600001_r12_insertion_R_2_1_10/1642764945472630600001_r12_insertion_R_2_1_10
  - Setting up calculation for: 1642764945472630600001_r12_insertion_R_2_1_10_TS
  - Running Gaussian calculation...
  - Gaussian calculation completed successfully
  - Generating formatted checkpoint and cube files
 Read checkpoint file 1642764945472630600001_r12_insertion_R_2_1_10_TS.chk type G16
 Write formatted file 1642764945472630600001_r12_insertion_R_2_1_10_TS.fchk
 Will use up to     0 threads.
 Top CubeGen          Thu May 22 16:54:25 2025
 Aft UFChkP           Thu May 22 16:54:25 2025        0.26 cpu,        0.27 elapsed
 Aft DecCub           Thu May 22 16:54:25 2025        0.02 cpu,        0.02 elapsed
 Aft Density          Thu May 22 16:54:25 2025        0.00 cpu,        0.00 elapsed
 Bef DoCube           Thu May 22 16:54:25 2025        0.00 cpu,        0.00 elapsed
 There are a total of       63640 grid points.
 ElSum from         orbitals=        0.5014353628
 Aft DoCube           Thu May 22 16:54:25 2025        0.15 cpu,        0.15 elapsed
 Will use up to     0 threads.
 Top CubeGen          Thu May 22 16:54:25 2025
 Aft UFChkP           Thu May 22 16:54:26 2025        0.26 cpu,        0.27 elapsed
 Aft DecCub           Thu May 22 16:54:26 2025        0.02 cpu,        0.02 elapsed
 Aft Density          Thu May 22 16:54:26 2025        0.00 cpu,        0.00 elapsed
 Bef DoCube           Thu May 22 16:54:26 2025        0.00 cpu,        0.00 elapsed
 There are a total of       63640 grid points.
 ElSum from         orbitals=        0.4977341884
 Aft DoCube           Thu May 22 16:54:26 2025        0.15 cpu,        0.15 elapsed
 Will use up to     0 threads.
 Top CubeGen          Thu May 22 16:54:26 2025
 Aft UFChkP           Thu May 22 16:54:26 2025        0.26 cpu,        0.27 elapsed
 Aft DecCub           Thu May 22 16:54:26 2025        0.06 cpu,        0.06 elapsed
 Aft Density          Thu May 22 16:54:26 2025        0.00 cpu,        0.00 elapsed
 Bef DoCube           Thu May 22 16:54:26 2025        0.00 cpu,        0.00 elapsed
 There are a total of       63640 grid points.
 ElSum from          density=       60.0912844735
 Aft DoCube           Thu May 22 16:54:27 2025        0.35 cpu,        0.35 elapsed
 Will use up to     0 threads.
 Top CubeGen          Thu May 22 16:54:27 2025
 Aft UFChkP           Thu May 22 16:54:27 2025        0.25 cpu,        0.26 elapsed
 Aft DecCub           Thu May 22 16:54:27 2025        0.01 cpu,        0.01 elapsed
 Aft Density          Thu May 22 16:54:27 2025        0.00 cpu,        0.00 elapsed
 Bef DoCube           Thu May 22 16:54:27 2025        0.00 cpu,        0.00 elapsed
 There are a total of       63640 grid points.
 ElSum from          density=       81.8850931694
 Aft DoCube           Thu May 22 16:54:31 2025        4.34 cpu,        4.36 elapsed
  ✓ Successfully created cube files
------------------------------------------------
[6/15] Processing: 1642764945472630600001_r12_insertion_R_2_1_3_TS
  - Input file: ./ts_geometries/1642764945472630600001_r12_insertion_R_2_1_3/1642764945472630600001_r12_insertion_R_2_1_3_TS.gjf
  - Output directory: ./ts_orbital_results/1642764945472630600001_r12_insertion_R_2_1_3/1642764945472630600001_r12_insertion_R_2_1_3
  - Setting up calculation for: 1642764945472630600001_r12_insertion_R_2_1_3_TS
  - Running Gaussian calculation...
  - Gaussian calculation completed successfully
  - Generating formatted checkpoint and cube files
 Read checkpoint file 1642764945472630600001_r12_insertion_R_2_1_3_TS.chk type G16
 Write formatted file 1642764945472630600001_r12_insertion_R_2_1_3_TS.fchk
 Will use up to     0 threads.
 Top CubeGen          Thu May 22 16:54:48 2025
 Aft UFChkP           Thu May 22 16:54:48 2025        0.25 cpu,        0.26 elapsed
 Aft DecCub           Thu May 22 16:54:48 2025        0.02 cpu,        0.02 elapsed
 Aft Density          Thu May 22 16:54:48 2025        0.00 cpu,        0.00 elapsed
 Bef DoCube           Thu May 22 16:54:48 2025        0.00 cpu,        0.00 elapsed
 There are a total of       64676 grid points.
 ElSum from         orbitals=        0.4971535072
 Aft DoCube           Thu May 22 16:54:48 2025        0.14 cpu,        0.14 elapsed
 Will use up to     0 threads.
 Top CubeGen          Thu May 22 16:54:48 2025
 Aft UFChkP           Thu May 22 16:54:49 2025        0.25 cpu,        0.26 elapsed
 Aft DecCub           Thu May 22 16:54:49 2025        0.02 cpu,        0.02 elapsed
 Aft Density          Thu May 22 16:54:49 2025        0.00 cpu,        0.00 elapsed
 Bef DoCube           Thu May 22 16:54:49 2025        0.00 cpu,        0.00 elapsed
 There are a total of       64676 grid points.
 ElSum from         orbitals=        0.5001753259
 Aft DoCube           Thu May 22 16:54:49 2025        0.15 cpu,        0.14 elapsed
 Will use up to     0 threads.
 Top CubeGen          Thu May 22 16:54:49 2025
 Aft UFChkP           Thu May 22 16:54:49 2025        0.25 cpu,        0.26 elapsed
 Aft DecCub           Thu May 22 16:54:49 2025        0.06 cpu,        0.06 elapsed
 Aft Density          Thu May 22 16:54:49 2025        0.01 cpu,        0.00 elapsed
 Bef DoCube           Thu May 22 16:54:49 2025        0.00 cpu,        0.00 elapsed
 There are a total of       64676 grid points.
 ElSum from          density=       60.0835419292
 Aft DoCube           Thu May 22 16:54:49 2025        0.33 cpu,        0.34 elapsed
 Will use up to     0 threads.
 Top CubeGen          Thu May 22 16:54:49 2025
 Aft UFChkP           Thu May 22 16:54:50 2025        0.25 cpu,        0.26 elapsed
 Aft DecCub           Thu May 22 16:54:50 2025        0.01 cpu,        0.01 elapsed
 Aft Density          Thu May 22 16:54:50 2025        0.00 cpu,        0.00 elapsed
 Bef DoCube           Thu May 22 16:54:50 2025        0.01 cpu,        0.00 elapsed
 There are a total of       64676 grid points.
 ElSum from          density=       82.0571279982
 Aft DoCube           Thu May 22 16:54:54 2025        4.35 cpu,        4.38 elapsed
  ✓ Successfully created cube files
------------------------------------------------
[7/15] Processing: 1642764945472630600001_r12_insertion_R_3_1_2_TS
  - Input file: ./ts_geometries/1642764945472630600001_r12_insertion_R_3_1_2/1642764945472630600001_r12_insertion_R_3_1_2_TS.gjf
  - Output directory: ./ts_orbital_results/1642764945472630600001_r12_insertion_R_3_1_2/1642764945472630600001_r12_insertion_R_3_1_2
  - Setting up calculation for: 1642764945472630600001_r12_insertion_R_3_1_2_TS
  - Running Gaussian calculation...
  - Gaussian calculation completed successfully
  - Generating formatted checkpoint and cube files
 Read checkpoint file 1642764945472630600001_r12_insertion_R_3_1_2_TS.chk type G16
 Write formatted file 1642764945472630600001_r12_insertion_R_3_1_2_TS.fchk
 Will use up to     0 threads.
 Top CubeGen          Thu May 22 16:55:10 2025
 Aft UFChkP           Thu May 22 16:55:11 2025        0.26 cpu,        0.27 elapsed
 Aft DecCub           Thu May 22 16:55:11 2025        0.03 cpu,        0.02 elapsed
 Aft Density          Thu May 22 16:55:11 2025        0.00 cpu,        0.00 elapsed
 Bef DoCube           Thu May 22 16:55:11 2025        0.00 cpu,        0.00 elapsed
 There are a total of       62974 grid points.
 ElSum from         orbitals=        0.5009533228
 Aft DoCube           Thu May 22 16:55:11 2025        0.15 cpu,        0.15 elapsed
 Will use up to     0 threads.
 Top CubeGen          Thu May 22 16:55:11 2025
 Aft UFChkP           Thu May 22 16:55:11 2025        0.26 cpu,        0.27 elapsed
 Aft DecCub           Thu May 22 16:55:11 2025        0.02 cpu,        0.02 elapsed
 Aft Density          Thu May 22 16:55:11 2025        0.00 cpu,        0.00 elapsed
 Bef DoCube           Thu May 22 16:55:11 2025        0.00 cpu,        0.00 elapsed
 There are a total of       62974 grid points.
 ElSum from         orbitals=        0.4994544928
 Aft DoCube           Thu May 22 16:55:11 2025        0.15 cpu,        0.15 elapsed
 Will use up to     0 threads.
 Top CubeGen          Thu May 22 16:55:11 2025
 Aft UFChkP           Thu May 22 16:55:11 2025        0.26 cpu,        0.27 elapsed
 Aft DecCub           Thu May 22 16:55:12 2025        0.06 cpu,        0.06 elapsed
 Aft Density          Thu May 22 16:55:12 2025        0.00 cpu,        0.00 elapsed
 Bef DoCube           Thu May 22 16:55:12 2025        0.00 cpu,        0.00 elapsed
 There are a total of       62974 grid points.
 ElSum from          density=       59.8879243333
 Aft DoCube           Thu May 22 16:55:12 2025        0.35 cpu,        0.35 elapsed
 Will use up to     0 threads.
 Top CubeGen          Thu May 22 16:55:12 2025
 Aft UFChkP           Thu May 22 16:55:12 2025        0.26 cpu,        0.26 elapsed
 Aft DecCub           Thu May 22 16:55:12 2025        0.01 cpu,        0.01 elapsed
 Aft Density          Thu May 22 16:55:12 2025        0.00 cpu,        0.00 elapsed
 Bef DoCube           Thu May 22 16:55:12 2025        0.00 cpu,        0.00 elapsed
 There are a total of       62974 grid points.
 ElSum from          density=       76.2166701646
 Aft DoCube           Thu May 22 16:55:16 2025        4.12 cpu,        4.15 elapsed
  ✓ Successfully created cube files
------------------------------------------------
[8/15] Processing: 1642764945472630600001_r12_insertion_R_3_4_5_TS
  - Input file: ./ts_geometries/1642764945472630600001_r12_insertion_R_3_4_5/1642764945472630600001_r12_insertion_R_3_4_5_TS.gjf
  - Output directory: ./ts_orbital_results/1642764945472630600001_r12_insertion_R_3_4_5/1642764945472630600001_r12_insertion_R_3_4_5
  - Setting up calculation for: 1642764945472630600001_r12_insertion_R_3_4_5_TS
  - Running Gaussian calculation...
  - Gaussian calculation completed successfully
  - Generating formatted checkpoint and cube files
 Read checkpoint file 1642764945472630600001_r12_insertion_R_3_4_5_TS.chk type G16
 Write formatted file 1642764945472630600001_r12_insertion_R_3_4_5_TS.fchk
 Will use up to     0 threads.
 Top CubeGen          Thu May 22 16:55:32 2025
 Aft UFChkP           Thu May 22 16:55:32 2025        0.25 cpu,        0.26 elapsed
 Aft DecCub           Thu May 22 16:55:32 2025        0.03 cpu,        0.02 elapsed
 Aft Density          Thu May 22 16:55:32 2025        0.00 cpu,        0.00 elapsed
 Bef DoCube           Thu May 22 16:55:32 2025        0.00 cpu,        0.00 elapsed
 There are a total of       62790 grid points.
 ElSum from         orbitals=        0.5025203765
 Aft DoCube           Thu May 22 16:55:33 2025        0.14 cpu,        0.14 elapsed
 Will use up to     0 threads.
 Top CubeGen          Thu May 22 16:55:33 2025
 Aft UFChkP           Thu May 22 16:55:33 2025        0.25 cpu,        0.26 elapsed
 Aft DecCub           Thu May 22 16:55:33 2025        0.03 cpu,        0.02 elapsed
 Aft Density          Thu May 22 16:55:33 2025        0.00 cpu,        0.00 elapsed
 Bef DoCube           Thu May 22 16:55:33 2025        0.00 cpu,        0.00 elapsed
 There are a total of       62790 grid points.
 ElSum from         orbitals=        0.4992777080
 Aft DoCube           Thu May 22 16:55:33 2025        0.14 cpu,        0.14 elapsed
 Will use up to     0 threads.
 Top CubeGen          Thu May 22 16:55:33 2025
 Aft UFChkP           Thu May 22 16:55:33 2025        0.26 cpu,        0.26 elapsed
 Aft DecCub           Thu May 22 16:55:33 2025        0.06 cpu,        0.06 elapsed
 Aft Density          Thu May 22 16:55:33 2025        0.00 cpu,        0.00 elapsed
 Bef DoCube           Thu May 22 16:55:33 2025        0.00 cpu,        0.00 elapsed
 There are a total of       62790 grid points.
 ElSum from          density=       60.2479246462
 Aft DoCube           Thu May 22 16:55:34 2025        0.34 cpu,        0.35 elapsed
 Will use up to     0 threads.
 Top CubeGen          Thu May 22 16:55:34 2025
 Aft UFChkP           Thu May 22 16:55:34 2025        0.26 cpu,        0.26 elapsed
 Aft DecCub           Thu May 22 16:55:34 2025        0.01 cpu,        0.01 elapsed
 Aft Density          Thu May 22 16:55:34 2025        0.00 cpu,        0.00 elapsed
 Bef DoCube           Thu May 22 16:55:34 2025        0.00 cpu,        0.00 elapsed
 There are a total of       62790 grid points.
 ElSum from          density=       83.8185559769
 Aft DoCube           Thu May 22 16:55:38 2025        4.15 cpu,        4.17 elapsed
  ✓ Successfully created cube files
------------------------------------------------
[9/15] Processing: 1642764945472630600001_r12_insertion_R_5_4_3_TS
  - Input file: ./ts_geometries/1642764945472630600001_r12_insertion_R_5_4_3/1642764945472630600001_r12_insertion_R_5_4_3_TS.gjf
  - Output directory: ./ts_orbital_results/1642764945472630600001_r12_insertion_R_5_4_3/1642764945472630600001_r12_insertion_R_5_4_3
  - Setting up calculation for: 1642764945472630600001_r12_insertion_R_5_4_3_TS
  - Running Gaussian calculation...
  - Gaussian calculation completed successfully
  - Generating formatted checkpoint and cube files
 Read checkpoint file 1642764945472630600001_r12_insertion_R_5_4_3_TS.chk type G16
 Write formatted file 1642764945472630600001_r12_insertion_R_5_4_3_TS.fchk
 Will use up to     0 threads.
 Top CubeGen          Thu May 22 16:55:59 2025
 Aft UFChkP           Thu May 22 16:56:00 2025        0.26 cpu,        0.26 elapsed
 Aft DecCub           Thu May 22 16:56:00 2025        0.02 cpu,        0.02 elapsed
 Aft Density          Thu May 22 16:56:00 2025        0.00 cpu,        0.00 elapsed
 Bef DoCube           Thu May 22 16:56:00 2025        0.00 cpu,        0.00 elapsed
 There are a total of       63536 grid points.
 ElSum from         orbitals=        0.5003679071
 Aft DoCube           Thu May 22 16:56:00 2025        0.14 cpu,        0.14 elapsed
 Will use up to     0 threads.
 Top CubeGen          Thu May 22 16:56:00 2025
 Aft UFChkP           Thu May 22 16:56:00 2025        0.26 cpu,        0.26 elapsed
 Aft DecCub           Thu May 22 16:56:00 2025        0.02 cpu,        0.02 elapsed
 Aft Density          Thu May 22 16:56:00 2025        0.00 cpu,        0.00 elapsed
 Bef DoCube           Thu May 22 16:56:00 2025        0.00 cpu,        0.00 elapsed
 There are a total of       63536 grid points.
 ElSum from         orbitals=        0.5009668542
 Aft DoCube           Thu May 22 16:56:00 2025        0.14 cpu,        0.14 elapsed
 Will use up to     0 threads.
 Top CubeGen          Thu May 22 16:56:00 2025
 Aft UFChkP           Thu May 22 16:56:00 2025        0.26 cpu,        0.27 elapsed
 Aft DecCub           Thu May 22 16:56:01 2025        0.06 cpu,        0.06 elapsed
 Aft Density          Thu May 22 16:56:01 2025        0.00 cpu,        0.00 elapsed
 Bef DoCube           Thu May 22 16:56:01 2025        0.00 cpu,        0.00 elapsed
 There are a total of       63536 grid points.
 ElSum from          density=       59.7446396344
 Aft DoCube           Thu May 22 16:56:01 2025        0.35 cpu,        0.35 elapsed
 Will use up to     0 threads.
 Top CubeGen          Thu May 22 16:56:01 2025
 Aft UFChkP           Thu May 22 16:56:01 2025        0.25 cpu,        0.27 elapsed
 Aft DecCub           Thu May 22 16:56:01 2025        0.02 cpu,        0.01 elapsed
 Aft Density          Thu May 22 16:56:01 2025        0.00 cpu,        0.00 elapsed
 Bef DoCube           Thu May 22 16:56:01 2025        0.00 cpu,        0.00 elapsed
 There are a total of       63536 grid points.
 ElSum from          density=       74.9825526134
 Aft DoCube           Thu May 22 16:56:05 2025        4.26 cpu,        4.29 elapsed
  ✓ Successfully created cube files
------------------------------------------------
[10/15] Processing: 1642764945472630600001_r12_insertion_R_8_3_1_TS
  - Input file: ./ts_geometries/1642764945472630600001_r12_insertion_R_8_3_1/1642764945472630600001_r12_insertion_R_8_3_1_TS.gjf
  - Output directory: ./ts_orbital_results/1642764945472630600001_r12_insertion_R_8_3_1/1642764945472630600001_r12_insertion_R_8_3_1
  - Setting up calculation for: 1642764945472630600001_r12_insertion_R_8_3_1_TS
  - Running Gaussian calculation...
  - Gaussian calculation completed successfully
  - Generating formatted checkpoint and cube files
 Read checkpoint file 1642764945472630600001_r12_insertion_R_8_3_1_TS.chk type G16
 Write formatted file 1642764945472630600001_r12_insertion_R_8_3_1_TS.fchk
 Will use up to     0 threads.
 Top CubeGen          Thu May 22 16:56:23 2025
 Aft UFChkP           Thu May 22 16:56:23 2025        0.25 cpu,        0.26 elapsed
 Aft DecCub           Thu May 22 16:56:23 2025        0.02 cpu,        0.02 elapsed
 Aft Density          Thu May 22 16:56:23 2025        0.00 cpu,        0.00 elapsed
 Bef DoCube           Thu May 22 16:56:23 2025        0.01 cpu,        0.00 elapsed
 There are a total of       64400 grid points.
 ElSum from         orbitals=        0.4994338920
 Aft DoCube           Thu May 22 16:56:23 2025        0.14 cpu,        0.14 elapsed
 Will use up to     0 threads.
 Top CubeGen          Thu May 22 16:56:23 2025
 Aft UFChkP           Thu May 22 16:56:23 2025        0.26 cpu,        0.27 elapsed
 Aft DecCub           Thu May 22 16:56:23 2025        0.02 cpu,        0.02 elapsed
 Aft Density          Thu May 22 16:56:23 2025        0.00 cpu,        0.00 elapsed
 Bef DoCube           Thu May 22 16:56:23 2025        0.00 cpu,        0.00 elapsed
 There are a total of       64400 grid points.
 ElSum from         orbitals=        0.4980822406
 Aft DoCube           Thu May 22 16:56:23 2025        0.15 cpu,        0.15 elapsed
 Will use up to     0 threads.
 Top CubeGen          Thu May 22 16:56:23 2025
 Aft UFChkP           Thu May 22 16:56:24 2025        0.25 cpu,        0.26 elapsed
 Aft DecCub           Thu May 22 16:56:24 2025        0.07 cpu,        0.06 elapsed
 Aft Density          Thu May 22 16:56:24 2025        0.00 cpu,        0.00 elapsed
 Bef DoCube           Thu May 22 16:56:24 2025        0.00 cpu,        0.00 elapsed
 There are a total of       64400 grid points.
 ElSum from          density=       60.0747737323
 Aft DoCube           Thu May 22 16:56:24 2025        0.34 cpu,        0.34 elapsed
 Will use up to     0 threads.
 Top CubeGen          Thu May 22 16:56:24 2025
 Aft UFChkP           Thu May 22 16:56:24 2025        0.26 cpu,        0.27 elapsed
 Aft DecCub           Thu May 22 16:56:24 2025        0.02 cpu,        0.01 elapsed
 Aft Density          Thu May 22 16:56:24 2025        0.00 cpu,        0.00 elapsed
 Bef DoCube           Thu May 22 16:56:24 2025        0.00 cpu,        0.00 elapsed
 There are a total of       64400 grid points.
 ElSum from          density=       81.7752791233
 Aft DoCube           Thu May 22 16:56:28 2025        4.09 cpu,        4.12 elapsed
  ✓ Successfully created cube files
------------------------------------------------
[11/15] Processing: 1642764945472630600001_r12_insertion_R_8_3_4_TS
  - Input file: ./ts_geometries/1642764945472630600001_r12_insertion_R_8_3_4/1642764945472630600001_r12_insertion_R_8_3_4_TS.gjf
  - Output directory: ./ts_orbital_results/1642764945472630600001_r12_insertion_R_8_3_4/1642764945472630600001_r12_insertion_R_8_3_4
  - Setting up calculation for: 1642764945472630600001_r12_insertion_R_8_3_4_TS
  - Running Gaussian calculation...
  - Gaussian calculation completed successfully
  - Generating formatted checkpoint and cube files
 Read checkpoint file 1642764945472630600001_r12_insertion_R_8_3_4_TS.chk type G16
 Write formatted file 1642764945472630600001_r12_insertion_R_8_3_4_TS.fchk
 Will use up to     0 threads.
 Top CubeGen          Thu May 22 16:56:45 2025
 Aft UFChkP           Thu May 22 16:56:45 2025        0.26 cpu,        0.27 elapsed
 Aft DecCub           Thu May 22 16:56:45 2025        0.02 cpu,        0.02 elapsed
 Aft Density          Thu May 22 16:56:45 2025        0.00 cpu,        0.00 elapsed
 Bef DoCube           Thu May 22 16:56:45 2025        0.00 cpu,        0.00 elapsed
 There are a total of       64935 grid points.
 ElSum from         orbitals=        0.4968756515
 Aft DoCube           Thu May 22 16:56:46 2025        0.15 cpu,        0.15 elapsed
 Will use up to     0 threads.
 Top CubeGen          Thu May 22 16:56:46 2025
 Aft UFChkP           Thu May 22 16:56:46 2025        0.26 cpu,        0.27 elapsed
 Aft DecCub           Thu May 22 16:56:46 2025        0.02 cpu,        0.02 elapsed
 Aft Density          Thu May 22 16:56:46 2025        0.00 cpu,        0.00 elapsed
 Bef DoCube           Thu May 22 16:56:46 2025        0.00 cpu,        0.00 elapsed
 There are a total of       64935 grid points.
 ElSum from         orbitals=        0.5015913582
 Aft DoCube           Thu May 22 16:56:46 2025        0.15 cpu,        0.15 elapsed
 Will use up to     0 threads.
 Top CubeGen          Thu May 22 16:56:46 2025
 Aft UFChkP           Thu May 22 16:56:46 2025        0.26 cpu,        0.27 elapsed
 Aft DecCub           Thu May 22 16:56:46 2025        0.06 cpu,        0.06 elapsed
 Aft Density          Thu May 22 16:56:46 2025        0.00 cpu,        0.00 elapsed
 Bef DoCube           Thu May 22 16:56:46 2025        0.01 cpu,        0.00 elapsed
 There are a total of       64935 grid points.
 ElSum from          density=       59.9725514878
 Aft DoCube           Thu May 22 16:56:47 2025        0.35 cpu,        0.36 elapsed
 Will use up to     0 threads.
 Top CubeGen          Thu May 22 16:56:47 2025
 Aft UFChkP           Thu May 22 16:56:47 2025        0.25 cpu,        0.26 elapsed
 Aft DecCub           Thu May 22 16:56:47 2025        0.02 cpu,        0.01 elapsed
 Aft Density          Thu May 22 16:56:47 2025        0.00 cpu,        0.00 elapsed
 Bef DoCube           Thu May 22 16:56:47 2025        0.00 cpu,        0.00 elapsed
 There are a total of       64935 grid points.
 ElSum from          density=       81.1769821079
 Aft DoCube           Thu May 22 16:56:51 2025        4.31 cpu,        4.33 elapsed
  ✓ Successfully created cube files
------------------------------------------------
[12/15] Processing: 1642764945472630600001_r13_insertion_CO2_3_11_TS
  - Input file: ./ts_geometries/1642764945472630600001_r13_insertion_CO2_3_11/1642764945472630600001_r13_insertion_CO2_3_11_TS.gjf
  - Output directory: ./ts_orbital_results/1642764945472630600001_r13_insertion_CO2_3_11/1642764945472630600001_r13_insertion_CO2_3_11
  - Setting up calculation for: 1642764945472630600001_r13_insertion_CO2_3_11_TS
  - Running Gaussian calculation...
  - Gaussian calculation completed successfully
  - Generating formatted checkpoint and cube files
 Read checkpoint file 1642764945472630600001_r13_insertion_CO2_3_11_TS.chk type G16
 Write formatted file 1642764945472630600001_r13_insertion_CO2_3_11_TS.fchk
 Will use up to     0 threads.
 Top CubeGen          Thu May 22 16:57:07 2025
 Aft UFChkP           Thu May 22 16:57:08 2025        0.25 cpu,        0.26 elapsed
 Aft DecCub           Thu May 22 16:57:08 2025        0.02 cpu,        0.02 elapsed
 Aft Density          Thu May 22 16:57:08 2025        0.00 cpu,        0.00 elapsed
 Bef DoCube           Thu May 22 16:57:08 2025        0.00 cpu,        0.00 elapsed
 There are a total of       64296 grid points.
 ElSum from         orbitals=        0.5024265044
 Aft DoCube           Thu May 22 16:57:08 2025        0.14 cpu,        0.14 elapsed
 Will use up to     0 threads.
 Top CubeGen          Thu May 22 16:57:08 2025
 Aft UFChkP           Thu May 22 16:57:08 2025        0.25 cpu,        0.26 elapsed
 Aft DecCub           Thu May 22 16:57:08 2025        0.02 cpu,        0.02 elapsed
 Aft Density          Thu May 22 16:57:08 2025        0.00 cpu,        0.00 elapsed
 Bef DoCube           Thu May 22 16:57:08 2025        0.01 cpu,        0.00 elapsed
 There are a total of       64296 grid points.
 ElSum from         orbitals=        0.4693987537
 Aft DoCube           Thu May 22 16:57:08 2025        0.13 cpu,        0.14 elapsed
 Will use up to     0 threads.
 Top CubeGen          Thu May 22 16:57:08 2025
 Aft UFChkP           Thu May 22 16:57:09 2025        0.25 cpu,        0.26 elapsed
 Aft DecCub           Thu May 22 16:57:09 2025        0.06 cpu,        0.06 elapsed
 Aft Density          Thu May 22 16:57:09 2025        0.00 cpu,        0.00 elapsed
 Bef DoCube           Thu May 22 16:57:09 2025        0.01 cpu,        0.00 elapsed
 There are a total of       64296 grid points.
 ElSum from          density=       59.9502986062
 Aft DoCube           Thu May 22 16:57:09 2025        0.33 cpu,        0.33 elapsed
 Will use up to     0 threads.
 Top CubeGen          Thu May 22 16:57:09 2025
 Aft UFChkP           Thu May 22 16:57:09 2025        0.26 cpu,        0.27 elapsed
 Aft DecCub           Thu May 22 16:57:09 2025        0.01 cpu,        0.01 elapsed
 Aft Density          Thu May 22 16:57:09 2025        0.00 cpu,        0.00 elapsed
 Bef DoCube           Thu May 22 16:57:09 2025        0.01 cpu,        0.00 elapsed
 There are a total of       64296 grid points.
 ElSum from          density=       79.0080318345
 Aft DoCube           Thu May 22 16:57:14 2025        4.43 cpu,        4.47 elapsed
  ✓ Successfully created cube files
------------------------------------------------
[13/15] Processing: 1642764945472630600001_r13_insertion_ROR_11_10_1_2_TS
  - Input file: ./ts_geometries/1642764945472630600001_r13_insertion_ROR_11_10_1_2/1642764945472630600001_r13_insertion_ROR_11_10_1_2_TS.gjf
  - Output directory: ./ts_orbital_results/1642764945472630600001_r13_insertion_ROR_11_10_1_2/1642764945472630600001_r13_insertion_ROR_11_10_1_2
  - Setting up calculation for: 1642764945472630600001_r13_insertion_ROR_11_10_1_2_TS
  - Running Gaussian calculation...
  - Gaussian calculation completed successfully
  - Generating formatted checkpoint and cube files
 Read checkpoint file 1642764945472630600001_r13_insertion_ROR_11_10_1_2_TS.chk type G16
 Write formatted file 1642764945472630600001_r13_insertion_ROR_11_10_1_2_TS.fchk
 Will use up to     0 threads.
 Top CubeGen          Thu May 22 16:57:36 2025
 Aft UFChkP           Thu May 22 16:57:36 2025        0.25 cpu,        0.26 elapsed
 Aft DecCub           Thu May 22 16:57:36 2025        0.02 cpu,        0.02 elapsed
 Aft Density          Thu May 22 16:57:36 2025        0.00 cpu,        0.00 elapsed
 Bef DoCube           Thu May 22 16:57:36 2025        0.01 cpu,        0.00 elapsed
 There are a total of       63140 grid points.
 ElSum from         orbitals=        0.5019778280
 Aft DoCube           Thu May 22 16:57:37 2025        0.13 cpu,        0.14 elapsed
 Will use up to     0 threads.
 Top CubeGen          Thu May 22 16:57:37 2025
 Aft UFChkP           Thu May 22 16:57:37 2025        0.25 cpu,        0.26 elapsed
 Aft DecCub           Thu May 22 16:57:37 2025        0.02 cpu,        0.02 elapsed
 Aft Density          Thu May 22 16:57:37 2025        0.00 cpu,        0.00 elapsed
 Bef DoCube           Thu May 22 16:57:37 2025        0.00 cpu,        0.00 elapsed
 There are a total of       63140 grid points.
 ElSum from         orbitals=        0.5010788057
 Aft DoCube           Thu May 22 16:57:37 2025        0.13 cpu,        0.13 elapsed
 Will use up to     0 threads.
 Top CubeGen          Thu May 22 16:57:37 2025
 Aft UFChkP           Thu May 22 16:57:37 2025        0.25 cpu,        0.25 elapsed
 Aft DecCub           Thu May 22 16:57:37 2025        0.06 cpu,        0.06 elapsed
 Aft Density          Thu May 22 16:57:37 2025        0.00 cpu,        0.00 elapsed
 Bef DoCube           Thu May 22 16:57:37 2025        0.00 cpu,        0.00 elapsed
 There are a total of       63140 grid points.
 ElSum from          density=       59.7108842207
 Aft DoCube           Thu May 22 16:57:38 2025        0.32 cpu,        0.32 elapsed
 Will use up to     0 threads.
 Top CubeGen          Thu May 22 16:57:38 2025
 Aft UFChkP           Thu May 22 16:57:38 2025        0.25 cpu,        0.26 elapsed
 Aft DecCub           Thu May 22 16:57:38 2025        0.01 cpu,        0.01 elapsed
 Aft Density          Thu May 22 16:57:38 2025        0.00 cpu,        0.00 elapsed
 Bef DoCube           Thu May 22 16:57:38 2025        0.01 cpu,        0.00 elapsed
 There are a total of       63140 grid points.
 ElSum from          density=       71.7957166877
 Aft DoCube           Thu May 22 16:57:42 2025        4.02 cpu,        4.06 elapsed
  ✓ Successfully created cube files
------------------------------------------------
[14/15] Processing: 1642764945472630600001_r13_insertion_ROR_4_3_1_2_TS
  - Input file: ./ts_geometries/1642764945472630600001_r13_insertion_ROR_4_3_1_2/1642764945472630600001_r13_insertion_ROR_4_3_1_2_TS.gjf
  - Output directory: ./ts_orbital_results/1642764945472630600001_r13_insertion_ROR_4_3_1_2/1642764945472630600001_r13_insertion_ROR_4_3_1_2
  - Setting up calculation for: 1642764945472630600001_r13_insertion_ROR_4_3_1_2_TS
  - Running Gaussian calculation...
  - Gaussian calculation completed successfully
  - Generating formatted checkpoint and cube files
 Read checkpoint file 1642764945472630600001_r13_insertion_ROR_4_3_1_2_TS.chk type G16
 Write formatted file 1642764945472630600001_r13_insertion_ROR_4_3_1_2_TS.fchk
 Will use up to     0 threads.
 Top CubeGen          Thu May 22 16:57:59 2025
 Aft UFChkP           Thu May 22 16:57:59 2025        0.25 cpu,        0.26 elapsed
 Aft DecCub           Thu May 22 16:57:59 2025        0.02 cpu,        0.02 elapsed
 Aft Density          Thu May 22 16:57:59 2025        0.00 cpu,        0.00 elapsed
 Bef DoCube           Thu May 22 16:57:59 2025        0.00 cpu,        0.00 elapsed
 There are a total of       64400 grid points.
 ElSum from         orbitals=        0.4990117342
 Aft DoCube           Thu May 22 16:57:59 2025        0.13 cpu,        0.14 elapsed
 Will use up to     0 threads.
 Top CubeGen          Thu May 22 16:57:59 2025
 Aft UFChkP           Thu May 22 16:57:59 2025        0.25 cpu,        0.26 elapsed
 Aft DecCub           Thu May 22 16:57:59 2025        0.02 cpu,        0.02 elapsed
 Aft Density          Thu May 22 16:57:59 2025        0.00 cpu,        0.00 elapsed
 Bef DoCube           Thu May 22 16:57:59 2025        0.00 cpu,        0.01 elapsed
 There are a total of       63000 grid points.
 ElSum from         orbitals=        0.4439763600
 Aft DoCube           Thu May 22 16:58:00 2025        0.14 cpu,        0.13 elapsed
 Will use up to     0 threads.
 Top CubeGen          Thu May 22 16:58:00 2025
 Aft UFChkP           Thu May 22 16:58:00 2025        0.26 cpu,        0.26 elapsed
 Aft DecCub           Thu May 22 16:58:00 2025        0.05 cpu,        0.06 elapsed
 Aft Density          Thu May 22 16:58:00 2025        0.01 cpu,        0.00 elapsed
 Bef DoCube           Thu May 22 16:58:00 2025        0.00 cpu,        0.00 elapsed
 There are a total of       64400 grid points.
 ElSum from          density=       59.7149111736
 Aft DoCube           Thu May 22 16:58:00 2025        0.33 cpu,        0.33 elapsed
 Will use up to     0 threads.
 Top CubeGen          Thu May 22 16:58:00 2025
 Aft UFChkP           Thu May 22 16:58:00 2025        0.25 cpu,        0.26 elapsed
 Aft DecCub           Thu May 22 16:58:00 2025        0.01 cpu,        0.01 elapsed
 Aft Density          Thu May 22 16:58:00 2025        0.00 cpu,        0.00 elapsed
 Bef DoCube           Thu May 22 16:58:00 2025        0.01 cpu,        0.00 elapsed
 There are a total of       64400 grid points.
 ElSum from          density=       73.9601330629
 Aft DoCube           Thu May 22 16:58:05 2025        4.27 cpu,        4.30 elapsed
  ✓ Successfully created cube files
------------------------------------------------
[15/15] Processing: 1642764945472630600001_r13_insertion_ROR_8_3_1_2_TS
  - Input file: ./ts_geometries/1642764945472630600001_r13_insertion_ROR_8_3_1_2/1642764945472630600001_r13_insertion_ROR_8_3_1_2_TS.gjf
  - Output directory: ./ts_orbital_results/1642764945472630600001_r13_insertion_ROR_8_3_1_2/1642764945472630600001_r13_insertion_ROR_8_3_1_2
  - Setting up calculation for: 1642764945472630600001_r13_insertion_ROR_8_3_1_2_TS
  - Running Gaussian calculation...
  - Gaussian calculation completed successfully
  - Generating formatted checkpoint and cube files
 Read checkpoint file 1642764945472630600001_r13_insertion_ROR_8_3_1_2_TS.chk type G16
 Write formatted file 1642764945472630600001_r13_insertion_ROR_8_3_1_2_TS.fchk
 Will use up to     0 threads.
 Top CubeGen          Thu May 22 16:58:23 2025
 Aft UFChkP           Thu May 22 16:58:23 2025        0.25 cpu,        0.26 elapsed
 Aft DecCub           Thu May 22 16:58:23 2025        0.02 cpu,        0.02 elapsed
 Aft Density          Thu May 22 16:58:23 2025        0.00 cpu,        0.00 elapsed
 Bef DoCube           Thu May 22 16:58:23 2025        0.00 cpu,        0.00 elapsed
 There are a total of       63360 grid points.
 ElSum from         orbitals=        0.4987886839
 Aft DoCube           Thu May 22 16:58:24 2025        0.13 cpu,        0.13 elapsed
 Will use up to     0 threads.
 Top CubeGen          Thu May 22 16:58:24 2025
 Aft UFChkP           Thu May 22 16:58:24 2025        0.25 cpu,        0.26 elapsed
 Aft DecCub           Thu May 22 16:58:24 2025        0.02 cpu,        0.02 elapsed
 Aft Density          Thu May 22 16:58:24 2025        0.00 cpu,        0.00 elapsed
 Bef DoCube           Thu May 22 16:58:24 2025        0.00 cpu,        0.00 elapsed
 There are a total of       63360 grid points.
 ElSum from         orbitals=        0.5095771854
 Aft DoCube           Thu May 22 16:58:24 2025        0.13 cpu,        0.13 elapsed
 Will use up to     0 threads.
 Top CubeGen          Thu May 22 16:58:24 2025
 Aft UFChkP           Thu May 22 16:58:24 2025        0.24 cpu,        0.25 elapsed
 Aft DecCub           Thu May 22 16:58:24 2025        0.06 cpu,        0.06 elapsed
 Aft Density          Thu May 22 16:58:24 2025        0.00 cpu,        0.00 elapsed
 Bef DoCube           Thu May 22 16:58:24 2025        0.00 cpu,        0.00 elapsed
 There are a total of       63360 grid points.
 ElSum from          density=       60.6301404115
 Aft DoCube           Thu May 22 16:58:25 2025        0.32 cpu,        0.32 elapsed
 Will use up to     0 threads.
 Top CubeGen          Thu May 22 16:58:25 2025
 Aft UFChkP           Thu May 22 16:58:25 2025        0.25 cpu,        0.25 elapsed
 Aft DecCub           Thu May 22 16:58:25 2025        0.01 cpu,        0.01 elapsed
 Aft Density          Thu May 22 16:58:25 2025        0.00 cpu,        0.00 elapsed
 Bef DoCube           Thu May 22 16:58:25 2025        0.00 cpu,        0.00 elapsed
 There are a total of       63360 grid points.
 ElSum from          density=       95.3675734829
 Aft DoCube           Thu May 22 16:58:29 2025        4.12 cpu,        4.14 elapsed
  ✓ Successfully created cube files
------------------------------------------------
Orbital calculations completed
Summary:
  - Total input files: 15
  - Successfully processed: 15
  - Failed: 0
  - Skipped (already existed): 0

Number of completed calculations: 15
Number of cube files generated: 60
Results were generated in the following locations:
./ts_orbital_results/1642764945472630600001_r12_insertion_R_10_1_2
./ts_orbital_results/1642764945472630600001_r12_insertion_R_10_1_2/1642764945472630600001_r12_insertion_R_10_1_2
./ts_orbital_results/1642764945472630600001_r12_insertion_R_10_1_3
./ts_orbital_results/1642764945472630600001_r12_insertion_R_10_1_3/1642764945472630600001_r12_insertion_R_10_1_3
./ts_orbital_results/1642764945472630600001_r12_insertion_R_1_3_4
./ts_orbital_results/1642764945472630600001_r12_insertion_R_1_3_4/1642764945472630600001_r12_insertion_R_1_3_4
./ts_orbital_results/1642764945472630600001_r12_insertion_R_1_3_8
./ts_orbital_results/1642764945472630600001_r12_insertion_R_1_3_8/1642764945472630600001_r12_insertion_R_1_3_8
./ts_orbital_results/1642764945472630600001_r12_insertion_R_2_1_10
./ts_orbital_results/1642764945472630600001_r12_insertion_R_2_1_10/1642764945472630600001_r12_insertion_R_2_1_10
... and 20 more directories
Job completed
Job ID           : 10083989
Cluster          : spartan
User/Project     : akhalilov/punim0131
Nodes            : 1
Wall-clock time  : 00:06:01 / 1-00:00:00

Displaying overall resources usage from 2025-05-22 16:52:28 to 2025-05-22 16:58:29:

NODE            CPU#        TOT%   ( USR   / SYS   / WIO   / IDLE  ) 

spartan-bm175 : 
                CPU# 1    : 60.0   (  57.9 /   2.2 /   0.1 /  39.9 ) 
                CPU# 2    : 58.7   (  56.6 /   2.1 /   0.1 /  41.3 ) 
                CPU# 3    : 53.7   (  52.1 /   1.6 /   0.0 /  46.3 ) 
                CPU# 4    : 72.4   (  69.6 /   2.8 /   0.1 /  27.5 ) 


Allocated CPUs            : 4    
  CPUs with usage <25%    : 0    
  CPUs with usage <50%    : 0    
  CPUs with usage >50%    : 4    

Memory used (RAM)         : 66.8%  [5739MB of 8590MB]

--------------------------------------------

