Starting orbital calculations
Input directory: ./ts_geometries
Output directory: ./ts_orbital_results
------------------------------------------------
Found 13 Gaussian input files to process
------------------------------------------------
[1/13] Processing: 2003846667223680600001_r12_insertion_R_2_1_9_TS
  - Input file: ./ts_geometries/2003846667223680600001_r12_insertion_R_2_1_9/2003846667223680600001_r12_insertion_R_2_1_9_TS.gjf
  - Output directory: ./ts_orbital_results/2003846667223680600001_r12_insertion_R_2_1_9/2003846667223680600001_r12_insertion_R_2_1_9
  - Setting up calculation for: 2003846667223680600001_r12_insertion_R_2_1_9_TS
  - Running Gaussian calculation...
  - Gaussian calculation completed successfully
  - Generating formatted checkpoint and cube files
 Read checkpoint file 2003846667223680600001_r12_insertion_R_2_1_9_TS.chk type G16
 Write formatted file 2003846667223680600001_r12_insertion_R_2_1_9_TS.fchk
 Will use up to     0 threads.
 Top CubeGen          Fri May 23 18:51:42 2025
 Aft UFChkP           Fri May 23 18:51:42 2025        0.32 cpu,        0.33 elapsed
 Aft DecCub           Fri May 23 18:51:42 2025        0.03 cpu,        0.03 elapsed
 Aft Density          Fri May 23 18:51:42 2025        0.00 cpu,        0.00 elapsed
 Bef DoCube           Fri May 23 18:51:42 2025        0.00 cpu,        0.00 elapsed
 There are a total of      219008 grid points.
 ElSum from         orbitals=        0.4999649388
 Aft DoCube           Fri May 23 18:51:43 2025        0.45 cpu,        0.46 elapsed
 Will use up to     0 threads.
 Top CubeGen          Fri May 23 18:51:43 2025
 Aft UFChkP           Fri May 23 18:51:43 2025        0.32 cpu,        0.33 elapsed
 Aft DecCub           Fri May 23 18:51:43 2025        0.03 cpu,        0.03 elapsed
 Aft Density          Fri May 23 18:51:43 2025        0.00 cpu,        0.00 elapsed
 Bef DoCube           Fri May 23 18:51:43 2025        0.00 cpu,        0.00 elapsed
 There are a total of      219008 grid points.
 ElSum from         orbitals=        0.4989217033
 Aft DoCube           Fri May 23 18:51:44 2025        0.46 cpu,        0.46 elapsed
 Will use up to     0 threads.
 Top CubeGen          Fri May 23 18:51:44 2025
 Aft UFChkP           Fri May 23 18:51:44 2025        0.32 cpu,        0.33 elapsed
 Aft DecCub           Fri May 23 18:51:44 2025        0.07 cpu,        0.08 elapsed
 Aft Density          Fri May 23 18:51:44 2025        0.00 cpu,        0.00 elapsed
 Bef DoCube           Fri May 23 18:51:44 2025        0.02 cpu,        0.05 elapsed
 There are a total of      219008 grid points.
 ElSum from          density=       68.0667591262
 Aft DoCube           Fri May 23 18:51:45 2025        1.06 cpu,        1.17 elapsed
 Will use up to     0 threads.
 Top CubeGen          Fri May 23 18:51:45 2025
 Aft UFChkP           Fri May 23 18:51:45 2025        0.32 cpu,        0.32 elapsed
 Aft DecCub           Fri May 23 18:51:46 2025        0.01 cpu,        0.02 elapsed
 Aft Density          Fri May 23 18:51:46 2025        0.00 cpu,        0.00 elapsed
 Bef DoCube           Fri May 23 18:51:46 2025        0.01 cpu,        0.01 elapsed
 There are a total of      219008 grid points.
 ElSum from          density=       97.9690077388
 Aft DoCube           Fri May 23 18:52:05 2025       19.09 cpu,       19.27 elapsed
  ✓ Successfully created cube files
------------------------------------------------
[2/13] Processing: 2003846667223680600001_r12_insertion_R_2_5_6_TS
  - Input file: ./ts_geometries/2003846667223680600001_r12_insertion_R_2_5_6/2003846667223680600001_r12_insertion_R_2_5_6_TS.gjf
  - Output directory: ./ts_orbital_results/2003846667223680600001_r12_insertion_R_2_5_6/2003846667223680600001_r12_insertion_R_2_5_6
  - Setting up calculation for: 2003846667223680600001_r12_insertion_R_2_5_6_TS
  - Running Gaussian calculation...
  - Gaussian calculation completed successfully
  - Generating formatted checkpoint and cube files
 Read checkpoint file 2003846667223680600001_r12_insertion_R_2_5_6_TS.chk type G16
 Write formatted file 2003846667223680600001_r12_insertion_R_2_5_6_TS.fchk
 Will use up to     0 threads.
 Top CubeGen          Fri May 23 18:52:46 2025
 Aft UFChkP           Fri May 23 18:52:46 2025        0.31 cpu,        0.33 elapsed
 Aft DecCub           Fri May 23 18:52:46 2025        0.03 cpu,        0.03 elapsed
 Aft Density          Fri May 23 18:52:46 2025        0.00 cpu,        0.00 elapsed
 Bef DoCube           Fri May 23 18:52:46 2025        0.00 cpu,        0.00 elapsed
 There are a total of      217800 grid points.
 ElSum from         orbitals=        0.4994141515
 Aft DoCube           Fri May 23 18:52:46 2025        0.46 cpu,        0.46 elapsed
 Will use up to     0 threads.
 Top CubeGen          Fri May 23 18:52:46 2025
 Aft UFChkP           Fri May 23 18:52:47 2025        0.32 cpu,        0.33 elapsed
 Aft DecCub           Fri May 23 18:52:47 2025        0.03 cpu,        0.03 elapsed
 Aft Density          Fri May 23 18:52:47 2025        0.00 cpu,        0.00 elapsed
 Bef DoCube           Fri May 23 18:52:47 2025        0.00 cpu,        0.01 elapsed
 There are a total of      217800 grid points.
 ElSum from         orbitals=        0.4979630010
 Aft DoCube           Fri May 23 18:52:47 2025        0.46 cpu,        0.47 elapsed
 Will use up to     0 threads.
 Top CubeGen          Fri May 23 18:52:47 2025
 Aft UFChkP           Fri May 23 18:52:48 2025        0.32 cpu,        0.33 elapsed
 Aft DecCub           Fri May 23 18:52:48 2025        0.08 cpu,        0.08 elapsed
 Aft Density          Fri May 23 18:52:48 2025        0.00 cpu,        0.00 elapsed
 Bef DoCube           Fri May 23 18:52:48 2025        0.00 cpu,        0.01 elapsed
 There are a total of      217800 grid points.
 ElSum from          density=       67.9750252209
 Aft DoCube           Fri May 23 18:52:49 2025        1.05 cpu,        1.06 elapsed
 Will use up to     0 threads.
 Top CubeGen          Fri May 23 18:52:49 2025
 Aft UFChkP           Fri May 23 18:52:49 2025        0.32 cpu,        0.33 elapsed
 Aft DecCub           Fri May 23 18:52:49 2025        0.01 cpu,        0.02 elapsed
 Aft Density          Fri May 23 18:52:49 2025        0.00 cpu,        0.00 elapsed
 Bef DoCube           Fri May 23 18:52:49 2025        0.01 cpu,        0.01 elapsed
 There are a total of      217800 grid points.
 ElSum from          density=       96.1822607291
 Aft DoCube           Fri May 23 18:53:07 2025       18.02 cpu,       18.16 elapsed
  ✓ Successfully created cube files
------------------------------------------------
[3/13] Processing: 2003846667223680600001_r12_insertion_R_3_2_1_TS
  - Input file: ./ts_geometries/2003846667223680600001_r12_insertion_R_3_2_1/2003846667223680600001_r12_insertion_R_3_2_1_TS.gjf
  - Output directory: ./ts_orbital_results/2003846667223680600001_r12_insertion_R_3_2_1/2003846667223680600001_r12_insertion_R_3_2_1
  - Setting up calculation for: 2003846667223680600001_r12_insertion_R_3_2_1_TS
  - Running Gaussian calculation...
  - Gaussian calculation completed successfully
  - Generating formatted checkpoint and cube files
 Read checkpoint file 2003846667223680600001_r12_insertion_R_3_2_1_TS.chk type G16
 Write formatted file 2003846667223680600001_r12_insertion_R_3_2_1_TS.fchk
 Will use up to     0 threads.
 Top CubeGen          Fri May 23 18:53:34 2025
 Aft UFChkP           Fri May 23 18:53:35 2025        0.32 cpu,        0.33 elapsed
 Aft DecCub           Fri May 23 18:53:35 2025        0.03 cpu,        0.03 elapsed
 Aft Density          Fri May 23 18:53:35 2025        0.00 cpu,        0.00 elapsed
 Bef DoCube           Fri May 23 18:53:35 2025        0.00 cpu,        0.01 elapsed
 There are a total of      216384 grid points.
 ElSum from         orbitals=        0.5001063721
 Aft DoCube           Fri May 23 18:53:35 2025        0.45 cpu,        0.46 elapsed
 Will use up to     0 threads.
 Top CubeGen          Fri May 23 18:53:35 2025
 Aft UFChkP           Fri May 23 18:53:35 2025        0.32 cpu,        0.33 elapsed
 Aft DecCub           Fri May 23 18:53:35 2025        0.02 cpu,        0.03 elapsed
 Aft Density          Fri May 23 18:53:35 2025        0.00 cpu,        0.00 elapsed
 Bef DoCube           Fri May 23 18:53:35 2025        0.01 cpu,        0.01 elapsed
 There are a total of      216384 grid points.
 ElSum from         orbitals=        0.4974821459
 Aft DoCube           Fri May 23 18:53:36 2025        0.44 cpu,        0.45 elapsed
 Will use up to     0 threads.
 Top CubeGen          Fri May 23 18:53:36 2025
 Aft UFChkP           Fri May 23 18:53:36 2025        0.32 cpu,        0.33 elapsed
 Aft DecCub           Fri May 23 18:53:36 2025        0.08 cpu,        0.08 elapsed
 Aft Density          Fri May 23 18:53:36 2025        0.00 cpu,        0.00 elapsed
 Bef DoCube           Fri May 23 18:53:36 2025        0.01 cpu,        0.01 elapsed
 There are a total of      216384 grid points.
 ElSum from          density=       68.2450151826
 Aft DoCube           Fri May 23 18:53:37 2025        1.04 cpu,        1.05 elapsed
 Will use up to     0 threads.
 Top CubeGen          Fri May 23 18:53:37 2025
 Aft UFChkP           Fri May 23 18:53:38 2025        0.32 cpu,        0.33 elapsed
 Aft DecCub           Fri May 23 18:53:38 2025        0.02 cpu,        0.02 elapsed
 Aft Density          Fri May 23 18:53:38 2025        0.00 cpu,        0.00 elapsed
 Bef DoCube           Fri May 23 18:53:38 2025        0.00 cpu,        0.01 elapsed
 There are a total of      216384 grid points.
 ElSum from          density=      101.2510682985
 Aft DoCube           Fri May 23 18:53:56 2025       18.12 cpu,       18.26 elapsed
  ✓ Successfully created cube files
------------------------------------------------
[4/13] Processing: 2003846667223680600001_r12_insertion_R_3_2_5_TS
  - Input file: ./ts_geometries/2003846667223680600001_r12_insertion_R_3_2_5/2003846667223680600001_r12_insertion_R_3_2_5_TS.gjf
  - Output directory: ./ts_orbital_results/2003846667223680600001_r12_insertion_R_3_2_5/2003846667223680600001_r12_insertion_R_3_2_5
  - Setting up calculation for: 2003846667223680600001_r12_insertion_R_3_2_5_TS
  - Running Gaussian calculation...
  - Gaussian calculation completed successfully
  - Generating formatted checkpoint and cube files
 Read checkpoint file 2003846667223680600001_r12_insertion_R_3_2_5_TS.chk type G16
 Write formatted file 2003846667223680600001_r12_insertion_R_3_2_5_TS.fchk
 Will use up to     0 threads.
 Top CubeGen          Fri May 23 18:54:21 2025
 Aft UFChkP           Fri May 23 18:54:21 2025        0.32 cpu,        0.33 elapsed
 Aft DecCub           Fri May 23 18:54:21 2025        0.03 cpu,        0.03 elapsed
 Aft Density          Fri May 23 18:54:21 2025        0.00 cpu,        0.00 elapsed
 Bef DoCube           Fri May 23 18:54:21 2025        0.00 cpu,        0.01 elapsed
 There are a total of      217728 grid points.
 ElSum from         orbitals=        0.5006820329
 Aft DoCube           Fri May 23 18:54:22 2025        0.45 cpu,        0.46 elapsed
 Will use up to     0 threads.
 Top CubeGen          Fri May 23 18:54:22 2025
 Aft UFChkP           Fri May 23 18:54:22 2025        0.31 cpu,        0.33 elapsed
 Aft DecCub           Fri May 23 18:54:22 2025        0.03 cpu,        0.03 elapsed
 Aft Density          Fri May 23 18:54:22 2025        0.00 cpu,        0.00 elapsed
 Bef DoCube           Fri May 23 18:54:22 2025        0.01 cpu,        0.01 elapsed
 There are a total of      217728 grid points.
 ElSum from         orbitals=        0.5019343502
 Aft DoCube           Fri May 23 18:54:23 2025        0.66 cpu,        0.67 elapsed
 Will use up to     0 threads.
 Top CubeGen          Fri May 23 18:54:23 2025
 Aft UFChkP           Fri May 23 18:54:23 2025        0.33 cpu,        0.33 elapsed
 Aft DecCub           Fri May 23 18:54:23 2025        0.08 cpu,        0.08 elapsed
 Aft Density          Fri May 23 18:54:23 2025        0.00 cpu,        0.00 elapsed
 Bef DoCube           Fri May 23 18:54:23 2025        0.00 cpu,        0.01 elapsed
 There are a total of      217728 grid points.
 ElSum from          density=       67.9729884539
 Aft DoCube           Fri May 23 18:54:24 2025        1.00 cpu,        1.03 elapsed
 Will use up to     0 threads.
 Top CubeGen          Fri May 23 18:54:24 2025
 Aft UFChkP           Fri May 23 18:54:24 2025        0.34 cpu,        0.34 elapsed
 Aft DecCub           Fri May 23 18:54:24 2025        0.02 cpu,        0.02 elapsed
 Aft Density          Fri May 23 18:54:24 2025        0.00 cpu,        0.00 elapsed
 Bef DoCube           Fri May 23 18:54:25 2025        0.00 cpu,        0.01 elapsed
 There are a total of      217728 grid points.
 ElSum from          density=       95.7701761679
 Aft DoCube           Fri May 23 18:54:42 2025       16.93 cpu,       17.07 elapsed
  ✓ Successfully created cube files
------------------------------------------------
[5/13] Processing: 2003846667223680600001_r12_insertion_R_5_2_1_TS
  - Input file: ./ts_geometries/2003846667223680600001_r12_insertion_R_5_2_1/2003846667223680600001_r12_insertion_R_5_2_1_TS.gjf
  - Output directory: ./ts_orbital_results/2003846667223680600001_r12_insertion_R_5_2_1/2003846667223680600001_r12_insertion_R_5_2_1
  - Setting up calculation for: 2003846667223680600001_r12_insertion_R_5_2_1_TS
  - Running Gaussian calculation...
  - Gaussian calculation completed successfully
  - Generating formatted checkpoint and cube files
 Read checkpoint file 2003846667223680600001_r12_insertion_R_5_2_1_TS.chk type G16
 Write formatted file 2003846667223680600001_r12_insertion_R_5_2_1_TS.fchk
 Will use up to     0 threads.
 Top CubeGen          Fri May 23 18:55:09 2025
 Aft UFChkP           Fri May 23 18:55:10 2025        0.32 cpu,        0.33 elapsed
 Aft DecCub           Fri May 23 18:55:10 2025        0.03 cpu,        0.03 elapsed
 Aft Density          Fri May 23 18:55:10 2025        0.00 cpu,        0.00 elapsed
 Bef DoCube           Fri May 23 18:55:10 2025        0.00 cpu,        0.01 elapsed
 There are a total of      218660 grid points.
 ElSum from         orbitals=        0.4999720909
 Aft DoCube           Fri May 23 18:55:10 2025        0.45 cpu,        0.47 elapsed
 Will use up to     0 threads.
 Top CubeGen          Fri May 23 18:55:10 2025
 Aft UFChkP           Fri May 23 18:55:10 2025        0.31 cpu,        0.32 elapsed
 Aft DecCub           Fri May 23 18:55:10 2025        0.03 cpu,        0.03 elapsed
 Aft Density          Fri May 23 18:55:10 2025        0.00 cpu,        0.00 elapsed
 Bef DoCube           Fri May 23 18:55:10 2025        0.01 cpu,        0.00 elapsed
 There are a total of      218660 grid points.
 ElSum from         orbitals=        0.4689316428
 Aft DoCube           Fri May 23 18:55:11 2025        0.44 cpu,        0.46 elapsed
 Will use up to     0 threads.
 Top CubeGen          Fri May 23 18:55:11 2025
 Aft UFChkP           Fri May 23 18:55:11 2025        0.31 cpu,        0.32 elapsed
 Aft DecCub           Fri May 23 18:55:11 2025        0.08 cpu,        0.08 elapsed
 Aft Density          Fri May 23 18:55:11 2025        0.00 cpu,        0.00 elapsed
 Bef DoCube           Fri May 23 18:55:11 2025        0.00 cpu,        0.00 elapsed
 There are a total of      218660 grid points.
 ElSum from          density=       67.9061750974
 Aft DoCube           Fri May 23 18:55:12 2025        1.05 cpu,        1.06 elapsed
 Will use up to     0 threads.
 Top CubeGen          Fri May 23 18:55:12 2025
 Aft UFChkP           Fri May 23 18:55:13 2025        0.32 cpu,        0.32 elapsed
 Aft DecCub           Fri May 23 18:55:13 2025        0.01 cpu,        0.02 elapsed
 Aft Density          Fri May 23 18:55:13 2025        0.00 cpu,        0.00 elapsed
 Bef DoCube           Fri May 23 18:55:13 2025        0.00 cpu,        0.01 elapsed
 There are a total of      218660 grid points.
 ElSum from          density=       94.8173807298
 Aft DoCube           Fri May 23 18:55:31 2025       18.44 cpu,       18.55 elapsed
  ✓ Successfully created cube files
------------------------------------------------
[6/13] Processing: 2003846667223680600001_r12_insertion_R_5_2_3_TS
  - Input file: ./ts_geometries/2003846667223680600001_r12_insertion_R_5_2_3/2003846667223680600001_r12_insertion_R_5_2_3_TS.gjf
  - Output directory: ./ts_orbital_results/2003846667223680600001_r12_insertion_R_5_2_3/2003846667223680600001_r12_insertion_R_5_2_3
  - Setting up calculation for: 2003846667223680600001_r12_insertion_R_5_2_3_TS
  - Running Gaussian calculation...
  - Gaussian calculation completed successfully
  - Generating formatted checkpoint and cube files
 Read checkpoint file 2003846667223680600001_r12_insertion_R_5_2_3_TS.chk type G16
 Write formatted file 2003846667223680600001_r12_insertion_R_5_2_3_TS.fchk
 Will use up to     0 threads.
 Top CubeGen          Fri May 23 18:56:00 2025
 Aft UFChkP           Fri May 23 18:56:00 2025        0.32 cpu,        0.33 elapsed
 Aft DecCub           Fri May 23 18:56:01 2025        0.03 cpu,        0.03 elapsed
 Aft Density          Fri May 23 18:56:01 2025        0.00 cpu,        0.00 elapsed
 Bef DoCube           Fri May 23 18:56:01 2025        0.00 cpu,        0.01 elapsed
 There are a total of      214760 grid points.
 ElSum from         orbitals=        0.4999410351
 Aft DoCube           Fri May 23 18:56:01 2025        0.46 cpu,        0.48 elapsed
 Will use up to     0 threads.
 Top CubeGen          Fri May 23 18:56:01 2025
 Aft UFChkP           Fri May 23 18:56:01 2025        0.32 cpu,        0.33 elapsed
 Aft DecCub           Fri May 23 18:56:01 2025        0.03 cpu,        0.03 elapsed
 Aft Density          Fri May 23 18:56:01 2025        0.00 cpu,        0.00 elapsed
 Bef DoCube           Fri May 23 18:56:01 2025        0.00 cpu,        0.01 elapsed
 There are a total of      214760 grid points.
 ElSum from         orbitals=        0.4551928248
 Aft DoCube           Fri May 23 18:56:02 2025        0.49 cpu,        0.49 elapsed
 Will use up to     0 threads.
 Top CubeGen          Fri May 23 18:56:02 2025
 Aft UFChkP           Fri May 23 18:56:02 2025        0.31 cpu,        0.32 elapsed
 Aft DecCub           Fri May 23 18:56:02 2025        0.07 cpu,        0.07 elapsed
 Aft Density          Fri May 23 18:56:02 2025        0.00 cpu,        0.00 elapsed
 Bef DoCube           Fri May 23 18:56:02 2025        0.01 cpu,        0.00 elapsed
 There are a total of      214760 grid points.
 ElSum from          density=       67.9145410241
 Aft DoCube           Fri May 23 18:56:03 2025        0.93 cpu,        0.95 elapsed
 Will use up to     0 threads.
 Top CubeGen          Fri May 23 18:56:03 2025
 Aft UFChkP           Fri May 23 18:56:03 2025        0.27 cpu,        0.28 elapsed
 Aft DecCub           Fri May 23 18:56:03 2025        0.02 cpu,        0.01 elapsed
 Aft Density          Fri May 23 18:56:03 2025        0.00 cpu,        0.00 elapsed
 Bef DoCube           Fri May 23 18:56:04 2025        0.00 cpu,        0.00 elapsed
 There are a total of      214760 grid points.
 ElSum from          density=       94.3382153967
 Aft DoCube           Fri May 23 18:56:21 2025       17.69 cpu,       17.80 elapsed
  ✓ Successfully created cube files
------------------------------------------------
[7/13] Processing: 2003846667223680600001_r12_insertion_R_6_5_7_TS
  - Input file: ./ts_geometries/2003846667223680600001_r12_insertion_R_6_5_7/2003846667223680600001_r12_insertion_R_6_5_7_TS.gjf
  - Output directory: ./ts_orbital_results/2003846667223680600001_r12_insertion_R_6_5_7/2003846667223680600001_r12_insertion_R_6_5_7
  - Setting up calculation for: 2003846667223680600001_r12_insertion_R_6_5_7_TS
  - Running Gaussian calculation...
  - Gaussian calculation completed successfully
  - Generating formatted checkpoint and cube files
 Read checkpoint file 2003846667223680600001_r12_insertion_R_6_5_7_TS.chk type G16
 Write formatted file 2003846667223680600001_r12_insertion_R_6_5_7_TS.fchk
 Will use up to     0 threads.
 Top CubeGen          Fri May 23 18:56:53 2025
 Aft UFChkP           Fri May 23 18:56:53 2025        0.32 cpu,        0.33 elapsed
 Aft DecCub           Fri May 23 18:56:53 2025        0.03 cpu,        0.03 elapsed
 Aft Density          Fri May 23 18:56:53 2025        0.00 cpu,        0.00 elapsed
 Bef DoCube           Fri May 23 18:56:53 2025        0.00 cpu,        0.01 elapsed
 There are a total of      217616 grid points.
 ElSum from         orbitals=        0.5002102220
 Aft DoCube           Fri May 23 18:56:54 2025        0.46 cpu,        0.47 elapsed
 Will use up to     0 threads.
 Top CubeGen          Fri May 23 18:56:54 2025
 Aft UFChkP           Fri May 23 18:56:54 2025        0.32 cpu,        0.33 elapsed
 Aft DecCub           Fri May 23 18:56:54 2025        0.02 cpu,        0.03 elapsed
 Aft Density          Fri May 23 18:56:54 2025        0.00 cpu,        0.00 elapsed
 Bef DoCube           Fri May 23 18:56:54 2025        0.01 cpu,        0.00 elapsed
 There are a total of      217616 grid points.
 ElSum from         orbitals=        0.5007323496
 Aft DoCube           Fri May 23 18:56:54 2025        0.47 cpu,        0.47 elapsed
 Will use up to     0 threads.
 Top CubeGen          Fri May 23 18:56:54 2025
 Aft UFChkP           Fri May 23 18:56:55 2025        0.32 cpu,        0.33 elapsed
 Aft DecCub           Fri May 23 18:56:55 2025        0.08 cpu,        0.08 elapsed
 Aft Density          Fri May 23 18:56:55 2025        0.00 cpu,        0.00 elapsed
 Bef DoCube           Fri May 23 18:56:55 2025        0.00 cpu,        0.01 elapsed
 There are a total of      217616 grid points.
 ElSum from          density=       68.0081302711
 Aft DoCube           Fri May 23 18:56:56 2025        1.17 cpu,        1.19 elapsed
 Will use up to     0 threads.
 Top CubeGen          Fri May 23 18:56:56 2025
 Aft UFChkP           Fri May 23 18:56:56 2025        0.32 cpu,        0.33 elapsed
 Aft DecCub           Fri May 23 18:56:56 2025        0.02 cpu,        0.02 elapsed
 Aft Density          Fri May 23 18:56:56 2025        0.00 cpu,        0.00 elapsed
 Bef DoCube           Fri May 23 18:56:56 2025        0.00 cpu,        0.01 elapsed
 There are a total of      217616 grid points.
 ElSum from          density=       96.3898315933
 Aft DoCube           Fri May 23 18:57:15 2025       18.33 cpu,       18.44 elapsed
  ✓ Successfully created cube files
------------------------------------------------
[8/13] Processing: 2003846667223680600001_r12_insertion_R_9_1_10_TS
  - Input file: ./ts_geometries/2003846667223680600001_r12_insertion_R_9_1_10/2003846667223680600001_r12_insertion_R_9_1_10_TS.gjf
  - Output directory: ./ts_orbital_results/2003846667223680600001_r12_insertion_R_9_1_10/2003846667223680600001_r12_insertion_R_9_1_10
  - Setting up calculation for: 2003846667223680600001_r12_insertion_R_9_1_10_TS
  - Running Gaussian calculation...
  - Gaussian calculation completed successfully
  - Generating formatted checkpoint and cube files
 Read checkpoint file 2003846667223680600001_r12_insertion_R_9_1_10_TS.chk type G16
 Write formatted file 2003846667223680600001_r12_insertion_R_9_1_10_TS.fchk
 Will use up to     0 threads.
 Top CubeGen          Fri May 23 18:57:44 2025
 Aft UFChkP           Fri May 23 18:57:44 2025        0.31 cpu,        0.32 elapsed
 Aft DecCub           Fri May 23 18:57:44 2025        0.03 cpu,        0.03 elapsed
 Aft Density          Fri May 23 18:57:44 2025        0.00 cpu,        0.00 elapsed
 Bef DoCube           Fri May 23 18:57:44 2025        0.00 cpu,        0.00 elapsed
 There are a total of      219520 grid points.
 ElSum from         orbitals=        0.4997928487
 Aft DoCube           Fri May 23 18:57:45 2025        0.47 cpu,        0.47 elapsed
 Will use up to     0 threads.
 Top CubeGen          Fri May 23 18:57:45 2025
 Aft UFChkP           Fri May 23 18:57:45 2025        0.31 cpu,        0.32 elapsed
 Aft DecCub           Fri May 23 18:57:45 2025        0.03 cpu,        0.03 elapsed
 Aft Density          Fri May 23 18:57:45 2025        0.00 cpu,        0.00 elapsed
 Bef DoCube           Fri May 23 18:57:45 2025        0.01 cpu,        0.01 elapsed
 There are a total of      219520 grid points.
 ElSum from         orbitals=        0.4933850952
 Aft DoCube           Fri May 23 18:57:46 2025        0.44 cpu,        0.46 elapsed
 Will use up to     0 threads.
 Top CubeGen          Fri May 23 18:57:46 2025
 Aft UFChkP           Fri May 23 18:57:46 2025        0.32 cpu,        0.33 elapsed
 Aft DecCub           Fri May 23 18:57:46 2025        0.08 cpu,        0.08 elapsed
 Aft Density          Fri May 23 18:57:46 2025        0.00 cpu,        0.00 elapsed
 Bef DoCube           Fri May 23 18:57:46 2025        0.01 cpu,        0.01 elapsed
 There are a total of      219520 grid points.
 ElSum from          density=       67.9834834736
 Aft DoCube           Fri May 23 18:57:47 2025        1.07 cpu,        1.09 elapsed
 Will use up to     0 threads.
 Top CubeGen          Fri May 23 18:57:47 2025
 Aft UFChkP           Fri May 23 18:57:47 2025        0.31 cpu,        0.32 elapsed
 Aft DecCub           Fri May 23 18:57:47 2025        0.02 cpu,        0.02 elapsed
 Aft Density          Fri May 23 18:57:47 2025        0.00 cpu,        0.00 elapsed
 Bef DoCube           Fri May 23 18:57:47 2025        0.01 cpu,        0.01 elapsed
 There are a total of      219520 grid points.
 ElSum from          density=       95.9990315308
 Aft DoCube           Fri May 23 18:58:06 2025       18.32 cpu,       18.44 elapsed
  ✓ Successfully created cube files
------------------------------------------------
[9/13] Processing: 2003846667223680600001_r12_insertion_R_9_1_2_TS
  - Input file: ./ts_geometries/2003846667223680600001_r12_insertion_R_9_1_2/2003846667223680600001_r12_insertion_R_9_1_2_TS.gjf
  - Output directory: ./ts_orbital_results/2003846667223680600001_r12_insertion_R_9_1_2/2003846667223680600001_r12_insertion_R_9_1_2
  - Setting up calculation for: 2003846667223680600001_r12_insertion_R_9_1_2_TS
  - Running Gaussian calculation...
  - Gaussian calculation completed successfully
  - Generating formatted checkpoint and cube files
 Read checkpoint file 2003846667223680600001_r12_insertion_R_9_1_2_TS.chk type G16
 Write formatted file 2003846667223680600001_r12_insertion_R_9_1_2_TS.fchk
 Will use up to     0 threads.
 Top CubeGen          Fri May 23 18:58:36 2025
 Aft UFChkP           Fri May 23 18:58:36 2025        0.32 cpu,        0.33 elapsed
 Aft DecCub           Fri May 23 18:58:36 2025        0.02 cpu,        0.03 elapsed
 Aft Density          Fri May 23 18:58:36 2025        0.00 cpu,        0.00 elapsed
 Bef DoCube           Fri May 23 18:58:36 2025        0.01 cpu,        0.00 elapsed
 There are a total of      215784 grid points.
 ElSum from         orbitals=        0.5000050489
 Aft DoCube           Fri May 23 18:58:36 2025        0.44 cpu,        0.45 elapsed
 Will use up to     0 threads.
 Top CubeGen          Fri May 23 18:58:36 2025
 Aft UFChkP           Fri May 23 18:58:37 2025        0.33 cpu,        0.33 elapsed
 Aft DecCub           Fri May 23 18:58:37 2025        0.03 cpu,        0.03 elapsed
 Aft Density          Fri May 23 18:58:37 2025        0.00 cpu,        0.00 elapsed
 Bef DoCube           Fri May 23 18:58:37 2025        0.00 cpu,        0.01 elapsed
 There are a total of      215784 grid points.
 ElSum from         orbitals=        0.4988862869
 Aft DoCube           Fri May 23 18:58:37 2025        0.49 cpu,        0.51 elapsed
 Will use up to     0 threads.
 Top CubeGen          Fri May 23 18:58:37 2025
 Aft UFChkP           Fri May 23 18:58:38 2025        0.32 cpu,        0.33 elapsed
 Aft DecCub           Fri May 23 18:58:38 2025        0.08 cpu,        0.08 elapsed
 Aft Density          Fri May 23 18:58:38 2025        0.00 cpu,        0.00 elapsed
 Bef DoCube           Fri May 23 18:58:38 2025        0.00 cpu,        0.01 elapsed
 There are a total of      215784 grid points.
 ElSum from          density=       68.0331730589
 Aft DoCube           Fri May 23 18:58:39 2025        0.99 cpu,        1.00 elapsed
 Will use up to     0 threads.
 Top CubeGen          Fri May 23 18:58:39 2025
 Aft UFChkP           Fri May 23 18:58:39 2025        0.32 cpu,        0.33 elapsed
 Aft DecCub           Fri May 23 18:58:39 2025        0.02 cpu,        0.02 elapsed
 Aft Density          Fri May 23 18:58:39 2025        0.00 cpu,        0.00 elapsed
 Bef DoCube           Fri May 23 18:58:39 2025        0.01 cpu,        0.01 elapsed
 There are a total of      215784 grid points.
 ElSum from          density=       96.8870592005
 Aft DoCube           Fri May 23 18:58:56 2025       17.18 cpu,       17.27 elapsed
  ✓ Successfully created cube files
------------------------------------------------
[10/13] Processing: 2003846667223680600001_r13_insertion_ROR_1_2_5_6_TS
  - Input file: ./ts_geometries/2003846667223680600001_r13_insertion_ROR_1_2_5_6/2003846667223680600001_r13_insertion_ROR_1_2_5_6_TS.gjf
  - Output directory: ./ts_orbital_results/2003846667223680600001_r13_insertion_ROR_1_2_5_6/2003846667223680600001_r13_insertion_ROR_1_2_5_6
  - Setting up calculation for: 2003846667223680600001_r13_insertion_ROR_1_2_5_6_TS
  - Running Gaussian calculation...
  - Gaussian calculation completed successfully
  - Generating formatted checkpoint and cube files
 Read checkpoint file 2003846667223680600001_r13_insertion_ROR_1_2_5_6_TS.chk type G16
 Write formatted file 2003846667223680600001_r13_insertion_ROR_1_2_5_6_TS.fchk
 Will use up to     0 threads.
 Top CubeGen          Fri May 23 18:59:23 2025
 Aft UFChkP           Fri May 23 18:59:24 2025        0.33 cpu,        0.33 elapsed
 Aft DecCub           Fri May 23 18:59:24 2025        0.02 cpu,        0.03 elapsed
 Aft Density          Fri May 23 18:59:24 2025        0.01 cpu,        0.00 elapsed
 Bef DoCube           Fri May 23 18:59:24 2025        0.00 cpu,        0.01 elapsed
 There are a total of      214720 grid points.
 ElSum from         orbitals=        0.5026340071
 Aft DoCube           Fri May 23 18:59:24 2025        0.49 cpu,        0.50 elapsed
 Will use up to     0 threads.
 Top CubeGen          Fri May 23 18:59:24 2025
 Aft UFChkP           Fri May 23 18:59:24 2025        0.32 cpu,        0.33 elapsed
 Aft DecCub           Fri May 23 18:59:24 2025        0.03 cpu,        0.03 elapsed
 Aft Density          Fri May 23 18:59:24 2025        0.00 cpu,        0.00 elapsed
 Bef DoCube           Fri May 23 18:59:24 2025        0.00 cpu,        0.01 elapsed
 There are a total of      214720 grid points.
 ElSum from         orbitals=        0.4996381652
 Aft DoCube           Fri May 23 18:59:25 2025        0.47 cpu,        0.48 elapsed
 Will use up to     0 threads.
 Top CubeGen          Fri May 23 18:59:25 2025
 Aft UFChkP           Fri May 23 18:59:25 2025        0.32 cpu,        0.33 elapsed
 Aft DecCub           Fri May 23 18:59:25 2025        0.08 cpu,        0.08 elapsed
 Aft Density          Fri May 23 18:59:25 2025        0.00 cpu,        0.00 elapsed
 Bef DoCube           Fri May 23 18:59:25 2025        0.01 cpu,        0.01 elapsed
 There are a total of      214720 grid points.
 ElSum from          density=       68.1884329318
 Aft DoCube           Fri May 23 18:59:27 2025        1.28 cpu,        1.29 elapsed
 Will use up to     0 threads.
 Top CubeGen          Fri May 23 18:59:27 2025
 Aft UFChkP           Fri May 23 18:59:27 2025        0.32 cpu,        0.33 elapsed
 Aft DecCub           Fri May 23 18:59:27 2025        0.02 cpu,        0.02 elapsed
 Aft Density          Fri May 23 18:59:27 2025        0.00 cpu,        0.00 elapsed
 Bef DoCube           Fri May 23 18:59:27 2025        0.00 cpu,        0.01 elapsed
 There are a total of      214720 grid points.
 ElSum from          density=      100.0151284247
 Aft DoCube           Fri May 23 18:59:44 2025       17.27 cpu,       17.36 elapsed
  ✓ Successfully created cube files
------------------------------------------------
[11/13] Processing: 2003846667223680600001_r13_insertion_ROR_12_8_5_6_TS
  - Input file: ./ts_geometries/2003846667223680600001_r13_insertion_ROR_12_8_5_6/2003846667223680600001_r13_insertion_ROR_12_8_5_6_TS.gjf
  - Output directory: ./ts_orbital_results/2003846667223680600001_r13_insertion_ROR_12_8_5_6/2003846667223680600001_r13_insertion_ROR_12_8_5_6
  - Setting up calculation for: 2003846667223680600001_r13_insertion_ROR_12_8_5_6_TS
  - Running Gaussian calculation...
  - Gaussian calculation completed successfully
  - Generating formatted checkpoint and cube files
 Read checkpoint file 2003846667223680600001_r13_insertion_ROR_12_8_5_6_TS.chk type G16
 Write formatted file 2003846667223680600001_r13_insertion_ROR_12_8_5_6_TS.fchk
 Will use up to     0 threads.
 Top CubeGen          Fri May 23 19:00:15 2025
 Aft UFChkP           Fri May 23 19:00:16 2025        0.31 cpu,        0.32 elapsed
 Aft DecCub           Fri May 23 19:00:16 2025        0.03 cpu,        0.03 elapsed
 Aft Density          Fri May 23 19:00:16 2025        0.00 cpu,        0.00 elapsed
 Bef DoCube           Fri May 23 19:00:16 2025        0.00 cpu,        0.00 elapsed
 There are a total of      214760 grid points.
 ElSum from         orbitals=        0.5004952809
 Aft DoCube           Fri May 23 19:00:16 2025        0.44 cpu,        0.44 elapsed
 Will use up to     0 threads.
 Top CubeGen          Fri May 23 19:00:16 2025
 Aft UFChkP           Fri May 23 19:00:16 2025        0.31 cpu,        0.32 elapsed
 Aft DecCub           Fri May 23 19:00:17 2025        0.03 cpu,        0.03 elapsed
 Aft Density          Fri May 23 19:00:17 2025        0.00 cpu,        0.00 elapsed
 Bef DoCube           Fri May 23 19:00:17 2025        0.00 cpu,        0.00 elapsed
 There are a total of      214760 grid points.
 ElSum from         orbitals=        0.4981308359
 Aft DoCube           Fri May 23 19:00:17 2025        0.46 cpu,        0.46 elapsed
 Will use up to     0 threads.
 Top CubeGen          Fri May 23 19:00:17 2025
 Aft UFChkP           Fri May 23 19:00:17 2025        0.31 cpu,        0.32 elapsed
 Aft DecCub           Fri May 23 19:00:17 2025        0.09 cpu,        0.08 elapsed
 Aft Density          Fri May 23 19:00:17 2025        0.00 cpu,        0.00 elapsed
 Bef DoCube           Fri May 23 19:00:17 2025        0.00 cpu,        0.01 elapsed
 There are a total of      214760 grid points.
 ElSum from          density=       67.9830285247
 Aft DoCube           Fri May 23 19:00:18 2025        0.99 cpu,        1.01 elapsed
 Will use up to     0 threads.
 Top CubeGen          Fri May 23 19:00:18 2025
 Aft UFChkP           Fri May 23 19:00:19 2025        0.30 cpu,        0.32 elapsed
 Aft DecCub           Fri May 23 19:00:19 2025        0.03 cpu,        0.02 elapsed
 Aft Density          Fri May 23 19:00:19 2025        0.00 cpu,        0.00 elapsed
 Bef DoCube           Fri May 23 19:00:19 2025        0.00 cpu,        0.01 elapsed
 There are a total of      214760 grid points.
 ElSum from          density=       95.7712795450
 Aft DoCube           Fri May 23 19:00:36 2025       17.23 cpu,       17.32 elapsed
  ✓ Successfully created cube files
------------------------------------------------
[12/13] Processing: 2003846667223680600001_r13_insertion_ROR_3_2_5_6_TS
  - Input file: ./ts_geometries/2003846667223680600001_r13_insertion_ROR_3_2_5_6/2003846667223680600001_r13_insertion_ROR_3_2_5_6_TS.gjf
  - Output directory: ./ts_orbital_results/2003846667223680600001_r13_insertion_ROR_3_2_5_6/2003846667223680600001_r13_insertion_ROR_3_2_5_6
  - Setting up calculation for: 2003846667223680600001_r13_insertion_ROR_3_2_5_6_TS
  - Running Gaussian calculation...
  - Gaussian calculation completed successfully
  - Generating formatted checkpoint and cube files
 Read checkpoint file 2003846667223680600001_r13_insertion_ROR_3_2_5_6_TS.chk type G16
 Write formatted file 2003846667223680600001_r13_insertion_ROR_3_2_5_6_TS.fchk
 Will use up to     0 threads.
 Top CubeGen          Fri May 23 19:01:09 2025
 Aft UFChkP           Fri May 23 19:01:10 2025        0.32 cpu,        0.32 elapsed
 Aft DecCub           Fri May 23 19:01:10 2025        0.02 cpu,        0.03 elapsed
 Aft Density          Fri May 23 19:01:10 2025        0.00 cpu,        0.00 elapsed
 Bef DoCube           Fri May 23 19:01:10 2025        0.01 cpu,        0.00 elapsed
 There are a total of      218064 grid points.
 ElSum from         orbitals=        0.5004596252
 Aft DoCube           Fri May 23 19:01:10 2025        0.44 cpu,        0.45 elapsed
 Will use up to     0 threads.
 Top CubeGen          Fri May 23 19:01:10 2025
 Aft UFChkP           Fri May 23 19:01:11 2025        0.30 cpu,        0.30 elapsed
 Aft DecCub           Fri May 23 19:01:11 2025        0.02 cpu,        0.02 elapsed
 Aft Density          Fri May 23 19:01:11 2025        0.00 cpu,        0.00 elapsed
 Bef DoCube           Fri May 23 19:01:11 2025        0.00 cpu,        0.00 elapsed
 There are a total of      218064 grid points.
 ElSum from         orbitals=        0.5002852510
 Aft DoCube           Fri May 23 19:01:11 2025        0.53 cpu,        0.54 elapsed
 Will use up to     0 threads.
 Top CubeGen          Fri May 23 19:01:11 2025
 Aft UFChkP           Fri May 23 19:01:11 2025        0.32 cpu,        0.33 elapsed
 Aft DecCub           Fri May 23 19:01:12 2025        0.09 cpu,        0.08 elapsed
 Aft Density          Fri May 23 19:01:12 2025        0.00 cpu,        0.00 elapsed
 Bef DoCube           Fri May 23 19:01:12 2025        0.00 cpu,        0.01 elapsed
 There are a total of      218064 grid points.
 ElSum from          density=       67.8160785797
 Aft DoCube           Fri May 23 19:01:13 2025        1.17 cpu,        1.21 elapsed
 Will use up to     0 threads.
 Top CubeGen          Fri May 23 19:01:13 2025
 Aft UFChkP           Fri May 23 19:01:13 2025        0.33 cpu,        0.34 elapsed
 Aft DecCub           Fri May 23 19:01:13 2025        0.02 cpu,        0.02 elapsed
 Aft Density          Fri May 23 19:01:13 2025        0.00 cpu,        0.00 elapsed
 Bef DoCube           Fri May 23 19:01:13 2025        0.00 cpu,        0.01 elapsed
 There are a total of      218064 grid points.
 ElSum from          density=       93.1204317890
 Aft DoCube           Fri May 23 19:01:32 2025       18.50 cpu,       18.62 elapsed
  ✓ Successfully created cube files
------------------------------------------------
[13/13] Processing: 2003846667223680600001_r13_insertion_RSR_9_1_2_5_TS
  - Input file: ./ts_geometries/2003846667223680600001_r13_insertion_RSR_9_1_2_5/2003846667223680600001_r13_insertion_RSR_9_1_2_5_TS.gjf
  - Output directory: ./ts_orbital_results/2003846667223680600001_r13_insertion_RSR_9_1_2_5/2003846667223680600001_r13_insertion_RSR_9_1_2_5
  - Setting up calculation for: 2003846667223680600001_r13_insertion_RSR_9_1_2_5_TS
  - Running Gaussian calculation...
  - Gaussian calculation completed successfully
  - Generating formatted checkpoint and cube files
 Read checkpoint file 2003846667223680600001_r13_insertion_RSR_9_1_2_5_TS.chk type G16
 Write formatted file 2003846667223680600001_r13_insertion_RSR_9_1_2_5_TS.fchk
 Will use up to     0 threads.
 Top CubeGen          Fri May 23 19:02:02 2025
 Aft UFChkP           Fri May 23 19:02:02 2025        0.31 cpu,        0.32 elapsed
 Aft DecCub           Fri May 23 19:02:02 2025        0.02 cpu,        0.03 elapsed
 Aft Density          Fri May 23 19:02:02 2025        0.01 cpu,        0.00 elapsed
 Bef DoCube           Fri May 23 19:02:02 2025        0.00 cpu,        0.00 elapsed
 There are a total of      214368 grid points.
 ElSum from         orbitals=        0.4999874825
 Aft DoCube           Fri May 23 19:02:03 2025        0.43 cpu,        0.44 elapsed
 Will use up to     0 threads.
 Top CubeGen          Fri May 23 19:02:03 2025
 Aft UFChkP           Fri May 23 19:02:03 2025        0.31 cpu,        0.33 elapsed
 Aft DecCub           Fri May 23 19:02:03 2025        0.03 cpu,        0.03 elapsed
 Aft Density          Fri May 23 19:02:03 2025        0.00 cpu,        0.00 elapsed
 Bef DoCube           Fri May 23 19:02:03 2025        0.00 cpu,        0.01 elapsed
 There are a total of      214368 grid points.
 ElSum from         orbitals=        0.4982672547
 Aft DoCube           Fri May 23 19:02:03 2025        0.45 cpu,        0.45 elapsed
 Will use up to     0 threads.
 Top CubeGen          Fri May 23 19:02:03 2025
 Aft UFChkP           Fri May 23 19:02:04 2025        0.30 cpu,        0.31 elapsed
 Aft DecCub           Fri May 23 19:02:04 2025        0.08 cpu,        0.08 elapsed
 Aft Density          Fri May 23 19:02:04 2025        0.00 cpu,        0.00 elapsed
 Bef DoCube           Fri May 23 19:02:04 2025        0.00 cpu,        0.01 elapsed
 There are a total of      214368 grid points.
 ElSum from          density=       67.9325234478
 Aft DoCube           Fri May 23 19:02:05 2025        1.03 cpu,        1.04 elapsed
 Will use up to     0 threads.
 Top CubeGen          Fri May 23 19:02:05 2025
 Aft UFChkP           Fri May 23 19:02:05 2025        0.32 cpu,        0.32 elapsed
 Aft DecCub           Fri May 23 19:02:05 2025        0.01 cpu,        0.02 elapsed
 Aft Density          Fri May 23 19:02:05 2025        0.01 cpu,        0.00 elapsed
 Bef DoCube           Fri May 23 19:02:05 2025        0.00 cpu,        0.01 elapsed
 There are a total of      214368 grid points.
 ElSum from          density=       95.0944642167
 Aft DoCube           Fri May 23 19:02:23 2025       17.64 cpu,       17.78 elapsed
  ✓ Successfully created cube files
------------------------------------------------
Orbital calculations completed
Summary:
  - Total input files: 13
  - Successfully processed: 13
  - Failed: 0
  - Skipped (already existed): 0

Number of completed calculations: 13
Number of cube files generated: 52
Results were generated in the following locations:
./ts_orbital_results/2003846667223680600001_r12_insertion_R_2_1_9
./ts_orbital_results/2003846667223680600001_r12_insertion_R_2_1_9/2003846667223680600001_r12_insertion_R_2_1_9
./ts_orbital_results/2003846667223680600001_r12_insertion_R_2_5_6
./ts_orbital_results/2003846667223680600001_r12_insertion_R_2_5_6/2003846667223680600001_r12_insertion_R_2_5_6
./ts_orbital_results/2003846667223680600001_r12_insertion_R_3_2_1
./ts_orbital_results/2003846667223680600001_r12_insertion_R_3_2_1/2003846667223680600001_r12_insertion_R_3_2_1
./ts_orbital_results/2003846667223680600001_r12_insertion_R_3_2_5
./ts_orbital_results/2003846667223680600001_r12_insertion_R_3_2_5/2003846667223680600001_r12_insertion_R_3_2_5
./ts_orbital_results/2003846667223680600001_r12_insertion_R_5_2_1
./ts_orbital_results/2003846667223680600001_r12_insertion_R_5_2_1/2003846667223680600001_r12_insertion_R_5_2_1
... and 16 more directories
Job completed
Job ID           : 10113586
Cluster          : spartan
User/Project     : akhalilov/punim0131
Nodes            : 1
Wall-clock time  : 00:11:14 / 1-00:00:00

Displaying overall resources usage from 2025-05-23 18:51:09 to 2025-05-23 19:02:23:

NODE            CPU#        TOT%   ( USR   / SYS   / WIO   / IDLE  ) 

spartan-bm137 : 
                CPU# 1    : 66.7   (  65.7 /   1.0 /   0.0 /  33.3 ) 
                CPU# 2    : 70.0   (  68.7 /   1.4 /   0.0 /  29.9 ) 
                CPU# 3    : 58.3   (  57.2 /   1.1 /   0.0 /  41.7 ) 
                CPU# 4    : 56.2   (  55.3 /   0.9 /   0.0 /  43.8 ) 


Allocated CPUs            : 4    
  CPUs with usage <25%    : 0    
  CPUs with usage <50%    : 0    
  CPUs with usage >50%    : 4    

Memory used (RAM)         : 10.4%  [891MB of 8590MB]

--------------------------------------------

