     Step     Time          Energy         fmax         cmax       rtrust          rho
Sella   0 07:28:33       11.163974       1.0682       0.2674       1.7000       1.0000
Sella   1 07:28:35       12.218705       4.2902       0.1821       0.7828      -0.5720
Sella   2 07:28:36        9.979297       0.8391       0.0776       0.7828       0.6848
Sella   3 07:28:37       10.240560       0.3904       0.0033       0.7828       4.3182
Sella   4 07:28:38       10.276749       0.2255       0.0009       0.0660      -2.5587
Sella   5 07:28:39       10.330685       0.1644       0.0006       0.0594      -3.1903
Sella   6 07:28:40       10.415369       0.1231       0.0006       0.0534      -7.3132
Sella   7 07:28:41       10.505642       0.0886       0.0006       0.0481     -12.4724
Sella   8 07:28:42       10.601313       0.0566       0.0007       0.0433     -23.8523
Sella   9 07:28:43       10.697699       0.0555       0.0006       0.0389     -52.6833
Sella  10 07:28:44       10.783294       0.0526       0.0004       0.0351     -35.4738
Sella  11 07:28:45       10.850052       0.0329       0.0002       0.0315     -25.9330
Sella  12 07:28:46       10.916034       0.0310       0.0002       0.0284     -39.8356
Sella  13 07:28:47       10.972961       0.0268       0.0001       0.0256     -44.0008
Sella  14 07:28:48       11.015174       0.0247       0.0001       0.0230     -39.0528
Sella  15 07:28:49       11.043820       0.0221       0.0001       0.0207     -35.8128
Sella  16 07:28:50       11.063746       0.0181       0.0001       0.0186     -40.0904
Sella  17 07:28:51       11.057290       0.0121       0.0000       0.0186      21.2189
Sella  18 07:28:52       11.058055       0.0102       0.0000       0.0168      -4.8502
Sella  19 07:28:53       11.021588       0.0140       0.0001       0.0151    1110.8351
Sella  20 07:28:54       11.025871       0.0094       0.0000       0.0066     -89.0362
Sella  21 07:28:55       11.021454       0.0087       0.0000       0.0059     173.9272
Sella  22 07:28:56       11.017682       0.0075       0.0000       0.0032     260.1274
Sella  23 07:28:57       11.013077       0.0040       0.0000       0.0029     280.8770
Sella  24 07:28:58       11.007529       0.0040       0.0000       0.0026     461.9935
Sella  25 07:28:59       11.002027       0.0036       0.0000       0.0023     791.7519
Sella  26 07:29:00       10.996947       0.0024       0.0000       0.0021     905.5628
Sella  27 07:29:01       10.992635       0.0009       0.0000       0.0019    1263.5398
Sella  28 07:29:01       10.988703       0.0008       0.0000       0.0017    5658.7596
Sella  29 07:29:02       10.987563       0.0008       0.0000       0.0006   -1142.2999
Sella  30 07:29:03       10.986782       0.0008       0.0000       0.0005    1720.2497
Sella  31 07:29:04       10.986420       0.0007       0.0000       0.0005     557.1716
Sella  32 07:29:06       10.986246       0.0007       0.0000       0.0004     278.3503
Sella  33 07:29:07       10.986186       0.0007       0.0000       0.0004     107.7838
Sella  34 07:29:07       10.986179       0.0007       0.0000       0.0004      13.8994
Sella  35 07:29:08       10.986203       0.0007       0.0000       0.0003     -46.1286
Sella  36 07:29:09       10.986241       0.0007       0.0000       0.0003     -82.9975
Sella  37 07:29:10       10.986283       0.0007       0.0000       0.0003    -101.8154
Sella  38 07:29:11       10.986319       0.0007       0.0000       0.0002     -99.0397
Sella  39 07:29:12       10.986349       0.0007       0.0000       0.0002     -90.5810
Sella  40 07:29:13       10.986371       0.0007       0.0000       0.0002     -76.9616
Sella  41 07:29:14       10.986387       0.0007       0.0000       0.0002     -58.9749
Sella  42 07:29:15       10.986397       0.0007       0.0000       0.0002     -43.6030
Sella  43 07:29:16       10.986405       0.0007       0.0000       0.0001     -34.3234
Sella  44 07:29:17       10.986409       0.0007       0.0000       0.0001     -23.5592
Sella  45 07:29:18       10.986412       0.0007       0.0000       0.0001     -16.3381
Sella  46 07:29:19       10.986414       0.0007       0.0000       0.0001     -10.8362
Sella  47 07:29:20       10.986415       0.0007       0.0000       0.0001      -4.3953
Sella  48 07:29:21       10.986415       0.0007       0.0000       0.0001       0.1149
Sella  49 07:29:22       10.986414       0.0007       0.0000       0.0001       3.7684
Sella  50 07:29:23       10.986413       0.0007       0.0000       0.0001       7.6370
Sella  51 07:29:24       10.986412       0.0007       0.0000       0.0001      10.2151
Sella  52 07:29:25       10.986409       0.0007       0.0000       0.0001      16.6129
Sella  53 07:29:26       10.986407       0.0007       0.0000       0.0001      21.7303
Sella  54 07:29:27       10.986403       0.0007       0.0000       0.0001      25.4017
Sella  55 07:29:28       10.986399       0.0007       0.0000       0.0001      32.0437
Sella  56 07:29:29       10.986394       0.0007       0.0000       0.0001      35.4770
Sella  57 07:29:30       10.986389       0.0007       0.0000       0.0001      38.3231
Sella  58 07:29:31       10.986384       0.0007       0.0000       0.0001      43.2109
Sella  59 07:29:32       10.986377       0.0007       0.0000       0.0001      48.2612
Sella  60 07:29:33       10.986370       0.0007       0.0000       0.0001      51.6453
Sella  61 07:29:34       10.986363       0.0007       0.0000       0.0001      55.7687
Sella  62 07:29:35       10.986355       0.0007       0.0000       0.0001      59.2281
Sella  63 07:29:36       10.986347       0.0007       0.0000       0.0001      63.9678
Sella  64 07:29:37       10.986338       0.0007       0.0000       0.0001      68.5707
Sella  65 07:29:38       10.986329       0.0007       0.0000       0.0001      72.0350
Sella  66 07:29:39       10.986319       0.0007       0.0000       0.0001      76.2894
Sella  67 07:29:40       10.986308       0.0007       0.0000       0.0001      80.2616
Sella  68 07:29:41       10.986297       0.0007       0.0000       0.0001      84.2930
Sella  69 07:29:42       10.986286       0.0007       0.0000       0.0001      89.0885
Sella  70 07:29:43       10.986274       0.0007       0.0000       0.0001      92.1347
Sella  71 07:29:44       10.986262       0.0007       0.0000       0.0001      95.4338
Sella  72 07:29:45       10.986249       0.0007       0.0000       0.0001      96.7052
Sella  73 07:29:46       10.986236       0.0007       0.0000       0.0001      99.8075
Sella  74 07:29:47       10.986223       0.0007       0.0000       0.0001     108.1689
Sella  75 07:29:48       10.986208       0.0007       0.0000       0.0001     110.2113
Sella  76 07:29:49       10.986194       0.0007       0.0000       0.0001     114.3077
Sella  77 07:29:50       10.986179       0.0007       0.0000       0.0001     117.4176
Sella  78 07:29:51       10.986163       0.0007       0.0000       0.0001     120.5616
Sella  79 07:29:52       10.986148       0.0007       0.0000       0.0001     123.7899
Sella  80 07:29:53       10.986132       0.0007       0.0000       0.0001     127.4087
Sella  81 07:29:54       10.986115       0.0007       0.0000       0.0001     130.8406
Sella  82 07:29:55       10.986098       0.0007       0.0000       0.0001     132.2688
Sella  83 07:29:56       10.986081       0.0007       0.0000       0.0001     137.4010
Sella  84 07:29:57       10.986063       0.0007       0.0000       0.0001     141.9177
Sella  85 07:29:57       10.986045       0.0007       0.0000       0.0001     143.1098
Sella  86 07:29:58       10.986027       0.0007       0.0000       0.0001     147.3080
Sella  87 07:29:59       10.986008       0.0006       0.0000       0.0001     148.9483
Sella  88 07:30:00       10.985989       0.0006       0.0000       0.0001     152.8200
Sella  89 07:30:01       10.985970       0.0006       0.0000       0.0001     153.2304
Sella  90 07:30:03       10.985950       0.0006       0.0000       0.0001     158.9603
Sella  91 07:30:04       10.985929       0.0006       0.0000       0.0001     163.2634
Sella  92 07:30:05       10.985909       0.0006       0.0000       0.0001     163.7170
Sella  93 07:30:05       10.985888       0.0006       0.0000       0.0001     168.7935
Sella  94 07:30:06       10.985867       0.0006       0.0000       0.0001     170.3690
Sella  95 07:30:07       10.985846       0.0006       0.0000       0.0001     172.4084
Sella  96 07:30:08       10.985824       0.0006       0.0000       0.0001     176.9476
Sella  97 07:30:09       10.985802       0.0006       0.0000       0.0001     178.3643
Sella  98 07:30:10       10.985780       0.0006       0.0000       0.0001     176.8720
Sella  99 07:30:11       10.985757       0.0006       0.0000       0.0001     183.8656
Sella 100 07:30:12       10.985734       0.0006       0.0000       0.0001     189.0089
