     Step     Time          Energy         fmax         cmax       rtrust          rho
Sella   0 05:12:32       79.713921       0.9118       3.0327       1.4000       1.0000
Sella   1 05:12:33       83.799073       3.7594       0.8009       1.4000       4.0524
Sella   2 05:12:35       68.608547       1.0702       2.9462       1.4000       3.2262
Sella   3 05:12:36       71.194246       2.0728       3.0089       1.6100       0.9748
Sella   4 05:12:37       73.499407       1.7046       2.8772       1.6100       0.1157
Sella   5 05:12:38       73.268520       4.0576       2.1914       1.4490      -0.0518
Sella   6 05:12:39       79.498538       3.9729       1.1308       0.8390      -2.2481
Sella   7 05:12:40       80.585506       4.2123       2.7845       0.5886      -0.3325
Sella   8 05:12:41       81.243200       4.0622       0.7870       0.5886       0.2951
Sella   9 05:12:41       80.702285       4.1209       2.7304       0.5886       0.1597
Sella  10 05:12:42       82.277857       3.9763       0.6144       0.5886       0.5379
Sella  11 05:12:44       79.983106       3.9601       2.4884       0.5886       0.7230
Sella  12 05:12:45       82.060342       3.8558       0.5270       0.5886       0.8111
Sella  13 05:12:45       79.046716       3.8539       2.4518       0.5886       0.9374
Sella  14 05:12:46       81.642779       3.8290       0.5122       0.5886       0.8363
Sella  15 05:12:47       78.557200       3.7446       2.4730       0.5886       0.9008
Sella  16 05:12:48       81.396639       3.7959       0.5108       0.5886       0.8298
Sella  17 05:12:49       78.336582       3.6273       2.4982       0.5886       0.8478
Sella  18 05:12:50       81.301183       3.7530       0.5117       0.5886       0.8168
Sella  19 05:12:51       78.222888       3.5088       2.5171       0.5886       0.8233
Sella  20 05:12:52       81.286901       3.7033       0.5132       0.5886       0.8106
Sella  21 05:12:53       78.153759       3.3934       2.5296       0.5886       0.8214
Sella  22 05:12:53       81.318124       3.9135       0.5149       0.5886       0.8161
Sella  23 05:12:55       78.114999       3.2830       2.5378       0.5886       0.8356
Sella  24 05:12:55       81.382548       4.2703       0.5166       0.5886       0.8344
Sella  25 05:12:56       78.108865       3.1799       2.5436       0.5886       0.8637
Sella  26 05:12:57       81.477412       4.4931       0.5185       0.5886       0.8662
Sella  27 05:12:58       78.141378       3.1110       2.5481       0.5886       0.9063
Sella  28 05:12:59       81.603011       4.5736       0.5203       0.5886       0.9129
Sella  29 05:13:00       78.218925       3.0448       2.5518       0.5886       0.9641
Sella  30 05:13:01       81.761001       4.5232       0.5220       0.6768       0.9753
Sella  31 05:13:02       78.110159       2.9423       2.6214       0.6768       1.0989
Sella  32 05:13:02       80.905062       3.3932       0.5971       0.6768       0.7732
Sella  33 05:13:03       79.146943       2.9302       2.7129       0.6768       0.5091
Sella  34 05:13:04       82.478110       2.9038       0.5646       0.6768       0.5945
Sella  35 05:13:05       79.371664       2.8572       2.0724       0.6768       8.3101
Sella  36 05:13:06       83.650103       9.3911       0.6356       0.4055     -26.7099
Sella  37 05:13:07       86.040622       3.9236       0.5692       0.4055       0.2895
Sella  38 05:13:08       90.080886       7.3158       0.5947       0.3650      -7.2088
Sella  39 05:13:09       85.912358       4.0948       0.5857       0.3650       0.7918
Sella  40 05:13:10       85.199225       2.6868       0.5789       0.3285      -0.2972
Sella  41 05:13:11       82.383776       5.9163       0.5175       0.3285       1.8565
Sella  42 05:13:12       80.561652       3.3156       2.8750       0.3285       0.3851
Sella  43 05:13:12       82.259470       5.9394       0.4942       0.3285       0.7338
Sella  44 05:13:13       80.651896       3.7808       2.9979       0.3285       0.5640
Sella  45 05:13:14       79.514796       2.6046       2.9086       0.3285       1.3728
Sella  46 05:13:15       80.469406       3.2715       2.7703       0.3285       0.6541
Sella  47 05:13:16       82.160357       5.9617       0.4945       0.3285       0.8186
Sella  48 05:13:17       80.930726       4.4694       3.1575       0.3285       0.3692
Sella  49 05:13:18       83.951306       9.7677       0.8200       0.3285       1.2393
Sella  50 05:13:19       87.666185       2.4327       0.6628       0.3285       0.6802
Sella  51 05:13:20       88.965376       2.5099       0.5938       0.2956      -0.8831
Sella  52 05:13:21       95.969994      17.8788       0.5886       0.2956       1.5137
Sella  53 05:13:21       88.922214       2.5932       0.5886       0.2956       0.9634
Sella  54 05:13:22       95.612699      17.2487       0.5933       0.2956       0.9475
Sella  55 05:13:23       88.900872       2.7080       0.5918       0.2956       0.9647
Sella  56 05:13:24       95.241729      16.3152       0.6051       0.2956       0.9433
Sella  57 05:13:25       88.891489       2.8150       0.6019       0.2956       0.9642
Sella  58 05:13:26       87.851406       2.3697       0.6091       0.2661      -1.4120
Sella  59 05:13:27       88.519935       2.9008       0.6130       0.2661       0.6040
Sella  60 05:13:27       87.824023       2.2919       0.6141       0.2661       0.7649
Sella  61 05:13:29       87.590968       2.7487       0.6177       0.2395      -0.2930
Sella  62 05:13:30       87.689031       2.1391       0.6204       0.2395       0.2339
Sella  63 05:13:31       87.516263       2.3336       0.6135       0.2395       0.5231
Sella  64 05:13:31       86.131804       7.4027       0.5881       0.2395       1.9212
Sella  65 05:13:32       84.528045       5.4857       2.7295       0.2395       0.5626
Sella  66 05:13:33       86.061925       7.7192       0.5826       0.2395       1.0619
Sella  67 05:13:34       84.418233       5.5777       2.7184       0.2395       1.0913
Sella  68 05:13:35       86.009040       7.8993       0.5745       0.2395       1.0739
Sella  69 05:13:36       84.335382       5.6702       2.7179       0.2395       1.0887
Sella  70 05:13:37       85.978170       8.0276       0.5661       0.2395       1.0770
Sella  71 05:13:38       84.280201       5.7559       2.7199       0.2395       1.0795
Sella  72 05:13:38       85.968653       8.1293       0.5582       0.2395       1.0777
Sella  73 05:13:40       84.250425       5.8328       2.7225       0.2395       1.0699
Sella  74 05:13:40       85.978395       8.2115       0.5511       0.2395       1.0777
Sella  75 05:13:41       84.243212       5.9000       2.7251       0.2395       1.0613
Sella  76 05:13:42       86.005045       8.2768       0.5447       0.2395       1.0775
Sella  77 05:13:43       84.255758       5.9574       2.7276       0.2395       1.0538
Sella  78 05:13:44       86.046332       8.3265       0.5389       0.2395       1.0772
Sella  79 05:13:45       84.285438       6.0049       2.7301       0.2395       1.0473
Sella  80 05:13:46       86.100155       8.3618       0.5338       0.2395       1.0768
Sella  81 05:13:46       84.329843       6.0426       2.7325       0.2395       1.0417
Sella  82 05:13:47       86.164601       8.3841       0.5292       0.2395       1.0764
Sella  83 05:13:48       84.386778       6.0707       2.7348       0.2395       1.0368
Sella  84 05:13:49       86.237936       8.3946       0.5251       0.2395       1.0759
Sella  85 05:13:50       84.454248       6.0896       2.7370       0.2754       1.0326
Sella  86 05:13:51       86.645972       8.1495       0.5240       0.2754       1.0452
Sella  87 05:13:52       84.579184       6.0372       2.6883       0.2754       1.0862
Sella  88 05:13:53       86.780391       8.2726       0.5280       0.2754       1.1675
Sella  89 05:13:54       84.700128       6.0142       2.6804       0.2754       1.1085
Sella  90 05:13:54       86.902666       8.2543       0.5267       0.2754       1.1702
Sella  91 05:13:55       84.826879       5.9873       2.6813       0.2754       1.1084
Sella  92 05:13:56       87.027317       8.2008       0.5244       0.2754       1.1690
Sella  93 05:13:57       84.959572       5.9510       2.6840       0.2754       1.1040
Sella  94 05:13:58       87.155406       8.1380       0.5221       0.2754       1.1669
Sella  95 05:13:59       85.096251       5.9053       2.6868       0.2754       1.0993
Sella  96 05:14:00       87.285564       8.0721       0.5200       0.2754       1.1642
Sella  97 05:14:01       85.234829       5.8514       2.6897       0.2754       1.0948
Sella  98 05:14:01       87.416198       8.0050       0.5180       0.2754       1.1610
Sella  99 05:14:02       85.373467       5.7906       2.6925       0.2754       1.0908
Sella 100 05:14:03       87.545886       7.9381       0.5163       0.2754       1.1575
