     Step     Time          Energy         fmax         cmax       rtrust          rho
Sella   0 07:31:41       78.428334       0.9570       0.0578       1.5000       1.0000
Sella   1 07:31:43       80.426219       5.3931       0.1510       0.7059      -1.6260
Sella   2 07:31:44       78.567755       1.4398       0.1279       0.7059       0.5212
Sella   3 07:31:45       77.354537       1.0777       0.0210       0.7059       1.4905
Sella   4 07:31:45       77.616703       0.6202       0.0090       0.1592      -1.4521
Sella   5 07:31:46       78.147488       0.1582       0.0015       0.0515     -35.6811
Sella   6 07:31:47       78.245386       0.1340       0.0005       0.0447     -13.1289
Sella   7 07:31:48       78.248446       0.1284       0.0004       0.0402      -0.3983
Sella   8 07:31:49       78.248998       0.1083       0.0003       0.0362      -0.0813
Sella   9 07:31:50       78.243656       0.0968       0.0003       0.0362       1.1500
Sella  10 07:31:51       78.239900       0.0836       0.0003       0.0362       0.8195
Sella  11 07:31:52       78.235373       0.0756       0.0003       0.0416       1.0114
Sella  12 07:31:52       78.230266       0.0704       0.0004       0.0416       1.0358
Sella  13 07:31:53       78.225776       0.0668       0.0004       0.0478       0.9953
Sella  14 07:31:54       78.220482       0.0637       0.0005       0.0478       1.0603
Sella  15 07:31:55       78.215416       0.0596       0.0005       0.0478       1.1009
Sella  16 07:31:56       78.210484       0.0559       0.0005       0.0478       1.1346
Sella  17 07:31:57       78.205859       0.0520       0.0005       0.0478       1.1330
Sella  18 07:31:58       78.201718       0.0482       0.0005       0.0478       1.0929
Sella  19 07:31:59       78.198118       0.0443       0.0005       0.0478       1.0398
Sella  20 07:31:59       78.195072       0.0403       0.0005       0.0550       0.9793
Sella  21 07:32:00       78.191205       0.0357       0.0006       0.0550       1.1848
Sella  22 07:32:01       78.189016       0.0296       0.0007       0.0550       0.8402
Sella  23 07:32:02       78.187415       0.0241       0.0007       0.0550       0.7827
Sella  24 07:32:03       78.186424       0.0182       0.0007       0.0550       0.6678
Sella  25 07:32:04       78.185981       0.0118       0.0007       0.0550       0.4938
Sella  26 07:32:05       78.186187       0.0078       0.0007       0.0482      -0.7713
Sella  27 07:32:06       78.187707       0.0057       0.0000       0.0482       3.5084
Sella  28 07:32:07       78.187640       0.0054       0.0000       0.0482       4.3754
Sella  29 07:32:08       78.187518       0.0032       0.0000       0.0482      10.3197
Sella  30 07:32:08       78.187610       0.0020       0.0000       0.0016     -58.1279
Sella  31 07:32:09       78.187662       0.0011       0.0000       0.0015     -23.4576
Sella  32 07:32:10       78.187693       0.0007       0.0000       0.0015      95.1451
Sella  33 07:32:11       78.187694       0.0004       0.0000       0.0015       8.5507
Sella  34 07:32:12       78.187694       0.0004       0.0000       0.0015       3.2305
Sella  35 07:32:13       78.187694       0.0005       0.0000       0.0015       1.0906
Sella  36 07:32:14       78.187691       0.0009       0.0000       0.0015       1.5258
Sella  37 07:32:15       78.187688       0.0008       0.0000       0.0015       1.9072
Sella  38 07:32:15       78.187686       0.0006       0.0000       0.0015       1.4007
Sella  39 07:32:16       78.187685       0.0007       0.0000       0.0015       0.7754
Sella  40 07:32:17       78.187683       0.0008       0.0000       0.0015       0.9433
Sella  41 07:32:18       78.187682       0.0007       0.0000       0.0015       0.9311
Sella  42 07:32:19       78.187679       0.0009       0.0000       0.0017       1.0072
Sella  43 07:32:20       78.187676       0.0009       0.0000       0.0017       1.1538
Sella  44 07:32:21       78.187673       0.0010       0.0000       0.0020       1.0071
Sella  45 07:32:21       78.187668       0.0010       0.0000       0.0020       1.1652
Sella  46 07:32:22       78.187664       0.0012       0.0000       0.0023       1.0179
Sella  47 07:32:23       78.187658       0.0012       0.0000       0.0023       1.1795
Sella  48 07:32:24       78.187652       0.0013       0.0000       0.0026       1.0185
Sella  49 07:32:25       78.187644       0.0014       0.0000       0.0026       1.1776
Sella  50 07:32:26       78.187637       0.0016       0.0000       0.0030       1.0048
Sella  51 07:32:27       78.187625       0.0017       0.0000       0.0030       1.1688
Sella  52 07:32:28       78.187616       0.0018       0.0000       0.0034       0.9983
Sella  53 07:32:29       78.187600       0.0020       0.0000       0.0034       1.1667
Sella  54 07:32:29       78.187587       0.0021       0.0000       0.0039       0.9993
Sella  55 07:32:30       78.187566       0.0023       0.0000       0.0039       1.1668
Sella  56 07:32:31       78.187550       0.0024       0.0000       0.0045       1.0020
Sella  57 07:32:32       78.187522       0.0026       0.0000       0.0045       1.1674
Sella  58 07:32:33       78.187500       0.0028       0.0000       0.0052       1.0022
Sella  59 07:32:34       78.187463       0.0030       0.0000       0.0052       1.1658
Sella  60 07:32:35       78.187433       0.0033       0.0000       0.0060       1.0015
Sella  61 07:32:36       78.187384       0.0035       0.0000       0.0060       1.1649
Sella  62 07:32:36       78.187345       0.0038       0.0000       0.0069       1.0011
Sella  63 07:32:37       78.187279       0.0040       0.0000       0.0069       1.1645
Sella  64 07:32:38       78.187228       0.0043       0.0000       0.0079       1.0014
Sella  65 07:32:39       78.187141       0.0046       0.0000       0.0079       1.1641
Sella  66 07:32:40       78.187073       0.0050       0.0000       0.0091       1.0020
Sella  67 07:32:41       78.186959       0.0053       0.0000       0.0091       1.1643
Sella  68 07:32:42       78.186868       0.0057       0.0000       0.0105       1.0022
Sella  69 07:32:43       78.186717       0.0061       0.0000       0.0105       1.1644
Sella  70 07:32:44       78.186598       0.0065       0.0000       0.0120       1.0029
Sella  71 07:32:44       78.186400       0.0069       0.0000       0.0120       1.1651
Sella  72 07:32:45       78.186243       0.0074       0.0000       0.0139       1.0038
Sella  73 07:32:46       78.185983       0.0079       0.0000       0.0139       1.1661
Sella  74 07:32:47       78.185779       0.0084       0.0000       0.0159       1.0048
Sella  75 07:32:48       78.185438       0.0089       0.0000       0.0159       1.1679
Sella  76 07:32:49       78.185172       0.0094       0.0000       0.0183       1.0062
Sella  77 07:32:50       78.184728       0.0099       0.0001       0.0183       1.1704
Sella  78 07:32:51       78.184384       0.0105       0.0001       0.0211       1.0084
Sella  79 07:32:51       78.183810       0.0110       0.0001       0.0211       1.1739
Sella  80 07:32:52       78.183367       0.0116       0.0001       0.0242       1.0111
Sella  81 07:32:53       78.182630       0.0121       0.0001       0.0242       1.1788
Sella  82 07:32:54       78.182068       0.0126       0.0001       0.0279       1.0153
Sella  83 07:32:55       78.181130       0.0130       0.0001       0.0279       1.1855
Sella  84 07:32:56       78.180428       0.0135       0.0001       0.0320       1.0215
Sella  85 07:32:57       78.179253       0.0136       0.0002       0.0320       1.1947
Sella  86 07:32:58       78.178392       0.0140       0.0002       0.0369       1.0311
Sella  87 07:32:59       78.176947       0.0138       0.0002       0.0369       1.2076
Sella  88 07:33:00       78.175920       0.0139       0.0002       0.0369       1.0472
Sella  89 07:33:00       78.174996       0.0134       0.0002       0.0369       0.9551
Sella  90 07:33:01       78.174018       0.0133       0.0002       0.0424       1.0259
Sella  91 07:33:02       78.172324       0.0126       0.0003       0.0424       1.2497
Sella  92 07:33:03       78.171222       0.0124       0.0003       0.0424       1.0929
Sella  93 07:33:04       78.170400       0.0113       0.0003       0.0424       0.8881
Sella  94 07:33:05       78.169506       0.0109       0.0003       0.0424       1.0548
Sella  95 07:33:06       78.168845       0.0091       0.0003       0.0424       0.8966
Sella  96 07:33:07       78.168137       0.0086       0.0003       0.0424       1.1184
Sella  97 07:33:08       78.167762       0.0064       0.0003       0.0424       0.7624
Sella  98 07:33:08       78.167277       0.0068       0.0003       0.0424       1.2890
Sella  99 07:33:09       78.167263       0.0061       0.0003       0.0424       0.0654
Sella 100 07:33:10       78.167013       0.0097       0.0003       0.0424       2.3573
