Arkane execution initiated at Sun May 25 13:02:05 2025

################################################################
#                                                              #
# Automated Reaction Kinetics and Network Exploration (Arkane) #
#                                                              #
#   Version: 3.1.0                                             #
#   Authors: RMG Developers (rmg_dev@mit.edu)                  #
#   P.I.s:   William H. Green (whgreen@mit.edu)                #
#            Richard H. West (r.west@neu.edu)                  #
#   Website: http://reactionmechanismgenerator.github.io/      #
#                                                              #
################################################################

Databases not found. Making databases
Loading frequencies group database from /home/akhalilov/.conda/envs/prepackaged_rmg_env/share/rmgdatabase/statmech/groups...
Loading transport library from GRI-Mech.py in /home/akhalilov/.conda/envs/prepackaged_rmg_env/share/rmgdatabase/transport/libraries...
Loading transport library from NOx2018.py in /home/akhalilov/.conda/envs/prepackaged_rmg_env/share/rmgdatabase/transport/libraries...
Loading transport library from OneDMinN2.py in /home/akhalilov/.conda/envs/prepackaged_rmg_env/share/rmgdatabase/transport/libraries...
Loading transport library from PrimaryTransportLibrary.py in /home/akhalilov/.conda/envs/prepackaged_rmg_env/share/rmgdatabase/transport/libraries...
Loading transport group database from /home/akhalilov/.conda/envs/prepackaged_rmg_env/share/rmgdatabase/transport/groups...
Loading species 10000000000000000002...
Loading species 1131732952100000000002...
Loading species 1141903082400600000001...
Loading species 1141942801461180600001...
Loading species 1141942881381180600001...
Error: Could not update atomtypes for this molecule:
multiplicity -187
1 H u0 p0 c0 {2,S}
2 O u0 p1 c0 {1,S} {3,S} {4,S}
3 O u0 p2 c0 {2,S} {4,S}
4 C u1 p0 c0 {2,S} {3,S} {5,S}
5 C u0 p0 c0 {4,S} {6,S} {7,S} {8,S}
6 F u0 p3 c0 {5,S}
7 F u0 p3 c0 {5,S}
8 F u0 p3 c0 {5,S}

Arkane execution initiated at Sun May 25 13:04:47 2025

################################################################
#                                                              #
# Automated Reaction Kinetics and Network Exploration (Arkane) #
#                                                              #
#   Version: 3.1.0                                             #
#   Authors: RMG Developers (rmg_dev@mit.edu)                  #
#   P.I.s:   William H. Green (whgreen@mit.edu)                #
#            Richard H. West (r.west@neu.edu)                  #
#   Website: http://reactionmechanismgenerator.github.io/      #
#                                                              #
################################################################

Databases not found. Making databases
Loading frequencies group database from /home/akhalilov/.conda/envs/prepackaged_rmg_env/share/rmgdatabase/statmech/groups...
Loading transport library from GRI-Mech.py in /home/akhalilov/.conda/envs/prepackaged_rmg_env/share/rmgdatabase/transport/libraries...
Loading transport library from NOx2018.py in /home/akhalilov/.conda/envs/prepackaged_rmg_env/share/rmgdatabase/transport/libraries...
Loading transport library from OneDMinN2.py in /home/akhalilov/.conda/envs/prepackaged_rmg_env/share/rmgdatabase/transport/libraries...
Loading transport library from PrimaryTransportLibrary.py in /home/akhalilov/.conda/envs/prepackaged_rmg_env/share/rmgdatabase/transport/libraries...
Loading transport group database from /home/akhalilov/.conda/envs/prepackaged_rmg_env/share/rmgdatabase/transport/groups...
Loading species 10000000000000000002...
Loading species 1131732952100000000002...
Loading species 1141903082400600000001...
Loading species 1141942801461180600001...
Loading species 1141942881381180600001...
Error: Could not update atomtypes for this molecule:
multiplicity -187
1 H u0 p0 c0 {2,S}
2 O u0 p1 c0 {1,S} {3,S} {4,S}
3 O u0 p2 c0 {2,S} {4,S}
4 C u1 p0 c0 {2,S} {3,S} {5,S}
5 C u0 p0 c0 {4,S} {6,S} {7,S} {8,S}
6 F u0 p3 c0 {5,S}
7 F u0 p3 c0 {5,S}
8 F u0 p3 c0 {5,S}

Arkane execution initiated at Sun May 25 13:05:17 2025

################################################################
#                                                              #
# Automated Reaction Kinetics and Network Exploration (Arkane) #
#                                                              #
#   Version: 3.1.0                                             #
#   Authors: RMG Developers (rmg_dev@mit.edu)                  #
#   P.I.s:   William H. Green (whgreen@mit.edu)                #
#            Richard H. West (r.west@neu.edu)                  #
#   Website: http://reactionmechanismgenerator.github.io/      #
#                                                              #
################################################################

Databases not found. Making databases
Loading frequencies group database from /home/akhalilov/.conda/envs/prepackaged_rmg_env/share/rmgdatabase/statmech/groups...
Loading transport library from GRI-Mech.py in /home/akhalilov/.conda/envs/prepackaged_rmg_env/share/rmgdatabase/transport/libraries...
Loading transport library from NOx2018.py in /home/akhalilov/.conda/envs/prepackaged_rmg_env/share/rmgdatabase/transport/libraries...
Loading transport library from OneDMinN2.py in /home/akhalilov/.conda/envs/prepackaged_rmg_env/share/rmgdatabase/transport/libraries...
Loading transport library from PrimaryTransportLibrary.py in /home/akhalilov/.conda/envs/prepackaged_rmg_env/share/rmgdatabase/transport/libraries...
Loading transport group database from /home/akhalilov/.conda/envs/prepackaged_rmg_env/share/rmgdatabase/transport/groups...
Loading species 10000000000000000002...
Loading species 1131732952100000000002...
Loading species 1141903082400600000001...
Loading species 1141942801461180600001...
Loading species 1141942881381180600001...
Error: Could not update atomtypes for this molecule:
multiplicity -187
1 H u0 p0 c0 {2,S}
2 O u0 p1 c0 {1,S} {3,S} {4,S}
3 O u0 p2 c0 {2,S} {4,S}
4 C u1 p0 c0 {2,S} {3,S} {5,S}
5 C u0 p0 c0 {4,S} {6,S} {7,S} {8,S}
6 F u0 p3 c0 {5,S}
7 F u0 p3 c0 {5,S}
8 F u0 p3 c0 {5,S}

Arkane execution initiated at Sun May 25 13:05:33 2025

################################################################
#                                                              #
# Automated Reaction Kinetics and Network Exploration (Arkane) #
#                                                              #
#   Version: 3.1.0                                             #
#   Authors: RMG Developers (rmg_dev@mit.edu)                  #
#   P.I.s:   William H. Green (whgreen@mit.edu)                #
#            Richard H. West (r.west@neu.edu)                  #
#   Website: http://reactionmechanismgenerator.github.io/      #
#                                                              #
################################################################

Databases not found. Making databases
Loading frequencies group database from /home/akhalilov/.conda/envs/prepackaged_rmg_env/share/rmgdatabase/statmech/groups...
Loading transport library from GRI-Mech.py in /home/akhalilov/.conda/envs/prepackaged_rmg_env/share/rmgdatabase/transport/libraries...
Loading transport library from NOx2018.py in /home/akhalilov/.conda/envs/prepackaged_rmg_env/share/rmgdatabase/transport/libraries...
Loading transport library from OneDMinN2.py in /home/akhalilov/.conda/envs/prepackaged_rmg_env/share/rmgdatabase/transport/libraries...
Loading transport library from PrimaryTransportLibrary.py in /home/akhalilov/.conda/envs/prepackaged_rmg_env/share/rmgdatabase/transport/libraries...
Loading transport group database from /home/akhalilov/.conda/envs/prepackaged_rmg_env/share/rmgdatabase/transport/groups...
Loading species 10000000000000000002...
Loading species 1131732952100000000002...
Loading species 1141903082400600000001...
Loading species 1141942801461180600001...
Loading species 1141942881381180600001...
Loading species 1142223813092830600001...
Loading species 160000000000000000003...
Loading species 170170000000000000002...
Loading species 190000000000000000002...
Loading species 440560320000000000001...
Loading species 450730450170000000002...
Loading species 500620380000000000001...
Loading species 641041150370000000001...
Loading species 690931140000000000002...
Loading species 701061740000000000001...
Loading species 951592011700400000002...
Loading species 971452351050000000002...
Loading species 981622481180600000001...
Loading transition state 1141903082400600000001_r12_insertion_R_7_1_2...
Loading transition state 1141903082400600000001_r13_insertion_CO2_3_8...
Loading transition state 1141903082400600000001_r13_insertion_ROR_8_7_1_2...
Loading reaction 1141903082400600000001 <=> 1142223813092830600001...
Loading reaction 1141903082400600000001 <=> 440560320000000000001 + 701061740000000000001...
Loading reaction 1141903082400600000001 <=> 1141942801461180600001...
Warning: No frequency scaling factor found for LevelOfTheory(method='b97d3',basis='def2msvp',software='gaussian'). Assuming a value of unity. This will affect the partition function and all quantities derived from it  (thermo quantities and rate coefficients).


Warning: Species label is longer than 15 characters and will break CHEMKIN 2.0
Warning: Species label is longer than 15 characters and will break CHEMKIN 2.0
Warning: Species label is longer than 15 characters and will break CHEMKIN 2.0
Warning: Species label is longer than 15 characters and will break CHEMKIN 2.0
Warning: Species label is longer than 15 characters and will break CHEMKIN 2.0
Warning: Species label is longer than 15 characters and will break CHEMKIN 2.0
Warning: Species label is longer than 15 characters and will break CHEMKIN 2.0
Warning: Species label is longer than 15 characters and will break CHEMKIN 2.0
Warning: Species label is longer than 15 characters and will break CHEMKIN 2.0
Warning: Species label is longer than 15 characters and will break CHEMKIN 2.0
Warning: Species label is longer than 15 characters and will break CHEMKIN 2.0
Warning: Species label is longer than 15 characters and will break CHEMKIN 2.0
Warning: Species label is longer than 15 characters and will break CHEMKIN 2.0
Warning: Species label is longer than 15 characters and will break CHEMKIN 2.0
Warning: Species label is longer than 15 characters and will break CHEMKIN 2.0
Warning: Species label is longer than 15 characters and will break CHEMKIN 2.0
Warning: Species label is longer than 15 characters and will break CHEMKIN 2.0
Warning: Species label is longer than 15 characters and will break CHEMKIN 2.0
Loading statistical mechanics parameters for 10000000000000000002...
Warning: gaussian was specified as energy software but does not match detected software. Software will be updated to Gaussian.
Warning: gaussian was specified as frequency software but does not match detected software. Software will be updated to Gaussian.
Symmetry input file written to /home/akhalilov/GaussianJobCreator/AUTOMATION-CENTER/connect_kinbot_to_arkane/arkane_files/scratch/0.symm
Point group: Kh
Symmetry input file written to /home/akhalilov/GaussianJobCreator/AUTOMATION-CENTER/connect_kinbot_to_arkane/arkane_files/scratch/0.symm
Point group: Kh
Saving statistical mechanics parameters for 10000000000000000002...
Loading statistical mechanics parameters for 1131732952100000000002...
Warning: gaussian was specified as energy software but does not match detected software. Software will be updated to Gaussian.
Warning: gaussian was specified as frequency software but does not match detected software. Software will be updated to Gaussian.
Symmetry input file written to /home/akhalilov/GaussianJobCreator/AUTOMATION-CENTER/connect_kinbot_to_arkane/arkane_files/scratch/0.symm
Point group: C1
Symmetry input file written to /home/akhalilov/GaussianJobCreator/AUTOMATION-CENTER/connect_kinbot_to_arkane/arkane_files/scratch/0.symm
Point group: C1
Saving statistical mechanics parameters for 1131732952100000000002...
Loading statistical mechanics parameters for 1141903082400600000001...
Warning: gaussian was specified as energy software but does not match detected software. Software will be updated to Gaussian.
Warning: gaussian was specified as frequency software but does not match detected software. Software will be updated to Gaussian.
Symmetry input file written to /home/akhalilov/GaussianJobCreator/AUTOMATION-CENTER/connect_kinbot_to_arkane/arkane_files/scratch/0.symm
Point group: Cs
Symmetry input file written to /home/akhalilov/GaussianJobCreator/AUTOMATION-CENTER/connect_kinbot_to_arkane/arkane_files/scratch/0.symm
Point group: Cs
Saving statistical mechanics parameters for 1141903082400600000001...
Loading statistical mechanics parameters for 1141942801461180600001...
Warning: gaussian was specified as energy software but does not match detected software. Software will be updated to Gaussian.
Warning: gaussian was specified as frequency software but does not match detected software. Software will be updated to Gaussian.
Symmetry input file written to /home/akhalilov/GaussianJobCreator/AUTOMATION-CENTER/connect_kinbot_to_arkane/arkane_files/scratch/0.symm
Point group: C1
Symmetry input file written to /home/akhalilov/GaussianJobCreator/AUTOMATION-CENTER/connect_kinbot_to_arkane/arkane_files/scratch/0.symm
Point group: C1
Saving statistical mechanics parameters for 1141942801461180600001...
Loading statistical mechanics parameters for 1141942881381180600001...
Warning: gaussian was specified as energy software but does not match detected software. Software will be updated to Gaussian.
Warning: gaussian was specified as frequency software but does not match detected software. Software will be updated to Gaussian.
Symmetry input file written to /home/akhalilov/GaussianJobCreator/AUTOMATION-CENTER/connect_kinbot_to_arkane/arkane_files/scratch/0.symm
Point group: Cs
Symmetry input file written to /home/akhalilov/GaussianJobCreator/AUTOMATION-CENTER/connect_kinbot_to_arkane/arkane_files/scratch/0.symm
Point group: Cs
Saving statistical mechanics parameters for 1141942881381180600001...
Loading statistical mechanics parameters for 1142223813092830600001...
Warning: gaussian was specified as energy software but does not match detected software. Software will be updated to Gaussian.
Warning: gaussian was specified as frequency software but does not match detected software. Software will be updated to Gaussian.
Symmetry input file written to /home/akhalilov/GaussianJobCreator/AUTOMATION-CENTER/connect_kinbot_to_arkane/arkane_files/scratch/0.symm
Point group: C1
Symmetry input file written to /home/akhalilov/GaussianJobCreator/AUTOMATION-CENTER/connect_kinbot_to_arkane/arkane_files/scratch/0.symm
Point group: C1
Saving statistical mechanics parameters for 1142223813092830600001...
Loading statistical mechanics parameters for 160000000000000000003...
Warning: gaussian was specified as energy software but does not match detected software. Software will be updated to Gaussian.
Warning: gaussian was specified as frequency software but does not match detected software. Software will be updated to Gaussian.
Symmetry input file written to /home/akhalilov/GaussianJobCreator/AUTOMATION-CENTER/connect_kinbot_to_arkane/arkane_files/scratch/0.symm
Point group: Kh
Symmetry input file written to /home/akhalilov/GaussianJobCreator/AUTOMATION-CENTER/connect_kinbot_to_arkane/arkane_files/scratch/0.symm
Point group: Kh
Saving statistical mechanics parameters for 160000000000000000003...
Loading statistical mechanics parameters for 170170000000000000002...
Warning: gaussian was specified as energy software but does not match detected software. Software will be updated to Gaussian.
Warning: gaussian was specified as frequency software but does not match detected software. Software will be updated to Gaussian.
Symmetry input file written to /home/akhalilov/GaussianJobCreator/AUTOMATION-CENTER/connect_kinbot_to_arkane/arkane_files/scratch/0.symm
Point group: Cinfv
Symmetry input file written to /home/akhalilov/GaussianJobCreator/AUTOMATION-CENTER/connect_kinbot_to_arkane/arkane_files/scratch/0.symm
Point group: Cinfv
Saving statistical mechanics parameters for 170170000000000000002...
Loading statistical mechanics parameters for 190000000000000000002...
Warning: gaussian was specified as energy software but does not match detected software. Software will be updated to Gaussian.
Warning: gaussian was specified as frequency software but does not match detected software. Software will be updated to Gaussian.
Symmetry input file written to /home/akhalilov/GaussianJobCreator/AUTOMATION-CENTER/connect_kinbot_to_arkane/arkane_files/scratch/0.symm
Point group: Kh
Symmetry input file written to /home/akhalilov/GaussianJobCreator/AUTOMATION-CENTER/connect_kinbot_to_arkane/arkane_files/scratch/0.symm
Point group: Kh
Saving statistical mechanics parameters for 190000000000000000002...
Loading statistical mechanics parameters for 440560320000000000001...
Warning: gaussian was specified as energy software but does not match detected software. Software will be updated to Gaussian.
Warning: gaussian was specified as frequency software but does not match detected software. Software will be updated to Gaussian.
Symmetry input file written to /home/akhalilov/GaussianJobCreator/AUTOMATION-CENTER/connect_kinbot_to_arkane/arkane_files/scratch/0.symm
Point group: Dinfh
Arkane execution initiated at Sun May 25 13:06:30 2025

################################################################
#                                                              #
# Automated Reaction Kinetics and Network Exploration (Arkane) #
#                                                              #
#   Version: 3.1.0                                             #
#   Authors: RMG Developers (rmg_dev@mit.edu)                  #
#   P.I.s:   William H. Green (whgreen@mit.edu)                #
#            Richard H. West (r.west@neu.edu)                  #
#   Website: http://reactionmechanismgenerator.github.io/      #
#                                                              #
################################################################

Databases not found. Making databases
Loading frequencies group database from /home/akhalilov/.conda/envs/prepackaged_rmg_env/share/rmgdatabase/statmech/groups...
Loading transport library from GRI-Mech.py in /home/akhalilov/.conda/envs/prepackaged_rmg_env/share/rmgdatabase/transport/libraries...
Loading transport library from NOx2018.py in /home/akhalilov/.conda/envs/prepackaged_rmg_env/share/rmgdatabase/transport/libraries...
Loading transport library from OneDMinN2.py in /home/akhalilov/.conda/envs/prepackaged_rmg_env/share/rmgdatabase/transport/libraries...
Loading transport library from PrimaryTransportLibrary.py in /home/akhalilov/.conda/envs/prepackaged_rmg_env/share/rmgdatabase/transport/libraries...
Loading transport group database from /home/akhalilov/.conda/envs/prepackaged_rmg_env/share/rmgdatabase/transport/groups...
Loading species 10000000000000000002...
Loading species 1131732952100000000002...
Loading species 1141903082400600000001...
Loading species 1141942801461180600001...
Loading species 1141942881381180600001...
Loading species 1142223813092830600001...
Loading species 160000000000000000003...
Loading species 170170000000000000002...
Loading species 190000000000000000002...
Loading species 440560320000000000001...
Loading species 450730450170000000002...
Loading species 500620380000000000001...
Loading species 641041150370000000001...
Loading species 690931140000000000002...
Loading species 701061740000000000001...
Loading species 951592011700400000002...
Loading species 971452351050000000002...
Loading species 981622481180600000001...
Loading transition state 1141903082400600000001_r12_insertion_R_7_1_2...
Loading transition state 1141903082400600000001_r13_insertion_CO2_3_8...
Loading transition state 1141903082400600000001_r13_insertion_ROR_8_7_1_2...
Loading reaction 1141903082400600000001 <=> 1142223813092830600001...
Loading reaction 1141903082400600000001 <=> 440560320000000000001 + 701061740000000000001...
Loading reaction 1141903082400600000001 <=> 1141942801461180600001...
Warning: No frequency scaling factor found for LevelOfTheory(method='b97d3',basis='def2msvp',software='gaussian'). Assuming a value of unity. This will affect the partition function and all quantities derived from it  (thermo quantities and rate coefficients).


Warning: Species label is longer than 15 characters and will break CHEMKIN 2.0
Warning: Species label is longer than 15 characters and will break CHEMKIN 2.0
Warning: Species label is longer than 15 characters and will break CHEMKIN 2.0
Warning: Species label is longer than 15 characters and will break CHEMKIN 2.0
Warning: Species label is longer than 15 characters and will break CHEMKIN 2.0
Warning: Species label is longer than 15 characters and will break CHEMKIN 2.0
Warning: Species label is longer than 15 characters and will break CHEMKIN 2.0
Warning: Species label is longer than 15 characters and will break CHEMKIN 2.0
Warning: Species label is longer than 15 characters and will break CHEMKIN 2.0
Warning: Species label is longer than 15 characters and will break CHEMKIN 2.0
Warning: Species label is longer than 15 characters and will break CHEMKIN 2.0
Warning: Species label is longer than 15 characters and will break CHEMKIN 2.0
Warning: Species label is longer than 15 characters and will break CHEMKIN 2.0
Warning: Species label is longer than 15 characters and will break CHEMKIN 2.0
Warning: Species label is longer than 15 characters and will break CHEMKIN 2.0
Warning: Species label is longer than 15 characters and will break CHEMKIN 2.0
Warning: Species label is longer than 15 characters and will break CHEMKIN 2.0
Warning: Species label is longer than 15 characters and will break CHEMKIN 2.0
Loading statistical mechanics parameters for 10000000000000000002...
Warning: gaussian was specified as energy software but does not match detected software. Software will be updated to Gaussian.
Warning: gaussian was specified as frequency software but does not match detected software. Software will be updated to Gaussian.
Symmetry input file written to /home/akhalilov/GaussianJobCreator/AUTOMATION-CENTER/connect_kinbot_to_arkane/arkane_files/scratch/0.symm
Point group: Kh
Symmetry input file written to /home/akhalilov/GaussianJobCreator/AUTOMATION-CENTER/connect_kinbot_to_arkane/arkane_files/scratch/0.symm
Point group: Kh
Saving statistical mechanics parameters for 10000000000000000002...
Loading statistical mechanics parameters for 1131732952100000000002...
Warning: gaussian was specified as energy software but does not match detected software. Software will be updated to Gaussian.
Warning: gaussian was specified as frequency software but does not match detected software. Software will be updated to Gaussian.
Symmetry input file written to /home/akhalilov/GaussianJobCreator/AUTOMATION-CENTER/connect_kinbot_to_arkane/arkane_files/scratch/0.symm
Point group: C1
Symmetry input file written to /home/akhalilov/GaussianJobCreator/AUTOMATION-CENTER/connect_kinbot_to_arkane/arkane_files/scratch/0.symm
Point group: C1
Saving statistical mechanics parameters for 1131732952100000000002...
Loading statistical mechanics parameters for 1141903082400600000001...
Warning: gaussian was specified as energy software but does not match detected software. Software will be updated to Gaussian.
Warning: gaussian was specified as frequency software but does not match detected software. Software will be updated to Gaussian.
Symmetry input file written to /home/akhalilov/GaussianJobCreator/AUTOMATION-CENTER/connect_kinbot_to_arkane/arkane_files/scratch/0.symm
Point group: Cs
Symmetry input file written to /home/akhalilov/GaussianJobCreator/AUTOMATION-CENTER/connect_kinbot_to_arkane/arkane_files/scratch/0.symm
Point group: Cs
Saving statistical mechanics parameters for 1141903082400600000001...
Loading statistical mechanics parameters for 1141942801461180600001...
Warning: gaussian was specified as energy software but does not match detected software. Software will be updated to Gaussian.
Warning: gaussian was specified as frequency software but does not match detected software. Software will be updated to Gaussian.
Symmetry input file written to /home/akhalilov/GaussianJobCreator/AUTOMATION-CENTER/connect_kinbot_to_arkane/arkane_files/scratch/0.symm
Point group: C1
Symmetry input file written to /home/akhalilov/GaussianJobCreator/AUTOMATION-CENTER/connect_kinbot_to_arkane/arkane_files/scratch/0.symm
Point group: C1
Saving statistical mechanics parameters for 1141942801461180600001...
Loading statistical mechanics parameters for 1141942881381180600001...
Warning: gaussian was specified as energy software but does not match detected software. Software will be updated to Gaussian.
Warning: gaussian was specified as frequency software but does not match detected software. Software will be updated to Gaussian.
Symmetry input file written to /home/akhalilov/GaussianJobCreator/AUTOMATION-CENTER/connect_kinbot_to_arkane/arkane_files/scratch/0.symm
Point group: Cs
Symmetry input file written to /home/akhalilov/GaussianJobCreator/AUTOMATION-CENTER/connect_kinbot_to_arkane/arkane_files/scratch/0.symm
Point group: Cs
Saving statistical mechanics parameters for 1141942881381180600001...
Loading statistical mechanics parameters for 1142223813092830600001...
Warning: gaussian was specified as energy software but does not match detected software. Software will be updated to Gaussian.
Warning: gaussian was specified as frequency software but does not match detected software. Software will be updated to Gaussian.
Symmetry input file written to /home/akhalilov/GaussianJobCreator/AUTOMATION-CENTER/connect_kinbot_to_arkane/arkane_files/scratch/0.symm
Point group: C1
Symmetry input file written to /home/akhalilov/GaussianJobCreator/AUTOMATION-CENTER/connect_kinbot_to_arkane/arkane_files/scratch/0.symm
Point group: C1
Saving statistical mechanics parameters for 1142223813092830600001...
Loading statistical mechanics parameters for 160000000000000000003...
Warning: gaussian was specified as energy software but does not match detected software. Software will be updated to Gaussian.
Warning: gaussian was specified as frequency software but does not match detected software. Software will be updated to Gaussian.
Symmetry input file written to /home/akhalilov/GaussianJobCreator/AUTOMATION-CENTER/connect_kinbot_to_arkane/arkane_files/scratch/0.symm
Point group: Kh
Symmetry input file written to /home/akhalilov/GaussianJobCreator/AUTOMATION-CENTER/connect_kinbot_to_arkane/arkane_files/scratch/0.symm
Point group: Kh
Saving statistical mechanics parameters for 160000000000000000003...
Loading statistical mechanics parameters for 170170000000000000002...
Warning: gaussian was specified as energy software but does not match detected software. Software will be updated to Gaussian.
Warning: gaussian was specified as frequency software but does not match detected software. Software will be updated to Gaussian.
Symmetry input file written to /home/akhalilov/GaussianJobCreator/AUTOMATION-CENTER/connect_kinbot_to_arkane/arkane_files/scratch/0.symm
Point group: Cinfv
Symmetry input file written to /home/akhalilov/GaussianJobCreator/AUTOMATION-CENTER/connect_kinbot_to_arkane/arkane_files/scratch/0.symm
Point group: Cinfv
Saving statistical mechanics parameters for 170170000000000000002...
Loading statistical mechanics parameters for 190000000000000000002...
Warning: gaussian was specified as energy software but does not match detected software. Software will be updated to Gaussian.
Warning: gaussian was specified as frequency software but does not match detected software. Software will be updated to Gaussian.
Symmetry input file written to /home/akhalilov/GaussianJobCreator/AUTOMATION-CENTER/connect_kinbot_to_arkane/arkane_files/scratch/0.symm
Point group: Kh
Symmetry input file written to /home/akhalilov/GaussianJobCreator/AUTOMATION-CENTER/connect_kinbot_to_arkane/arkane_files/scratch/0.symm
Point group: Kh
Saving statistical mechanics parameters for 190000000000000000002...
Loading statistical mechanics parameters for 440560320000000000001...
Warning: gaussian was specified as energy software but does not match detected software. Software will be updated to Gaussian.
Warning: gaussian was specified as frequency software but does not match detected software. Software will be updated to Gaussian.
Symmetry input file written to /home/akhalilov/GaussianJobCreator/AUTOMATION-CENTER/connect_kinbot_to_arkane/arkane_files/scratch/0.symm
Point group: Dinfh
Arkane execution initiated at Sun May 25 13:07:24 2025

################################################################
#                                                              #
# Automated Reaction Kinetics and Network Exploration (Arkane) #
#                                                              #
#   Version: 3.1.0                                             #
#   Authors: RMG Developers (rmg_dev@mit.edu)                  #
#   P.I.s:   William H. Green (whgreen@mit.edu)                #
#            Richard H. West (r.west@neu.edu)                  #
#   Website: http://reactionmechanismgenerator.github.io/      #
#                                                              #
################################################################

Databases not found. Making databases
Loading frequencies group database from /home/akhalilov/.conda/envs/prepackaged_rmg_env/share/rmgdatabase/statmech/groups...
Loading transport library from GRI-Mech.py in /home/akhalilov/.conda/envs/prepackaged_rmg_env/share/rmgdatabase/transport/libraries...
Loading transport library from NOx2018.py in /home/akhalilov/.conda/envs/prepackaged_rmg_env/share/rmgdatabase/transport/libraries...
Loading transport library from OneDMinN2.py in /home/akhalilov/.conda/envs/prepackaged_rmg_env/share/rmgdatabase/transport/libraries...
Loading transport library from PrimaryTransportLibrary.py in /home/akhalilov/.conda/envs/prepackaged_rmg_env/share/rmgdatabase/transport/libraries...
Loading transport group database from /home/akhalilov/.conda/envs/prepackaged_rmg_env/share/rmgdatabase/transport/groups...
Loading species 10000000000000000002...
Loading species 1131732952100000000002...
Loading species 1141903082400600000001...
Loading species 1141942801461180600001...
Loading species 1141942881381180600001...
Loading species 1142223813092830600001...
Loading species 160000000000000000003...
Loading species 170170000000000000002...
Loading species 190000000000000000002...
Loading species 440560320000000000001...
Loading species 450730450170000000002...
Loading species 500620380000000000001...
Loading species 641041150370000000001...
Loading species 690931140000000000002...
Loading species 701061740000000000001...
Loading species 951592011700400000002...
Loading species 971452351050000000002...
Loading species 981622481180600000001...
Loading transition state 1141903082400600000001_r12_insertion_R_7_1_2...
Loading transition state 1141903082400600000001_r13_insertion_CO2_3_8...
Loading transition state 1141903082400600000001_r13_insertion_ROR_8_7_1_2...
Loading reaction 1141903082400600000001 <=> 1142223813092830600001...
Loading reaction 1141903082400600000001 <=> 440560320000000000001 + 701061740000000000001...
Loading reaction 1141903082400600000001 <=> 1141942801461180600001...
Warning: No frequency scaling factor found for LevelOfTheory(method='b97d3',basis='def2msvp',software='gaussian'). Assuming a value of unity. This will affect the partition function and all quantities derived from it  (thermo quantities and rate coefficients).


Warning: Species label is longer than 15 characters and will break CHEMKIN 2.0
Warning: Species label is longer than 15 characters and will break CHEMKIN 2.0
Warning: Species label is longer than 15 characters and will break CHEMKIN 2.0
Warning: Species label is longer than 15 characters and will break CHEMKIN 2.0
Warning: Species label is longer than 15 characters and will break CHEMKIN 2.0
Warning: Species label is longer than 15 characters and will break CHEMKIN 2.0
Warning: Species label is longer than 15 characters and will break CHEMKIN 2.0
Warning: Species label is longer than 15 characters and will break CHEMKIN 2.0
Warning: Species label is longer than 15 characters and will break CHEMKIN 2.0
Warning: Species label is longer than 15 characters and will break CHEMKIN 2.0
Warning: Species label is longer than 15 characters and will break CHEMKIN 2.0
Warning: Species label is longer than 15 characters and will break CHEMKIN 2.0
Warning: Species label is longer than 15 characters and will break CHEMKIN 2.0
Warning: Species label is longer than 15 characters and will break CHEMKIN 2.0
Warning: Species label is longer than 15 characters and will break CHEMKIN 2.0
Warning: Species label is longer than 15 characters and will break CHEMKIN 2.0
Warning: Species label is longer than 15 characters and will break CHEMKIN 2.0
Warning: Species label is longer than 15 characters and will break CHEMKIN 2.0
Loading statistical mechanics parameters for 10000000000000000002...
Warning: gaussian was specified as energy software but does not match detected software. Software will be updated to Gaussian.
Warning: gaussian was specified as frequency software but does not match detected software. Software will be updated to Gaussian.
Symmetry input file written to /home/akhalilov/GaussianJobCreator/AUTOMATION-CENTER/connect_kinbot_to_arkane/arkane_files/scratch/0.symm
Point group: Kh
Symmetry input file written to /home/akhalilov/GaussianJobCreator/AUTOMATION-CENTER/connect_kinbot_to_arkane/arkane_files/scratch/0.symm
Point group: Kh
Saving statistical mechanics parameters for 10000000000000000002...
Loading statistical mechanics parameters for 1131732952100000000002...
Warning: gaussian was specified as energy software but does not match detected software. Software will be updated to Gaussian.
Warning: gaussian was specified as frequency software but does not match detected software. Software will be updated to Gaussian.
Symmetry input file written to /home/akhalilov/GaussianJobCreator/AUTOMATION-CENTER/connect_kinbot_to_arkane/arkane_files/scratch/0.symm
Point group: C1
Symmetry input file written to /home/akhalilov/GaussianJobCreator/AUTOMATION-CENTER/connect_kinbot_to_arkane/arkane_files/scratch/0.symm
Point group: C1
Saving statistical mechanics parameters for 1131732952100000000002...
Loading statistical mechanics parameters for 1141903082400600000001...
Warning: gaussian was specified as energy software but does not match detected software. Software will be updated to Gaussian.
Warning: gaussian was specified as frequency software but does not match detected software. Software will be updated to Gaussian.
Symmetry input file written to /home/akhalilov/GaussianJobCreator/AUTOMATION-CENTER/connect_kinbot_to_arkane/arkane_files/scratch/0.symm
Point group: Cs
Symmetry input file written to /home/akhalilov/GaussianJobCreator/AUTOMATION-CENTER/connect_kinbot_to_arkane/arkane_files/scratch/0.symm
Point group: Cs
Saving statistical mechanics parameters for 1141903082400600000001...
Loading statistical mechanics parameters for 1141942801461180600001...
Warning: gaussian was specified as energy software but does not match detected software. Software will be updated to Gaussian.
Warning: gaussian was specified as frequency software but does not match detected software. Software will be updated to Gaussian.
Symmetry input file written to /home/akhalilov/GaussianJobCreator/AUTOMATION-CENTER/connect_kinbot_to_arkane/arkane_files/scratch/0.symm
Point group: C1
Symmetry input file written to /home/akhalilov/GaussianJobCreator/AUTOMATION-CENTER/connect_kinbot_to_arkane/arkane_files/scratch/0.symm
Point group: C1
Saving statistical mechanics parameters for 1141942801461180600001...
Loading statistical mechanics parameters for 1141942881381180600001...
Warning: gaussian was specified as energy software but does not match detected software. Software will be updated to Gaussian.
Warning: gaussian was specified as frequency software but does not match detected software. Software will be updated to Gaussian.
Symmetry input file written to /home/akhalilov/GaussianJobCreator/AUTOMATION-CENTER/connect_kinbot_to_arkane/arkane_files/scratch/0.symm
Point group: Cs
Symmetry input file written to /home/akhalilov/GaussianJobCreator/AUTOMATION-CENTER/connect_kinbot_to_arkane/arkane_files/scratch/0.symm
Point group: Cs
Saving statistical mechanics parameters for 1141942881381180600001...
Loading statistical mechanics parameters for 1142223813092830600001...
Warning: gaussian was specified as energy software but does not match detected software. Software will be updated to Gaussian.
Warning: gaussian was specified as frequency software but does not match detected software. Software will be updated to Gaussian.
Symmetry input file written to /home/akhalilov/GaussianJobCreator/AUTOMATION-CENTER/connect_kinbot_to_arkane/arkane_files/scratch/0.symm
Point group: C1
Symmetry input file written to /home/akhalilov/GaussianJobCreator/AUTOMATION-CENTER/connect_kinbot_to_arkane/arkane_files/scratch/0.symm
Point group: C1
Saving statistical mechanics parameters for 1142223813092830600001...
Loading statistical mechanics parameters for 160000000000000000003...
Warning: gaussian was specified as energy software but does not match detected software. Software will be updated to Gaussian.
Warning: gaussian was specified as frequency software but does not match detected software. Software will be updated to Gaussian.
Symmetry input file written to /home/akhalilov/GaussianJobCreator/AUTOMATION-CENTER/connect_kinbot_to_arkane/arkane_files/scratch/0.symm
Point group: Kh
Symmetry input file written to /home/akhalilov/GaussianJobCreator/AUTOMATION-CENTER/connect_kinbot_to_arkane/arkane_files/scratch/0.symm
Point group: Kh
Saving statistical mechanics parameters for 160000000000000000003...
Loading statistical mechanics parameters for 170170000000000000002...
Warning: gaussian was specified as energy software but does not match detected software. Software will be updated to Gaussian.
Warning: gaussian was specified as frequency software but does not match detected software. Software will be updated to Gaussian.
Symmetry input file written to /home/akhalilov/GaussianJobCreator/AUTOMATION-CENTER/connect_kinbot_to_arkane/arkane_files/scratch/0.symm
Point group: Cinfv
Symmetry input file written to /home/akhalilov/GaussianJobCreator/AUTOMATION-CENTER/connect_kinbot_to_arkane/arkane_files/scratch/0.symm
Point group: Cinfv
Saving statistical mechanics parameters for 170170000000000000002...
Loading statistical mechanics parameters for 190000000000000000002...
Warning: gaussian was specified as energy software but does not match detected software. Software will be updated to Gaussian.
Warning: gaussian was specified as frequency software but does not match detected software. Software will be updated to Gaussian.
Symmetry input file written to /home/akhalilov/GaussianJobCreator/AUTOMATION-CENTER/connect_kinbot_to_arkane/arkane_files/scratch/0.symm
Point group: Kh
Symmetry input file written to /home/akhalilov/GaussianJobCreator/AUTOMATION-CENTER/connect_kinbot_to_arkane/arkane_files/scratch/0.symm
Point group: Kh
Saving statistical mechanics parameters for 190000000000000000002...
Loading statistical mechanics parameters for 440560320000000000001...
Warning: gaussian was specified as energy software but does not match detected software. Software will be updated to Gaussian.
Warning: gaussian was specified as frequency software but does not match detected software. Software will be updated to Gaussian.
Symmetry input file written to /home/akhalilov/GaussianJobCreator/AUTOMATION-CENTER/connect_kinbot_to_arkane/arkane_files/scratch/0.symm
Point group: Dinfh
Symmetry input file written to /home/akhalilov/GaussianJobCreator/AUTOMATION-CENTER/connect_kinbot_to_arkane/arkane_files/scratch/0.symm
Point group: Dinfh
Saving statistical mechanics parameters for 440560320000000000001...
Loading statistical mechanics parameters for 450730450170000000002...
Warning: gaussian was specified as energy software but does not match detected software. Software will be updated to Gaussian.
Warning: gaussian was specified as frequency software but does not match detected software. Software will be updated to Gaussian.
Symmetry input file written to /home/akhalilov/GaussianJobCreator/AUTOMATION-CENTER/connect_kinbot_to_arkane/arkane_files/scratch/0.symm
Point group: Cs
Symmetry input file written to /home/akhalilov/GaussianJobCreator/AUTOMATION-CENTER/connect_kinbot_to_arkane/arkane_files/scratch/0.symm
Point group: Cs
Saving statistical mechanics parameters for 450730450170000000002...
Loading statistical mechanics parameters for 500620380000000000001...
Warning: gaussian was specified as energy software but does not match detected software. Software will be updated to Gaussian.
Warning: gaussian was specified as frequency software but does not match detected software. Software will be updated to Gaussian.
Symmetry input file written to /home/akhalilov/GaussianJobCreator/AUTOMATION-CENTER/connect_kinbot_to_arkane/arkane_files/scratch/0.symm
Point group: C2v
Symmetry input file written to /home/akhalilov/GaussianJobCreator/AUTOMATION-CENTER/connect_kinbot_to_arkane/arkane_files/scratch/0.symm
Point group: C2v
Saving statistical mechanics parameters for 500620380000000000001...
Loading statistical mechanics parameters for 641041150370000000001...
Warning: gaussian was specified as energy software but does not match detected software. Software will be updated to Gaussian.
Warning: gaussian was specified as frequency software but does not match detected software. Software will be updated to Gaussian.
Symmetry input file written to /home/akhalilov/GaussianJobCreator/AUTOMATION-CENTER/connect_kinbot_to_arkane/arkane_files/scratch/0.symm
Point group: Cs
Symmetry input file written to /home/akhalilov/GaussianJobCreator/AUTOMATION-CENTER/connect_kinbot_to_arkane/arkane_files/scratch/0.symm
Point group: Cs
Saving statistical mechanics parameters for 641041150370000000001...
Loading statistical mechanics parameters for 690931140000000000002...
Warning: gaussian was specified as energy software but does not match detected software. Software will be updated to Gaussian.
Warning: gaussian was specified as frequency software but does not match detected software. Software will be updated to Gaussian.
Symmetry input file written to /home/akhalilov/GaussianJobCreator/AUTOMATION-CENTER/connect_kinbot_to_arkane/arkane_files/scratch/0.symm
Point group: C3v
Symmetry input file written to /home/akhalilov/GaussianJobCreator/AUTOMATION-CENTER/connect_kinbot_to_arkane/arkane_files/scratch/0.symm
Point group: C3v
Saving statistical mechanics parameters for 690931140000000000002...
Loading statistical mechanics parameters for 701061740000000000001...
Warning: gaussian was specified as energy software but does not match detected software. Software will be updated to Gaussian.
Warning: gaussian was specified as frequency software but does not match detected software. Software will be updated to Gaussian.
Symmetry input file written to /home/akhalilov/GaussianJobCreator/AUTOMATION-CENTER/connect_kinbot_to_arkane/arkane_files/scratch/0.symm
Point group: C3v
Symmetry input file written to /home/akhalilov/GaussianJobCreator/AUTOMATION-CENTER/connect_kinbot_to_arkane/arkane_files/scratch/0.symm
Point group: C3v
Saving statistical mechanics parameters for 701061740000000000001...
Loading statistical mechanics parameters for 951592011700400000002...
Warning: gaussian was specified as energy software but does not match detected software. Software will be updated to Gaussian.
Warning: gaussian was specified as frequency software but does not match detected software. Software will be updated to Gaussian.
Symmetry input file written to /home/akhalilov/GaussianJobCreator/AUTOMATION-CENTER/connect_kinbot_to_arkane/arkane_files/scratch/0.symm
Point group: Cs
Symmetry input file written to /home/akhalilov/GaussianJobCreator/AUTOMATION-CENTER/connect_kinbot_to_arkane/arkane_files/scratch/0.symm
Point group: Cs
Saving statistical mechanics parameters for 951592011700400000002...
Loading statistical mechanics parameters for 971452351050000000002...
Warning: gaussian was specified as energy software but does not match detected software. Software will be updated to Gaussian.
Warning: gaussian was specified as frequency software but does not match detected software. Software will be updated to Gaussian.
Symmetry input file written to /home/akhalilov/GaussianJobCreator/AUTOMATION-CENTER/connect_kinbot_to_arkane/arkane_files/scratch/0.symm
Point group: Cs
Symmetry input file written to /home/akhalilov/GaussianJobCreator/AUTOMATION-CENTER/connect_kinbot_to_arkane/arkane_files/scratch/0.symm
Point group: Cs
Saving statistical mechanics parameters for 971452351050000000002...
Loading statistical mechanics parameters for 981622481180600000001...
Warning: gaussian was specified as energy software but does not match detected software. Software will be updated to Gaussian.
Warning: gaussian was specified as frequency software but does not match detected software. Software will be updated to Gaussian.
Symmetry input file written to /home/akhalilov/GaussianJobCreator/AUTOMATION-CENTER/connect_kinbot_to_arkane/arkane_files/scratch/0.symm
Point group: Cs
Symmetry input file written to /home/akhalilov/GaussianJobCreator/AUTOMATION-CENTER/connect_kinbot_to_arkane/arkane_files/scratch/0.symm
Point group: Cs
Saving statistical mechanics parameters for 981622481180600000001...
Loading statistical mechanics parameters for 1141903082400600000001_r12_insertion_R_7_1_2...
Warning: gaussian was specified as energy software but does not match detected software. Software will be updated to Gaussian.
Warning: gaussian was specified as frequency software but does not match detected software. Software will be updated to Gaussian.
Symmetry input file written to /home/akhalilov/GaussianJobCreator/AUTOMATION-CENTER/connect_kinbot_to_arkane/arkane_files/scratch/0.symm
Point group: C1
Symmetry input file written to /home/akhalilov/GaussianJobCreator/AUTOMATION-CENTER/connect_kinbot_to_arkane/arkane_files/scratch/0.symm
Point group: C1
Saving statistical mechanics parameters for 1141903082400600000001_r12_insertion_R_7_1_2...
Loading statistical mechanics parameters for 1141903082400600000001_r13_insertion_CO2_3_8...
Warning: gaussian was specified as energy software but does not match detected software. Software will be updated to Gaussian.
Warning: gaussian was specified as frequency software but does not match detected software. Software will be updated to Gaussian.
Symmetry input file written to /home/akhalilov/GaussianJobCreator/AUTOMATION-CENTER/connect_kinbot_to_arkane/arkane_files/scratch/0.symm
Point group: Cs
Symmetry input file written to /home/akhalilov/GaussianJobCreator/AUTOMATION-CENTER/connect_kinbot_to_arkane/arkane_files/scratch/0.symm
Point group: Cs
Saving statistical mechanics parameters for 1141903082400600000001_r13_insertion_CO2_3_8...
Loading statistical mechanics parameters for 1141903082400600000001_r13_insertion_ROR_8_7_1_2...
Warning: gaussian was specified as energy software but does not match detected software. Software will be updated to Gaussian.
Warning: gaussian was specified as frequency software but does not match detected software. Software will be updated to Gaussian.
Symmetry input file written to /home/akhalilov/GaussianJobCreator/AUTOMATION-CENTER/connect_kinbot_to_arkane/arkane_files/scratch/0.symm
Point group: C1
Symmetry input file written to /home/akhalilov/GaussianJobCreator/AUTOMATION-CENTER/connect_kinbot_to_arkane/arkane_files/scratch/0.symm
Point group: C1
Saving statistical mechanics parameters for 1141903082400600000001_r13_insertion_ROR_8_7_1_2...
Saving thermo for 10000000000000000002...
Warning: Species label is longer than 15 characters and will break CHEMKIN 2.0
Saving thermo for 1131732952100000000002...
Warning: Species label is longer than 15 characters and will break CHEMKIN 2.0
Saving thermo for 1141903082400600000001...
Warning: Species label is longer than 15 characters and will break CHEMKIN 2.0
Saving thermo for 1141942801461180600001...
Warning: Species label is longer than 15 characters and will break CHEMKIN 2.0
Saving thermo for 1141942881381180600001...
Warning: Species label is longer than 15 characters and will break CHEMKIN 2.0
Saving thermo for 1142223813092830600001...
Warning: Species label is longer than 15 characters and will break CHEMKIN 2.0
Saving thermo for 160000000000000000003...
Warning: Species label is longer than 15 characters and will break CHEMKIN 2.0
Saving thermo for 170170000000000000002...
Warning: Species label is longer than 15 characters and will break CHEMKIN 2.0
Saving thermo for 190000000000000000002...
Warning: Species label is longer than 15 characters and will break CHEMKIN 2.0
Saving thermo for 440560320000000000001...
Warning: Species label is longer than 15 characters and will break CHEMKIN 2.0
Saving thermo for 450730450170000000002...
Warning: Species label is longer than 15 characters and will break CHEMKIN 2.0
Saving thermo for 500620380000000000001...
Warning: Species label is longer than 15 characters and will break CHEMKIN 2.0
Saving thermo for 641041150370000000001...
Warning: Species label is longer than 15 characters and will break CHEMKIN 2.0
Saving thermo for 690931140000000000002...
Warning: Species label is longer than 15 characters and will break CHEMKIN 2.0
Saving thermo for 701061740000000000001...
Warning: Species label is longer than 15 characters and will break CHEMKIN 2.0
Saving thermo for 951592011700400000002...
Warning: Species label is longer than 15 characters and will break CHEMKIN 2.0
Saving thermo for 971452351050000000002...
Warning: Species label is longer than 15 characters and will break CHEMKIN 2.0
Saving thermo for 981622481180600000001...
Warning: Species label is longer than 15 characters and will break CHEMKIN 2.0
Saving kinetics for 1141903082400600000001 <=> 440560320000000000001 + 701061740000000000001...

Arkane execution terminated at Sun May 25 13:07:33 2025
Arkane execution initiated at Sun May 25 13:08:37 2025

################################################################
#                                                              #
# Automated Reaction Kinetics and Network Exploration (Arkane) #
#                                                              #
#   Version: 3.1.0                                             #
#   Authors: RMG Developers (rmg_dev@mit.edu)                  #
#   P.I.s:   William H. Green (whgreen@mit.edu)                #
#            Richard H. West (r.west@neu.edu)                  #
#   Website: http://reactionmechanismgenerator.github.io/      #
#                                                              #
################################################################

Databases not found. Making databases
Loading frequencies group database from /home/akhalilov/.conda/envs/prepackaged_rmg_env/share/rmgdatabase/statmech/groups...
Loading transport library from GRI-Mech.py in /home/akhalilov/.conda/envs/prepackaged_rmg_env/share/rmgdatabase/transport/libraries...
Loading transport library from NOx2018.py in /home/akhalilov/.conda/envs/prepackaged_rmg_env/share/rmgdatabase/transport/libraries...
Loading transport library from OneDMinN2.py in /home/akhalilov/.conda/envs/prepackaged_rmg_env/share/rmgdatabase/transport/libraries...
Loading transport library from PrimaryTransportLibrary.py in /home/akhalilov/.conda/envs/prepackaged_rmg_env/share/rmgdatabase/transport/libraries...
Loading transport group database from /home/akhalilov/.conda/envs/prepackaged_rmg_env/share/rmgdatabase/transport/groups...
Loading species 10000000000000000002...
Loading species 1131732952100000000002...
Loading species 1141903082400600000001...
Loading species 1141942881381180600001...
Loading species 1142223813092830600001...
Loading species 160000000000000000003...
Loading species 170170000000000000002...
Loading species 190000000000000000002...
Loading species 440560320000000000001...
Loading species 450730450170000000002...
Loading species 500620380000000000001...
Loading species 641041150370000000001...
Loading species 690931140000000000002...
Loading species 701061740000000000001...
Loading species 951592011700400000002...
Loading species 971452351050000000002...
Loading species 981622481180600000001...
Loading transition state 1141903082400600000001_r12_insertion_R_7_1_2...
Loading transition state 1141903082400600000001_r13_insertion_CO2_3_8...
Loading transition state 1141903082400600000001_r13_insertion_ROR_8_7_1_2...
Loading reaction 1141903082400600000001 <=> 1142223813092830600001...
Loading reaction 1141903082400600000001 <=> 440560320000000000001 + 701061740000000000001...
Warning: No frequency scaling factor found for LevelOfTheory(method='b97d3',basis='def2msvp',software='gaussian'). Assuming a value of unity. This will affect the partition function and all quantities derived from it  (thermo quantities and rate coefficients).


Warning: Species label is longer than 15 characters and will break CHEMKIN 2.0
Warning: Species label is longer than 15 characters and will break CHEMKIN 2.0
Warning: Species label is longer than 15 characters and will break CHEMKIN 2.0
Warning: Species label is longer than 15 characters and will break CHEMKIN 2.0
Warning: Species label is longer than 15 characters and will break CHEMKIN 2.0
Warning: Species label is longer than 15 characters and will break CHEMKIN 2.0
Warning: Species label is longer than 15 characters and will break CHEMKIN 2.0
Warning: Species label is longer than 15 characters and will break CHEMKIN 2.0
Warning: Species label is longer than 15 characters and will break CHEMKIN 2.0
Warning: Species label is longer than 15 characters and will break CHEMKIN 2.0
Warning: Species label is longer than 15 characters and will break CHEMKIN 2.0
Warning: Species label is longer than 15 characters and will break CHEMKIN 2.0
Warning: Species label is longer than 15 characters and will break CHEMKIN 2.0
Warning: Species label is longer than 15 characters and will break CHEMKIN 2.0
Warning: Species label is longer than 15 characters and will break CHEMKIN 2.0
Warning: Species label is longer than 15 characters and will break CHEMKIN 2.0
Warning: Species label is longer than 15 characters and will break CHEMKIN 2.0
Loading statistical mechanics parameters for 10000000000000000002...
Warning: gaussian was specified as energy software but does not match detected software. Software will be updated to Gaussian.
Warning: gaussian was specified as frequency software but does not match detected software. Software will be updated to Gaussian.
Symmetry input file written to /home/akhalilov/GaussianJobCreator/AUTOMATION-CENTER/connect_kinbot_to_arkane/arkane_files/scratch/0.symm
Point group: Kh
Symmetry input file written to /home/akhalilov/GaussianJobCreator/AUTOMATION-CENTER/connect_kinbot_to_arkane/arkane_files/scratch/0.symm
Point group: Kh
Saving statistical mechanics parameters for 10000000000000000002...
Loading statistical mechanics parameters for 1131732952100000000002...
Warning: gaussian was specified as energy software but does not match detected software. Software will be updated to Gaussian.
Warning: gaussian was specified as frequency software but does not match detected software. Software will be updated to Gaussian.
Symmetry input file written to /home/akhalilov/GaussianJobCreator/AUTOMATION-CENTER/connect_kinbot_to_arkane/arkane_files/scratch/0.symm
Point group: C1
Symmetry input file written to /home/akhalilov/GaussianJobCreator/AUTOMATION-CENTER/connect_kinbot_to_arkane/arkane_files/scratch/0.symm
Point group: C1
Saving statistical mechanics parameters for 1131732952100000000002...
Loading statistical mechanics parameters for 1141903082400600000001...
Warning: gaussian was specified as energy software but does not match detected software. Software will be updated to Gaussian.
Warning: gaussian was specified as frequency software but does not match detected software. Software will be updated to Gaussian.
Symmetry input file written to /home/akhalilov/GaussianJobCreator/AUTOMATION-CENTER/connect_kinbot_to_arkane/arkane_files/scratch/0.symm
Point group: Cs
Symmetry input file written to /home/akhalilov/GaussianJobCreator/AUTOMATION-CENTER/connect_kinbot_to_arkane/arkane_files/scratch/0.symm
Point group: Cs
Saving statistical mechanics parameters for 1141903082400600000001...
Loading statistical mechanics parameters for 1141942881381180600001...
Warning: gaussian was specified as energy software but does not match detected software. Software will be updated to Gaussian.
Warning: gaussian was specified as frequency software but does not match detected software. Software will be updated to Gaussian.
Symmetry input file written to /home/akhalilov/GaussianJobCreator/AUTOMATION-CENTER/connect_kinbot_to_arkane/arkane_files/scratch/0.symm
Point group: Cs
Symmetry input file written to /home/akhalilov/GaussianJobCreator/AUTOMATION-CENTER/connect_kinbot_to_arkane/arkane_files/scratch/0.symm
Point group: Cs
Saving statistical mechanics parameters for 1141942881381180600001...
Loading statistical mechanics parameters for 1142223813092830600001...
Warning: gaussian was specified as energy software but does not match detected software. Software will be updated to Gaussian.
Warning: gaussian was specified as frequency software but does not match detected software. Software will be updated to Gaussian.
Symmetry input file written to /home/akhalilov/GaussianJobCreator/AUTOMATION-CENTER/connect_kinbot_to_arkane/arkane_files/scratch/0.symm
Point group: C1
Symmetry input file written to /home/akhalilov/GaussianJobCreator/AUTOMATION-CENTER/connect_kinbot_to_arkane/arkane_files/scratch/0.symm
Point group: C1
Saving statistical mechanics parameters for 1142223813092830600001...
Loading statistical mechanics parameters for 160000000000000000003...
Warning: gaussian was specified as energy software but does not match detected software. Software will be updated to Gaussian.
Warning: gaussian was specified as frequency software but does not match detected software. Software will be updated to Gaussian.
Symmetry input file written to /home/akhalilov/GaussianJobCreator/AUTOMATION-CENTER/connect_kinbot_to_arkane/arkane_files/scratch/0.symm
Point group: Kh
Symmetry input file written to /home/akhalilov/GaussianJobCreator/AUTOMATION-CENTER/connect_kinbot_to_arkane/arkane_files/scratch/0.symm
Point group: Kh
Saving statistical mechanics parameters for 160000000000000000003...
Loading statistical mechanics parameters for 170170000000000000002...
Warning: gaussian was specified as energy software but does not match detected software. Software will be updated to Gaussian.
Warning: gaussian was specified as frequency software but does not match detected software. Software will be updated to Gaussian.
Symmetry input file written to /home/akhalilov/GaussianJobCreator/AUTOMATION-CENTER/connect_kinbot_to_arkane/arkane_files/scratch/0.symm
Point group: Cinfv
Symmetry input file written to /home/akhalilov/GaussianJobCreator/AUTOMATION-CENTER/connect_kinbot_to_arkane/arkane_files/scratch/0.symm
Point group: Cinfv
Saving statistical mechanics parameters for 170170000000000000002...
Loading statistical mechanics parameters for 190000000000000000002...
Warning: gaussian was specified as energy software but does not match detected software. Software will be updated to Gaussian.
Warning: gaussian was specified as frequency software but does not match detected software. Software will be updated to Gaussian.
Symmetry input file written to /home/akhalilov/GaussianJobCreator/AUTOMATION-CENTER/connect_kinbot_to_arkane/arkane_files/scratch/0.symm
Point group: Kh
Symmetry input file written to /home/akhalilov/GaussianJobCreator/AUTOMATION-CENTER/connect_kinbot_to_arkane/arkane_files/scratch/0.symm
Point group: Kh
Saving statistical mechanics parameters for 190000000000000000002...
Loading statistical mechanics parameters for 440560320000000000001...
Warning: gaussian was specified as energy software but does not match detected software. Software will be updated to Gaussian.
Warning: gaussian was specified as frequency software but does not match detected software. Software will be updated to Gaussian.
Symmetry input file written to /home/akhalilov/GaussianJobCreator/AUTOMATION-CENTER/connect_kinbot_to_arkane/arkane_files/scratch/0.symm
Point group: Dinfh
Symmetry input file written to /home/akhalilov/GaussianJobCreator/AUTOMATION-CENTER/connect_kinbot_to_arkane/arkane_files/scratch/0.symm
Point group: Dinfh
Saving statistical mechanics parameters for 440560320000000000001...
Loading statistical mechanics parameters for 450730450170000000002...
Warning: gaussian was specified as energy software but does not match detected software. Software will be updated to Gaussian.
Warning: gaussian was specified as frequency software but does not match detected software. Software will be updated to Gaussian.
Symmetry input file written to /home/akhalilov/GaussianJobCreator/AUTOMATION-CENTER/connect_kinbot_to_arkane/arkane_files/scratch/0.symm
Point group: Cs
Symmetry input file written to /home/akhalilov/GaussianJobCreator/AUTOMATION-CENTER/connect_kinbot_to_arkane/arkane_files/scratch/0.symm
Point group: Cs
Saving statistical mechanics parameters for 450730450170000000002...
Loading statistical mechanics parameters for 500620380000000000001...
Warning: gaussian was specified as energy software but does not match detected software. Software will be updated to Gaussian.
Warning: gaussian was specified as frequency software but does not match detected software. Software will be updated to Gaussian.
Symmetry input file written to /home/akhalilov/GaussianJobCreator/AUTOMATION-CENTER/connect_kinbot_to_arkane/arkane_files/scratch/0.symm
Point group: C2v
Symmetry input file written to /home/akhalilov/GaussianJobCreator/AUTOMATION-CENTER/connect_kinbot_to_arkane/arkane_files/scratch/0.symm
Point group: C2v
Saving statistical mechanics parameters for 500620380000000000001...
Loading statistical mechanics parameters for 641041150370000000001...
Warning: gaussian was specified as energy software but does not match detected software. Software will be updated to Gaussian.
Warning: gaussian was specified as frequency software but does not match detected software. Software will be updated to Gaussian.
Symmetry input file written to /home/akhalilov/GaussianJobCreator/AUTOMATION-CENTER/connect_kinbot_to_arkane/arkane_files/scratch/0.symm
Point group: Cs
Symmetry input file written to /home/akhalilov/GaussianJobCreator/AUTOMATION-CENTER/connect_kinbot_to_arkane/arkane_files/scratch/0.symm
Point group: Cs
Saving statistical mechanics parameters for 641041150370000000001...
Loading statistical mechanics parameters for 690931140000000000002...
Warning: gaussian was specified as energy software but does not match detected software. Software will be updated to Gaussian.
Warning: gaussian was specified as frequency software but does not match detected software. Software will be updated to Gaussian.
Symmetry input file written to /home/akhalilov/GaussianJobCreator/AUTOMATION-CENTER/connect_kinbot_to_arkane/arkane_files/scratch/0.symm
Point group: C3v
Symmetry input file written to /home/akhalilov/GaussianJobCreator/AUTOMATION-CENTER/connect_kinbot_to_arkane/arkane_files/scratch/0.symm
Point group: C3v
Saving statistical mechanics parameters for 690931140000000000002...
Loading statistical mechanics parameters for 701061740000000000001...
Warning: gaussian was specified as energy software but does not match detected software. Software will be updated to Gaussian.
Warning: gaussian was specified as frequency software but does not match detected software. Software will be updated to Gaussian.
Symmetry input file written to /home/akhalilov/GaussianJobCreator/AUTOMATION-CENTER/connect_kinbot_to_arkane/arkane_files/scratch/0.symm
Point group: C3v
Symmetry input file written to /home/akhalilov/GaussianJobCreator/AUTOMATION-CENTER/connect_kinbot_to_arkane/arkane_files/scratch/0.symm
Point group: C3v
Saving statistical mechanics parameters for 701061740000000000001...
Loading statistical mechanics parameters for 951592011700400000002...
Warning: gaussian was specified as energy software but does not match detected software. Software will be updated to Gaussian.
Warning: gaussian was specified as frequency software but does not match detected software. Software will be updated to Gaussian.
Symmetry input file written to /home/akhalilov/GaussianJobCreator/AUTOMATION-CENTER/connect_kinbot_to_arkane/arkane_files/scratch/0.symm
Point group: Cs
Symmetry input file written to /home/akhalilov/GaussianJobCreator/AUTOMATION-CENTER/connect_kinbot_to_arkane/arkane_files/scratch/0.symm
Point group: Cs
Saving statistical mechanics parameters for 951592011700400000002...
Loading statistical mechanics parameters for 971452351050000000002...
Warning: gaussian was specified as energy software but does not match detected software. Software will be updated to Gaussian.
Warning: gaussian was specified as frequency software but does not match detected software. Software will be updated to Gaussian.
Symmetry input file written to /home/akhalilov/GaussianJobCreator/AUTOMATION-CENTER/connect_kinbot_to_arkane/arkane_files/scratch/0.symm
Point group: Cs
Symmetry input file written to /home/akhalilov/GaussianJobCreator/AUTOMATION-CENTER/connect_kinbot_to_arkane/arkane_files/scratch/0.symm
Point group: Cs
Saving statistical mechanics parameters for 971452351050000000002...
Loading statistical mechanics parameters for 981622481180600000001...
Warning: gaussian was specified as energy software but does not match detected software. Software will be updated to Gaussian.
Warning: gaussian was specified as frequency software but does not match detected software. Software will be updated to Gaussian.
Symmetry input file written to /home/akhalilov/GaussianJobCreator/AUTOMATION-CENTER/connect_kinbot_to_arkane/arkane_files/scratch/0.symm
Point group: Cs
Symmetry input file written to /home/akhalilov/GaussianJobCreator/AUTOMATION-CENTER/connect_kinbot_to_arkane/arkane_files/scratch/0.symm
Point group: Cs
Saving statistical mechanics parameters for 981622481180600000001...
Loading statistical mechanics parameters for 1141903082400600000001_r12_insertion_R_7_1_2...
Warning: gaussian was specified as energy software but does not match detected software. Software will be updated to Gaussian.
Warning: gaussian was specified as frequency software but does not match detected software. Software will be updated to Gaussian.
Symmetry input file written to /home/akhalilov/GaussianJobCreator/AUTOMATION-CENTER/connect_kinbot_to_arkane/arkane_files/scratch/0.symm
Point group: C1
Symmetry input file written to /home/akhalilov/GaussianJobCreator/AUTOMATION-CENTER/connect_kinbot_to_arkane/arkane_files/scratch/0.symm
Point group: C1
Saving statistical mechanics parameters for 1141903082400600000001_r12_insertion_R_7_1_2...
Loading statistical mechanics parameters for 1141903082400600000001_r13_insertion_CO2_3_8...
Warning: gaussian was specified as energy software but does not match detected software. Software will be updated to Gaussian.
Warning: gaussian was specified as frequency software but does not match detected software. Software will be updated to Gaussian.
Symmetry input file written to /home/akhalilov/GaussianJobCreator/AUTOMATION-CENTER/connect_kinbot_to_arkane/arkane_files/scratch/0.symm
Point group: Cs
Symmetry input file written to /home/akhalilov/GaussianJobCreator/AUTOMATION-CENTER/connect_kinbot_to_arkane/arkane_files/scratch/0.symm
Point group: Cs
Saving statistical mechanics parameters for 1141903082400600000001_r13_insertion_CO2_3_8...
Loading statistical mechanics parameters for 1141903082400600000001_r13_insertion_ROR_8_7_1_2...
Warning: gaussian was specified as energy software but does not match detected software. Software will be updated to Gaussian.
Warning: gaussian was specified as frequency software but does not match detected software. Software will be updated to Gaussian.
Symmetry input file written to /home/akhalilov/GaussianJobCreator/AUTOMATION-CENTER/connect_kinbot_to_arkane/arkane_files/scratch/0.symm
Point group: C1
Symmetry input file written to /home/akhalilov/GaussianJobCreator/AUTOMATION-CENTER/connect_kinbot_to_arkane/arkane_files/scratch/0.symm
Point group: C1
Saving statistical mechanics parameters for 1141903082400600000001_r13_insertion_ROR_8_7_1_2...
Saving thermo for 10000000000000000002...
Warning: Species label is longer than 15 characters and will break CHEMKIN 2.0
Saving thermo for 1131732952100000000002...
Warning: Species label is longer than 15 characters and will break CHEMKIN 2.0
Saving thermo for 1141903082400600000001...
Warning: Species label is longer than 15 characters and will break CHEMKIN 2.0
Saving thermo for 1141942881381180600001...
Warning: Species label is longer than 15 characters and will break CHEMKIN 2.0
Saving thermo for 1142223813092830600001...
Warning: Species label is longer than 15 characters and will break CHEMKIN 2.0
Saving thermo for 160000000000000000003...
Warning: Species label is longer than 15 characters and will break CHEMKIN 2.0
Saving thermo for 170170000000000000002...
Warning: Species label is longer than 15 characters and will break CHEMKIN 2.0
Saving thermo for 190000000000000000002...
Warning: Species label is longer than 15 characters and will break CHEMKIN 2.0
Saving thermo for 440560320000000000001...
Warning: Species label is longer than 15 characters and will break CHEMKIN 2.0
Saving thermo for 450730450170000000002...
Warning: Species label is longer than 15 characters and will break CHEMKIN 2.0
Saving thermo for 500620380000000000001...
Warning: Species label is longer than 15 characters and will break CHEMKIN 2.0
Saving thermo for 641041150370000000001...
Warning: Species label is longer than 15 characters and will break CHEMKIN 2.0
Saving thermo for 690931140000000000002...
Warning: Species label is longer than 15 characters and will break CHEMKIN 2.0
Saving thermo for 701061740000000000001...
Warning: Species label is longer than 15 characters and will break CHEMKIN 2.0
Saving thermo for 951592011700400000002...
Warning: Species label is longer than 15 characters and will break CHEMKIN 2.0
Saving thermo for 971452351050000000002...
Warning: Species label is longer than 15 characters and will break CHEMKIN 2.0
Saving thermo for 981622481180600000001...
Warning: Species label is longer than 15 characters and will break CHEMKIN 2.0
Saving kinetics for 1141903082400600000001 <=> 440560320000000000001 + 701061740000000000001...

Arkane execution terminated at Sun May 25 13:08:44 2025
Memory used: 375.54 MB
Arkane execution initiated at Sun May 25 13:12:53 2025

################################################################
#                                                              #
# Automated Reaction Kinetics and Network Exploration (Arkane) #
#                                                              #
#   Version: 3.1.0                                             #
#   Authors: RMG Developers (rmg_dev@mit.edu)                  #
#   P.I.s:   William H. Green (whgreen@mit.edu)                #
#            Richard H. West (r.west@neu.edu)                  #
#   Website: http://reactionmechanismgenerator.github.io/      #
#                                                              #
################################################################

Databases not found. Making databases
Loading frequencies group database from /home/akhalilov/.conda/envs/prepackaged_rmg_env/share/rmgdatabase/statmech/groups...
Loading transport library from GRI-Mech.py in /home/akhalilov/.conda/envs/prepackaged_rmg_env/share/rmgdatabase/transport/libraries...
Loading transport library from NOx2018.py in /home/akhalilov/.conda/envs/prepackaged_rmg_env/share/rmgdatabase/transport/libraries...
Loading transport library from OneDMinN2.py in /home/akhalilov/.conda/envs/prepackaged_rmg_env/share/rmgdatabase/transport/libraries...
Loading transport library from PrimaryTransportLibrary.py in /home/akhalilov/.conda/envs/prepackaged_rmg_env/share/rmgdatabase/transport/libraries...
Loading transport group database from /home/akhalilov/.conda/envs/prepackaged_rmg_env/share/rmgdatabase/transport/groups...
Loading species 10000000000000000002...
Loading species 1131732952100000000002...
Loading species 1141903082400600000001...
Loading species 1141942881381180600001...
Loading species 1142223813092830600001...
Loading species 160000000000000000003...
Loading species 170170000000000000002...
Loading species 190000000000000000002...
Loading species 440560320000000000001...
Loading species 450730450170000000002...
Loading species 500620380000000000001...
Loading species 641041150370000000001...
Loading species 690931140000000000002...
Loading species 701061740000000000001...
Loading species 951592011700400000002...
Loading species 971452351050000000002...
Loading species 981622481180600000001...
Loading transition state 1141903082400600000001_r12_insertion_R_7_1_2...
Loading transition state 1141903082400600000001_r13_insertion_CO2_3_8...
Loading transition state 1141903082400600000001_r13_insertion_ROR_8_7_1_2...
Loading reaction 1141903082400600000001 <=> 1142223813092830600001...
Loading reaction 1141903082400600000001 <=> 440560320000000000001 + 701061740000000000001...
Warning: No frequency scaling factor found for LevelOfTheory(method='b97d3',basis='def2msvp',software='gaussian'). Assuming a value of unity. This will affect the partition function and all quantities derived from it  (thermo quantities and rate coefficients).


Warning: Species label is longer than 15 characters and will break CHEMKIN 2.0
Warning: Species label is longer than 15 characters and will break CHEMKIN 2.0
Warning: Species label is longer than 15 characters and will break CHEMKIN 2.0
Warning: Species label is longer than 15 characters and will break CHEMKIN 2.0
Warning: Species label is longer than 15 characters and will break CHEMKIN 2.0
Warning: Species label is longer than 15 characters and will break CHEMKIN 2.0
Warning: Species label is longer than 15 characters and will break CHEMKIN 2.0
Warning: Species label is longer than 15 characters and will break CHEMKIN 2.0
Warning: Species label is longer than 15 characters and will break CHEMKIN 2.0
Warning: Species label is longer than 15 characters and will break CHEMKIN 2.0
Warning: Species label is longer than 15 characters and will break CHEMKIN 2.0
Warning: Species label is longer than 15 characters and will break CHEMKIN 2.0
Warning: Species label is longer than 15 characters and will break CHEMKIN 2.0
Warning: Species label is longer than 15 characters and will break CHEMKIN 2.0
Warning: Species label is longer than 15 characters and will break CHEMKIN 2.0
Warning: Species label is longer than 15 characters and will break CHEMKIN 2.0
Warning: Species label is longer than 15 characters and will break CHEMKIN 2.0
Loading statistical mechanics parameters for 10000000000000000002...
Warning: gaussian was specified as energy software but does not match detected software. Software will be updated to Gaussian.
Warning: gaussian was specified as frequency software but does not match detected software. Software will be updated to Gaussian.
Symmetry input file written to /home/akhalilov/GaussianJobCreator/AUTOMATION-CENTER/connect_kinbot_to_arkane/arkane_files_C1-COOH-REVISED/scratch/0.symm
Point group: Kh
Symmetry input file written to /home/akhalilov/GaussianJobCreator/AUTOMATION-CENTER/connect_kinbot_to_arkane/arkane_files_C1-COOH-REVISED/scratch/0.symm
Point group: Kh
Saving statistical mechanics parameters for 10000000000000000002...
Loading statistical mechanics parameters for 1131732952100000000002...
Warning: gaussian was specified as energy software but does not match detected software. Software will be updated to Gaussian.
Warning: gaussian was specified as frequency software but does not match detected software. Software will be updated to Gaussian.
Symmetry input file written to /home/akhalilov/GaussianJobCreator/AUTOMATION-CENTER/connect_kinbot_to_arkane/arkane_files_C1-COOH-REVISED/scratch/0.symm
Point group: C1
Symmetry input file written to /home/akhalilov/GaussianJobCreator/AUTOMATION-CENTER/connect_kinbot_to_arkane/arkane_files_C1-COOH-REVISED/scratch/0.symm
Point group: C1
Saving statistical mechanics parameters for 1131732952100000000002...
Loading statistical mechanics parameters for 1141903082400600000001...
Warning: gaussian was specified as energy software but does not match detected software. Software will be updated to Gaussian.
Warning: gaussian was specified as frequency software but does not match detected software. Software will be updated to Gaussian.
Symmetry input file written to /home/akhalilov/GaussianJobCreator/AUTOMATION-CENTER/connect_kinbot_to_arkane/arkane_files_C1-COOH-REVISED/scratch/0.symm
Point group: Cs
Symmetry input file written to /home/akhalilov/GaussianJobCreator/AUTOMATION-CENTER/connect_kinbot_to_arkane/arkane_files_C1-COOH-REVISED/scratch/0.symm
Point group: Cs
Saving statistical mechanics parameters for 1141903082400600000001...
Loading statistical mechanics parameters for 1141942881381180600001...
Warning: gaussian was specified as energy software but does not match detected software. Software will be updated to Gaussian.
Warning: gaussian was specified as frequency software but does not match detected software. Software will be updated to Gaussian.
Symmetry input file written to /home/akhalilov/GaussianJobCreator/AUTOMATION-CENTER/connect_kinbot_to_arkane/arkane_files_C1-COOH-REVISED/scratch/0.symm
Point group: Cs
Symmetry input file written to /home/akhalilov/GaussianJobCreator/AUTOMATION-CENTER/connect_kinbot_to_arkane/arkane_files_C1-COOH-REVISED/scratch/0.symm
Point group: Cs
Saving statistical mechanics parameters for 1141942881381180600001...
Loading statistical mechanics parameters for 1142223813092830600001...
Warning: gaussian was specified as energy software but does not match detected software. Software will be updated to Gaussian.
Warning: gaussian was specified as frequency software but does not match detected software. Software will be updated to Gaussian.
Symmetry input file written to /home/akhalilov/GaussianJobCreator/AUTOMATION-CENTER/connect_kinbot_to_arkane/arkane_files_C1-COOH-REVISED/scratch/0.symm
Point group: C1
Symmetry input file written to /home/akhalilov/GaussianJobCreator/AUTOMATION-CENTER/connect_kinbot_to_arkane/arkane_files_C1-COOH-REVISED/scratch/0.symm
Point group: C1
Saving statistical mechanics parameters for 1142223813092830600001...
Loading statistical mechanics parameters for 160000000000000000003...
Warning: gaussian was specified as energy software but does not match detected software. Software will be updated to Gaussian.
Warning: gaussian was specified as frequency software but does not match detected software. Software will be updated to Gaussian.
Symmetry input file written to /home/akhalilov/GaussianJobCreator/AUTOMATION-CENTER/connect_kinbot_to_arkane/arkane_files_C1-COOH-REVISED/scratch/0.symm
Point group: Kh
Symmetry input file written to /home/akhalilov/GaussianJobCreator/AUTOMATION-CENTER/connect_kinbot_to_arkane/arkane_files_C1-COOH-REVISED/scratch/0.symm
Point group: Kh
Saving statistical mechanics parameters for 160000000000000000003...
Loading statistical mechanics parameters for 170170000000000000002...
Warning: gaussian was specified as energy software but does not match detected software. Software will be updated to Gaussian.
Warning: gaussian was specified as frequency software but does not match detected software. Software will be updated to Gaussian.
Symmetry input file written to /home/akhalilov/GaussianJobCreator/AUTOMATION-CENTER/connect_kinbot_to_arkane/arkane_files_C1-COOH-REVISED/scratch/0.symm
Point group: Cinfv
Symmetry input file written to /home/akhalilov/GaussianJobCreator/AUTOMATION-CENTER/connect_kinbot_to_arkane/arkane_files_C1-COOH-REVISED/scratch/0.symm
Point group: Cinfv
Saving statistical mechanics parameters for 170170000000000000002...
Loading statistical mechanics parameters for 190000000000000000002...
Warning: gaussian was specified as energy software but does not match detected software. Software will be updated to Gaussian.
Warning: gaussian was specified as frequency software but does not match detected software. Software will be updated to Gaussian.
Symmetry input file written to /home/akhalilov/GaussianJobCreator/AUTOMATION-CENTER/connect_kinbot_to_arkane/arkane_files_C1-COOH-REVISED/scratch/0.symm
Point group: Kh
Symmetry input file written to /home/akhalilov/GaussianJobCreator/AUTOMATION-CENTER/connect_kinbot_to_arkane/arkane_files_C1-COOH-REVISED/scratch/0.symm
Point group: Kh
Saving statistical mechanics parameters for 190000000000000000002...
Loading statistical mechanics parameters for 440560320000000000001...
Warning: gaussian was specified as energy software but does not match detected software. Software will be updated to Gaussian.
Warning: gaussian was specified as frequency software but does not match detected software. Software will be updated to Gaussian.
Symmetry input file written to /home/akhalilov/GaussianJobCreator/AUTOMATION-CENTER/connect_kinbot_to_arkane/arkane_files_C1-COOH-REVISED/scratch/0.symm
Point group: Dinfh
Symmetry input file written to /home/akhalilov/GaussianJobCreator/AUTOMATION-CENTER/connect_kinbot_to_arkane/arkane_files_C1-COOH-REVISED/scratch/0.symm
Point group: Dinfh
Saving statistical mechanics parameters for 440560320000000000001...
Loading statistical mechanics parameters for 450730450170000000002...
Warning: gaussian was specified as energy software but does not match detected software. Software will be updated to Gaussian.
Warning: gaussian was specified as frequency software but does not match detected software. Software will be updated to Gaussian.
Symmetry input file written to /home/akhalilov/GaussianJobCreator/AUTOMATION-CENTER/connect_kinbot_to_arkane/arkane_files_C1-COOH-REVISED/scratch/0.symm
Point group: Cs
Symmetry input file written to /home/akhalilov/GaussianJobCreator/AUTOMATION-CENTER/connect_kinbot_to_arkane/arkane_files_C1-COOH-REVISED/scratch/0.symm
Point group: Cs
Saving statistical mechanics parameters for 450730450170000000002...
Loading statistical mechanics parameters for 500620380000000000001...
Warning: gaussian was specified as energy software but does not match detected software. Software will be updated to Gaussian.
Warning: gaussian was specified as frequency software but does not match detected software. Software will be updated to Gaussian.
Symmetry input file written to /home/akhalilov/GaussianJobCreator/AUTOMATION-CENTER/connect_kinbot_to_arkane/arkane_files_C1-COOH-REVISED/scratch/0.symm
Point group: C2v
Symmetry input file written to /home/akhalilov/GaussianJobCreator/AUTOMATION-CENTER/connect_kinbot_to_arkane/arkane_files_C1-COOH-REVISED/scratch/0.symm
Point group: C2v
Saving statistical mechanics parameters for 500620380000000000001...
Loading statistical mechanics parameters for 641041150370000000001...
Warning: gaussian was specified as energy software but does not match detected software. Software will be updated to Gaussian.
Warning: gaussian was specified as frequency software but does not match detected software. Software will be updated to Gaussian.
Symmetry input file written to /home/akhalilov/GaussianJobCreator/AUTOMATION-CENTER/connect_kinbot_to_arkane/arkane_files_C1-COOH-REVISED/scratch/0.symm
Point group: Cs
Symmetry input file written to /home/akhalilov/GaussianJobCreator/AUTOMATION-CENTER/connect_kinbot_to_arkane/arkane_files_C1-COOH-REVISED/scratch/0.symm
Point group: Cs
Saving statistical mechanics parameters for 641041150370000000001...
Loading statistical mechanics parameters for 690931140000000000002...
Warning: gaussian was specified as energy software but does not match detected software. Software will be updated to Gaussian.
Warning: gaussian was specified as frequency software but does not match detected software. Software will be updated to Gaussian.
Symmetry input file written to /home/akhalilov/GaussianJobCreator/AUTOMATION-CENTER/connect_kinbot_to_arkane/arkane_files_C1-COOH-REVISED/scratch/0.symm
Point group: C3v
Symmetry input file written to /home/akhalilov/GaussianJobCreator/AUTOMATION-CENTER/connect_kinbot_to_arkane/arkane_files_C1-COOH-REVISED/scratch/0.symm
Point group: C3v
Saving statistical mechanics parameters for 690931140000000000002...
Loading statistical mechanics parameters for 701061740000000000001...
Warning: gaussian was specified as energy software but does not match detected software. Software will be updated to Gaussian.
Warning: gaussian was specified as frequency software but does not match detected software. Software will be updated to Gaussian.
Symmetry input file written to /home/akhalilov/GaussianJobCreator/AUTOMATION-CENTER/connect_kinbot_to_arkane/arkane_files_C1-COOH-REVISED/scratch/0.symm
Point group: C3v
Symmetry input file written to /home/akhalilov/GaussianJobCreator/AUTOMATION-CENTER/connect_kinbot_to_arkane/arkane_files_C1-COOH-REVISED/scratch/0.symm
Point group: C3v
Saving statistical mechanics parameters for 701061740000000000001...
Loading statistical mechanics parameters for 951592011700400000002...
Warning: gaussian was specified as energy software but does not match detected software. Software will be updated to Gaussian.
Warning: gaussian was specified as frequency software but does not match detected software. Software will be updated to Gaussian.
Symmetry input file written to /home/akhalilov/GaussianJobCreator/AUTOMATION-CENTER/connect_kinbot_to_arkane/arkane_files_C1-COOH-REVISED/scratch/0.symm
Point group: Cs
Symmetry input file written to /home/akhalilov/GaussianJobCreator/AUTOMATION-CENTER/connect_kinbot_to_arkane/arkane_files_C1-COOH-REVISED/scratch/0.symm
Point group: Cs
Saving statistical mechanics parameters for 951592011700400000002...
Loading statistical mechanics parameters for 971452351050000000002...
Warning: gaussian was specified as energy software but does not match detected software. Software will be updated to Gaussian.
Warning: gaussian was specified as frequency software but does not match detected software. Software will be updated to Gaussian.
Symmetry input file written to /home/akhalilov/GaussianJobCreator/AUTOMATION-CENTER/connect_kinbot_to_arkane/arkane_files_C1-COOH-REVISED/scratch/0.symm
Point group: Cs
Symmetry input file written to /home/akhalilov/GaussianJobCreator/AUTOMATION-CENTER/connect_kinbot_to_arkane/arkane_files_C1-COOH-REVISED/scratch/0.symm
Point group: Cs
Saving statistical mechanics parameters for 971452351050000000002...
Loading statistical mechanics parameters for 981622481180600000001...
Warning: gaussian was specified as energy software but does not match detected software. Software will be updated to Gaussian.
Warning: gaussian was specified as frequency software but does not match detected software. Software will be updated to Gaussian.
Symmetry input file written to /home/akhalilov/GaussianJobCreator/AUTOMATION-CENTER/connect_kinbot_to_arkane/arkane_files_C1-COOH-REVISED/scratch/0.symm
Point group: Cs
Symmetry input file written to /home/akhalilov/GaussianJobCreator/AUTOMATION-CENTER/connect_kinbot_to_arkane/arkane_files_C1-COOH-REVISED/scratch/0.symm
Point group: Cs
Saving statistical mechanics parameters for 981622481180600000001...
Loading statistical mechanics parameters for 1141903082400600000001_r12_insertion_R_7_1_2...
Warning: gaussian was specified as energy software but does not match detected software. Software will be updated to Gaussian.
Warning: gaussian was specified as frequency software but does not match detected software. Software will be updated to Gaussian.
Symmetry input file written to /home/akhalilov/GaussianJobCreator/AUTOMATION-CENTER/connect_kinbot_to_arkane/arkane_files_C1-COOH-REVISED/scratch/0.symm
Point group: C1
Symmetry input file written to /home/akhalilov/GaussianJobCreator/AUTOMATION-CENTER/connect_kinbot_to_arkane/arkane_files_C1-COOH-REVISED/scratch/0.symm
Point group: C1
Saving statistical mechanics parameters for 1141903082400600000001_r12_insertion_R_7_1_2...
Loading statistical mechanics parameters for 1141903082400600000001_r13_insertion_CO2_3_8...
Warning: gaussian was specified as energy software but does not match detected software. Software will be updated to Gaussian.
Warning: gaussian was specified as frequency software but does not match detected software. Software will be updated to Gaussian.
Symmetry input file written to /home/akhalilov/GaussianJobCreator/AUTOMATION-CENTER/connect_kinbot_to_arkane/arkane_files_C1-COOH-REVISED/scratch/0.symm
Point group: Cs
Symmetry input file written to /home/akhalilov/GaussianJobCreator/AUTOMATION-CENTER/connect_kinbot_to_arkane/arkane_files_C1-COOH-REVISED/scratch/0.symm
Point group: Cs
Saving statistical mechanics parameters for 1141903082400600000001_r13_insertion_CO2_3_8...
Loading statistical mechanics parameters for 1141903082400600000001_r13_insertion_ROR_8_7_1_2...
Warning: gaussian was specified as energy software but does not match detected software. Software will be updated to Gaussian.
Warning: gaussian was specified as frequency software but does not match detected software. Software will be updated to Gaussian.
Symmetry input file written to /home/akhalilov/GaussianJobCreator/AUTOMATION-CENTER/connect_kinbot_to_arkane/arkane_files_C1-COOH-REVISED/scratch/0.symm
Point group: C1
Symmetry input file written to /home/akhalilov/GaussianJobCreator/AUTOMATION-CENTER/connect_kinbot_to_arkane/arkane_files_C1-COOH-REVISED/scratch/0.symm
Point group: C1
Saving statistical mechanics parameters for 1141903082400600000001_r13_insertion_ROR_8_7_1_2...
Saving thermo for 10000000000000000002...
Warning: Species label is longer than 15 characters and will break CHEMKIN 2.0
Saving thermo for 1131732952100000000002...
Warning: Species label is longer than 15 characters and will break CHEMKIN 2.0
Saving thermo for 1141903082400600000001...
Warning: Species label is longer than 15 characters and will break CHEMKIN 2.0
Saving thermo for 1141942881381180600001...
Warning: Species label is longer than 15 characters and will break CHEMKIN 2.0
Saving thermo for 1142223813092830600001...
Warning: Species label is longer than 15 characters and will break CHEMKIN 2.0
Saving thermo for 160000000000000000003...
Warning: Species label is longer than 15 characters and will break CHEMKIN 2.0
Saving thermo for 170170000000000000002...
Warning: Species label is longer than 15 characters and will break CHEMKIN 2.0
Saving thermo for 190000000000000000002...
Warning: Species label is longer than 15 characters and will break CHEMKIN 2.0
Saving thermo for 440560320000000000001...
Warning: Species label is longer than 15 characters and will break CHEMKIN 2.0
Saving thermo for 450730450170000000002...
Warning: Species label is longer than 15 characters and will break CHEMKIN 2.0
Saving thermo for 500620380000000000001...
Warning: Species label is longer than 15 characters and will break CHEMKIN 2.0
Saving thermo for 641041150370000000001...
Warning: Species label is longer than 15 characters and will break CHEMKIN 2.0
Saving thermo for 690931140000000000002...
Warning: Species label is longer than 15 characters and will break CHEMKIN 2.0
Saving thermo for 701061740000000000001...
Warning: Species label is longer than 15 characters and will break CHEMKIN 2.0
Saving thermo for 951592011700400000002...
Warning: Species label is longer than 15 characters and will break CHEMKIN 2.0
Saving thermo for 971452351050000000002...
Warning: Species label is longer than 15 characters and will break CHEMKIN 2.0
Saving thermo for 981622481180600000001...
Warning: Species label is longer than 15 characters and will break CHEMKIN 2.0
Saving kinetics for 1141903082400600000001 <=> 440560320000000000001 + 701061740000000000001...

Arkane execution terminated at Sun May 25 13:13:00 2025
Memory used: 376.78 MB
