-999	16	1642764945472630600001_intra_H_migration_1_11
-999	16	1642764945472630600001_intra_H_migration_2_11
-999	15	1642764945472630600001_intra_H_migration_suprafacial_2_11
-1	13	1642764945472630600001_r12_insertion_R_1_3_4	1141903082400600000001 500620380000000000001
-1	13	1642764945472630600001_r12_insertion_R_1_3_8	1643046107386123120601
-999	13	1642764945472630600001_r12_insertion_R_1_10_11
-1	13	1642764945472630600001_r12_insertion_R_2_1_3	1642804744642041580601
-999	13	1642764945472630600001_r12_insertion_R_2_1_10
-1	13	1642764945472630600001_r12_insertion_R_3_1_2	1642804744642041580601
-999	13	1642764945472630600001_r12_insertion_R_3_1_10
-1	13	1642764945472630600001_r12_insertion_R_3_4_5	1642804744642041580601
-1	13	1642764945472630600001_r12_insertion_R_4_3_1	1141903082400600000001 500620380000000000001
-999	13	1642764945472630600001_r12_insertion_R_4_3_8
-1	13	1642764945472630600001_r12_insertion_R_5_4_3	1141903082400600000001 500620380000000000001
-999	13	1642764945472630600001_r12_insertion_R_5_4_6
-999	13	1642764945472630600001_r12_insertion_R_5_4_7
-1	13	1642764945472630600001_r12_insertion_R_8_3_1	641041150370000000001 1001482381140000000001
-1	13	1642764945472630600001_r12_insertion_R_8_3_4	761281321000200000001 881242280000000000001
-999	13	1642764945472630600001_r12_insertion_R_8_3_9
-1	13	1642764945472630600001_r12_insertion_R_10_1_2	1643085676164723230601
-1	13	1642764945472630600001_r12_insertion_R_10_1_3	280280000000000000001 1362244183860600000001
-999	13	1642764945472630600001_r12_insertion_R_11_10_1
-1	23	1642764945472630600001_r13_insertion_CO2_3_11	440560320000000000001 1201923602880000000001
-1	23	1642764945472630600001_r13_insertion_ROR_4_3_1_2	1642804443153132880001
-999	23	1642764945472630600001_r13_insertion_ROR_4_3_1_10
-1	23	1642764945472630600001_r13_insertion_ROR_8_3_1_2	1642804254293321740001
-999	23	1642764945472630600001_r13_insertion_ROR_8_3_1_10
-1	23	1642764945472630600001_r13_insertion_ROR_11_10_1_2	1642804664602161580601
-999	15	1642764945472630600001_ketoenol_2_1_3_4
-1	15	1642764945472630600001_ketoenol_2_1_3_8	1642804254293321740001
-999	13	1642764945472630600001_R_Addition_MultipleBond_1_3_4
-999	13	1642764945472630600001_R_Addition_MultipleBond_1_3_8
-999	13	1642764945472630600001_R_Addition_MultipleBond_1_10_11
-1	0	1642764945472630600001_hom_sci_1_2	1482484344321580600001 160000000000000000003
-1	0	1642764945472630600001_hom_sci_1_3	450730450170000000002 1191793072280000000002
-1	0	1642764945472630600001_hom_sci_1_10	1472314214191050000002 170170000000000000002
-1	0	1642764945472630600001_hom_sci_3_4	951592011700400000002 690931140000000000002
-1	0	1642764945472630600001_hom_sci_3_8	1452453943632430600002 190000000000000000002
-1	0	1642764945472630600001_hom_sci_4_5	1452453874401930400002 190000000000000000002
-1	0	1642764945472630600001_hom_sci_10_11	1632594815172100000002 10000000000000000002
