23-May-25 22:58:43-INFO: 
Copyright 2018 National Technology & Engineering Solutions of Sandia,
LLC (NTESS). Under the terms of Contract DE-NA0003525 with NTESS, 
the U.S. Government retains certain rights in this software.

23-May-25 22:58:43-INFO: Input parameters
23-May-25 22:58:43-INFO: input_file: species_1.json
	title: species_1
	verbose: 0
	smiles: C(=O)(C(C(F)(F)F)(F)F)O
	structure: ['C', 1.1353099027529996, 0.2818424042213037, -0.04932059362590502, 'O', 1.9503121005395452, 0.6694059016933546, -0.9430034254090959, 'C', -0.27154693488105136, 0.7417615599514397, -0.01608426824916408, 'C', -1.2251712619010953, -0.41740821933091626, -0.13285556915948304, 'F', -2.5184321812309323, 0.07369128584908914, -0.09584013495396929, 'F', -0.9521738478037399, -1.1142943285030151, -1.2946502586569213, 'F', -1.0255963511231951, -1.3060896861315279, 0.9091609772921099, 'F', -0.5939033305183528, 1.4017341864250599, 1.158349364039376, 'F', -0.4631597035729815, 1.5814264137533633, -1.1049125890002949, 'O', 1.636390824669976, -0.6045589216272745, 0.9050110558552964, 'H', 2.3279707830688103, -1.3075105963008813, 0.6641454418680511]
	charge: 0
	mult: 1
	bimol: 0
	cluster: 0
	solute: []
	hbond: 0
	reaction_search: 1
	families: ['all']
	bimol_families: ['all']
	skip_families: ['none']
	skip_chemids: ['none']
	keep_chemids: ['none']
	skip_reactions: ['none']
	variational: 0
	barrierless_saddle: {}
	barrierless_saddle_start: 2.0
	barrierless_saddle_step: 0.2
	homolytic_bonds: {}
	specific_reaction: 0
	break_bonds: []
	form_bonds: []
	barrier_threshold: 1000
	barrier_threshold_L2: None
	barrier_threshold_add: 10.0
	hom_sci_threshold_add: 5.0
	scan_step: 30
	rigid_reaction_cutoff: 3.0
	pes: 0
	simultaneous_kinbot: 5
	high_level: 0
	calc_aie: 0
	vdW_detection: 0.5
	conformer_search: 1
	difference_threshold: 0.1
	conf_grid: 3
	semi_emp_conformer_search: 0
	rotor_scan: 0
	free_rotor_thrs: 0.1
	nrotation: 12
	plot_hir_profiles: 0
	rotation_restart: 3
	rotation_restart_threshold: 5.0
	max_dihed: 5
	random_conf: 500
	flat_ring_dih_angle: 5.0
	max_dihed_semi_emp: 5
	random_conf_semi_emp: 500
	semi_emp_confomer_threshold: 5
	multi_conf_tst: 1
	multi_conf_tst_temp: 1000
	multi_conf_tst_boltz: 0.05
	print_conf: 0
	min_bond_break: 2
	max_bond_break: 3
	comb_molec: 1
	comb_rad: 1
	comb_lone: 1
	comb_pi: 1
	break_valence: 1
	one_reaction_comb: 0
	one_reaction_fam: 0
	ringrange: [3, 9]
	qc: gauss
	methodclass: dft
	qc_command: g16
	method: M062X
	basis: Def2TZVPP
	scan_method: mp2
	scan_basis: 6-31G
	barrierless_saddle_method: b3lyp
	barrierless_saddle_basis: 6-31G
	barrierless_saddle_method_high: b3lyp
	barrierless_saddle_basis_high: 6-31G
	calcall_ts: 1
	high_level_method: M062X
	high_level_basis: Def2TZVPP
	semi_emp_method: am1
	integral: fine
	opt: VeryTight
	irc_maxpoints: 100
	irc_stepsize: 2
	guessmix: 0
	L3_calc: 0
	single_point_qc: molpro
	single_point_template: 
	single_point_key: mytza
	barrierless_saddle_single_point_template: 
	barrierless_saddle_prod_single_point_template: 
	barrierless_saddle_norbital: 0
	barrierless_saddle_nelectron: 0
	barrierless_saddle_nstate: 0
	barrierless_saddle_single_point_key: 
	single_point_command: 
	hir_maxcycle: None
	rigid_hir: 0
	use_sella: False
	sella_kwargs: {}
	calc_kwargs: {}
	imagfreq_threshold: 50.0
	nn_model: None
	rotdPy_mem: 300
	vrc_tst_scan: {}
	vrc_tst_noscan: {}
	vrc_tst_scan_sella: 0
	vrc_tst_scan_method: ub3lyp
	vrc_tst_scan_basis: 6-31+G(d)
	vrc_tst_sample_method: caspt2(2,2)
	vrc_tst_high_method: caspt2(2,2)
	vrc_tst_sample_basis: vdz
	vrc_tst_high_basis: avtz
	vrc_tst_scan_points: [np.float64(2.5), np.float64(2.7), np.float64(2.9000000000000004), np.float64(3.1000000000000005), np.float64(3.3000000000000007), np.float64(3.500000000000001), np.float64(3.700000000000001), np.float64(3.9000000000000012), np.float64(4.100000000000001), np.float64(4.300000000000002), np.float64(4.500000000000002), np.float64(4.700000000000002), np.float64(4.900000000000002), np.float64(5.100000000000002), np.float64(5.3000000000000025), np.float64(5.500000000000003), np.float64(5.700000000000003), np.float64(5.900000000000003), np.float64(6.100000000000003), np.float64(6.300000000000003), np.float64(6.5000000000000036), np.float64(6.700000000000004), np.float64(6.900000000000004), np.float64(7.100000000000004), np.float64(7.300000000000004), np.float64(7.500000000000004), np.float64(7.700000000000005), np.float64(7.900000000000005), np.float64(8.100000000000005), np.float64(8.300000000000004), np.float64(8.500000000000005), np.float64(8.700000000000006), np.float64(8.900000000000006), np.float64(9.100000000000005), np.float64(9.300000000000006), np.float64(9.500000000000007), np.float64(9.700000000000006), np.float64(9.900000000000006), np.float64(10.100000000000007), np.float64(10.300000000000008), np.float64(10.500000000000007), np.float64(10.700000000000006), np.float64(10.900000000000007), np.float64(11.100000000000009), np.float64(11.300000000000008), np.float64(11.500000000000007), np.float64(11.700000000000008), np.float64(11.90000000000001), np.float64(12.100000000000009), np.float64(12.300000000000008), np.float64(12.500000000000009), np.float64(12.70000000000001), np.float64(12.90000000000001), np.float64(13.100000000000009), np.float64(13.30000000000001), np.float64(13.50000000000001), np.float64(13.70000000000001), np.float64(13.90000000000001), np.float64(14.10000000000001), np.float64(14.300000000000011), np.float64(14.50000000000001), np.float64(14.70000000000001), np.float64(14.900000000000011), np.float64(15.100000000000012), np.float64(15.300000000000011), np.float64(15.50000000000001), np.float64(15.700000000000012), np.float64(15.900000000000013), np.float64(16.100000000000012), np.float64(16.30000000000001), np.float64(16.500000000000014), np.float64(16.700000000000014), np.float64(16.900000000000013), np.float64(17.100000000000012), np.float64(17.30000000000001), np.float64(17.500000000000014), np.float64(17.700000000000014), np.float64(17.900000000000013), np.float64(18.100000000000016), np.float64(18.300000000000015), np.float64(18.500000000000014), np.float64(18.700000000000014), np.float64(18.900000000000013), np.float64(19.100000000000016), np.float64(19.300000000000015), np.float64(19.500000000000014), np.float64(19.700000000000017), np.float64(19.900000000000016)]
	vrc_tst_scan_molpro_key: MYENERGY
	vrc_tst_scan_molpro_tpl: 
	vrc_tst_scan_deviation: 100.0
	vts_ang_dev: 10
	vrc_tst_scan_reac_cent: {}
	pp_length: {'H': [0.125, 0.25, 0.375, 0.5], 'C': [0.25, 0.5, 0.75, 1.0], 'N': [0.25, 0.5, 0.75, 1.0], 'O': [0.25, 0.5, 0.75, 1.0], 'S': [0.25, 0.5, 0.75, 1.0], 'X': [0.25, 0.5, 0.75, 1.0]}
	pp_oriented: [1.5, 6]
	pp_on_atom: [5.0, 12.0]
	pp_on_COM: 10.0
	pp_orient: homo
	rotdpy_dist: [np.float64(3.0), np.float64(3.2), np.float64(3.4000000000000004), np.float64(3.6000000000000005), np.float64(3.8000000000000007), np.float64(4.000000000000001), np.float64(4.200000000000001), np.float64(4.400000000000001), np.float64(4.600000000000001), np.float64(4.800000000000002), np.float64(5.000000000000002), np.float64(5.200000000000002), np.float64(5.400000000000002), np.float64(5.600000000000002), np.float64(5.8000000000000025), np.float64(6.000000000000003), np.float64(6.200000000000003), np.float64(6.400000000000003), np.float64(6.600000000000003), np.float64(6.800000000000003), np.float64(7.0000000000000036), np.float64(7.200000000000004), np.float64(7.400000000000004), np.float64(7.600000000000004), np.float64(7.800000000000004), np.float64(8.000000000000004), np.float64(8.200000000000005), np.float64(8.400000000000006), np.float64(8.600000000000005), np.float64(8.800000000000004), np.float64(9.000000000000005), np.float64(9.200000000000006), np.float64(9.400000000000006), np.float64(9.600000000000005), np.float64(9.800000000000006), np.float64(10.000000000000007), np.float64(10.200000000000006), np.float64(10.400000000000006), np.float64(10.600000000000007), np.float64(10.800000000000008), np.float64(11.000000000000007), np.float64(11.200000000000006), np.float64(11.400000000000007), np.float64(11.600000000000009), np.float64(11.800000000000008), np.float64(12.000000000000007), np.float64(12.200000000000008), np.float64(12.40000000000001), np.float64(12.600000000000009), np.float64(12.800000000000008), np.float64(13.000000000000009), np.float64(13.20000000000001), np.float64(13.40000000000001), np.float64(13.600000000000009), np.float64(13.80000000000001), np.float64(14.00000000000001), np.float64(14.20000000000001), np.float64(14.40000000000001), np.float64(14.60000000000001), np.float64(14.800000000000011), np.float64(15.00000000000001), np.float64(15.20000000000001), np.float64(15.400000000000011), np.float64(15.600000000000012), np.float64(15.800000000000011), np.float64(16.00000000000001), np.float64(16.20000000000001), np.float64(16.400000000000013), np.float64(16.600000000000012), np.float64(16.80000000000001), np.float64(17.000000000000014), np.float64(17.200000000000014), np.float64(17.400000000000013), np.float64(17.600000000000012), np.float64(17.80000000000001), np.float64(18.000000000000014), np.float64(18.200000000000014), np.float64(18.400000000000013), np.float64(18.600000000000016), np.float64(18.800000000000015), np.float64(19.000000000000014), np.float64(19.200000000000014), np.float64(19.400000000000013), np.float64(19.600000000000016), np.float64(19.800000000000015)]
	queuing: slurm
	queue_template: defaultqueue.sbatch
	q_temp_am1: defaultqueue.sbatch
	q_temp_hi: defaultqueue.sbatch
	q_temp_mp2: defaultqueue.sbatch
	q_temp_l3: defaultqueue.sbatch
	queue_name: medium
	slurm_feature: 
	ppn: 8
	single_point_ppn: 4
	zf: 4
	delete_intermediate_files: 0
	scratch: 
	username: akhalilov
	queue_job_limit: 100
	error_missing_local: True
	do_clean: True
	me: 1
	run_me: 0
	me_code: mesmer
	collider: He
	epsilon: 278.01382815474597
	epsilon_unit: K
	sigma: 5.5
	correct_submerged: 0
	mess_command: mess
	TemperatureList: [300.0, 400.0, 500.0, 600.0, 700.0, 800.0, 900.0, 1000.0, 1100.0, 1200.0, 1300.0, 1400.0, 1500.0, 1600.0, 1700.0, 1800.0, 1900.0, 2000.0]
	PressureList: [7.6, 76.0, 760.0, 7600.0, 76000.0]
	EnergyStepOverTemperature: 0.2
	ExcessEnergyOverTemperature: 30
	ModelEnergyLimit: 400
	CalculationMethod: direct
	ChemicalEigenvalueMax: 0.2
	EnergyRelaxationFactor: 200
	EnergyRelaxationPower: 0.85
	EnergyRelaxationExponentCutoff: 15
	mesmer_command: mesmer
	uq: 0
	uq_n: 1
	uq_max_runs: 5
	well_uq: 0.5
	barrier_uq: 1.0
	freq_uq: 1.2
	imagfreq_uq: 1.1
	epsilon_uq: 1.2
	sigma_uq: 1.2
	enrelfact_uq: 1.2
	enrelpow_uq: 1.2
	pstsymm_uq: 2.0
23-May-25 22:58:43-INFO: Starting KinBot
23-May-25 22:58:43-INFO: Empty file kinbot_10119306.log is deleted.
23-May-25 22:58:43-INFO: Starting optimization of initial well...
23-May-25 23:17:02-INFO: 	Starting conformational search of 1642764945472630600001
23-May-25 23:43:20-INFO: 	Lowest energy conformer for species 1642764945472630600001 is number 0008
23-May-25 23:43:20-INFO: 	At 1000 K with 5.0% cutoff the unique conformers for species 1642764945472630600001 are [0, 2, 5, 6, 8]
23-May-25 23:43:28-INFO: Starting reaction search...
23-May-25 23:43:28-INFO: 	Found the following reactions:
23-May-25 23:43:28-INFO: 		1642764945472630600001_intra_H_migration_1_11
23-May-25 23:43:28-INFO: 		1642764945472630600001_intra_H_migration_2_11
23-May-25 23:43:28-INFO: 		1642764945472630600001_intra_H_migration_suprafacial_2_11
23-May-25 23:43:28-INFO: 		1642764945472630600001_r12_insertion_R_1_3_4
23-May-25 23:43:28-INFO: 		1642764945472630600001_r12_insertion_R_1_3_8
23-May-25 23:43:28-INFO: 		1642764945472630600001_r12_insertion_R_1_10_11
23-May-25 23:43:28-INFO: 		1642764945472630600001_r12_insertion_R_2_1_3
23-May-25 23:43:28-INFO: 		1642764945472630600001_r12_insertion_R_2_1_10
23-May-25 23:43:28-INFO: 		1642764945472630600001_r12_insertion_R_3_1_2
23-May-25 23:43:28-INFO: 		1642764945472630600001_r12_insertion_R_3_1_10
23-May-25 23:43:28-INFO: 		1642764945472630600001_r12_insertion_R_3_4_5
23-May-25 23:43:28-INFO: 		1642764945472630600001_r12_insertion_R_4_3_1
23-May-25 23:43:28-INFO: 		1642764945472630600001_r12_insertion_R_4_3_8
23-May-25 23:43:28-INFO: 		1642764945472630600001_r12_insertion_R_5_4_3
23-May-25 23:43:28-INFO: 		1642764945472630600001_r12_insertion_R_5_4_6
23-May-25 23:43:28-INFO: 		1642764945472630600001_r12_insertion_R_5_4_7
23-May-25 23:43:28-INFO: 		1642764945472630600001_r12_insertion_R_8_3_1
23-May-25 23:43:28-INFO: 		1642764945472630600001_r12_insertion_R_8_3_4
23-May-25 23:43:28-INFO: 		1642764945472630600001_r12_insertion_R_8_3_9
23-May-25 23:43:28-INFO: 		1642764945472630600001_r12_insertion_R_10_1_2
23-May-25 23:43:28-INFO: 		1642764945472630600001_r12_insertion_R_10_1_3
23-May-25 23:43:28-INFO: 		1642764945472630600001_r12_insertion_R_11_10_1
23-May-25 23:43:28-INFO: 		1642764945472630600001_r13_insertion_CO2_3_11
23-May-25 23:43:28-INFO: 		1642764945472630600001_r13_insertion_ROR_4_3_1_2
23-May-25 23:43:28-INFO: 		1642764945472630600001_r13_insertion_ROR_4_3_1_10
23-May-25 23:43:28-INFO: 		1642764945472630600001_r13_insertion_ROR_8_3_1_2
23-May-25 23:43:28-INFO: 		1642764945472630600001_r13_insertion_ROR_8_3_1_10
23-May-25 23:43:28-INFO: 		1642764945472630600001_r13_insertion_ROR_11_10_1_2
23-May-25 23:43:28-INFO: 		1642764945472630600001_ketoenol_2_1_3_4
23-May-25 23:43:28-INFO: 		1642764945472630600001_ketoenol_2_1_3_8
23-May-25 23:43:28-INFO: 		1642764945472630600001_R_Addition_MultipleBond_1_3_4
23-May-25 23:43:28-INFO: 		1642764945472630600001_R_Addition_MultipleBond_1_3_8
23-May-25 23:43:28-INFO: 		1642764945472630600001_R_Addition_MultipleBond_1_10_11
23-May-25 23:43:28-INFO: 		1642764945472630600001_hom_sci_1_2
23-May-25 23:43:28-INFO: 		1642764945472630600001_hom_sci_1_3
23-May-25 23:43:28-INFO: 		1642764945472630600001_hom_sci_1_10
23-May-25 23:43:28-INFO: 		1642764945472630600001_hom_sci_3_4
23-May-25 23:43:28-INFO: 		1642764945472630600001_hom_sci_3_8
23-May-25 23:43:28-INFO: 		1642764945472630600001_hom_sci_4_5
23-May-25 23:43:28-INFO: 		1642764945472630600001_hom_sci_10_11
23-May-25 23:43:48-INFO: 	Based on the end of IRC, reaction 1642764945472630600001_hom_sci_1_2 leads to products [1482484344321580600001, 160000000000000000003] [array(['C', 'C', 'C', 'F', 'F', 'F', 'F', 'F', 'O', 'H'], dtype='<U32'), array(['O'], dtype='<U32')]
23-May-25 23:43:49-INFO: 	Based on the end of IRC, reaction 1642764945472630600001_hom_sci_1_3 leads to products [450730450170000000002, 1191793072280000000002] [array(['C', 'O', 'O', 'H'], dtype='<U32'), array(['C', 'C', 'F', 'F', 'F', 'F', 'F'], dtype='<U32')]
23-May-25 23:43:49-INFO: 	Based on the end of IRC, reaction 1642764945472630600001_hom_sci_1_10 leads to products [1472314214191050000002, 170170000000000000002] [array(['C', 'O', 'C', 'C', 'F', 'F', 'F', 'F', 'F'], dtype='<U32'), array(['O', 'H'], dtype='<U32')]
23-May-25 23:43:50-INFO: 	Based on the end of IRC, reaction 1642764945472630600001_hom_sci_3_4 leads to products [951592011700400000002, 690931140000000000002] [array(['C', 'O', 'C', 'F', 'F', 'O', 'H'], dtype='<U32'), array(['C', 'F', 'F', 'F'], dtype='<U32')]
23-May-25 23:43:50-INFO: 	Based on the end of IRC, reaction 1642764945472630600001_hom_sci_3_8 leads to products [1452453943632430600002, 190000000000000000002] [array(['C', 'O', 'C', 'C', 'F', 'F', 'F', 'F', 'O', 'H'], dtype='<U32'), array(['F'], dtype='<U32')]
23-May-25 23:43:51-INFO: 	Based on the end of IRC, reaction 1642764945472630600001_hom_sci_4_5 leads to products [1452453874401930400002, 190000000000000000002] [array(['C', 'O', 'C', 'C', 'F', 'F', 'F', 'F', 'O', 'H'], dtype='<U32'), array(['F'], dtype='<U32')]
23-May-25 23:43:51-INFO: 	Based on the end of IRC, reaction 1642764945472630600001_hom_sci_10_11 leads to products [1632594815172100000002, 10000000000000000002] [array(['C', 'O', 'C', 'C', 'F', 'F', 'F', 'F', 'F', 'O'], dtype='<U32'), array(['H'], dtype='<U32')]
24-May-25 00:01:58-INFO: 	Starting conformational search of 450730450170000000002
24-May-25 00:02:06-INFO: 	Starting conformational search of 1191793072280000000002
24-May-25 00:10:10-INFO: 	Starting conformational search of 1482484344321580600001
24-May-25 00:13:38-INFO: 	Starting conformational search of 160000000000000000003
24-May-25 00:14:12-INFO: 	Lowest energy conformer for species 450730450170000000002 is number 0000
24-May-25 00:14:12-INFO: 	At 1000 K with 5.0% cutoff the unique conformers for species 450730450170000000002 are [0]
24-May-25 00:14:15-INFO: 	Lowest energy conformer for species 1191793072280000000002 is number 0000
24-May-25 00:14:15-INFO: 	At 1000 K with 5.0% cutoff the unique conformers for species 1191793072280000000002 are [0]
24-May-25 00:14:17-INFO: 	Starting conformational search of 1472314214191050000002
24-May-25 00:14:36-INFO: 	Starting conformational search of 170170000000000000002
24-May-25 00:14:37-INFO: 	Starting conformational search of 951592011700400000002
24-May-25 00:16:37-INFO: 	Starting conformational search of 690931140000000000002
24-May-25 00:22:22-INFO: 	Starting conformational search of 1452453943632430600002
24-May-25 00:29:54-INFO: 	Starting conformational search of 190000000000000000002
24-May-25 00:30:24-INFO: 	Starting conformational search of 1452453874401930400002
24-May-25 00:47:25-INFO: 	Lowest energy conformer for species 1482484344321580600001 is number 0008
24-May-25 00:47:25-INFO: 	At 1000 K with 5.0% cutoff the unique conformers for species 1482484344321580600001 are [0, 2, 3, 5, 8]
24-May-25 00:48:08-INFO: 	Lowest energy conformer for species 160000000000000000003 is number 0000
24-May-25 00:48:08-INFO: 	At 1000 K with 5.0% cutoff the unique conformers for species 160000000000000000003 are [0]
24-May-25 00:48:19-INFO: 	Lowest energy conformer for species 1472314214191050000002 is number 0000
24-May-25 00:48:19-INFO: 	At 1000 K with 5.0% cutoff the unique conformers for species 1472314214191050000002 are [0]
24-May-25 00:48:29-INFO: 	Lowest energy conformer for species 170170000000000000002 is number 0000
24-May-25 00:48:29-INFO: 	At 1000 K with 5.0% cutoff the unique conformers for species 170170000000000000002 are [0]
24-May-25 00:48:53-INFO: 	Lowest energy conformer for species 951592011700400000002 is number 0002
24-May-25 00:48:53-INFO: 	At 1000 K with 5.0% cutoff the unique conformers for species 951592011700400000002 are [0, 1, 2]
24-May-25 00:49:13-INFO: 	Lowest energy conformer for species 690931140000000000002 is number 0000
24-May-25 00:49:13-INFO: 	At 1000 K with 5.0% cutoff the unique conformers for species 690931140000000000002 are [0]
24-May-25 00:49:27-INFO: 	Lowest energy conformer for species 190000000000000000002 is number 0000
24-May-25 00:49:27-INFO: 	At 1000 K with 5.0% cutoff the unique conformers for species 190000000000000000002 are [0]
24-May-25 00:49:43-INFO: 	Starting conformational search of 1632594815172100000002
24-May-25 00:49:51-INFO: 	Starting conformational search of 10000000000000000002
24-May-25 01:04:37-INFO: 	Lowest energy conformer for species 1452453874401930400002 is number 0002
24-May-25 01:04:37-INFO: 	At 1000 K with 5.0% cutoff the unique conformers for species 1452453874401930400002 are [0, 2, 4, 5, 8]
24-May-25 01:05:22-INFO: 	Lowest energy conformer for species 10000000000000000002 is number 0000
24-May-25 01:05:22-INFO: 	At 1000 K with 5.0% cutoff the unique conformers for species 10000000000000000002 are [0]
24-May-25 01:12:22-INFO: 	Lowest energy conformer for species 1452453943632430600002 is number 0002
24-May-25 01:12:22-INFO: 	At 1000 K with 5.0% cutoff the unique conformers for species 1452453943632430600002 are [0, 1, 2]
24-May-25 01:12:42-INFO: 	Lowest energy conformer for species 1632594815172100000002 is number 0000
24-May-25 01:12:42-INFO: 	At 1000 K with 5.0% cutoff the unique conformers for species 1632594815172100000002 are [0]
24-May-25 02:23:49-INFO: 	Rxn barrier is (109.48 kcal/mol) at L1 for 1642764945472630600001_r12_insertion_R_3_4_5
24-May-25 02:23:49-INFO: 	Starting IRC calculations for 1642764945472630600001_r12_insertion_R_3_4_5
24-May-25 02:24:30-INFO: 	Rxn barrier is (36.73 kcal/mol) at L1 for 1642764945472630600001_intra_H_migration_1_11
24-May-25 02:24:30-INFO: 	Starting IRC calculations for 1642764945472630600001_intra_H_migration_1_11
24-May-25 02:30:09-INFO: 	Rxn barrier is (84.64 kcal/mol) at L1 for 1642764945472630600001_r12_insertion_R_1_3_4
24-May-25 02:30:09-INFO: 	Starting IRC calculations for 1642764945472630600001_r12_insertion_R_1_3_4
24-May-25 02:31:08-INFO: 	Rxn barrier is (87.52 kcal/mol) at L1 for 1642764945472630600001_r12_insertion_R_8_3_1
24-May-25 02:31:08-INFO: 	Starting IRC calculations for 1642764945472630600001_r12_insertion_R_8_3_1
24-May-25 02:32:05-INFO: 	Rxn barrier is (1.47 kcal/mol) at L1 for 1642764945472630600001_R_Addition_MultipleBond_1_3_8
24-May-25 02:32:05-INFO: 	Starting IRC calculations for 1642764945472630600001_R_Addition_MultipleBond_1_3_8
24-May-25 02:33:58-INFO: 	Rxn barrier is (42.48 kcal/mol) at L1 for 1642764945472630600001_R_Addition_MultipleBond_1_10_11
24-May-25 02:33:58-INFO: 	Starting IRC calculations for 1642764945472630600001_R_Addition_MultipleBond_1_10_11
24-May-25 02:34:44-INFO: 	Rxn barrier is (122.47 kcal/mol) at L1 for 1642764945472630600001_R_Addition_MultipleBond_1_3_4
24-May-25 02:34:44-INFO: 	Starting IRC calculations for 1642764945472630600001_R_Addition_MultipleBond_1_3_4
24-May-25 02:37:22-INFO: 	Rxn barrier is (94.55 kcal/mol) at L1 for 1642764945472630600001_r12_insertion_R_4_3_8
24-May-25 02:37:22-INFO: 	Starting IRC calculations for 1642764945472630600001_r12_insertion_R_4_3_8
24-May-25 02:38:26-INFO: 	Rxn barrier is (90.37 kcal/mol) at L1 for 1642764945472630600001_r12_insertion_R_1_3_8
24-May-25 02:38:26-INFO: 	Starting IRC calculations for 1642764945472630600001_r12_insertion_R_1_3_8
24-May-25 02:42:47-INFO: 	Rxn barrier is (121.86 kcal/mol) at L1 for 1642764945472630600001_r12_insertion_R_8_3_4
24-May-25 02:42:47-INFO: 	Starting IRC calculations for 1642764945472630600001_r12_insertion_R_8_3_4
24-May-25 02:43:48-INFO: 	Rxn barrier is (128.22 kcal/mol) at L1 for 1642764945472630600001_r12_insertion_R_4_3_1
24-May-25 02:43:48-INFO: 	Starting IRC calculations for 1642764945472630600001_r12_insertion_R_4_3_1
24-May-25 02:52:38-INFO: 	Reaction search failed for 1642764945472630600001_r12_insertion_R_1_10_11: Wrong number of imaginary frequencies.
24-May-25 03:00:29-INFO: 	Rxn barrier is (75.80 kcal/mol) at L1 for 1642764945472630600001_r12_insertion_R_3_1_10
24-May-25 03:00:29-INFO: 	Starting IRC calculations for 1642764945472630600001_r12_insertion_R_3_1_10
24-May-25 03:01:09-INFO: 	Rxn barrier is (104.70 kcal/mol) at L1 for 1642764945472630600001_r12_insertion_R_10_1_3
24-May-25 03:01:09-INFO: 	Starting IRC calculations for 1642764945472630600001_r12_insertion_R_10_1_3
24-May-25 03:01:27-INFO: 	Rxn barrier is 1.47 kcal/mol for 1642764945472630600001_R_Addition_MultipleBond_1_3_8
24-May-25 03:01:29-INFO: 	Both IRCs lead to the initial well, identical reaction found: 1642764945472630600001_R_Addition_MultipleBond_1_3_8
24-May-25 03:01:29-INFO: 	No product found for 1642764945472630600001_R_Addition_MultipleBond_1_3_8
24-May-25 03:08:03-INFO: 	Rxn barrier is (36.72 kcal/mol) at L1 for 1642764945472630600001_r12_insertion_R_11_10_1
24-May-25 03:08:03-INFO: 	Starting IRC calculations for 1642764945472630600001_r12_insertion_R_11_10_1
24-May-25 03:10:09-INFO: 	Rxn barrier is (95.32 kcal/mol) at L1 for 1642764945472630600001_r12_insertion_R_2_1_3
24-May-25 03:10:09-INFO: 	Starting IRC calculations for 1642764945472630600001_r12_insertion_R_2_1_3
24-May-25 03:12:52-INFO: 	Rxn barrier is 42.48 kcal/mol for 1642764945472630600001_R_Addition_MultipleBond_1_10_11
24-May-25 03:12:54-INFO: 	Both IRCs lead to the initial well, identical reaction found: 1642764945472630600001_R_Addition_MultipleBond_1_10_11
24-May-25 03:12:54-INFO: 	No product found for 1642764945472630600001_R_Addition_MultipleBond_1_10_11
24-May-25 03:17:04-INFO: 	Rxn barrier is (84.62 kcal/mol) at L1 for 1642764945472630600001_r12_insertion_R_5_4_3
24-May-25 03:17:04-INFO: 	Starting IRC calculations for 1642764945472630600001_r12_insertion_R_5_4_3
24-May-25 03:26:30-INFO: 	Rxn barrier is 122.47 kcal/mol for 1642764945472630600001_R_Addition_MultipleBond_1_3_4
24-May-25 03:26:32-INFO: 	No product found for 1642764945472630600001_R_Addition_MultipleBond_1_3_4
24-May-25 03:38:05-INFO: 	Rxn barrier is (96.20 kcal/mol) at L1 for 1642764945472630600001_r12_insertion_R_3_1_2
24-May-25 03:38:05-INFO: 	Starting IRC calculations for 1642764945472630600001_r12_insertion_R_3_1_2
24-May-25 03:38:20-INFO: 	Rxn barrier is 109.48 kcal/mol for 1642764945472630600001_r12_insertion_R_3_4_5
24-May-25 03:38:22-INFO: 	IRCs successful for 1642764945472630600001_r12_insertion_R_3_4_5
24-May-25 03:39:45-INFO: 	Based on the end of IRC, reaction 1642764945472630600001_r12_insertion_R_3_4_5 leads to products [1642804744642041580601] [array(['C', 'O', 'C', 'C', 'F', 'F', 'F', 'F', 'F', 'O', 'H'],
      dtype='<U32')]
24-May-25 03:42:17-INFO: 	Rxn barrier is 36.73 kcal/mol for 1642764945472630600001_intra_H_migration_1_11
24-May-25 03:42:18-INFO: 	Both IRCs lead to the initial well, identical reaction found: 1642764945472630600001_intra_H_migration_1_11
24-May-25 03:42:18-INFO: 	No product found for 1642764945472630600001_intra_H_migration_1_11
24-May-25 03:56:33-INFO: 	Reaction search failed for 1642764945472630600001_ketoenol_2_1_3_4: Wrong number of imaginary frequencies.
24-May-25 03:57:55-INFO: 	Rxn barrier is 84.64 kcal/mol for 1642764945472630600001_r12_insertion_R_1_3_4
24-May-25 03:57:56-INFO: 	IRCs successful for 1642764945472630600001_r12_insertion_R_1_3_4
24-May-25 03:59:04-INFO: 	Based on the end of IRC, reaction 1642764945472630600001_r12_insertion_R_1_3_4 leads to products [1141903082400600000001, 500620380000000000001] [array(['C', 'O', 'C', 'F', 'F', 'F', 'O', 'H'], dtype='<U32'), array(['C', 'F', 'F'], dtype='<U32')]
24-May-25 04:02:37-INFO: 	Rxn barrier is (36.72 kcal/mol) at L1 for 1642764945472630600001_intra_H_migration_2_11
24-May-25 04:02:37-INFO: 	Starting IRC calculations for 1642764945472630600001_intra_H_migration_2_11
24-May-25 04:09:08-INFO: 	Rxn barrier is (36.72 kcal/mol) at L1 for 1642764945472630600001_intra_H_migration_suprafacial_2_11
24-May-25 04:09:08-INFO: 	Starting IRC calculations for 1642764945472630600001_intra_H_migration_suprafacial_2_11
24-May-25 04:10:10-INFO: 	Rxn barrier is (176.51 kcal/mol) at L1 for 1642764945472630600001_r12_insertion_R_10_1_2
24-May-25 04:10:10-INFO: 	Starting IRC calculations for 1642764945472630600001_r12_insertion_R_10_1_2
24-May-25 04:18:27-INFO: 	Starting conformational search of 1642764945472630600001_r12_insertion_R_3_4_5
24-May-25 04:21:19-INFO: 	Starting conformational search of 1642804744642041580601
24-May-25 04:42:05-INFO: 	Rxn barrier is 94.55 kcal/mol for 1642764945472630600001_r12_insertion_R_4_3_8
24-May-25 04:42:07-INFO: 	Both IRCs lead to the initial well, identical reaction found: 1642764945472630600001_r12_insertion_R_4_3_8
24-May-25 04:42:07-INFO: 	No product found for 1642764945472630600001_r12_insertion_R_4_3_8
24-May-25 04:42:19-INFO: 	Rxn barrier is 87.52 kcal/mol for 1642764945472630600001_r12_insertion_R_8_3_1
24-May-25 04:42:21-INFO: 	IRCs successful for 1642764945472630600001_r12_insertion_R_8_3_1
24-May-25 04:42:27-INFO: 	Rxn barrier is 121.86 kcal/mol for 1642764945472630600001_r12_insertion_R_8_3_4
24-May-25 04:42:29-INFO: 	IRCs successful for 1642764945472630600001_r12_insertion_R_8_3_4
24-May-25 04:42:46-INFO: 	Rxn barrier is 36.72 kcal/mol for 1642764945472630600001_r12_insertion_R_11_10_1
24-May-25 04:42:48-INFO: 	Both IRCs lead to the initial well, identical reaction found: 1642764945472630600001_r12_insertion_R_11_10_1
24-May-25 04:42:48-INFO: 	No product found for 1642764945472630600001_r12_insertion_R_11_10_1
24-May-25 04:45:34-INFO: 	Checking vdW well for 1642764945472630600001_r12_insertion_R_1_3_4.
24-May-25 04:45:39-INFO: 	vdW well detected for 1642764945472630600001_r12_insertion_R_1_3_4_IRC_R_prod. Depth: 2.04 kcal/mol.
24-May-25 04:45:45-INFO: 	Rxn barrier is 90.37 kcal/mol for 1642764945472630600001_r12_insertion_R_1_3_8
24-May-25 04:45:46-INFO: 	IRCs successful for 1642764945472630600001_r12_insertion_R_1_3_8
24-May-25 04:46:03-INFO: 	Rxn barrier is 75.80 kcal/mol for 1642764945472630600001_r12_insertion_R_3_1_10
24-May-25 04:46:04-INFO: 	Both IRCs lead to the initial well, identical reaction found: 1642764945472630600001_r12_insertion_R_3_1_10
24-May-25 04:46:04-INFO: 	No product found for 1642764945472630600001_r12_insertion_R_3_1_10
24-May-25 04:46:31-INFO: 	Based on the end of IRC, reaction 1642764945472630600001_r12_insertion_R_8_3_1 leads to products [641041150370000000001, 1001482381140000000001] [array(['C', 'O', 'F', 'O', 'H'], dtype='<U32'), array(['C', 'C', 'F', 'F', 'F', 'F'], dtype='<U32')]
24-May-25 04:56:35-INFO: 	Based on the end of IRC, reaction 1642764945472630600001_r12_insertion_R_8_3_4 leads to products [761281321000200000001, 881242280000000000001] [array(['C', 'O', 'C', 'F', 'O', 'H'], dtype='<U32'), array(['C', 'F', 'F', 'F', 'F'], dtype='<U32')]
24-May-25 05:00:32-INFO: 	Rxn barrier is (131.36 kcal/mol) at L1 for 1642764945472630600001_ketoenol_2_1_3_8
24-May-25 05:00:32-INFO: 	Starting IRC calculations for 1642764945472630600001_ketoenol_2_1_3_8
24-May-25 05:01:27-INFO: 	Starting conformational search of 1642764945472630600001_r12_insertion_R_1_3_4
24-May-25 05:01:36-INFO: 	Starting conformational search of 1141903082400600000001
24-May-25 05:01:39-INFO: 	Starting conformational search of 500620380000000000001
24-May-25 05:01:39-INFO: 	Based on the end of IRC, reaction 1642764945472630600001_r12_insertion_R_1_3_8 leads to products [1643046107386123120601] [array(['C', 'O', 'C', 'C', 'F', 'F', 'F', 'F', 'F', 'O', 'H'],
      dtype='<U32')]
24-May-25 05:01:48-INFO: 	Rxn barrier is 95.32 kcal/mol for 1642764945472630600001_r12_insertion_R_2_1_3
24-May-25 05:01:50-INFO: 	IRCs successful for 1642764945472630600001_r12_insertion_R_2_1_3
24-May-25 05:02:10-INFO: 	Lowest energy conformer for species 1642764945472630600001_r12_insertion_R_3_4_5 is number 0001
24-May-25 05:02:10-INFO: 	At 1000 K with 5.0% cutoff the unique conformers for species 1642764945472630600001_r12_insertion_R_3_4_5 are [0, 2]
24-May-25 05:02:50-INFO: 	Rxn barrier is 84.62 kcal/mol for 1642764945472630600001_r12_insertion_R_5_4_3
24-May-25 05:02:52-INFO: 	IRCs successful for 1642764945472630600001_r12_insertion_R_5_4_3
24-May-25 05:03:06-INFO: 	Checking vdW well for 1642764945472630600001_r12_insertion_R_8_3_4.
24-May-25 05:03:10-INFO: 	vdW well detected for 1642764945472630600001_r12_insertion_R_8_3_4_IRC_R_prod. Depth: 1.06 kcal/mol.
24-May-25 05:04:17-INFO: 	Lowest energy conformer for species 500620380000000000001 is number 0000
24-May-25 05:04:17-INFO: 	At 1000 K with 5.0% cutoff the unique conformers for species 500620380000000000001 are [0]
24-May-25 05:04:22-INFO: 	Based on the end of IRC, reaction 1642764945472630600001_r12_insertion_R_2_1_3 leads to products [1642804744642041580601] [array(['C', 'O', 'C', 'C', 'F', 'F', 'F', 'F', 'F', 'O', 'H'],
      dtype='<U32')]
24-May-25 05:04:50-INFO: 	Based on the end of IRC, reaction 1642764945472630600001_r12_insertion_R_5_4_3 leads to products [1141903082400600000001, 500620380000000000001] [array(['C', 'O', 'C', 'F', 'F', 'F', 'O', 'H'], dtype='<U32'), array(['C', 'F', 'F'], dtype='<U32')]
24-May-25 05:04:58-INFO: 	Checking vdW well for 1642764945472630600001_r12_insertion_R_5_4_3.
24-May-25 05:05:02-INFO: 	vdW well detected for 1642764945472630600001_r12_insertion_R_5_4_3_IRC_R_prod. Depth: 2.07 kcal/mol.
24-May-25 05:05:09-INFO: 	Checking vdW well for 1642764945472630600001_r12_insertion_R_8_3_1.
24-May-25 05:05:13-INFO: 	vdW well detected for 1642764945472630600001_r12_insertion_R_8_3_1_IRC_R_prod. Depth: 7.36 kcal/mol.
24-May-25 05:05:21-INFO: 	Starting conformational search of 1642764945472630600001_r12_insertion_R_8_3_4
24-May-25 05:05:23-INFO: 	Starting conformational search of 761281321000200000001
24-May-25 05:05:26-INFO: 	Starting conformational search of 881242280000000000001
24-May-25 05:06:33-INFO: 	Starting conformational search of 1642764945472630600001_r12_insertion_R_2_1_3
24-May-25 05:06:44-INFO: 	Rxn barrier is 96.20 kcal/mol for 1642764945472630600001_r12_insertion_R_3_1_2
24-May-25 05:06:46-INFO: 	IRCs successful for 1642764945472630600001_r12_insertion_R_3_1_2
24-May-25 05:07:11-INFO: 	Starting conformational search of 1642764945472630600001_r12_insertion_R_5_4_3
24-May-25 05:07:23-INFO: 	Starting conformational search of 1642764945472630600001_r12_insertion_R_8_3_1
24-May-25 05:07:27-INFO: 	Starting conformational search of 641041150370000000001
24-May-25 05:07:30-INFO: 	Starting conformational search of 1001482381140000000001
24-May-25 05:07:41-INFO: 	Lowest energy conformer for species 881242280000000000001 is number 0000
24-May-25 05:07:41-INFO: 	At 1000 K with 5.0% cutoff the unique conformers for species 881242280000000000001 are [0]
24-May-25 05:09:24-INFO: 	Lowest energy conformer for species 1141903082400600000001 is number 0002
24-May-25 05:09:24-INFO: 	At 1000 K with 5.0% cutoff the unique conformers for species 1141903082400600000001 are [0, 1, 2]
24-May-25 05:09:51-INFO: 	Based on the end of IRC, reaction 1642764945472630600001_r12_insertion_R_3_1_2 leads to products [1642804744642041580601] [array(['C', 'O', 'C', 'C', 'F', 'F', 'F', 'F', 'F', 'O', 'H'],
      dtype='<U32')]
24-May-25 05:10:23-INFO: 	Lowest energy conformer for species 641041150370000000001 is number 0001
24-May-25 05:10:23-INFO: 	At 1000 K with 5.0% cutoff the unique conformers for species 641041150370000000001 are [0, 2]
24-May-25 05:10:37-INFO: 	Lowest energy conformer for species 1001482381140000000001 is number 0000
24-May-25 05:10:37-INFO: 	At 1000 K with 5.0% cutoff the unique conformers for species 1001482381140000000001 are [0]
24-May-25 05:10:55-INFO: 	Lowest energy conformer for species 761281321000200000001 is number 0002
24-May-25 05:10:55-INFO: 	At 1000 K with 5.0% cutoff the unique conformers for species 761281321000200000001 are [0, 2]
24-May-25 05:12:21-INFO: 	Starting conformational search of 1642764945472630600001_r12_insertion_R_1_3_8
24-May-25 05:12:23-INFO: 	Starting conformational search of 1643046107386123120601
24-May-25 05:12:44-INFO: 	Starting conformational search of 1642764945472630600001_r12_insertion_R_3_1_2
24-May-25 05:22:56-INFO: 	Lowest energy conformer for species 1642764945472630600001_r12_insertion_R_2_1_3 is number 0002
24-May-25 05:22:56-INFO: 	At 1000 K with 5.0% cutoff the unique conformers for species 1642764945472630600001_r12_insertion_R_2_1_3 are [0, 2]
24-May-25 05:24:10-INFO: 	Lowest energy conformer for species 1643046107386123120601 is number 0001
24-May-25 05:24:10-INFO: 	At 1000 K with 5.0% cutoff the unique conformers for species 1643046107386123120601 are [0, 1, 2]
24-May-25 05:24:31-INFO: 	Rxn barrier is 128.22 kcal/mol for 1642764945472630600001_r12_insertion_R_4_3_1
24-May-25 05:24:33-INFO: 	IRCs successful for 1642764945472630600001_r12_insertion_R_4_3_1
24-May-25 05:24:49-INFO: 	Lowest energy conformer for species 1642764945472630600001_r12_insertion_R_8_3_4 is number 0002
24-May-25 05:24:49-INFO: 	At 1000 K with 5.0% cutoff the unique conformers for species 1642764945472630600001_r12_insertion_R_8_3_4 are [0, 2]
24-May-25 05:25:43-INFO: 	Based on the end of IRC, reaction 1642764945472630600001_r12_insertion_R_4_3_1 leads to products [1141903082400600000001, 500620380000000000001] [array(['C', 'O', 'C', 'F', 'F', 'F', 'O', 'H'], dtype='<U32'), array(['C', 'F', 'F'], dtype='<U32')]
24-May-25 05:25:50-INFO: 	Checking vdW well for 1642764945472630600001_r12_insertion_R_4_3_1.
24-May-25 05:25:54-INFO: 	vdW well detected for 1642764945472630600001_r12_insertion_R_4_3_1_IRC_F_prod. Depth: 1.53 kcal/mol.
24-May-25 05:26:40-INFO: 	Starting conformational search of 1642764945472630600001_r12_insertion_R_4_3_1
24-May-25 05:26:53-INFO: 	Lowest energy conformer for species 1642764945472630600001_r12_insertion_R_8_3_1 is number 0000
24-May-25 05:26:53-INFO: 	At 1000 K with 5.0% cutoff the unique conformers for species 1642764945472630600001_r12_insertion_R_8_3_1 are [0, 2]
24-May-25 05:31:47-INFO: 	Lowest energy conformer for species 1642764945472630600001_r12_insertion_R_1_3_4 is number 0002
24-May-25 05:31:47-INFO: 	At 1000 K with 5.0% cutoff the unique conformers for species 1642764945472630600001_r12_insertion_R_1_3_4 are [0]
24-May-25 05:32:43-INFO: 	Rxn barrier is 36.72 kcal/mol for 1642764945472630600001_intra_H_migration_suprafacial_2_11
24-May-25 05:32:45-INFO: 	Both IRCs lead to the initial well, identical reaction found: 1642764945472630600001_intra_H_migration_suprafacial_2_11
24-May-25 05:32:45-INFO: 	No product found for 1642764945472630600001_intra_H_migration_suprafacial_2_11
24-May-25 05:35:21-INFO: 	Lowest energy conformer for species 1642764945472630600001_r12_insertion_R_5_4_3 is number 0002
24-May-25 05:35:21-INFO: 	At 1000 K with 5.0% cutoff the unique conformers for species 1642764945472630600001_r12_insertion_R_5_4_3 are [0]
24-May-25 05:36:07-INFO: 	Rxn barrier is (75.81 kcal/mol) at L1 for 1642764945472630600001_r12_insertion_R_2_1_10
24-May-25 05:36:07-INFO: 	Starting IRC calculations for 1642764945472630600001_r12_insertion_R_2_1_10
24-May-25 05:36:47-INFO: 	Rxn barrier is 36.72 kcal/mol for 1642764945472630600001_intra_H_migration_2_11
24-May-25 05:36:50-INFO: 	Both IRCs lead to the initial well, identical reaction found: 1642764945472630600001_intra_H_migration_2_11
24-May-25 05:36:50-INFO: 	No product found for 1642764945472630600001_intra_H_migration_2_11
24-May-25 05:41:25-INFO: 	Lowest energy conformer for species 1642764945472630600001_r12_insertion_R_1_3_8 is number 0001
24-May-25 05:41:25-INFO: 	At 1000 K with 5.0% cutoff the unique conformers for species 1642764945472630600001_r12_insertion_R_1_3_8 are [0, 1]
24-May-25 05:48:45-INFO: 	Lowest energy conformer for species 1642804744642041580601 is number 0018
24-May-25 05:48:45-INFO: 	At 1000 K with 5.0% cutoff the unique conformers for species 1642804744642041580601 are [0, 18, 19, 20, 24, 25]
24-May-25 05:51:09-INFO: 	Rxn barrier is (68.87 kcal/mol) at L1 for 1642764945472630600001_r12_insertion_R_5_4_6
24-May-25 05:51:09-INFO: 	Starting IRC calculations for 1642764945472630600001_r12_insertion_R_5_4_6
24-May-25 05:56:12-INFO: 	Lowest energy conformer for species 1642764945472630600001_r12_insertion_R_3_1_2 is number 0002
24-May-25 05:56:12-INFO: 	At 1000 K with 5.0% cutoff the unique conformers for species 1642764945472630600001_r12_insertion_R_3_1_2 are [0, 2]
24-May-25 06:00:44-INFO: 	Rxn barrier is 176.51 kcal/mol for 1642764945472630600001_r12_insertion_R_10_1_2
24-May-25 06:00:46-INFO: 	IRCs successful for 1642764945472630600001_r12_insertion_R_10_1_2
24-May-25 06:00:58-INFO: 	Rxn barrier is (72.38 kcal/mol) at L1 for 1642764945472630600001_r13_insertion_CO2_3_11
24-May-25 06:00:58-INFO: 	Starting IRC calculations for 1642764945472630600001_r13_insertion_CO2_3_11
24-May-25 06:01:24-INFO: 	Based on the end of IRC, reaction 1642764945472630600001_r12_insertion_R_10_1_2 leads to products [1643085676164723230601] [array(['C', 'O', 'C', 'C', 'F', 'F', 'F', 'F', 'F', 'O', 'H'],
      dtype='<U32')]
24-May-25 06:05:37-INFO: 	Rxn barrier is (131.39 kcal/mol) at L1 for 1642764945472630600001_r13_insertion_ROR_8_3_1_2
24-May-25 06:05:37-INFO: 	Starting IRC calculations for 1642764945472630600001_r13_insertion_ROR_8_3_1_2
24-May-25 06:06:51-INFO: 	Rxn barrier is 104.70 kcal/mol for 1642764945472630600001_r12_insertion_R_10_1_3
24-May-25 06:06:52-INFO: 	IRCs successful for 1642764945472630600001_r12_insertion_R_10_1_3
24-May-25 06:07:27-INFO: 	Based on the end of IRC, reaction 1642764945472630600001_r12_insertion_R_10_1_3 leads to products [280280000000000000001, 1362244183860600000001] [array(['C', 'O'], dtype='<U32'), array(['C', 'C', 'F', 'F', 'F', 'F', 'F', 'O', 'H'], dtype='<U32')]
24-May-25 06:08:22-INFO: 	Rxn barrier is (111.94 kcal/mol) at L1 for 1642764945472630600001_r13_insertion_ROR_4_3_1_2
24-May-25 06:08:22-INFO: 	Starting IRC calculations for 1642764945472630600001_r13_insertion_ROR_4_3_1_2
24-May-25 06:11:15-INFO: 	Starting conformational search of 1642764945472630600001_r12_insertion_R_10_1_2
24-May-25 06:11:18-INFO: 	Starting conformational search of 1643085676164723230601
24-May-25 06:12:14-INFO: 	Checking vdW well for 1642764945472630600001_r12_insertion_R_10_1_3.
24-May-25 06:12:18-INFO: 	vdW well detected for 1642764945472630600001_r12_insertion_R_10_1_3_IRC_F_prod. Depth: 1.48 kcal/mol.
24-May-25 06:12:38-INFO: 	Rxn barrier is (125.01 kcal/mol) at L1 for 1642764945472630600001_r13_insertion_ROR_4_3_1_10
24-May-25 06:12:38-INFO: 	Starting IRC calculations for 1642764945472630600001_r13_insertion_ROR_4_3_1_10
24-May-25 06:13:20-INFO: 	Starting conformational search of 1642764945472630600001_r12_insertion_R_10_1_3
24-May-25 06:13:21-INFO: 	Starting conformational search of 280280000000000000001
24-May-25 06:13:22-INFO: 	Starting conformational search of 1362244183860600000001
24-May-25 06:14:21-INFO: 	Lowest energy conformer for species 280280000000000000001 is number 0000
24-May-25 06:14:21-INFO: 	At 1000 K with 5.0% cutoff the unique conformers for species 280280000000000000001 are [0]
24-May-25 06:18:15-INFO: 	Lowest energy conformer for species 1642764945472630600001_r12_insertion_R_10_1_3 is number 0000
24-May-25 06:18:15-INFO: 	At 1000 K with 5.0% cutoff the unique conformers for species 1642764945472630600001_r12_insertion_R_10_1_3 are [0]
24-May-25 06:19:04-INFO: 	Rxn barrier is 131.36 kcal/mol for 1642764945472630600001_ketoenol_2_1_3_8
24-May-25 06:19:06-INFO: 	IRCs successful for 1642764945472630600001_ketoenol_2_1_3_8
24-May-25 06:19:40-INFO: 	Lowest energy conformer for species 1362244183860600000001 is number 0002
24-May-25 06:19:40-INFO: 	At 1000 K with 5.0% cutoff the unique conformers for species 1362244183860600000001 are [0, 1, 2]
24-May-25 06:20:24-INFO: 	Based on the end of IRC, reaction 1642764945472630600001_ketoenol_2_1_3_8 leads to products [1642804254293321740001] [array(['C', 'O', 'C', 'C', 'F', 'F', 'F', 'F', 'F', 'O', 'H'],
      dtype='<U32')]
24-May-25 06:24:46-WARNING: divide by zero encountered in log
24-May-25 06:24:46-INFO: 	Lowest energy conformer for species 1642764945472630600001_r12_insertion_R_4_3_1 is number 0000
24-May-25 06:24:46-INFO: 	At 1000 K with 5.0% cutoff the unique conformers for species 1642764945472630600001_r12_insertion_R_4_3_1 are [0, 2]
24-May-25 06:27:27-INFO: 	Rxn barrier is (68.86 kcal/mol) at L1 for 1642764945472630600001_r12_insertion_R_5_4_7
24-May-25 06:27:27-INFO: 	Starting IRC calculations for 1642764945472630600001_r12_insertion_R_5_4_7
24-May-25 06:29:04-INFO: 	Starting conformational search of 1642764945472630600001_ketoenol_2_1_3_8
24-May-25 06:29:07-INFO: 	Starting conformational search of 1642804254293321740001
24-May-25 06:34:35-INFO: 	Lowest energy conformer for species 1643085676164723230601 is number 0001
24-May-25 06:34:35-INFO: 	At 1000 K with 5.0% cutoff the unique conformers for species 1643085676164723230601 are [0, 1, 2]
24-May-25 06:35:54-INFO: 	Lowest energy conformer for species 1642764945472630600001_r12_insertion_R_10_1_2 is number 0002
24-May-25 06:35:54-INFO: 	At 1000 K with 5.0% cutoff the unique conformers for species 1642764945472630600001_r12_insertion_R_10_1_2 are [0, 1, 2]
24-May-25 06:48:14-INFO: 	Rxn barrier is 75.81 kcal/mol for 1642764945472630600001_r12_insertion_R_2_1_10
24-May-25 06:48:16-INFO: 	Both IRCs lead to the initial well, identical reaction found: 1642764945472630600001_r12_insertion_R_2_1_10
24-May-25 06:48:16-INFO: 	No product found for 1642764945472630600001_r12_insertion_R_2_1_10
24-May-25 07:00:03-INFO: 	Lowest energy conformer for species 1642764945472630600001_ketoenol_2_1_3_8 is number 0003
24-May-25 07:00:03-INFO: 	At 1000 K with 5.0% cutoff the unique conformers for species 1642764945472630600001_ketoenol_2_1_3_8 are [0, 1]
24-May-25 07:06:06-INFO: 	Lowest energy conformer for species 1642804254293321740001 is number 0001
24-May-25 07:06:06-INFO: 	At 1000 K with 5.0% cutoff the unique conformers for species 1642804254293321740001 are [0, 2, 6, 8]
24-May-25 07:12:19-INFO: 	Rxn barrier is 72.38 kcal/mol for 1642764945472630600001_r13_insertion_CO2_3_11
24-May-25 07:12:21-INFO: 	IRCs successful for 1642764945472630600001_r13_insertion_CO2_3_11
24-May-25 07:12:54-INFO: 	Based on the end of IRC, reaction 1642764945472630600001_r13_insertion_CO2_3_11 leads to products [440560320000000000001, 1201923602880000000001] [array(['C', 'O', 'O'], dtype='<U32'), array(['C', 'C', 'F', 'F', 'F', 'F', 'F', 'H'], dtype='<U32')]
24-May-25 07:16:14-INFO: 	Checking vdW well for 1642764945472630600001_r13_insertion_CO2_3_11.
24-May-25 07:16:18-INFO: 	vdW well detected for 1642764945472630600001_r13_insertion_CO2_3_11_IRC_F_prod. Depth: 1.02 kcal/mol.
24-May-25 07:17:07-INFO: 	Starting conformational search of 1642764945472630600001_r13_insertion_CO2_3_11
24-May-25 07:17:08-INFO: 	Starting conformational search of 440560320000000000001
24-May-25 07:17:09-INFO: 	Starting conformational search of 1201923602880000000001
24-May-25 07:17:41-INFO: 	Rxn barrier is 68.87 kcal/mol for 1642764945472630600001_r12_insertion_R_5_4_6
24-May-25 07:17:41-INFO: 	No product found for 1642764945472630600001_r12_insertion_R_5_4_6
24-May-25 07:17:54-INFO: 	Lowest energy conformer for species 440560320000000000001 is number 0000
24-May-25 07:17:54-INFO: 	At 1000 K with 5.0% cutoff the unique conformers for species 440560320000000000001 are [0]
24-May-25 07:20:17-INFO: 	Lowest energy conformer for species 1201923602880000000001 is number 0000
24-May-25 07:20:17-INFO: 	At 1000 K with 5.0% cutoff the unique conformers for species 1201923602880000000001 are [0]
24-May-25 07:20:58-INFO: 	Lowest energy conformer for species 1642764945472630600001_r13_insertion_CO2_3_11 is number 0000
24-May-25 07:20:58-INFO: 	At 1000 K with 5.0% cutoff the unique conformers for species 1642764945472630600001_r13_insertion_CO2_3_11 are [0]
24-May-25 07:22:46-INFO: 	Rxn barrier is 111.94 kcal/mol for 1642764945472630600001_r13_insertion_ROR_4_3_1_2
24-May-25 07:22:48-INFO: 	IRCs successful for 1642764945472630600001_r13_insertion_ROR_4_3_1_2
24-May-25 07:23:10-INFO: 	Based on the end of IRC, reaction 1642764945472630600001_r13_insertion_ROR_4_3_1_2 leads to products [1642804443153132880001] [array(['C', 'O', 'C', 'C', 'F', 'F', 'F', 'F', 'F', 'O', 'H'],
      dtype='<U32')]
24-May-25 07:29:10-INFO: 	Rxn barrier is 131.39 kcal/mol for 1642764945472630600001_r13_insertion_ROR_8_3_1_2
24-May-25 07:29:11-INFO: 	IRCs successful for 1642764945472630600001_r13_insertion_ROR_8_3_1_2
24-May-25 07:29:28-INFO: 	Based on the end of IRC, reaction 1642764945472630600001_r13_insertion_ROR_8_3_1_2 leads to products [1642804254293321740001] [array(['C', 'O', 'C', 'C', 'F', 'F', 'F', 'F', 'F', 'O', 'H'],
      dtype='<U32')]
24-May-25 07:29:56-INFO: 	Starting conformational search of 1642764945472630600001_r13_insertion_ROR_8_3_1_2
24-May-25 07:29:59-INFO: 	Starting conformational search of 1642804254293321740001
24-May-25 07:29:59-INFO: 	Last conformer was found in kinbot.db, generation is skipped for 1642804254293321740001.
24-May-25 07:30:31-INFO: 	Lowest energy conformer for species 1642804254293321740001 is number 0001
24-May-25 07:30:31-INFO: 	At 1000 K with 5.0% cutoff the unique conformers for species 1642804254293321740001 are [0, 2, 6, 8]
24-May-25 07:31:32-INFO: 	Starting conformational search of 1642764945472630600001_r13_insertion_ROR_4_3_1_2
24-May-25 07:31:35-INFO: 	Starting conformational search of 1642804443153132880001
24-May-25 07:40:07-INFO: 	Rxn barrier is 68.86 kcal/mol for 1642764945472630600001_r12_insertion_R_5_4_7
24-May-25 07:40:07-INFO: 	No product found for 1642764945472630600001_r12_insertion_R_5_4_7
24-May-25 08:05:20-INFO: 	Lowest energy conformer for species 1642764945472630600001_r13_insertion_ROR_4_3_1_2 is number 0000
24-May-25 08:05:20-INFO: 	At 1000 K with 5.0% cutoff the unique conformers for species 1642764945472630600001_r13_insertion_ROR_4_3_1_2 are [0, 3]
24-May-25 08:05:54-INFO: 	Lowest energy conformer for species 1642764945472630600001_r13_insertion_ROR_8_3_1_2 is number 0000
24-May-25 08:05:54-INFO: 	At 1000 K with 5.0% cutoff the unique conformers for species 1642764945472630600001_r13_insertion_ROR_8_3_1_2 are [0, 1, 3]
24-May-25 08:06:41-INFO: 	Lowest energy conformer for species 1642804443153132880001 is number 0003
24-May-25 08:06:41-INFO: 	At 1000 K with 5.0% cutoff the unique conformers for species 1642804443153132880001 are [0, 1, 4, 6, 7, 8]
24-May-25 08:07:48-INFO: 	Rxn barrier is (140.93 kcal/mol) at L1 for 1642764945472630600001_r13_insertion_ROR_11_10_1_2
24-May-25 08:07:48-INFO: 	Starting IRC calculations for 1642764945472630600001_r13_insertion_ROR_11_10_1_2
24-May-25 08:15:14-INFO: 	Rxn barrier is (46.60 kcal/mol) at L1 for 1642764945472630600001_r13_insertion_ROR_8_3_1_10
24-May-25 08:15:14-INFO: 	Starting IRC calculations for 1642764945472630600001_r13_insertion_ROR_8_3_1_10
24-May-25 08:33:43-INFO: 	Rxn barrier is 140.93 kcal/mol for 1642764945472630600001_r13_insertion_ROR_11_10_1_2
24-May-25 08:33:46-INFO: 	IRCs successful for 1642764945472630600001_r13_insertion_ROR_11_10_1_2
24-May-25 08:34:05-INFO: 	Based on the end of IRC, reaction 1642764945472630600001_r13_insertion_ROR_11_10_1_2 leads to products [1642804664602161580601] [array(['C', 'O', 'C', 'C', 'F', 'F', 'F', 'F', 'F', 'O', 'H'],
      dtype='<U32')]
24-May-25 08:41:50-INFO: 	Starting conformational search of 1642764945472630600001_r13_insertion_ROR_11_10_1_2
24-May-25 08:41:51-INFO: 	Starting conformational search of 1642804664602161580601
24-May-25 08:46:14-INFO: 	Lowest energy conformer for species 1642764945472630600001_r13_insertion_ROR_11_10_1_2 is number 0000
24-May-25 08:46:14-INFO: 	At 1000 K with 5.0% cutoff the unique conformers for species 1642764945472630600001_r13_insertion_ROR_11_10_1_2 are [0]
24-May-25 09:18:14-WARNING: 	None of 1642804664602161580601 conformers has the same energy as its parent structure.
24-May-25 09:18:15-WARNING: divide by zero encountered in log
24-May-25 09:18:15-INFO: 	Lowest energy conformer for species 1642804664602161580601 is number low
24-May-25 09:18:15-INFO: 	At 1000 K with 5.0% cutoff the unique conformers for species 1642804664602161580601 are [6, 8, 15, 17, 24, 26]
24-May-25 10:49:07-INFO: 	Rxn barrier is 125.01 kcal/mol for 1642764945472630600001_r13_insertion_ROR_4_3_1_10
24-May-25 10:49:07-INFO: 	No product found for 1642764945472630600001_r13_insertion_ROR_4_3_1_10
24-May-25 11:59:24-INFO: 	Rxn barrier is 46.60 kcal/mol for 1642764945472630600001_r13_insertion_ROR_8_3_1_10
24-May-25 11:59:24-INFO: 	No product found for 1642764945472630600001_r13_insertion_ROR_8_3_1_10
24-May-25 14:04:27-INFO: 	Reaction search failed for 1642764945472630600001_r12_insertion_R_8_3_9.
24-May-25 14:04:29-INFO: Reaction generation done!
24-May-25 14:04:29-INFO: Starting Master Equation calculations
24-May-25 14:04:30-INFO: KinBot finished.
