C(=O)(C(C(F)(F)F)(F)F)O = C(=O)(C(F)(F)F)O.[C](F)F  0.00  84.63   52.36
C(=O)(C(C(F)(F)F)(F)F)O = [C@@]1(O[C@]1(C(F)(F)F)F)(F)O  0.00  90.37   26.33
C(=O)(C(C(F)(F)F)(F)F)O = [C](OC(C(F)(F)F)(F)F)O  0.00  95.32   40.57
C(=O)(C(C(F)(F)F)(F)F)O = [C](OC(C(F)(F)F)(F)F)O  0.00  108.36   40.57
C(=O)(C(C(F)(F)F)(F)F)O = C(=O)(C(F)(F)F)O.[C](F)F  0.00  127.08   52.87
C(=O)(C(C(F)(F)F)(F)F)O = C(=O)(C(F)(F)F)O.[C](F)F  0.00  84.62   52.33
C(=O)(C(C(F)(F)F)(F)F)O = C(=O)(F)O.[C](C(F)(F)F)F  0.00  87.41   70.15
C(=O)(C(C(F)(F)F)(F)F)O = C(=O)([C]F)O.C(F)(F)(F)F  0.00  121.85   71.61
C(=O)(C(C(F)(F)F)(F)F)O = [C](OO)C(C(F)(F)F)(F)F  0.00  176.51   157.75
C(=O)(C(C(F)(F)F)(F)F)O = [C]=O.C(C(F)(F)F)(F)(F)O  0.00  104.69   -0.32
C(=O)(C(C(F)(F)F)(F)F)O = C(=O)=O.C(C(F)(F)F)(F)F  0.00  72.38   -16.27
C(=O)(C(C(F)(F)F)(F)F)O = C(=C(F)F)(OC(F)(F)F)O  0.00  111.94   27.64
C(=O)(C(C(F)(F)F)(F)F)O = C(=C(\C(F)(F)F)/F)(\OF)/O  0.00  131.38   109.17
C(=O)(C(C(F)(F)F)(F)F)O = [C](C(C(F)(F)F)(F)F)OO  0.00  140.93   157.85
C(=O)(C(F)(F)F)O.[C](F)F + C(=O)(C(F)(F)F)O.[C](F)F = C(=O)(C(F)(F)F)O + [C](F)F  52.36  54.40  54.40
C(=O)(C(F)(F)F)O.[C](F)F + C(=O)(C(F)(F)F)O.[C](F)F = C(=O)(C(F)(F)F)O + [C](F)F  52.87  54.40  54.40
C(=O)(C(F)(F)F)O.[C](F)F + C(=O)(C(F)(F)F)O.[C](F)F = C(=O)(C(F)(F)F)O + [C](F)F  52.33  54.40  54.40
C(=O)(F)O.[C](C(F)(F)F)F + C(=O)(F)O.[C](C(F)(F)F)F = C(=O)(F)O + [C](C(F)(F)F)F  70.15  75.66  75.66
C(=O)([C]F)O.C(F)(F)(F)F + C(=O)([C]F)O.C(F)(F)(F)F = C(=O)([C]F)O + C(F)(F)(F)F  71.61  72.66  72.66
[C]=O.C(C(F)(F)F)(F)(F)O + [C]=O.C(C(F)(F)F)(F)(F)O = [C]=O + C(C(F)(F)F)(F)(F)O  -0.32  1.17  1.17
C(=O)=O.C(C(F)(F)F)(F)F + C(=O)=O.C(C(F)(F)F)(F)F = C(=O)=O + C(C(F)(F)F)(F)F  -16.27  -15.25  -15.25
C(=O)(C(C(F)(F)F)(F)F)O + C(=O)(C(C(F)(F)F)(F)F)O = [C](C(C(F)(F)F)(F)F)O + [O]  0.00  168.74  168.74
C(=O)(C(C(F)(F)F)(F)F)O + C(=O)(C(C(F)(F)F)(F)F)O = [C](=O)O + [C](C(F)(F)F)(F)F  0.00  86.78  86.78
C(=O)(C(C(F)(F)F)(F)F)O + C(=O)(C(C(F)(F)F)(F)F)O = [C](=O)C(C(F)(F)F)(F)F + [OH]  0.00  109.89  109.89
C(=O)(C(C(F)(F)F)(F)F)O + C(=O)(C(C(F)(F)F)(F)F)O = C(=O)([C](F)F)O + [C](F)(F)F  0.00  84.54  84.54
C(=O)(C(C(F)(F)F)(F)F)O + C(=O)(C(C(F)(F)F)(F)F)O = C(=O)([C](C(F)(F)F)F)O + [F]  0.00  108.74  108.74
C(=O)(C(C(F)(F)F)(F)F)O + C(=O)(C(C(F)(F)F)(F)F)O = C(=O)(C([C](F)F)(F)F)O + [F]  0.00  123.59  123.59
C(=O)(C(C(F)(F)F)(F)F)O + C(=O)(C(C(F)(F)F)(F)F)O = C(=O)([O])C(C(F)(F)F)(F)F + [H]  0.00  114.87  114.87
