
Copyright 2018 National Technology & Engineering Solutions of Sandia,
LLC (NTESS). Under the terms of Contract DE-NA0003525 with NTESS, 
the U.S. Government retains certain rights in this software.

FAILED            1642764945472630600001_intra_H_migration_1_11             
FAILED            1642764945472630600001_intra_H_migration_2_11             
FAILED            1642764945472630600001_intra_H_migration_suprafacial_2_11 
SUCCESS    84.63  1642764945472630600001_r12_insertion_R_1_3_4               1141903082400600000001 500620380000000000001   52.36  vdW_IRC_R_prod
SUCCESS    90.37  1642764945472630600001_r12_insertion_R_1_3_8               1643046107386123120601
FAILED            1642764945472630600001_r12_insertion_R_1_10_11            
SUCCESS    95.32  1642764945472630600001_r12_insertion_R_2_1_3               1642804744642041580601
FAILED            1642764945472630600001_r12_insertion_R_2_1_10             
SUCCESS    96.20  1642764945472630600001_r12_insertion_R_3_1_2               1642804744642041580601
FAILED            1642764945472630600001_r12_insertion_R_3_1_10             
SUCCESS   108.36  1642764945472630600001_r12_insertion_R_3_4_5               1642804744642041580601
SUCCESS   127.08  1642764945472630600001_r12_insertion_R_4_3_1               1141903082400600000001 500620380000000000001   52.87  vdW_IRC_F_prod
FAILED            1642764945472630600001_r12_insertion_R_4_3_8              
SUCCESS    84.62  1642764945472630600001_r12_insertion_R_5_4_3               1141903082400600000001 500620380000000000001   52.33  vdW_IRC_R_prod
FAILED            1642764945472630600001_r12_insertion_R_5_4_6              
FAILED            1642764945472630600001_r12_insertion_R_5_4_7              
SUCCESS    87.41  1642764945472630600001_r12_insertion_R_8_3_1               1001482381140000000001 641041150370000000001   70.15  vdW_IRC_R_prod
SUCCESS   121.85  1642764945472630600001_r12_insertion_R_8_3_4               761281321000200000001 881242280000000000001   71.61  vdW_IRC_R_prod
FAILED            1642764945472630600001_r12_insertion_R_8_3_9              
SUCCESS   176.51  1642764945472630600001_r12_insertion_R_10_1_2              1643085676164723230601
SUCCESS   104.69  1642764945472630600001_r12_insertion_R_10_1_3              1362244183860600000001 280280000000000000001   -0.32  vdW_IRC_F_prod
FAILED            1642764945472630600001_r12_insertion_R_11_10_1            
SUCCESS    72.38  1642764945472630600001_r13_insertion_CO2_3_11              1201923602880000000001 440560320000000000001  -16.27  vdW_IRC_F_prod
SUCCESS   111.94  1642764945472630600001_r13_insertion_ROR_4_3_1_2           1642804443153132880001
FAILED            1642764945472630600001_r13_insertion_ROR_4_3_1_10         
SUCCESS   131.38  1642764945472630600001_r13_insertion_ROR_8_3_1_2           1642804254293321740001
FAILED            1642764945472630600001_r13_insertion_ROR_8_3_1_10         
SUCCESS   140.93  1642764945472630600001_r13_insertion_ROR_11_10_1_2         1642804664602161580601
FAILED            1642764945472630600001_ketoenol_2_1_3_4                   
SUCCESS   131.35  1642764945472630600001_ketoenol_2_1_3_8                    1642804254293321740001
FAILED            1642764945472630600001_R_Addition_MultipleBond_1_3_4      
FAILED            1642764945472630600001_R_Addition_MultipleBond_1_3_8      
FAILED            1642764945472630600001_R_Addition_MultipleBond_1_10_11    
SUCCESS   168.74  1642764945472630600001_hom_sci_1_2                         1482484344321580600001 160000000000000000003
SUCCESS    86.78  1642764945472630600001_hom_sci_1_3                         1191793072280000000002 450730450170000000002
SUCCESS   109.89  1642764945472630600001_hom_sci_1_10                        1472314214191050000002 170170000000000000002
SUCCESS    84.54  1642764945472630600001_hom_sci_3_4                         690931140000000000002 951592011700400000002
SUCCESS   108.74  1642764945472630600001_hom_sci_3_8                         1452453943632430600002 190000000000000000002
SUCCESS   123.59  1642764945472630600001_hom_sci_4_5                         1452453874401930400002 190000000000000000002
SUCCESS   114.87  1642764945472630600001_hom_sci_10_11                       10000000000000000002 1632594815172100000002