23-May-25 23:02:39-INFO: 
Copyright 2018 National Technology & Engineering Solutions of Sandia,
LLC (NTESS). Under the terms of Contract DE-NA0003525 with NTESS, 
the U.S. Government retains certain rights in this software.

23-May-25 23:02:39-INFO: Input parameters
23-May-25 23:02:39-INFO: input_file: species_1.json
	title: species_1
	verbose: 0
	smiles: C(C(F)(F)S(=O)(=O)O)(F)(F)F
	structure: ['C', 1.544815, 0.216492, 0.083882, 'C', 0.40496, -0.636518, -0.501894, 'F', 0.301453, -0.458553, -1.873653, 'F', 0.630921, -1.980943, -0.193829, 'S', -1.439316, -0.325385, 0.214669, 'O', -2.495244, -0.723402, -0.90854, 'O', -1.566344, -0.893957, 1.695661, 'O', -1.144977, 1.465898, 0.214927, 'F', 1.576156, 1.481389, -0.474788, 'F', 1.397468, 0.31447, 1.463939, 'F', 2.76077, -0.414491, -0.18818, 'H', -1.970663, 1.954999, 0.467808]
	charge: 0
	mult: 1
	bimol: 0
	cluster: 0
	solute: []
	hbond: 0
	reaction_search: 1
	families: ['all']
	bimol_families: ['all']
	skip_families: ['none']
	skip_chemids: ['none']
	keep_chemids: ['none']
	skip_reactions: ['none']
	variational: 0
	barrierless_saddle: {}
	barrierless_saddle_start: 2.0
	barrierless_saddle_step: 0.2
	homolytic_bonds: {}
	specific_reaction: 0
	break_bonds: []
	form_bonds: []
	barrier_threshold: 1000
	barrier_threshold_L2: None
	barrier_threshold_add: 10.0
	hom_sci_threshold_add: 5.0
	scan_step: 30
	rigid_reaction_cutoff: 3.0
	pes: 0
	simultaneous_kinbot: 5
	high_level: 0
	calc_aie: 0
	vdW_detection: 0.5
	conformer_search: 1
	difference_threshold: 0.1
	conf_grid: 3
	semi_emp_conformer_search: 0
	rotor_scan: 0
	free_rotor_thrs: 0.1
	nrotation: 12
	plot_hir_profiles: 0
	rotation_restart: 3
	rotation_restart_threshold: 5.0
	max_dihed: 5
	random_conf: 500
	flat_ring_dih_angle: 5.0
	max_dihed_semi_emp: 5
	random_conf_semi_emp: 500
	semi_emp_confomer_threshold: 5
	multi_conf_tst: 1
	multi_conf_tst_temp: 1000
	multi_conf_tst_boltz: 0.05
	print_conf: 0
	min_bond_break: 2
	max_bond_break: 3
	comb_molec: 1
	comb_rad: 1
	comb_lone: 1
	comb_pi: 1
	break_valence: 1
	one_reaction_comb: 0
	one_reaction_fam: 0
	ringrange: [3, 9]
	qc: gauss
	methodclass: dft
	qc_command: g16
	method: M062X
	basis: Def2TZVPP
	scan_method: mp2
	scan_basis: 6-31G
	barrierless_saddle_method: b3lyp
	barrierless_saddle_basis: 6-31G
	barrierless_saddle_method_high: b3lyp
	barrierless_saddle_basis_high: 6-31G
	calcall_ts: 1
	high_level_method: M062X
	high_level_basis: Def2TZVPP
	semi_emp_method: am1
	integral: fine
	opt: Tight
	irc_maxpoints: 100
	irc_stepsize: 2
	guessmix: 0
	L3_calc: 0
	single_point_qc: molpro
	single_point_template: 
	single_point_key: mytza
	barrierless_saddle_single_point_template: 
	barrierless_saddle_prod_single_point_template: 
	barrierless_saddle_norbital: 0
	barrierless_saddle_nelectron: 0
	barrierless_saddle_nstate: 0
	barrierless_saddle_single_point_key: 
	single_point_command: 
	hir_maxcycle: None
	rigid_hir: 0
	use_sella: False
	sella_kwargs: {}
	calc_kwargs: {}
	imagfreq_threshold: 50.0
	nn_model: None
	rotdPy_mem: 300
	vrc_tst_scan: {}
	vrc_tst_noscan: {}
	vrc_tst_scan_sella: 0
	vrc_tst_scan_method: ub3lyp
	vrc_tst_scan_basis: 6-31+G(d)
	vrc_tst_sample_method: caspt2(2,2)
	vrc_tst_high_method: caspt2(2,2)
	vrc_tst_sample_basis: vdz
	vrc_tst_high_basis: avtz
	vrc_tst_scan_points: [np.float64(2.5), np.float64(2.7), np.float64(2.9000000000000004), np.float64(3.1000000000000005), np.float64(3.3000000000000007), np.float64(3.500000000000001), np.float64(3.700000000000001), np.float64(3.9000000000000012), np.float64(4.100000000000001), np.float64(4.300000000000002), np.float64(4.500000000000002), np.float64(4.700000000000002), np.float64(4.900000000000002), np.float64(5.100000000000002), np.float64(5.3000000000000025), np.float64(5.500000000000003), np.float64(5.700000000000003), np.float64(5.900000000000003), np.float64(6.100000000000003), np.float64(6.300000000000003), np.float64(6.5000000000000036), np.float64(6.700000000000004), np.float64(6.900000000000004), np.float64(7.100000000000004), np.float64(7.300000000000004), np.float64(7.500000000000004), np.float64(7.700000000000005), np.float64(7.900000000000005), np.float64(8.100000000000005), np.float64(8.300000000000004), np.float64(8.500000000000005), np.float64(8.700000000000006), np.float64(8.900000000000006), np.float64(9.100000000000005), np.float64(9.300000000000006), np.float64(9.500000000000007), np.float64(9.700000000000006), np.float64(9.900000000000006), np.float64(10.100000000000007), np.float64(10.300000000000008), np.float64(10.500000000000007), np.float64(10.700000000000006), np.float64(10.900000000000007), np.float64(11.100000000000009), np.float64(11.300000000000008), np.float64(11.500000000000007), np.float64(11.700000000000008), np.float64(11.90000000000001), np.float64(12.100000000000009), np.float64(12.300000000000008), np.float64(12.500000000000009), np.float64(12.70000000000001), np.float64(12.90000000000001), np.float64(13.100000000000009), np.float64(13.30000000000001), np.float64(13.50000000000001), np.float64(13.70000000000001), np.float64(13.90000000000001), np.float64(14.10000000000001), np.float64(14.300000000000011), np.float64(14.50000000000001), np.float64(14.70000000000001), np.float64(14.900000000000011), np.float64(15.100000000000012), np.float64(15.300000000000011), np.float64(15.50000000000001), np.float64(15.700000000000012), np.float64(15.900000000000013), np.float64(16.100000000000012), np.float64(16.30000000000001), np.float64(16.500000000000014), np.float64(16.700000000000014), np.float64(16.900000000000013), np.float64(17.100000000000012), np.float64(17.30000000000001), np.float64(17.500000000000014), np.float64(17.700000000000014), np.float64(17.900000000000013), np.float64(18.100000000000016), np.float64(18.300000000000015), np.float64(18.500000000000014), np.float64(18.700000000000014), np.float64(18.900000000000013), np.float64(19.100000000000016), np.float64(19.300000000000015), np.float64(19.500000000000014), np.float64(19.700000000000017), np.float64(19.900000000000016)]
	vrc_tst_scan_molpro_key: MYENERGY
	vrc_tst_scan_molpro_tpl: 
	vrc_tst_scan_deviation: 100.0
	vts_ang_dev: 10
	vrc_tst_scan_reac_cent: {}
	pp_length: {'H': [0.125, 0.25, 0.375, 0.5], 'C': [0.25, 0.5, 0.75, 1.0], 'N': [0.25, 0.5, 0.75, 1.0], 'O': [0.25, 0.5, 0.75, 1.0], 'S': [0.25, 0.5, 0.75, 1.0], 'X': [0.25, 0.5, 0.75, 1.0]}
	pp_oriented: [1.5, 6]
	pp_on_atom: [5.0, 12.0]
	pp_on_COM: 10.0
	pp_orient: homo
	rotdpy_dist: [np.float64(3.0), np.float64(3.2), np.float64(3.4000000000000004), np.float64(3.6000000000000005), np.float64(3.8000000000000007), np.float64(4.000000000000001), np.float64(4.200000000000001), np.float64(4.400000000000001), np.float64(4.600000000000001), np.float64(4.800000000000002), np.float64(5.000000000000002), np.float64(5.200000000000002), np.float64(5.400000000000002), np.float64(5.600000000000002), np.float64(5.8000000000000025), np.float64(6.000000000000003), np.float64(6.200000000000003), np.float64(6.400000000000003), np.float64(6.600000000000003), np.float64(6.800000000000003), np.float64(7.0000000000000036), np.float64(7.200000000000004), np.float64(7.400000000000004), np.float64(7.600000000000004), np.float64(7.800000000000004), np.float64(8.000000000000004), np.float64(8.200000000000005), np.float64(8.400000000000006), np.float64(8.600000000000005), np.float64(8.800000000000004), np.float64(9.000000000000005), np.float64(9.200000000000006), np.float64(9.400000000000006), np.float64(9.600000000000005), np.float64(9.800000000000006), np.float64(10.000000000000007), np.float64(10.200000000000006), np.float64(10.400000000000006), np.float64(10.600000000000007), np.float64(10.800000000000008), np.float64(11.000000000000007), np.float64(11.200000000000006), np.float64(11.400000000000007), np.float64(11.600000000000009), np.float64(11.800000000000008), np.float64(12.000000000000007), np.float64(12.200000000000008), np.float64(12.40000000000001), np.float64(12.600000000000009), np.float64(12.800000000000008), np.float64(13.000000000000009), np.float64(13.20000000000001), np.float64(13.40000000000001), np.float64(13.600000000000009), np.float64(13.80000000000001), np.float64(14.00000000000001), np.float64(14.20000000000001), np.float64(14.40000000000001), np.float64(14.60000000000001), np.float64(14.800000000000011), np.float64(15.00000000000001), np.float64(15.20000000000001), np.float64(15.400000000000011), np.float64(15.600000000000012), np.float64(15.800000000000011), np.float64(16.00000000000001), np.float64(16.20000000000001), np.float64(16.400000000000013), np.float64(16.600000000000012), np.float64(16.80000000000001), np.float64(17.000000000000014), np.float64(17.200000000000014), np.float64(17.400000000000013), np.float64(17.600000000000012), np.float64(17.80000000000001), np.float64(18.000000000000014), np.float64(18.200000000000014), np.float64(18.400000000000013), np.float64(18.600000000000016), np.float64(18.800000000000015), np.float64(19.000000000000014), np.float64(19.200000000000014), np.float64(19.400000000000013), np.float64(19.600000000000016), np.float64(19.800000000000015)]
	queuing: slurm
	queue_template: defaultqueue.sbatch
	q_temp_am1: defaultqueue.sbatch
	q_temp_hi: defaultqueue.sbatch
	q_temp_mp2: defaultqueue.sbatch
	q_temp_l3: defaultqueue.sbatch
	queue_name: medium
	slurm_feature: 
	ppn: 8
	single_point_ppn: 4
	zf: 4
	delete_intermediate_files: 0
	scratch: 
	username: akhalilov
	queue_job_limit: 100
	error_missing_local: True
	do_clean: True
	me: 1
	run_me: 0
	me_code: mess
	collider: He
	epsilon: 278.01382815474597
	epsilon_unit: K
	sigma: 5.5
	correct_submerged: 0
	mess_command: mess
	TemperatureList: [300.0, 400.0, 500.0, 600.0, 700.0, 800.0, 900.0, 1000.0, 1100.0, 1200.0, 1300.0, 1400.0, 1500.0, 1600.0, 1700.0, 1800.0, 1900.0, 2000.0]
	PressureList: [7.6, 76.0, 760.0, 7600.0, 76000.0]
	EnergyStepOverTemperature: 0.2
	ExcessEnergyOverTemperature: 30
	ModelEnergyLimit: 400
	CalculationMethod: direct
	ChemicalEigenvalueMax: 0.2
	EnergyRelaxationFactor: 200
	EnergyRelaxationPower: 0.85
	EnergyRelaxationExponentCutoff: 15
	mesmer_command: mesmer
	uq: 0
	uq_n: 1
	uq_max_runs: 5
	well_uq: 0.5
	barrier_uq: 1.0
	freq_uq: 1.2
	imagfreq_uq: 1.1
	epsilon_uq: 1.2
	sigma_uq: 1.2
	enrelfact_uq: 1.2
	enrelpow_uq: 1.2
	pstsymm_uq: 2.0
23-May-25 23:02:39-INFO: Starting KinBot
23-May-25 23:02:40-INFO: Empty file kinbot_10119356.log is deleted.
23-May-25 23:02:40-INFO: Starting optimization of initial well...
23-May-25 23:37:32-INFO: 	Starting conformational search of 2003846667223680600001
24-May-25 00:01:16-INFO: 	Lowest energy conformer for species 2003846667223680600001 is number 0000
24-May-25 00:01:16-INFO: 	At 1000 K with 5.0% cutoff the unique conformers for species 2003846667223680600001 are [0, 2, 3, 5, 6, 8]
24-May-25 00:01:24-INFO: Starting reaction search...
24-May-25 00:01:24-INFO: 	Found the following reactions:
24-May-25 00:01:24-INFO: 		2003846667223680600001_intra_H_migration_5_12
24-May-25 00:01:24-INFO: 		2003846667223680600001_intra_H_migration_6_12
24-May-25 00:01:24-INFO: 		2003846667223680600001_intra_H_migration_suprafacial_6_12
24-May-25 00:01:24-INFO: 		2003846667223680600001_r12_insertion_R_1_2_3
24-May-25 00:01:24-INFO: 		2003846667223680600001_r12_insertion_R_1_2_5
24-May-25 00:01:24-INFO: 		2003846667223680600001_r12_insertion_R_2_1_9
24-May-25 00:01:24-INFO: 		2003846667223680600001_r12_insertion_R_2_5_6
24-May-25 00:01:24-INFO: 		2003846667223680600001_r12_insertion_R_2_5_8
24-May-25 00:01:24-INFO: 		2003846667223680600001_r12_insertion_R_3_2_1
24-May-25 00:01:24-INFO: 		2003846667223680600001_r12_insertion_R_3_2_4
24-May-25 00:01:24-INFO: 		2003846667223680600001_r12_insertion_R_3_2_5
24-May-25 00:01:24-INFO: 		2003846667223680600001_r12_insertion_R_5_2_1
24-May-25 00:01:24-INFO: 		2003846667223680600001_r12_insertion_R_5_2_3
24-May-25 00:01:24-INFO: 		2003846667223680600001_r12_insertion_R_5_8_12
24-May-25 00:01:24-INFO: 		2003846667223680600001_r12_insertion_R_6_5_2
24-May-25 00:01:24-INFO: 		2003846667223680600001_r12_insertion_R_6_5_7
24-May-25 00:01:24-INFO: 		2003846667223680600001_r12_insertion_R_6_5_8
24-May-25 00:01:24-INFO: 		2003846667223680600001_r12_insertion_R_8_5_2
24-May-25 00:01:24-INFO: 		2003846667223680600001_r12_insertion_R_8_5_6
24-May-25 00:01:24-INFO: 		2003846667223680600001_r12_insertion_R_9_1_2
24-May-25 00:01:24-INFO: 		2003846667223680600001_r12_insertion_R_9_1_10
24-May-25 00:01:24-INFO: 		2003846667223680600001_r12_insertion_R_9_1_11
24-May-25 00:01:24-INFO: 		2003846667223680600001_r12_insertion_R_12_8_5
24-May-25 00:01:24-INFO: 		2003846667223680600001_r13_insertion_ROR_1_2_5_6
24-May-25 00:01:24-INFO: 		2003846667223680600001_r13_insertion_ROR_1_2_5_8
24-May-25 00:01:24-INFO: 		2003846667223680600001_r13_insertion_ROR_3_2_5_6
24-May-25 00:01:24-INFO: 		2003846667223680600001_r13_insertion_ROR_3_2_5_8
24-May-25 00:01:24-INFO: 		2003846667223680600001_r13_insertion_ROR_12_8_5_6
24-May-25 00:01:24-INFO: 		2003846667223680600001_Intra_Diels_alder_R_6_7
24-May-25 00:01:24-INFO: 		2003846667223680600001_R_Addition_MultipleBond_5_2_1
24-May-25 00:01:24-INFO: 		2003846667223680600001_R_Addition_MultipleBond_5_2_3
24-May-25 00:01:24-INFO: 		2003846667223680600001_R_Addition_MultipleBond_5_8_12
24-May-25 00:01:24-INFO: 		2003846667223680600001_r13_insertion_RSR_9_1_2_5
24-May-25 00:01:24-INFO: 		2003846667223680600001_hom_sci_1_2
24-May-25 00:01:24-INFO: 		2003846667223680600001_hom_sci_1_9
24-May-25 00:01:24-INFO: 		2003846667223680600001_hom_sci_2_3
24-May-25 00:01:24-INFO: 		2003846667223680600001_hom_sci_2_5
24-May-25 00:01:24-INFO: 		2003846667223680600001_hom_sci_5_6
24-May-25 00:01:24-INFO: 		2003846667223680600001_hom_sci_5_8
24-May-25 00:01:24-INFO: 		2003846667223680600001_hom_sci_8_12
24-May-25 00:02:08-INFO: 	Based on the end of IRC, reaction 2003846667223680600001_hom_sci_1_2 leads to products [690931140000000000002, 1312673532570400000002] [array(['C', 'F', 'F', 'F'], dtype='<U32'), array(['C', 'F', 'F', 'S', 'O', 'O', 'O', 'H'], dtype='<U32')]
24-May-25 00:02:34-INFO: 	Based on the end of IRC, reaction 2003846667223680600001_hom_sci_1_9 leads to products [1813535595952630400002, 190000000000000000002] [array(['C', 'C', 'F', 'F', 'S', 'O', 'O', 'O', 'F', 'F', 'H'],
      dtype='<U32'), array(['F'], dtype='<U32')]
24-May-25 00:02:56-INFO: 	Based on the end of IRC, reaction 2003846667223680600001_hom_sci_2_3 leads to products [1813535465033480600002, 190000000000000000002] [array(['C', 'C', 'F', 'S', 'O', 'O', 'O', 'F', 'F', 'F', 'H'],
      dtype='<U32'), array(['F'], dtype='<U32')]
24-May-25 00:03:20-INFO: 	Based on the end of IRC, reaction 2003846667223680600001_hom_sci_2_5 leads to products [1191793072280000000002, 811611290340000000002] [array(['C', 'C', 'F', 'F', 'F', 'F', 'F'], dtype='<U32'), array(['S', 'O', 'O', 'O', 'H'], dtype='<U32')]
24-May-25 00:03:31-INFO: 	Based on the end of IRC, reaction 2003846667223680600001_hom_sci_5_6 leads to products [1843365746072630600001, 160000000000000000003] [array(['C', 'C', 'F', 'F', 'S', 'O', 'O', 'F', 'F', 'F', 'H'],
      dtype='<U32'), array(['O'], dtype='<U32')]
24-May-25 00:04:01-INFO: 	Based on the end of IRC, reaction 2003846667223680600001_hom_sci_5_8 leads to products [1833195415772100000002, 170170000000000000002] [array(['C', 'C', 'F', 'F', 'S', 'O', 'O', 'F', 'F', 'F'], dtype='<U32'), array(['O', 'H'], dtype='<U32')]
24-May-25 00:04:29-INFO: 	Based on the end of IRC, reaction 2003846667223680600001_hom_sci_8_12 leads to products [1993676336753150000002, 10000000000000000002] [array(['C', 'C', 'F', 'F', 'S', 'O', 'O', 'O', 'F', 'F', 'F'],
      dtype='<U32'), array(['H'], dtype='<U32')]
24-May-25 00:16:21-INFO: 	Starting conformational search of 1191793072280000000002
24-May-25 00:17:06-INFO: 	Starting conformational search of 811611290340000000002
24-May-25 00:18:15-INFO: 	Starting conformational search of 690931140000000000002
24-May-25 00:19:00-INFO: 	Starting conformational search of 1312673532570400000002
24-May-25 00:36:17-INFO: 	Lowest energy conformer for species 1191793072280000000002 is number 0000
24-May-25 00:36:17-INFO: 	At 1000 K with 5.0% cutoff the unique conformers for species 1191793072280000000002 are [0]
24-May-25 00:36:22-INFO: 	Lowest energy conformer for species 811611290340000000002 is number 0000
24-May-25 00:36:22-INFO: 	At 1000 K with 5.0% cutoff the unique conformers for species 811611290340000000002 are [0]
24-May-25 00:39:40-INFO: 	Lowest energy conformer for species 690931140000000000002 is number 0000
24-May-25 00:39:40-INFO: 	At 1000 K with 5.0% cutoff the unique conformers for species 690931140000000000002 are [0]
24-May-25 00:39:45-INFO: 	Starting conformational search of 1813535595952630400002
24-May-25 00:46:05-INFO: 	Starting conformational search of 190000000000000000002
24-May-25 00:46:18-INFO: 	Starting conformational search of 1843365746072630600001
24-May-25 00:48:50-INFO: 	Starting conformational search of 160000000000000000003
24-May-25 00:48:54-INFO: 	Starting conformational search of 1833195415772100000002
24-May-25 00:48:54-INFO: 	Starting conformational search of 170170000000000000002
24-May-25 00:52:05-INFO: 	Lowest energy conformer for species 1312673532570400000002 is number 0002
24-May-25 00:52:05-INFO: 	At 1000 K with 5.0% cutoff the unique conformers for species 1312673532570400000002 are [0, 2]
24-May-25 00:56:53-INFO: 	Lowest energy conformer for species 190000000000000000002 is number 0000
24-May-25 00:56:53-INFO: 	At 1000 K with 5.0% cutoff the unique conformers for species 190000000000000000002 are [0]
24-May-25 00:57:23-INFO: 	Starting conformational search of 1813535465033480600002
24-May-25 00:59:53-INFO: 	Lowest energy conformer for species 160000000000000000003 is number 0000
24-May-25 00:59:53-INFO: 	At 1000 K with 5.0% cutoff the unique conformers for species 160000000000000000003 are [0]
24-May-25 01:00:20-INFO: 	Lowest energy conformer for species 170170000000000000002 is number 0000
24-May-25 01:00:20-INFO: 	At 1000 K with 5.0% cutoff the unique conformers for species 170170000000000000002 are [0]
24-May-25 01:13:40-INFO: 	Lowest energy conformer for species 1833195415772100000002 is number 0000
24-May-25 01:13:40-INFO: 	At 1000 K with 5.0% cutoff the unique conformers for species 1833195415772100000002 are [0]
24-May-25 01:14:07-INFO: 	Rxn barrier is (32.33 kcal/mol) at L1 for 2003846667223680600001_intra_H_migration_5_12
24-May-25 01:14:07-INFO: 	Starting IRC calculations for 2003846667223680600001_intra_H_migration_5_12
24-May-25 01:17:18-INFO: 	Lowest energy conformer for species 1843365746072630600001 is number 0008
24-May-25 01:17:18-INFO: 	At 1000 K with 5.0% cutoff the unique conformers for species 1843365746072630600001 are [0, 2, 3, 4, 5, 6, 8]
24-May-25 01:29:45-INFO: 	Lowest energy conformer for species 1813535595952630400002 is number 0008
24-May-25 01:29:45-INFO: 	At 1000 K with 5.0% cutoff the unique conformers for species 1813535595952630400002 are [0, 2, 3, 5, 6, 8]
24-May-25 01:31:13-INFO: 	Lowest energy conformer for species 1813535465033480600002 is number 0002
24-May-25 01:31:13-INFO: 	At 1000 K with 5.0% cutoff the unique conformers for species 1813535465033480600002 are [0, 2]
24-May-25 01:33:04-INFO: 	Starting conformational search of 1993676336753150000002
24-May-25 01:33:04-INFO: 	Starting conformational search of 10000000000000000002
24-May-25 01:40:01-INFO: 	Lowest energy conformer for species 10000000000000000002 is number 0000
24-May-25 01:40:01-INFO: 	At 1000 K with 5.0% cutoff the unique conformers for species 10000000000000000002 are [0]
24-May-25 01:55:59-INFO: 	Lowest energy conformer for species 1993676336753150000002 is number 0000
24-May-25 01:55:59-INFO: 	At 1000 K with 5.0% cutoff the unique conformers for species 1993676336753150000002 are [0]
24-May-25 02:52:12-INFO: 	Rxn barrier is 32.33 kcal/mol for 2003846667223680600001_intra_H_migration_5_12
24-May-25 02:52:13-INFO: 	Both IRCs lead to the initial well, identical reaction found: 2003846667223680600001_intra_H_migration_5_12
24-May-25 02:52:13-INFO: 	No product found for 2003846667223680600001_intra_H_migration_5_12
24-May-25 03:00:26-INFO: 	Reaction search failed for 2003846667223680600001_R_Addition_MultipleBond_5_2_1: Wrong number of imaginary frequencies.
24-May-25 03:04:13-INFO: 	Rxn barrier is (32.46 kcal/mol) at L1 for 2003846667223680600001_R_Addition_MultipleBond_5_8_12
24-May-25 03:04:13-INFO: 	Starting IRC calculations for 2003846667223680600001_R_Addition_MultipleBond_5_8_12
24-May-25 03:15:50-INFO: 	Rxn barrier is (91.35 kcal/mol) at L1 for 2003846667223680600001_r12_insertion_R_3_2_5
24-May-25 03:15:50-INFO: 	Starting IRC calculations for 2003846667223680600001_r12_insertion_R_3_2_5
24-May-25 03:16:44-INFO: 	Rxn barrier is (106.89 kcal/mol) at L1 for 2003846667223680600001_r12_insertion_R_5_2_1
24-May-25 03:16:44-INFO: 	Starting IRC calculations for 2003846667223680600001_r12_insertion_R_5_2_1
24-May-25 03:19:56-INFO: 	Rxn barrier is (109.36 kcal/mol) at L1 for 2003846667223680600001_r12_insertion_R_2_1_9
24-May-25 03:19:56-INFO: 	Starting IRC calculations for 2003846667223680600001_r12_insertion_R_2_1_9
24-May-25 03:20:39-INFO: 	Rxn barrier is (2.55 kcal/mol) at L1 for 2003846667223680600001_r12_insertion_R_2_5_8
24-May-25 03:20:39-INFO: 	Starting IRC calculations for 2003846667223680600001_r12_insertion_R_2_5_8
24-May-25 03:20:59-INFO: 	Rxn barrier is (2.55 kcal/mol) at L1 for 2003846667223680600001_r12_insertion_R_6_5_2
24-May-25 03:20:59-INFO: 	Starting IRC calculations for 2003846667223680600001_r12_insertion_R_6_5_2
24-May-25 03:22:59-INFO: 	Rxn barrier is (118.59 kcal/mol) at L1 for 2003846667223680600001_r12_insertion_R_3_2_1
24-May-25 03:22:59-INFO: 	Starting IRC calculations for 2003846667223680600001_r12_insertion_R_3_2_1
24-May-25 03:28:34-INFO: 	Rxn barrier is (2.56 kcal/mol) at L1 for 2003846667223680600001_r12_insertion_R_8_5_2
24-May-25 03:28:34-INFO: 	Starting IRC calculations for 2003846667223680600001_r12_insertion_R_8_5_2
24-May-25 03:36:54-INFO: 	Rxn barrier is (32.33 kcal/mol) at L1 for 2003846667223680600001_r12_insertion_R_12_8_5
24-May-25 03:36:54-INFO: 	Starting IRC calculations for 2003846667223680600001_r12_insertion_R_12_8_5
24-May-25 03:38:40-INFO: 	Rxn barrier is (91.37 kcal/mol) at L1 for 2003846667223680600001_r12_insertion_R_5_2_3
24-May-25 03:38:40-INFO: 	Starting IRC calculations for 2003846667223680600001_r12_insertion_R_5_2_3
24-May-25 03:46:27-INFO: 	Rxn barrier is (76.13 kcal/mol) at L1 for 2003846667223680600001_r12_insertion_R_8_5_6
24-May-25 03:46:27-INFO: 	Starting IRC calculations for 2003846667223680600001_r12_insertion_R_8_5_6
24-May-25 03:46:34-INFO: 	Rxn barrier is (116.88 kcal/mol) at L1 for 2003846667223680600001_r12_insertion_R_9_1_2
24-May-25 03:46:34-INFO: 	Starting IRC calculations for 2003846667223680600001_r12_insertion_R_9_1_2
24-May-25 03:46:58-INFO: 	Rxn barrier is (99.62 kcal/mol) at L1 for 2003846667223680600001_r12_insertion_R_1_2_5
24-May-25 03:46:58-INFO: 	Starting IRC calculations for 2003846667223680600001_r12_insertion_R_1_2_5
24-May-25 03:50:51-INFO: 	Rxn barrier is 32.46 kcal/mol for 2003846667223680600001_R_Addition_MultipleBond_5_8_12
24-May-25 03:50:53-INFO: 	Both IRCs lead to the initial well, identical reaction found: 2003846667223680600001_R_Addition_MultipleBond_5_8_12
24-May-25 03:50:53-INFO: 	No product found for 2003846667223680600001_R_Addition_MultipleBond_5_8_12
24-May-25 03:53:01-INFO: 	Rxn barrier is (76.13 kcal/mol) at L1 for 2003846667223680600001_r12_insertion_R_6_5_8
24-May-25 03:53:01-INFO: 	Starting IRC calculations for 2003846667223680600001_r12_insertion_R_6_5_8
24-May-25 03:58:35-INFO: 	Rxn barrier is (122.14 kcal/mol) at L1 for 2003846667223680600001_r12_insertion_R_6_5_7
24-May-25 03:58:35-INFO: 	Starting IRC calculations for 2003846667223680600001_r12_insertion_R_6_5_7
24-May-25 04:03:16-INFO: 	Rxn barrier is (1.56 kcal/mol) at L1 for 2003846667223680600001_R_Addition_MultipleBond_5_2_3
24-May-25 04:03:16-INFO: 	Starting IRC calculations for 2003846667223680600001_R_Addition_MultipleBond_5_2_3
24-May-25 04:06:17-INFO: 	Rxn barrier is (78.33 kcal/mol) at L1 for 2003846667223680600001_r12_insertion_R_1_2_3
24-May-25 04:06:17-INFO: 	Starting IRC calculations for 2003846667223680600001_r12_insertion_R_1_2_3
24-May-25 04:19:30-INFO: 	Rxn barrier is (109.32 kcal/mol) at L1 for 2003846667223680600001_r12_insertion_R_9_1_10
24-May-25 04:19:30-INFO: 	Starting IRC calculations for 2003846667223680600001_r12_insertion_R_9_1_10
24-May-25 04:37:42-INFO: 	Rxn barrier is 1.56 kcal/mol for 2003846667223680600001_R_Addition_MultipleBond_5_2_3
24-May-25 04:37:44-INFO: 	Both IRCs lead to the initial well, identical reaction found: 2003846667223680600001_R_Addition_MultipleBond_5_2_3
24-May-25 04:37:44-INFO: 	No product found for 2003846667223680600001_R_Addition_MultipleBond_5_2_3
24-May-25 04:39:59-INFO: 	Rxn barrier is 2.55 kcal/mol for 2003846667223680600001_r12_insertion_R_6_5_2
24-May-25 04:40:01-INFO: 	Both IRCs lead to the initial well, identical reaction found: 2003846667223680600001_r12_insertion_R_6_5_2
24-May-25 04:40:01-INFO: 	No product found for 2003846667223680600001_r12_insertion_R_6_5_2
24-May-25 04:42:24-INFO: 	Rxn barrier is 2.55 kcal/mol for 2003846667223680600001_r12_insertion_R_2_5_8
24-May-25 04:42:26-INFO: 	Both IRCs lead to the initial well, identical reaction found: 2003846667223680600001_r12_insertion_R_2_5_8
24-May-25 04:42:26-INFO: 	No product found for 2003846667223680600001_r12_insertion_R_2_5_8
24-May-25 04:53:58-INFO: 	Rxn barrier is (32.31 kcal/mol) at L1 for 2003846667223680600001_intra_H_migration_6_12
24-May-25 04:53:58-INFO: 	Starting IRC calculations for 2003846667223680600001_intra_H_migration_6_12
24-May-25 04:59:21-INFO: 	Rxn barrier is 2.56 kcal/mol for 2003846667223680600001_r12_insertion_R_8_5_2
24-May-25 04:59:22-INFO: 	Both IRCs lead to the initial well, identical reaction found: 2003846667223680600001_r12_insertion_R_8_5_2
24-May-25 04:59:22-INFO: 	No product found for 2003846667223680600001_r12_insertion_R_8_5_2
24-May-25 05:17:41-INFO: 	Rxn barrier is (46.90 kcal/mol) at L1 for 2003846667223680600001_intra_H_migration_suprafacial_6_12
24-May-25 05:17:41-INFO: 	Starting IRC calculations for 2003846667223680600001_intra_H_migration_suprafacial_6_12
24-May-25 05:25:40-INFO: 	Rxn barrier is 32.33 kcal/mol for 2003846667223680600001_r12_insertion_R_12_8_5
24-May-25 05:25:41-INFO: 	Both IRCs lead to the initial well, identical reaction found: 2003846667223680600001_r12_insertion_R_12_8_5
24-May-25 05:25:41-INFO: 	No product found for 2003846667223680600001_r12_insertion_R_12_8_5
24-May-25 05:27:40-INFO: 	Rxn barrier is 91.35 kcal/mol for 2003846667223680600001_r12_insertion_R_3_2_5
24-May-25 05:27:42-INFO: 	IRCs successful for 2003846667223680600001_r12_insertion_R_3_2_5
24-May-25 05:28:55-INFO: 	Based on the end of IRC, reaction 2003846667223680600001_r12_insertion_R_3_2_5 leads to products [1001482381140000000001, 1002122340540000000001] [array(['C', 'C', 'F', 'F', 'F', 'F'], dtype='<U32'), array(['F', 'S', 'O', 'O', 'O', 'H'], dtype='<U32')]
24-May-25 05:31:33-INFO: 	Checking vdW well for 2003846667223680600001_r12_insertion_R_3_2_5.
24-May-25 05:31:37-INFO: 	vdW well detected for 2003846667223680600001_r12_insertion_R_3_2_5_IRC_R_prod. Depth: 1.36 kcal/mol.
24-May-25 05:32:57-INFO: 	Starting conformational search of 2003846667223680600001_r12_insertion_R_3_2_5
24-May-25 05:32:59-INFO: 	Starting conformational search of 1001482381140000000001
24-May-25 05:33:00-INFO: 	Starting conformational search of 1002122340540000000001
24-May-25 05:35:36-INFO: 	Lowest energy conformer for species 1001482381140000000001 is number 0000
24-May-25 05:35:36-INFO: 	At 1000 K with 5.0% cutoff the unique conformers for species 1001482381140000000001 are [0]
24-May-25 05:35:50-INFO: 	Lowest energy conformer for species 1002122340540000000001 is number 0001
24-May-25 05:35:50-INFO: 	At 1000 K with 5.0% cutoff the unique conformers for species 1002122340540000000001 are [0, 2]
24-May-25 05:37:23-INFO: 	Rxn barrier is 91.37 kcal/mol for 2003846667223680600001_r12_insertion_R_5_2_3
24-May-25 05:37:25-INFO: 	IRCs successful for 2003846667223680600001_r12_insertion_R_5_2_3
24-May-25 05:38:35-INFO: 	Based on the end of IRC, reaction 2003846667223680600001_r12_insertion_R_5_2_3 leads to products [1001482381140000000001, 1002122340540000000001] [array(['C', 'C', 'F', 'F', 'F', 'F'], dtype='<U32'), array(['F', 'S', 'O', 'O', 'O', 'H'], dtype='<U32')]
24-May-25 05:38:40-INFO: 	Checking vdW well for 2003846667223680600001_r12_insertion_R_5_2_3.
24-May-25 05:38:43-INFO: 	vdW well detected for 2003846667223680600001_r12_insertion_R_5_2_3_IRC_R_prod. Depth: 1.35 kcal/mol.
24-May-25 05:40:00-INFO: 	Starting conformational search of 2003846667223680600001_r12_insertion_R_5_2_3
24-May-25 05:41:10-INFO: 	Rxn barrier is 106.89 kcal/mol for 2003846667223680600001_r12_insertion_R_5_2_1
24-May-25 05:41:11-INFO: 	IRCs successful for 2003846667223680600001_r12_insertion_R_5_2_1
24-May-25 05:42:18-INFO: 	Based on the end of IRC, reaction 2003846667223680600001_r12_insertion_R_5_2_1 leads to products [2003847066703800600001] [array(['C', 'C', 'F', 'F', 'S', 'O', 'O', 'O', 'F', 'F', 'F', 'H'],
      dtype='<U32')]
24-May-25 05:45:31-INFO: 	Rxn barrier is 109.36 kcal/mol for 2003846667223680600001_r12_insertion_R_2_1_9
24-May-25 05:45:32-INFO: 	IRCs successful for 2003846667223680600001_r12_insertion_R_2_1_9
24-May-25 05:45:58-INFO: 	Rxn barrier is 76.13 kcal/mol for 2003846667223680600001_r12_insertion_R_8_5_6
24-May-25 05:46:00-INFO: 	Both IRCs lead to the initial well, identical reaction found: 2003846667223680600001_r12_insertion_R_8_5_6
24-May-25 05:46:00-INFO: 	No product found for 2003846667223680600001_r12_insertion_R_8_5_6
24-May-25 05:46:34-INFO: 	Based on the end of IRC, reaction 2003846667223680600001_r12_insertion_R_2_1_9 leads to products [2004328380979804780401] [array(['C', 'C', 'F', 'F', 'S', 'O', 'O', 'O', 'F', 'F', 'F', 'H'],
      dtype='<U32')]
24-May-25 05:53:23-INFO: 	Starting conformational search of 2003846667223680600001_r12_insertion_R_5_2_1
24-May-25 05:53:24-INFO: 	Starting conformational search of 2003847066703800600001
24-May-25 05:57:02-INFO: 	Rxn barrier is (103.56 kcal/mol) at L1 for 2003846667223680600001_r13_insertion_RSR_9_1_2_5
24-May-25 05:57:02-INFO: 	Starting IRC calculations for 2003846667223680600001_r13_insertion_RSR_9_1_2_5
24-May-25 05:58:48-INFO: 	Lowest energy conformer for species 2003846667223680600001_r12_insertion_R_3_2_5 is number 0001
24-May-25 05:58:48-INFO: 	At 1000 K with 5.0% cutoff the unique conformers for species 2003846667223680600001_r12_insertion_R_3_2_5 are [0, 2]
24-May-25 05:59:01-INFO: 	Lowest energy conformer for species 2003846667223680600001_r12_insertion_R_5_2_1 is number 0000
24-May-25 05:59:01-INFO: 	At 1000 K with 5.0% cutoff the unique conformers for species 2003846667223680600001_r12_insertion_R_5_2_1 are [0]
24-May-25 06:00:08-INFO: 	Starting conformational search of 2003846667223680600001_r12_insertion_R_2_1_9
24-May-25 06:00:10-INFO: 	Starting conformational search of 2004328380979804780401
24-May-25 06:03:19-INFO: 	Rxn barrier is (5.24 kcal/mol) at L1 for 2003846667223680600001_Intra_Diels_alder_R_6_7
24-May-25 06:03:19-INFO: 	Starting IRC calculations for 2003846667223680600001_Intra_Diels_alder_R_6_7
24-May-25 06:04:19-INFO: 	Rxn barrier is 76.13 kcal/mol for 2003846667223680600001_r12_insertion_R_6_5_8
24-May-25 06:04:20-INFO: 	Both IRCs lead to the initial well, identical reaction found: 2003846667223680600001_r12_insertion_R_6_5_8
24-May-25 06:04:20-INFO: 	No product found for 2003846667223680600001_r12_insertion_R_6_5_8
24-May-25 06:07:26-INFO: 	Rxn barrier is 99.62 kcal/mol for 2003846667223680600001_r12_insertion_R_1_2_5
24-May-25 06:07:28-INFO: 	Both IRCs lead to the initial well, identical reaction found: 2003846667223680600001_r12_insertion_R_1_2_5
24-May-25 06:07:28-INFO: 	No product found for 2003846667223680600001_r12_insertion_R_1_2_5
24-May-25 06:07:52-INFO: 	Lowest energy conformer for species 2003846667223680600001_r12_insertion_R_5_2_3 is number 0001
24-May-25 06:07:52-INFO: 	At 1000 K with 5.0% cutoff the unique conformers for species 2003846667223680600001_r12_insertion_R_5_2_3 are [0, 2]
24-May-25 06:10:10-INFO: 	Rxn barrier is 122.14 kcal/mol for 2003846667223680600001_r12_insertion_R_6_5_7
24-May-25 06:10:12-INFO: 	IRCs successful for 2003846667223680600001_r12_insertion_R_6_5_7
24-May-25 06:10:17-INFO: 	Rxn barrier is 116.88 kcal/mol for 2003846667223680600001_r12_insertion_R_9_1_2
24-May-25 06:10:19-INFO: 	IRCs successful for 2003846667223680600001_r12_insertion_R_9_1_2
24-May-25 06:11:10-INFO: 	Based on the end of IRC, reaction 2003846667223680600001_r12_insertion_R_6_5_7 leads to products [2004167628425982700001] [array(['C', 'C', 'F', 'F', 'S', 'O', 'O', 'O', 'F', 'F', 'F', 'H'],
      dtype='<U32')]
24-May-25 06:11:11-INFO: 	Based on the end of IRC, reaction 2003846667223680600001_r12_insertion_R_9_1_2 leads to products [500620380000000000001, 1502984803620600000001] [array(['C', 'F', 'F'], dtype='<U32'), array(['C', 'F', 'F', 'S', 'O', 'O', 'O', 'F', 'H'], dtype='<U32')]
24-May-25 06:13:19-INFO: 	Rxn barrier is (164.03 kcal/mol) at L1 for 2003846667223680600001_r13_insertion_ROR_3_2_5_6
24-May-25 06:13:19-INFO: 	Starting IRC calculations for 2003846667223680600001_r13_insertion_ROR_3_2_5_6
24-May-25 06:16:14-INFO: 	Checking vdW well for 2003846667223680600001_r12_insertion_R_9_1_2.
24-May-25 06:16:17-INFO: 	vdW well detected for 2003846667223680600001_r12_insertion_R_9_1_2_IRC_F_prod. Depth: 0.79 kcal/mol.
24-May-25 06:17:19-INFO: 	Starting conformational search of 2003846667223680600001_r12_insertion_R_9_1_2
24-May-25 06:17:20-INFO: 	Starting conformational search of 500620380000000000001
24-May-25 06:17:21-INFO: 	Starting conformational search of 1502984803620600000001
24-May-25 06:18:24-INFO: 	Lowest energy conformer for species 500620380000000000001 is number 0000
24-May-25 06:18:24-INFO: 	At 1000 K with 5.0% cutoff the unique conformers for species 500620380000000000001 are [0]
24-May-25 06:21:46-INFO: 	Lowest energy conformer for species 2003847066703800600001 is number 0007
24-May-25 06:21:46-INFO: 	At 1000 K with 5.0% cutoff the unique conformers for species 2003847066703800600001 are [0, 1, 2, 3, 4, 6, 7, 8]
24-May-25 06:23:15-INFO: 	Starting conformational search of 2003846667223680600001_r12_insertion_R_6_5_7
24-May-25 06:23:21-INFO: 	Starting conformational search of 2004167628425982700001
24-May-25 06:23:32-INFO: 	Lowest energy conformer for species 2003846667223680600001_r12_insertion_R_9_1_2 is number 0000
24-May-25 06:23:32-INFO: 	At 1000 K with 5.0% cutoff the unique conformers for species 2003846667223680600001_r12_insertion_R_9_1_2 are [0]
24-May-25 06:25:50-INFO: 	Lowest energy conformer for species 1502984803620600000001 is number 0000
24-May-25 06:25:50-INFO: 	At 1000 K with 5.0% cutoff the unique conformers for species 1502984803620600000001 are [0, 2]
24-May-25 06:29:00-INFO: 	Lowest energy conformer for species 2004328380979804780401 is number 0000
24-May-25 06:29:00-INFO: 	At 1000 K with 5.0% cutoff the unique conformers for species 2004328380979804780401 are [0, 1]
24-May-25 06:34:43-INFO: 	Rxn barrier is (117.42 kcal/mol) at L1 for 2003846667223680600001_r13_insertion_ROR_1_2_5_8
24-May-25 06:34:43-INFO: 	Starting IRC calculations for 2003846667223680600001_r13_insertion_ROR_1_2_5_8
24-May-25 06:36:59-INFO: 	Rxn barrier is (107.02 kcal/mol) at L1 for 2003846667223680600001_r13_insertion_ROR_1_2_5_6
24-May-25 06:36:59-INFO: 	Starting IRC calculations for 2003846667223680600001_r13_insertion_ROR_1_2_5_6
24-May-25 06:40:08-INFO: 	Rxn barrier is 78.33 kcal/mol for 2003846667223680600001_r12_insertion_R_1_2_3
24-May-25 06:40:10-INFO: 	Both IRCs lead to the initial well, identical reaction found: 2003846667223680600001_r12_insertion_R_1_2_3
24-May-25 06:40:10-INFO: 	No product found for 2003846667223680600001_r12_insertion_R_1_2_3
24-May-25 06:58:12-INFO: 	Lowest energy conformer for species 2004167628425982700001 is number 0008
24-May-25 06:58:12-INFO: 	At 1000 K with 5.0% cutoff the unique conformers for species 2004167628425982700001 are [0, 2, 3, 5, 6, 8]
24-May-25 07:04:02-INFO: 	Reaction search failed for 2003846667223680600001_r12_insertion_R_5_8_12: Wrong number of imaginary frequencies.
24-May-25 07:13:00-INFO: 	Lowest energy conformer for species 2003846667223680600001_r12_insertion_R_6_5_7 is number 0008
24-May-25 07:13:00-INFO: 	At 1000 K with 5.0% cutoff the unique conformers for species 2003846667223680600001_r12_insertion_R_6_5_7 are [0, 1, 3, 5, 6, 8]
24-May-25 07:16:53-INFO: 	Rxn barrier is 32.31 kcal/mol for 2003846667223680600001_intra_H_migration_6_12
24-May-25 07:16:55-INFO: 	Both IRCs lead to the initial well, identical reaction found: 2003846667223680600001_intra_H_migration_6_12
24-May-25 07:16:55-INFO: 	No product found for 2003846667223680600001_intra_H_migration_6_12
24-May-25 07:23:48-INFO: 	Rxn barrier is 109.32 kcal/mol for 2003846667223680600001_r12_insertion_R_9_1_10
24-May-25 07:23:50-INFO: 	IRCs successful for 2003846667223680600001_r12_insertion_R_9_1_10
24-May-25 07:24:34-INFO: 	Based on the end of IRC, reaction 2003846667223680600001_r12_insertion_R_9_1_10 leads to products [2004328380979804780401] [array(['C', 'C', 'F', 'F', 'S', 'O', 'O', 'O', 'F', 'F', 'F', 'H'],
      dtype='<U32')]
24-May-25 07:25:27-INFO: 	Starting conformational search of 2003846667223680600001_r12_insertion_R_9_1_10
24-May-25 07:34:16-INFO: 	Reaction search failed for 2003846667223680600001_r13_insertion_ROR_12_8_5_6: Wrong number of imaginary frequencies.
24-May-25 07:39:18-INFO: 	Rxn barrier is 5.24 kcal/mol for 2003846667223680600001_Intra_Diels_alder_R_6_7
24-May-25 07:39:19-INFO: 	Both IRCs lead to the initial well, identical reaction found: 2003846667223680600001_Intra_Diels_alder_R_6_7
24-May-25 07:39:19-INFO: 	No product found for 2003846667223680600001_Intra_Diels_alder_R_6_7
24-May-25 07:48:27-WARNING: divide by zero encountered in log
24-May-25 07:48:27-INFO: 	Lowest energy conformer for species 2003846667223680600001_r12_insertion_R_2_1_9 is number 0002
24-May-25 07:48:27-INFO: 	At 1000 K with 5.0% cutoff the unique conformers for species 2003846667223680600001_r12_insertion_R_2_1_9 are [0, 2]
24-May-25 07:57:30-INFO: 	Rxn barrier is 164.03 kcal/mol for 2003846667223680600001_r13_insertion_ROR_3_2_5_6
24-May-25 07:57:31-INFO: 	IRCs successful for 2003846667223680600001_r13_insertion_ROR_3_2_5_6
24-May-25 07:58:07-INFO: 	Based on the end of IRC, reaction 2003846667223680600001_r13_insertion_ROR_3_2_5_6 leads to products [2003885976044371740001] [array(['C', 'C', 'F', 'F', 'S', 'O', 'O', 'O', 'F', 'F', 'F', 'H'],
      dtype='<U32')]
24-May-25 08:08:43-INFO: 	Starting conformational search of 2003846667223680600001_r13_insertion_ROR_3_2_5_6
24-May-25 08:08:44-INFO: 	Starting conformational search of 2003885976044371740001
24-May-25 08:34:22-INFO: 	Rxn barrier is 46.90 kcal/mol for 2003846667223680600001_intra_H_migration_suprafacial_6_12
24-May-25 08:34:24-INFO: 	Neither IRC leads to the initial well for 2003846667223680600001_intra_H_migration_suprafacial_6_12
24-May-25 08:34:24-INFO: 	No product found for 2003846667223680600001_intra_H_migration_suprafacial_6_12
24-May-25 08:38:51-INFO: 	Lowest energy conformer for species 2003885976044371740001 is number 0004
24-May-25 08:38:51-INFO: 	At 1000 K with 5.0% cutoff the unique conformers for species 2003885976044371740001 are [0, 1, 3, 4, 5, 6, 8]
24-May-25 08:43:21-INFO: 	Rxn barrier is (61.24 kcal/mol) at L1 for 2003846667223680600001_r13_insertion_ROR_3_2_5_8
24-May-25 08:43:21-INFO: 	Starting IRC calculations for 2003846667223680600001_r13_insertion_ROR_3_2_5_8
24-May-25 08:45:36-INFO: 	Lowest energy conformer for species 2003846667223680600001_r13_insertion_ROR_3_2_5_6 is number 0003
24-May-25 08:45:36-INFO: 	At 1000 K with 5.0% cutoff the unique conformers for species 2003846667223680600001_r13_insertion_ROR_3_2_5_6 are [0]
24-May-25 09:06:57-WARNING: divide by zero encountered in log
24-May-25 09:06:57-INFO: 	Lowest energy conformer for species 2003846667223680600001_r12_insertion_R_9_1_10 is number 0002
24-May-25 09:06:57-INFO: 	At 1000 K with 5.0% cutoff the unique conformers for species 2003846667223680600001_r12_insertion_R_9_1_10 are [0, 2]
24-May-25 09:11:22-INFO: 	Rxn barrier is 118.59 kcal/mol for 2003846667223680600001_r12_insertion_R_3_2_1
24-May-25 09:11:23-INFO: 	No product found for 2003846667223680600001_r12_insertion_R_3_2_1
24-May-25 09:37:14-INFO: 	Rxn barrier is 103.56 kcal/mol for 2003846667223680600001_r13_insertion_RSR_9_1_2_5
24-May-25 09:37:14-INFO: 	IRCs successful for 2003846667223680600001_r13_insertion_RSR_9_1_2_5
24-May-25 09:37:32-INFO: 	Based on the end of IRC, reaction 2003846667223680600001_r13_insertion_RSR_9_1_2_5 leads to products [1001482001520000000001, 1002122340540000000001] [array(['C', 'C', 'F', 'F', 'F', 'F'], dtype='<U32'), array(['S', 'O', 'O', 'O', 'F', 'H'], dtype='<U32')]
24-May-25 09:39:08-INFO: 	Checking vdW well for 2003846667223680600001_r13_insertion_RSR_9_1_2_5.
24-May-25 09:39:10-INFO: 	vdW well detected for 2003846667223680600001_r13_insertion_RSR_9_1_2_5_IRC_R_prod. Depth: 2.16 kcal/mol.
24-May-25 09:39:38-INFO: 	Starting conformational search of 2003846667223680600001_r13_insertion_RSR_9_1_2_5
24-May-25 09:39:39-INFO: 	Starting conformational search of 1001482001520000000001
24-May-25 09:39:39-INFO: 	Starting conformational search of 1002122340540000000001
24-May-25 09:39:39-INFO: 	Last conformer was found in kinbot.db, generation is skipped for 1002122340540000000001.
24-May-25 09:39:45-INFO: 	Lowest energy conformer for species 1002122340540000000001 is number 0001
24-May-25 09:39:45-INFO: 	At 1000 K with 5.0% cutoff the unique conformers for species 1002122340540000000001 are [0, 2]
24-May-25 09:41:00-INFO: 	Lowest energy conformer for species 1001482001520000000001 is number 0000
24-May-25 09:41:00-INFO: 	At 1000 K with 5.0% cutoff the unique conformers for species 1001482001520000000001 are [0]
24-May-25 09:46:44-INFO: 	Rxn barrier is 61.24 kcal/mol for 2003846667223680600001_r13_insertion_ROR_3_2_5_8
24-May-25 09:46:45-INFO: 	IRCs successful for 2003846667223680600001_r13_insertion_ROR_3_2_5_8
24-May-25 09:46:56-INFO: 	Based on the end of IRC, reaction 2003846667223680600001_r13_insertion_ROR_3_2_5_8 leads to products [1803646687765942100001, 200200000000000000001] [array(['C', 'C', 'F', 'S', 'O', 'O', 'O', 'F', 'F', 'F'], dtype='<U32'), array(['F', 'H'], dtype='<U32')]
24-May-25 09:56:16-INFO: 	Checking vdW well for 2003846667223680600001_r13_insertion_ROR_3_2_5_8.
24-May-25 09:56:18-INFO: 	vdW well detected for 2003846667223680600001_r13_insertion_ROR_3_2_5_8_IRC_F_prod. Depth: 1.73 kcal/mol.
24-May-25 09:56:35-INFO: 	Starting conformational search of 2003846667223680600001_r13_insertion_ROR_3_2_5_8
24-May-25 09:56:35-INFO: 	Starting conformational search of 1803646687765942100001
24-May-25 09:56:36-INFO: 	Starting conformational search of 200200000000000000001
24-May-25 09:57:00-INFO: 	Lowest energy conformer for species 200200000000000000001 is number 0000
24-May-25 09:57:00-INFO: 	At 1000 K with 5.0% cutoff the unique conformers for species 200200000000000000001 are [0]
24-May-25 10:03:15-INFO: 	Lowest energy conformer for species 1803646687765942100001 is number 0000
24-May-25 10:03:15-INFO: 	At 1000 K with 5.0% cutoff the unique conformers for species 1803646687765942100001 are [0]
24-May-25 10:17:43-INFO: 	Rxn barrier is 107.02 kcal/mol for 2003846667223680600001_r13_insertion_ROR_1_2_5_6
24-May-25 10:17:44-INFO: 	IRCs successful for 2003846667223680600001_r13_insertion_ROR_1_2_5_6
24-May-25 10:17:50-INFO: 	Based on the end of IRC, reaction 2003846667223680600001_r13_insertion_ROR_1_2_5_6 leads to products [1502823922432230600001, 500620380000000000001] [array(['C', 'S', 'O', 'O', 'O', 'F', 'F', 'F', 'H'], dtype='<U32'), array(['C', 'F', 'F'], dtype='<U32')]
24-May-25 10:21:01-INFO: 	Lowest energy conformer for species 2003846667223680600001_r13_insertion_RSR_9_1_2_5 is number 0000
24-May-25 10:21:01-INFO: 	At 1000 K with 5.0% cutoff the unique conformers for species 2003846667223680600001_r13_insertion_RSR_9_1_2_5 are [0, 2]
24-May-25 10:23:50-INFO: 	Checking vdW well for 2003846667223680600001_r13_insertion_ROR_1_2_5_6.
24-May-25 10:23:51-INFO: 	vdW well detected for 2003846667223680600001_r13_insertion_ROR_1_2_5_6_IRC_F_prod. Depth: 2.22 kcal/mol.
24-May-25 10:24:05-INFO: 	Starting conformational search of 2003846667223680600001_r13_insertion_ROR_1_2_5_6
24-May-25 10:24:05-INFO: 	Starting conformational search of 1502823922432230600001
24-May-25 10:24:07-INFO: 	Starting conformational search of 500620380000000000001
24-May-25 10:24:09-INFO: 	Lowest energy conformer for species 500620380000000000001 is number 0000
24-May-25 10:24:09-INFO: 	At 1000 K with 5.0% cutoff the unique conformers for species 500620380000000000001 are [0]
24-May-25 10:34:33-INFO: 	Lowest energy conformer for species 2003846667223680600001_r13_insertion_ROR_3_2_5_8 is number 0001
24-May-25 10:34:33-INFO: 	At 1000 K with 5.0% cutoff the unique conformers for species 2003846667223680600001_r13_insertion_ROR_3_2_5_8 are [0]
24-May-25 10:44:34-INFO: 	Rxn barrier is 117.42 kcal/mol for 2003846667223680600001_r13_insertion_ROR_1_2_5_8
24-May-25 10:44:34-INFO: 	IRCs successful for 2003846667223680600001_r13_insertion_ROR_1_2_5_8
24-May-25 10:44:36-INFO: 	Based on the end of IRC, reaction 2003846667223680600001_r13_insertion_ROR_1_2_5_8 leads to products [861382320600000000001, 500620380000000000001, 640960320000000000001] [array(['C', 'O', 'F', 'F', 'F', 'H'], dtype='<U32'), array(['C', 'F', 'F'], dtype='<U32'), array(['S', 'O', 'O'], dtype='<U32')]
24-May-25 10:46:21-INFO: 	Starting conformational search of 2003846667223680600001_r13_insertion_ROR_1_2_5_8
24-May-25 10:46:21-INFO: 	Starting conformational search of 861382320600000000001
24-May-25 10:46:21-INFO: 	Starting conformational search of 640960320000000000001
24-May-25 10:46:48-INFO: 	Lowest energy conformer for species 640960320000000000001 is number 0000
24-May-25 10:46:48-INFO: 	At 1000 K with 5.0% cutoff the unique conformers for species 640960320000000000001 are [0]
24-May-25 10:47:31-INFO: 	Lowest energy conformer for species 861382320600000000001 is number 0000
24-May-25 10:47:31-INFO: 	At 1000 K with 5.0% cutoff the unique conformers for species 861382320600000000001 are [0]
24-May-25 11:16:14-INFO: 	Lowest energy conformer for species 1502823922432230600001 is number 0005
24-May-25 11:16:14-INFO: 	At 1000 K with 5.0% cutoff the unique conformers for species 1502823922432230600001 are [0, 1, 3, 5, 6, 8]
24-May-25 11:18:46-INFO: 	Lowest energy conformer for species 2003846667223680600001_r13_insertion_ROR_1_2_5_6 is number 0000
24-May-25 11:18:46-INFO: 	At 1000 K with 5.0% cutoff the unique conformers for species 2003846667223680600001_r13_insertion_ROR_1_2_5_6 are [0, 3]
24-May-25 11:20:53-INFO: 	Lowest energy conformer for species 2003846667223680600001_r13_insertion_ROR_1_2_5_8 is number 0001
24-May-25 11:20:53-INFO: 	At 1000 K with 5.0% cutoff the unique conformers for species 2003846667223680600001_r13_insertion_ROR_1_2_5_8 are [0, 2]
24-May-25 15:27:58-INFO: 	Reaction search failed for 2003846667223680600001_r12_insertion_R_2_5_6.
24-May-25 19:13:23-INFO: 	Reaction search failed for 2003846667223680600001_r12_insertion_R_3_2_4.
24-May-25 20:38:27-INFO: 	Reaction search failed for 2003846667223680600001_r12_insertion_R_9_1_11.
24-May-25 20:38:28-INFO: Reaction generation done!
24-May-25 20:38:28-INFO: Starting Master Equation calculations
24-May-25 20:38:29-INFO: KinBot finished.
