
Copyright 2018 National Technology & Engineering Solutions of Sandia,
LLC (NTESS). Under the terms of Contract DE-NA0003525 with NTESS, 
the U.S. Government retains certain rights in this software.

FAILED            2003846667223680600001_intra_H_migration_5_12             
FAILED            2003846667223680600001_intra_H_migration_6_12             
FAILED            2003846667223680600001_intra_H_migration_suprafacial_6_12 
FAILED            2003846667223680600001_r12_insertion_R_1_2_3              
FAILED            2003846667223680600001_r12_insertion_R_1_2_5              
SUCCESS   109.43  2003846667223680600001_r12_insertion_R_2_1_9               2004328380979804780401
FAILED            2003846667223680600001_r12_insertion_R_2_5_6              
FAILED            2003846667223680600001_r12_insertion_R_2_5_8              
FAILED            2003846667223680600001_r12_insertion_R_3_2_1              
FAILED            2003846667223680600001_r12_insertion_R_3_2_4              
SUCCESS    91.33  2003846667223680600001_r12_insertion_R_3_2_5               1001482381140000000001 1002122340540000000001   68.02  vdW_IRC_R_prod
SUCCESS   106.96  2003846667223680600001_r12_insertion_R_5_2_1               2003847066703800600001
SUCCESS    91.35  2003846667223680600001_r12_insertion_R_5_2_3               1001482381140000000001 1002122340540000000001   68.02  vdW_IRC_R_prod
FAILED            2003846667223680600001_r12_insertion_R_5_8_12             
FAILED            2003846667223680600001_r12_insertion_R_6_5_2              
SUCCESS   122.22  2003846667223680600001_r12_insertion_R_6_5_7               2004167628425982700001
FAILED            2003846667223680600001_r12_insertion_R_6_5_8              
FAILED            2003846667223680600001_r12_insertion_R_8_5_2              
FAILED            2003846667223680600001_r12_insertion_R_8_5_6              
SUCCESS   116.95  2003846667223680600001_r12_insertion_R_9_1_2               1502984803620600000001 500620380000000000001   53.18  vdW_IRC_F_prod
SUCCESS   109.39  2003846667223680600001_r12_insertion_R_9_1_10              2004328380979804780401
FAILED            2003846667223680600001_r12_insertion_R_9_1_11             
FAILED            2003846667223680600001_r12_insertion_R_12_8_5             
SUCCESS   107.09  2003846667223680600001_r13_insertion_ROR_1_2_5_6           1502823922432230600001 500620380000000000001   38.17  vdW_IRC_F_prod
SUCCESS   117.49  2003846667223680600001_r13_insertion_ROR_1_2_5_8           500620380000000000001 640960320000000000001 861382320600000000001
SUCCESS   164.11  2003846667223680600001_r13_insertion_ROR_3_2_5_6           2003885976044371740001
SUCCESS    61.31  2003846667223680600001_r13_insertion_ROR_3_2_5_8           1803646687765942100001 200200000000000000001   34.89  vdW_IRC_F_prod
FAILED            2003846667223680600001_r13_insertion_ROR_12_8_5_6         
FAILED            2003846667223680600001_Intra_Diels_alder_R_6_7            
FAILED            2003846667223680600001_R_Addition_MultipleBond_5_2_1      
FAILED            2003846667223680600001_R_Addition_MultipleBond_5_2_3      
FAILED            2003846667223680600001_R_Addition_MultipleBond_5_8_12     
SUCCESS   103.63  2003846667223680600001_r13_insertion_RSR_9_1_2_5           1001482001520000000001 1002122340540000000001   27.75  vdW_IRC_R_prod
SUCCESS    89.17  2003846667223680600001_hom_sci_1_2                         1312673532570400000002 690931140000000000002
SUCCESS   123.10  2003846667223680600001_hom_sci_1_9                         1813535595952630400002 190000000000000000002
SUCCESS   113.73  2003846667223680600001_hom_sci_2_3                         1813535465033480600002 190000000000000000002
SUCCESS    64.07  2003846667223680600001_hom_sci_2_5                         1191793072280000000002 811611290340000000002
SUCCESS   103.38  2003846667223680600001_hom_sci_5_6                         160000000000000000003 1843365746072630600001
SUCCESS    87.70  2003846667223680600001_hom_sci_5_8                         170170000000000000002 1833195415772100000002
SUCCESS   112.39  2003846667223680600001_hom_sci_8_12                        10000000000000000002 1993676336753150000002